[ 2018-08-16T20:23:49+08:00 ] ::1 /index.php/Home/info/index
INFO: [ app_init ] --START--
INFO: Run Behavior\BuildLiteBehavior [ RunTime:0.000045s ]
INFO: [ app_init ] --END-- [ RunTime:0.000192s ]
INFO: [ app_begin ] --START--
INFO: Run Behavior\ReadHtmlCacheBehavior [ RunTime:0.000996s ]
INFO: [ app_begin ] --END-- [ RunTime:0.001112s ]
ERR: 无法加载控制器:Info

[ 2018-08-16T20:24:00+08:00 ] ::1 /index.php/Home/Index/index
INFO: [ app_init ] --START--
INFO: Run Behavior\BuildLiteBehavior [ RunTime:0.000028s ]
INFO: [ app_init ] --END-- [ RunTime:0.000119s ]
INFO: [ app_begin ] --START--
INFO: Run Behavior\ReadHtmlCacheBehavior [ RunTime:0.000885s ]
INFO: [ app_begin ] --END-- [ RunTime:0.000992s ]
INFO: [ app_end ] --START--
INFO: Run Behavior\ShowPageTraceBehavior [ RunTime:0.000989s ]
INFO: [ app_end ] --END-- [ RunTime:0.001096s ]

[ 2018-08-16T20:24:23+08:00 ] ::1 /index.php/Home/Index/getDefined
INFO: [ app_init ] --START--
INFO: Run Behavior\BuildLiteBehavior [ RunTime:0.000027s ]
INFO: [ app_init ] --END-- [ RunTime:0.000113s ]
INFO: [ app_begin ] --START--
INFO: Run Behavior\ReadHtmlCacheBehavior [ RunTime:0.000943s ]
INFO: [ app_begin ] --END-- [ RunTime:0.001045s ]
INFO: [ app_end ] --START--
INFO: Run Behavior\ShowPageTraceBehavior [ RunTime:0.001026s ]
INFO: [ app_end ] --END-- [ RunTime:0.001129s ]

[ 2018-08-16T20:24:41+08:00 ] ::1 /index.php/Home/Index/getDefined
INFO: [ app_init ] --START--
INFO: Run Behavior\BuildLiteBehavior [ RunTime:0.000045s ]
INFO: [ app_init ] --END-- [ RunTime:0.000181s ]
INFO: [ app_begin ] --START--
INFO: Run Behavior\ReadHtmlCacheBehavior [ RunTime:0.001040s ]
INFO: [ app_begin ] --END-- [ RunTime:0.001178s ]
INFO: [ app_end ] --START--
INFO: Run Behavior\ShowPageTraceBehavior [ RunTime:0.001212s ]
INFO: [ app_end ] --END-- [ RunTime:0.001348s ]

[ 2018-08-16T20:25:18+08:00 ] ::1 /index.php/Home/Index/getDefined
INFO: [ app_init ] --START--
INFO: Run Behavior\BuildLiteBehavior [ RunTime:0.000037s ]
INFO: [ app_init ] --END-- [ RunTime:0.000165s ]
INFO: [ app_begin ] --START--
INFO: Run Behavior\ReadHtmlCacheBehavior [ RunTime:0.000998s ]
INFO: [ app_begin ] --END-- [ RunTime:0.001120s ]
INFO: [ app_end ] --START--
INFO: Run Behavior\ShowPageTraceBehavior [ RunTime:0.001140s ]
INFO: [ app_end ] --END-- [ RunTime:0.001290s ]

[ 2018-08-16T20:38:39+08:00 ] ::1 /index.php
INFO: [ app_init ] --START--
INFO: Run Behavior\BuildLiteBehavior [ RunTime:0.000027s ]
INFO: [ app_init ] --END-- [ RunTime:0.000123s ]
INFO: [ app_begin ] --START--
INFO: Run Behavior\ReadHtmlCacheBehavior [ RunTime:0.001114s ]
INFO: [ app_begin ] --END-- [ RunTime:0.001232s ]
INFO: [ app_end ] --START--
INFO: Run Behavior\ShowPageTraceBehavior [ RunTime:0.001451s ]
INFO: [ app_end ] --END-- [ RunTime:0.001639s ]

[ 2018-08-16T20:41:10+08:00 ] ::1 /Home/Index/index
INFO: [ app_init ] --START--
INFO: Run Behavior\BuildLiteBehavior [ RunTime:0.000074s ]
INFO: [ app_init ] --END-- [ RunTime:0.000326s ]
INFO: [ app_begin ] --START--
INFO: Run Behavior\ReadHtmlCacheBehavior [ RunTime:0.002674s ]
INFO: [ app_begin ] --END-- [ RunTime:0.002984s ]
INFO: [ app_end ] --START--
INFO: Run Behavior\ShowPageTraceBehavior [ RunTime:0.002580s ]
INFO: [ app_end ] --END-- [ RunTime:0.002871s ]

[ 2018-08-16T20:41:15+08:00 ] ::1 /Home/Index/getClass
INFO: [ app_init ] --START--
INFO: Run Behavior\BuildLiteBehavior [ RunTime:0.000028s ]
INFO: [ app_init ] --END-- [ RunTime:0.000120s ]
INFO: [ app_begin ] --START--
INFO: Run Behavior\ReadHtmlCacheBehavior [ RunTime:0.001187s ]
INFO: [ app_begin ] --END-- [ RunTime:0.001396s ]

[ 2018-08-16T20:43:08+08:00 ] ::1 /Home/Index/getClass
INFO: [ app_init ] --START--
INFO: Run Behavior\BuildLiteBehavior [ RunTime:0.000029s ]
INFO: [ app_init ] --END-- [ RunTime:0.000125s ]
INFO: [ app_begin ] --START--
INFO: Run Behavior\ReadHtmlCacheBehavior [ RunTime:0.000861s ]
INFO: [ app_begin ] --END-- [ RunTime:0.000952s ]
INFO: [ app_end ] --START--
INFO: Run Behavior\ShowPageTraceBehavior [ RunTime:0.001350s ]
INFO: [ app_end ] --END-- [ RunTime:0.001506s ]

[ 2018-08-16T20:45:45+08:00 ] ::1 /Home/Index/getClass
INFO: [ app_init ] --START--
INFO: Run Behavior\BuildLiteBehavior [ RunTime:0.000029s ]
INFO: [ app_init ] --END-- [ RunTime:0.000131s ]
INFO: [ app_begin ] --START--
INFO: Run Behavior\ReadHtmlCacheBehavior [ RunTime:0.001439s ]
INFO: [ app_begin ] --END-- [ RunTime:0.001583s ]

[ 2018-08-16T20:47:22+08:00 ] ::1 /Home/Index/getClass
INFO: [ app_init ] --START--
INFO: Run Behavior\BuildLiteBehavior [ RunTime:0.000046s ]
INFO: [ app_init ] --END-- [ RunTime:0.000198s ]
INFO: [ app_begin ] --START--
INFO: Run Behavior\ReadHtmlCacheBehavior [ RunTime:0.001333s ]
INFO: [ app_begin ] --END-- [ RunTime:0.001523s ]

[ 2018-08-16T20:49:10+08:00 ] ::1 /Home/Index/getClass
INFO: [ app_init ] --START--
INFO: Run Behavior\BuildLiteBehavior [ RunTime:0.000045s ]
INFO: [ app_init ] --END-- [ RunTime:0.000197s ]
INFO: [ app_begin ] --START--
INFO: Run Behavior\ReadHtmlCacheBehavior [ RunTime:0.001156s ]
INFO: [ app_begin ] --END-- [ RunTime:0.001288s ]

[ 2018-08-16T21:09:36+08:00 ] ::1 /Home/Index/getClass
INFO: [ app_init ] --START--
INFO: Run Behavior\BuildLiteBehavior [ RunTime:0.000029s ]
INFO: [ app_init ] --END-- [ RunTime:0.000122s ]
INFO: [ app_begin ] --START--
INFO: Run Behavior\ReadHtmlCacheBehavior [ RunTime:0.001120s ]
INFO: [ app_begin ] --END-- [ RunTime:0.001222s ]

[ 2018-08-16T21:09:38+08:00 ] ::1 /Home/Index/getClass
INFO: [ app_init ] --START--
INFO: Run Behavior\BuildLiteBehavior [ RunTime:0.000029s ]
INFO: [ app_init ] --END-- [ RunTime:0.000122s ]
INFO: [ app_begin ] --START--
INFO: Run Behavior\ReadHtmlCacheBehavior [ RunTime:0.000926s ]
INFO: [ app_begin ] --END-- [ RunTime:0.001040s ]

[ 2018-08-16T21:12:30+08:00 ] ::1 /Home/Index/getClass
INFO: [ app_init ] --START--
INFO: Run Behavior\BuildLiteBehavior [ RunTime:0.000029s ]
INFO: [ app_init ] --END-- [ RunTime:0.000126s ]
INFO: [ app_begin ] --START--
INFO: Run Behavior\ReadHtmlCacheBehavior [ RunTime:0.001037s ]
INFO: [ app_begin ] --END-- [ RunTime:0.001142s ]

[ 2018-08-16T21:12:41+08:00 ] ::1 /Home/Index/getClass
INFO: [ app_init ] --START--
INFO: Run Behavior\BuildLiteBehavior [ RunTime:0.000025s ]
INFO: [ app_init ] --END-- [ RunTime:0.000106s ]
INFO: [ app_begin ] --START--
INFO: Run Behavior\ReadHtmlCacheBehavior [ RunTime:0.000886s ]
INFO: [ app_begin ] --END-- [ RunTime:0.000980s ]
INFO: [ app_end ] --START--
INFO: Run Behavior\ShowPageTraceBehavior [ RunTime:0.001043s ]
INFO: [ app_end ] --END-- [ RunTime:0.001149s ]

[ 2018-08-16T21:26:47+08:00 ] ::1 /Home/Index/getNews
INFO: [ app_init ] --START--
INFO: Run Behavior\BuildLiteBehavior [ RunTime:0.000048s ]
INFO: [ app_init ] --END-- [ RunTime:0.000129s ]
INFO: [ app_begin ] --START--
INFO: Run Behavior\ReadHtmlCacheBehavior [ RunTime:0.001671s ]
INFO: [ app_begin ] --END-- [ RunTime:0.001773s ]
ERR: 无法加载数据库驱动: Think\Db\Driver\

[ 2018-08-16T21:27:40+08:00 ] ::1 /Home/Index/getNews
INFO: [ app_init ] --START--
INFO: Run Behavior\BuildLiteBehavior [ RunTime:0.000025s ]
INFO: [ app_init ] --END-- [ RunTime:0.000672s ]
INFO: [ app_begin ] --START--
INFO: Run Behavior\ReadHtmlCacheBehavior [ RunTime:0.001546s ]
INFO: [ app_begin ] --END-- [ RunTime:0.001679s ]
SQL: SHOW COLUMNS FROM `new` [ RunTime:0.0579s ]
SQL: SELECT COUNT(*) AS tp_count FROM `new` LIMIT 1   [ RunTime:0.0513s ]
NOTIC: [8] Undefined variable: connew D:\Program Files\phpStudy\thinkphp_3.2.3\App\Home\Controller\IndexController.class.php 第 105 行.
SQL: SELECT * FROM `new` ORDER BY pubtime DESC LIMIT 0,10   [ RunTime:0.2094s ]
INFO: [ view_parse ] --START--
INFO: [ template_filter ] --START--
INFO: Run Behavior\ContentReplaceBehavior [ RunTime:0.000166s ]
INFO: [ template_filter ] --END-- [ RunTime:0.000440s ]
INFO: Run Behavior\ParseTemplateBehavior [ RunTime:0.141656s ]
INFO: [ view_parse ] --END-- [ RunTime:0.141901s ]
INFO: [ view_filter ] --START--
INFO: Run Behavior\WriteHtmlCacheBehavior [ RunTime:0.007253s ]
INFO: [ view_filter ] --END-- [ RunTime:0.007447s ]
INFO: [ app_end ] --START--
INFO: Run Behavior\ShowPageTraceBehavior [ RunTime:0.002032s ]
INFO: [ app_end ] --END-- [ RunTime:0.002227s ]

[ 2018-08-16T21:27:44+08:00 ] ::1 /index.php/Home/Index/getNews/p/2.html
INFO: [ app_init ] --START--
INFO: Run Behavior\BuildLiteBehavior [ RunTime:0.000025s ]
INFO: [ app_init ] --END-- [ RunTime:0.000598s ]
INFO: [ app_begin ] --START--
INFO: Run Behavior\ReadHtmlCacheBehavior [ RunTime:0.000664s ]
INFO: [ app_begin ] --END-- [ RunTime:0.000743s ]
SQL: SHOW COLUMNS FROM `new` [ RunTime:0.0483s ]
SQL: SELECT COUNT(*) AS tp_count FROM `new` LIMIT 1   [ RunTime:0.0564s ]
NOTIC: [8] Undefined variable: connew D:\Program Files\phpStudy\thinkphp_3.2.3\App\Home\Controller\IndexController.class.php 第 105 行.
SQL: SELECT * FROM `new` ORDER BY pubtime DESC LIMIT 10,10   [ RunTime:0.1528s ]
INFO: [ view_parse ] --START--
INFO: [ template_filter ] --START--
INFO: Run Behavior\ContentReplaceBehavior [ RunTime:0.000169s ]
INFO: [ template_filter ] --END-- [ RunTime:0.000456s ]
INFO: Run Behavior\ParseTemplateBehavior [ RunTime:0.034324s ]
INFO: [ view_parse ] --END-- [ RunTime:0.034621s ]
INFO: [ view_filter ] --START--
INFO: Run Behavior\WriteHtmlCacheBehavior [ RunTime:0.002163s ]
INFO: [ view_filter ] --END-- [ RunTime:0.002417s ]
INFO: [ app_end ] --START--
INFO: Run Behavior\ShowPageTraceBehavior [ RunTime:0.002641s ]
INFO: [ app_end ] --END-- [ RunTime:0.002906s ]

[ 2018-08-16T21:27:46+08:00 ] ::1 /index.php/Home/Index/getNews/p/3.html
INFO: [ app_init ] --START--
INFO: Run Behavior\BuildLiteBehavior [ RunTime:0.000031s ]
INFO: [ app_init ] --END-- [ RunTime:0.000744s ]
INFO: [ app_begin ] --START--
INFO: Run Behavior\ReadHtmlCacheBehavior [ RunTime:0.000783s ]
INFO: [ app_begin ] --END-- [ RunTime:0.000883s ]
SQL: SHOW COLUMNS FROM `new` [ RunTime:0.0551s ]
SQL: SELECT COUNT(*) AS tp_count FROM `new` LIMIT 1   [ RunTime:0.0511s ]
NOTIC: [8] Undefined variable: connew D:\Program Files\phpStudy\thinkphp_3.2.3\App\Home\Controller\IndexController.class.php 第 105 行.
SQL: SELECT * FROM `new` ORDER BY pubtime DESC LIMIT 20,10   [ RunTime:0.1463s ]
INFO: [ view_parse ] --START--
INFO: [ template_filter ] --START--
INFO: Run Behavior\ContentReplaceBehavior [ RunTime:0.000169s ]
INFO: [ template_filter ] --END-- [ RunTime:0.000469s ]
INFO: Run Behavior\ParseTemplateBehavior [ RunTime:0.034738s ]
INFO: [ view_parse ] --END-- [ RunTime:0.035063s ]
INFO: [ view_filter ] --START--
INFO: Run Behavior\WriteHtmlCacheBehavior [ RunTime:0.002378s ]
INFO: [ view_filter ] --END-- [ RunTime:0.002658s ]
INFO: [ app_end ] --START--
INFO: Run Behavior\ShowPageTraceBehavior [ RunTime:0.002919s ]
INFO: [ app_end ] --END-- [ RunTime:0.003182s ]

[ 2018-08-16T21:27:48+08:00 ] ::1 /index.php/Home/Index/getNews/p/4.html
INFO: [ app_init ] --START--
INFO: Run Behavior\BuildLiteBehavior [ RunTime:0.000025s ]
INFO: [ app_init ] --END-- [ RunTime:0.000672s ]
INFO: [ app_begin ] --START--
INFO: Run Behavior\ReadHtmlCacheBehavior [ RunTime:0.000663s ]
INFO: [ app_begin ] --END-- [ RunTime:0.000741s ]
SQL: SHOW COLUMNS FROM `new` [ RunTime:0.0504s ]
SQL: SELECT COUNT(*) AS tp_count FROM `new` LIMIT 1   [ RunTime:0.0490s ]
NOTIC: [8] Undefined variable: connew D:\Program Files\phpStudy\thinkphp_3.2.3\App\Home\Controller\IndexController.class.php 第 105 行.
SQL: SELECT * FROM `new` ORDER BY pubtime DESC LIMIT 30,10   [ RunTime:0.1068s ]
INFO: [ view_parse ] --START--
INFO: [ template_filter ] --START--
INFO: Run Behavior\ContentReplaceBehavior [ RunTime:0.000187s ]
INFO: [ template_filter ] --END-- [ RunTime:0.000483s ]
INFO: Run Behavior\ParseTemplateBehavior [ RunTime:0.037365s ]
INFO: [ view_parse ] --END-- [ RunTime:0.037738s ]
INFO: [ view_filter ] --START--
INFO: Run Behavior\WriteHtmlCacheBehavior [ RunTime:0.002146s ]
INFO: [ view_filter ] --END-- [ RunTime:0.002397s ]
INFO: [ app_end ] --START--
INFO: Run Behavior\ShowPageTraceBehavior [ RunTime:0.002639s ]
INFO: [ app_end ] --END-- [ RunTime:0.002901s ]

[ 2018-08-16T21:27:50+08:00 ] ::1 /Home/Index/newsInfo/id/28
INFO: [ app_init ] --START--
INFO: Run Behavior\BuildLiteBehavior [ RunTime:0.000026s ]
INFO: [ app_init ] --END-- [ RunTime:0.000659s ]
INFO: [ app_begin ] --START--
INFO: Run Behavior\ReadHtmlCacheBehavior [ RunTime:0.000698s ]
INFO: [ app_begin ] --END-- [ RunTime:0.000776s ]
SQL: SHOW COLUMNS FROM `new` [ RunTime:0.0504s ]
SQL: SELECT * FROM `new` WHERE ( newid=28 ) LIMIT 1   [ RunTime:0.0480s ]
SQL: SELECT * FROM `new` WHERE `newclass` = 1 ORDER BY pubtime DESC LIMIT 1   [ RunTime:0.0479s ]
SQL: SHOW COLUMNS FROM `service` [ RunTime:0.0543s ]
SQL: SELECT * FROM `service` WHERE `serclass` = 0 ORDER BY pubtime DESC LIMIT 1   [ RunTime:0.0493s ]
SQL: SELECT * FROM `service` WHERE `serclass` = 1 ORDER BY pubtime DESC LIMIT 1   [ RunTime:0.0550s ]
SQL: SELECT * FROM `new` WHERE ( newid<28 ) ORDER BY newid desc LIMIT 1   [ RunTime:0.0499s ]
SQL: SELECT * FROM `new` WHERE ( newid>28 ) ORDER BY newid asc LIMIT 1   [ RunTime:0.0542s ]
INFO: [ view_parse ] --START--
INFO: [ template_filter ] --START--
INFO: Run Behavior\ContentReplaceBehavior [ RunTime:0.000190s ]
INFO: [ template_filter ] --END-- [ RunTime:0.000405s ]
INFO: Run Behavior\ParseTemplateBehavior [ RunTime:0.414888s ]
INFO: [ view_parse ] --END-- [ RunTime:0.415166s ]
INFO: [ view_filter ] --START--
INFO: Run Behavior\WriteHtmlCacheBehavior [ RunTime:0.001564s ]
INFO: [ view_filter ] --END-- [ RunTime:0.001732s ]
INFO: [ app_end ] --START--
INFO: Run Behavior\ShowPageTraceBehavior [ RunTime:0.002153s ]
INFO: [ app_end ] --END-- [ RunTime:0.002493s ]

[ 2018-08-16T21:27:50+08:00 ] ::1 /Home/Index/newsInfo/js/year.js
INFO: [ app_init ] --START--
INFO: Run Behavior\BuildLiteBehavior [ RunTime:0.000025s ]
INFO: [ app_init ] --END-- [ RunTime:0.000624s ]
INFO: [ app_begin ] --START--
INFO: Run Behavior\ReadHtmlCacheBehavior [ RunTime:0.000736s ]
INFO: [ app_begin ] --END-- [ RunTime:0.000820s ]
SQL: SHOW COLUMNS FROM `new` [ RunTime:0.0507s ]
ERR: 1064:You have an error in your SQL syntax; check the manual that corresponds to your MySQL server version for the right syntax to use near ') LIMIT 1' at line 1
 [ SQL语句 ] : SELECT * FROM `new` WHERE ( newid= ) LIMIT 1  
ERR: 1064:You have an error in your SQL syntax; check the manual that corresponds to your MySQL server version for the right syntax to use near ') LIMIT 1' at line 1
 [ SQL语句 ] : SELECT * FROM `new` WHERE ( newid= ) LIMIT 1  

[ 2018-08-16T21:31:58+08:00 ] ::1 /Home/newsInfo/id/28
INFO: [ app_init ] --START--
INFO: Run Behavior\BuildLiteBehavior [ RunTime:0.000025s ]
INFO: [ app_init ] --END-- [ RunTime:0.000637s ]
INFO: [ app_begin ] --START--
INFO: Run Behavior\ReadHtmlCacheBehavior [ RunTime:0.000752s ]
INFO: [ app_begin ] --END-- [ RunTime:0.000832s ]
ERR: 无法加载控制器:NewsInfo

[ 2018-08-16T21:32:35+08:00 ] ::1 /Home/test
INFO: [ app_init ] --START--
INFO: Run Behavior\BuildLiteBehavior [ RunTime:0.000026s ]
INFO: [ app_init ] --END-- [ RunTime:0.000661s ]
INFO: [ app_begin ] --START--
INFO: Run Behavior\ReadHtmlCacheBehavior [ RunTime:0.000792s ]
INFO: [ app_begin ] --END-- [ RunTime:0.000876s ]
ERR: 无法加载控制器:Test

[ 2018-08-16T21:43:54+08:00 ] ::1 /Home/index.html
INFO: [ app_init ] --START--
INFO: Run Behavior\BuildLiteBehavior [ RunTime:0.000025s ]
INFO: [ app_init ] --END-- [ RunTime:0.001437s ]
INFO: [ app_begin ] --START--
INFO: Run Behavior\ReadHtmlCacheBehavior [ RunTime:0.000766s ]
INFO: [ app_begin ] --END-- [ RunTime:0.000845s ]
INFO: [ app_end ] --START--
INFO: Run Behavior\ShowPageTraceBehavior [ RunTime:0.000873s ]
INFO: [ app_end ] --END-- [ RunTime:0.000954s ]

[ 2018-08-16T21:46:25+08:00 ] ::1 /Home/index.html
INFO: [ app_init ] --START--
INFO: Run Behavior\BuildLiteBehavior [ RunTime:0.000024s ]
INFO: [ app_init ] --END-- [ RunTime:0.000663s ]
INFO: [ app_begin ] --START--
INFO: Run Behavior\ReadHtmlCacheBehavior [ RunTime:0.001329s ]
INFO: [ app_begin ] --END-- [ RunTime:0.001428s ]
INFO: [ app_end ] --START--
INFO: Run Behavior\ShowPageTraceBehavior [ RunTime:0.001285s ]
INFO: [ app_end ] --END-- [ RunTime:0.001401s ]

[ 2018-08-16T21:46:29+08:00 ] ::1 /Home/index.html
INFO: [ app_init ] --START--
INFO: Run Behavior\BuildLiteBehavior [ RunTime:0.000029s ]
INFO: [ app_init ] --END-- [ RunTime:0.000625s ]
INFO: [ app_begin ] --START--
INFO: Run Behavior\ReadHtmlCacheBehavior [ RunTime:0.000667s ]
INFO: [ app_begin ] --END-- [ RunTime:0.000745s ]
INFO: [ app_end ] --START--
INFO: Run Behavior\ShowPageTraceBehavior [ RunTime:0.000985s ]
INFO: [ app_end ] --END-- [ RunTime:0.001068s ]

[ 2018-08-16T21:46:57+08:00 ] ::1 /Home/index.html
INFO: [ app_init ] --START--
INFO: Run Behavior\BuildLiteBehavior [ RunTime:0.000028s ]
INFO: [ app_init ] --END-- [ RunTime:0.000607s ]
INFO: [ app_begin ] --START--
INFO: Run Behavior\ReadHtmlCacheBehavior [ RunTime:0.000726s ]
INFO: [ app_begin ] --END-- [ RunTime:0.000814s ]
INFO: [ app_end ] --START--
INFO: Run Behavior\ShowPageTraceBehavior [ RunTime:0.000913s ]
INFO: [ app_end ] --END-- [ RunTime:0.000997s ]

[ 2018-08-16T21:46:57+08:00 ] ::1 /Home/index.html
INFO: [ app_init ] --START--
INFO: Run Behavior\BuildLiteBehavior [ RunTime:0.000031s ]
INFO: [ app_init ] --END-- [ RunTime:0.000759s ]
INFO: [ app_begin ] --START--
INFO: Run Behavior\ReadHtmlCacheBehavior [ RunTime:0.000838s ]
INFO: [ app_begin ] --END-- [ RunTime:0.000950s ]
INFO: [ app_end ] --START--
INFO: Run Behavior\ShowPageTraceBehavior [ RunTime:0.000866s ]
INFO: [ app_end ] --END-- [ RunTime:0.000967s ]

[ 2018-08-16T21:46:58+08:00 ] ::1 /Home/index.html
INFO: [ app_init ] --START--
INFO: Run Behavior\BuildLiteBehavior [ RunTime:0.000030s ]
INFO: [ app_init ] --END-- [ RunTime:0.000765s ]
INFO: [ app_begin ] --START--
INFO: Run Behavior\ReadHtmlCacheBehavior [ RunTime:0.000830s ]
INFO: [ app_begin ] --END-- [ RunTime:0.000933s ]
INFO: [ app_end ] --START--
INFO: Run Behavior\ShowPageTraceBehavior [ RunTime:0.000850s ]
INFO: [ app_end ] --END-- [ RunTime:0.000955s ]

[ 2018-08-16T21:47:22+08:00 ] ::1 /Home/index.html
INFO: [ app_init ] --START--
INFO: Run Behavior\BuildLiteBehavior [ RunTime:0.000046s ]
INFO: [ app_init ] --END-- [ RunTime:0.000952s ]
INFO: [ app_begin ] --START--
INFO: Run Behavior\ReadHtmlCacheBehavior [ RunTime:0.000815s ]
INFO: [ app_begin ] --END-- [ RunTime:0.000894s ]
INFO: [ app_end ] --START--
INFO: Run Behavior\ShowPageTraceBehavior [ RunTime:0.000798s ]
INFO: [ app_end ] --END-- [ RunTime:0.000890s ]

[ 2018-08-16T21:47:24+08:00 ] ::1 /Home/index.html
INFO: [ app_init ] --START--
INFO: Run Behavior\BuildLiteBehavior [ RunTime:0.000031s ]
INFO: [ app_init ] --END-- [ RunTime:0.000733s ]
INFO: [ app_begin ] --START--
INFO: Run Behavior\ReadHtmlCacheBehavior [ RunTime:0.000838s ]
INFO: [ app_begin ] --END-- [ RunTime:0.000939s ]
INFO: [ app_end ] --START--
INFO: Run Behavior\ShowPageTraceBehavior [ RunTime:0.000950s ]
INFO: [ app_end ] --END-- [ RunTime:0.001051s ]

[ 2018-08-16T21:47:24+08:00 ] ::1 /Home/index.html
INFO: [ app_init ] --START--
INFO: Run Behavior\BuildLiteBehavior [ RunTime:0.000031s ]
INFO: [ app_init ] --END-- [ RunTime:0.000739s ]
INFO: [ app_begin ] --START--
INFO: Run Behavior\ReadHtmlCacheBehavior [ RunTime:0.000810s ]
INFO: [ app_begin ] --END-- [ RunTime:0.000912s ]
INFO: [ app_end ] --START--
INFO: Run Behavior\ShowPageTraceBehavior [ RunTime:0.001008s ]
INFO: [ app_end ] --END-- [ RunTime:0.001114s ]

[ 2018-08-16T21:47:24+08:00 ] ::1 /Home/index.html
INFO: [ app_init ] --START--
INFO: Run Behavior\BuildLiteBehavior [ RunTime:0.000024s ]
INFO: [ app_init ] --END-- [ RunTime:0.000572s ]
INFO: [ app_begin ] --START--
INFO: Run Behavior\ReadHtmlCacheBehavior [ RunTime:0.000635s ]
INFO: [ app_begin ] --END-- [ RunTime:0.000711s ]
INFO: [ app_end ] --START--
INFO: Run Behavior\ShowPageTraceBehavior [ RunTime:0.002196s ]
INFO: [ app_end ] --END-- [ RunTime:0.002343s ]

[ 2018-08-16T21:48:42+08:00 ] ::1 /Home/index.html
INFO: [ app_init ] --START--
INFO: Run Behavior\BuildLiteBehavior [ RunTime:0.000033s ]
INFO: [ app_init ] --END-- [ RunTime:0.000756s ]
INFO: [ app_begin ] --START--
INFO: Run Behavior\ReadHtmlCacheBehavior [ RunTime:0.000711s ]
INFO: [ app_begin ] --END-- [ RunTime:0.000795s ]
INFO: [ app_end ] --START--
INFO: Run Behavior\ShowPageTraceBehavior [ RunTime:0.000714s ]
INFO: [ app_end ] --END-- [ RunTime:0.000807s ]

[ 2018-08-16T22:04:27+08:00 ] ::1 /Home/Index/index
INFO: [ app_init ] --START--
INFO: Run Behavior\BuildLiteBehavior [ RunTime:0.000026s ]
INFO: [ app_init ] --END-- [ RunTime:0.000790s ]
INFO: [ app_begin ] --START--
INFO: Run Behavior\ReadHtmlCacheBehavior [ RunTime:0.000767s ]
INFO: [ app_begin ] --END-- [ RunTime:0.000850s ]
INFO: [ app_end ] --START--
INFO: Run Behavior\ShowPageTraceBehavior [ RunTime:0.000772s ]
INFO: [ app_end ] --END-- [ RunTime:0.000851s ]

[ 2018-08-16T22:04:34+08:00 ] ::1 /Home/Index/getNews
INFO: [ app_init ] --START--
INFO: Run Behavior\BuildLiteBehavior [ RunTime:0.000026s ]
INFO: [ app_init ] --END-- [ RunTime:0.000667s ]
INFO: [ app_begin ] --START--
INFO: Run Behavior\ReadHtmlCacheBehavior [ RunTime:0.000765s ]
INFO: [ app_begin ] --END-- [ RunTime:0.000849s ]
SQL: SHOW COLUMNS FROM `new` [ RunTime:0.0511s ]
SQL: SELECT COUNT(*) AS tp_count FROM `new` LIMIT 1   [ RunTime:0.0504s ]
NOTIC: [8] Undefined variable: connew D:\Program Files\phpStudy\thinkphp_3.2.3\App\Home\Controller\IndexController.class.php 第 105 行.
SQL: SELECT * FROM `new` ORDER BY pubtime DESC LIMIT 0,10   [ RunTime:0.2047s ]
INFO: [ view_parse ] --START--
INFO: [ template_filter ] --START--
INFO: Run Behavior\ContentReplaceBehavior [ RunTime:0.000172s ]
INFO: [ template_filter ] --END-- [ RunTime:0.000425s ]
INFO: Run Behavior\ParseTemplateBehavior [ RunTime:0.035580s ]
INFO: [ view_parse ] --END-- [ RunTime:0.035876s ]
INFO: [ view_filter ] --START--
INFO: Run Behavior\WriteHtmlCacheBehavior [ RunTime:0.002105s ]
INFO: [ view_filter ] --END-- [ RunTime:0.002357s ]
INFO: [ app_end ] --START--
INFO: Run Behavior\ShowPageTraceBehavior [ RunTime:0.002412s ]
INFO: [ app_end ] --END-- [ RunTime:0.002605s ]

[ 2018-08-16T22:04:37+08:00 ] ::1 /Home/news/id/55
INFO: [ app_init ] --START--
INFO: Run Behavior\BuildLiteBehavior [ RunTime:0.000024s ]
INFO: [ app_init ] --END-- [ RunTime:0.000771s ]
INFO: [ app_begin ] --START--
INFO: Run Behavior\ReadHtmlCacheBehavior [ RunTime:0.000798s ]
INFO: [ app_begin ] --END-- [ RunTime:0.000880s ]
ERR: 无法加载控制器:Id

[ 2018-08-16T22:07:01+08:00 ] ::1 /Home/Index/getNews
INFO: [ app_init ] --START--
INFO: Run Behavior\BuildLiteBehavior [ RunTime:0.000029s ]
INFO: [ app_init ] --END-- [ RunTime:0.000778s ]
INFO: [ app_begin ] --START--
INFO: Run Behavior\ReadHtmlCacheBehavior [ RunTime:0.000847s ]
INFO: [ app_begin ] --END-- [ RunTime:0.000940s ]
SQL: SHOW COLUMNS FROM `new` [ RunTime:0.0498s ]
SQL: SELECT COUNT(*) AS tp_count FROM `new` LIMIT 1   [ RunTime:0.0486s ]
NOTIC: [8] Undefined variable: connew D:\Program Files\phpStudy\thinkphp_3.2.3\App\Home\Controller\IndexController.class.php 第 105 行.
SQL: SELECT * FROM `new` ORDER BY pubtime DESC LIMIT 0,10   [ RunTime:0.2043s ]
INFO: [ view_parse ] --START--
INFO: [ template_filter ] --START--
INFO: Run Behavior\ContentReplaceBehavior [ RunTime:0.000111s ]
INFO: [ template_filter ] --END-- [ RunTime:0.000247s ]
INFO: Run Behavior\ParseTemplateBehavior [ RunTime:0.018054s ]
INFO: [ view_parse ] --END-- [ RunTime:0.018187s ]
INFO: [ view_filter ] --START--
INFO: Run Behavior\WriteHtmlCacheBehavior [ RunTime:0.000915s ]
INFO: [ view_filter ] --END-- [ RunTime:0.000994s ]
INFO: [ app_end ] --START--
INFO: Run Behavior\ShowPageTraceBehavior [ RunTime:0.000926s ]
INFO: [ app_end ] --END-- [ RunTime:0.001005s ]

[ 2018-08-16T22:07:04+08:00 ] ::1 /Home/Index/getNews
INFO: [ app_init ] --START--
INFO: Run Behavior\BuildLiteBehavior [ RunTime:0.000044s ]
INFO: [ app_init ] --END-- [ RunTime:0.001168s ]
INFO: [ app_begin ] --START--
INFO: Run Behavior\ReadHtmlCacheBehavior [ RunTime:0.000640s ]
INFO: [ app_begin ] --END-- [ RunTime:0.000717s ]
SQL: SHOW COLUMNS FROM `new` [ RunTime:0.0509s ]
SQL: SELECT COUNT(*) AS tp_count FROM `new` LIMIT 1   [ RunTime:0.0500s ]
NOTIC: [8] Undefined variable: connew D:\Program Files\phpStudy\thinkphp_3.2.3\App\Home\Controller\IndexController.class.php 第 105 行.
SQL: SELECT * FROM `new` ORDER BY pubtime DESC LIMIT 0,10   [ RunTime:0.2168s ]
INFO: [ view_parse ] --START--
INFO: [ template_filter ] --START--
INFO: Run Behavior\ContentReplaceBehavior [ RunTime:0.000166s ]
INFO: [ template_filter ] --END-- [ RunTime:0.000420s ]
INFO: Run Behavior\ParseTemplateBehavior [ RunTime:0.032188s ]
INFO: [ view_parse ] --END-- [ RunTime:0.032406s ]
INFO: [ view_filter ] --START--
INFO: Run Behavior\WriteHtmlCacheBehavior [ RunTime:0.001185s ]
INFO: [ view_filter ] --END-- [ RunTime:0.001319s ]
INFO: [ app_end ] --START--
INFO: Run Behavior\ShowPageTraceBehavior [ RunTime:0.001407s ]
INFO: [ app_end ] --END-- [ RunTime:0.001540s ]

[ 2018-08-16T22:07:05+08:00 ] ::1 /Home/news/id/55
INFO: [ app_init ] --START--
INFO: Run Behavior\BuildLiteBehavior [ RunTime:0.000024s ]
INFO: [ app_init ] --END-- [ RunTime:0.000657s ]
INFO: [ app_begin ] --START--
INFO: Run Behavior\ReadHtmlCacheBehavior [ RunTime:0.000804s ]
INFO: [ app_begin ] --END-- [ RunTime:0.000936s ]
SQL: SHOW COLUMNS FROM `new` [ RunTime:0.0506s ]
SQL: SELECT * FROM `new` WHERE ( newid=55 ) LIMIT 1   [ RunTime:0.0517s ]
SQL: SELECT * FROM `new` WHERE `newclass` = 1 ORDER BY pubtime DESC LIMIT 1   [ RunTime:0.0539s ]
SQL: SHOW COLUMNS FROM `service` [ RunTime:0.0505s ]
SQL: SELECT * FROM `service` WHERE `serclass` = 0 ORDER BY pubtime DESC LIMIT 1   [ RunTime:0.0526s ]
SQL: SELECT * FROM `service` WHERE `serclass` = 1 ORDER BY pubtime DESC LIMIT 1   [ RunTime:0.0518s ]
SQL: SELECT * FROM `new` WHERE ( newid<55 ) ORDER BY newid desc LIMIT 1   [ RunTime:0.0491s ]
SQL: SELECT * FROM `new` WHERE ( newid>55 ) ORDER BY newid asc LIMIT 1   [ RunTime:0.0491s ]
INFO: [ view_parse ] --START--
INFO: [ template_filter ] --START--
INFO: Run Behavior\ContentReplaceBehavior [ RunTime:0.000164s ]
INFO: [ template_filter ] --END-- [ RunTime:0.000350s ]
INFO: Run Behavior\ParseTemplateBehavior [ RunTime:0.026214s ]
INFO: [ view_parse ] --END-- [ RunTime:0.026374s ]
INFO: [ view_filter ] --START--
INFO: Run Behavior\WriteHtmlCacheBehavior [ RunTime:0.000743s ]
INFO: [ view_filter ] --END-- [ RunTime:0.000818s ]
INFO: [ app_end ] --START--
INFO: Run Behavior\ShowPageTraceBehavior [ RunTime:0.000927s ]
INFO: [ app_end ] --END-- [ RunTime:0.001023s ]

[ 2018-08-16T22:07:05+08:00 ] ::1 /Home/news/js/year.js
INFO: [ app_init ] --START--
INFO: Run Behavior\BuildLiteBehavior [ RunTime:0.000025s ]
INFO: [ app_init ] --END-- [ RunTime:0.000883s ]
INFO: [ app_begin ] --START--
INFO: Run Behavior\ReadHtmlCacheBehavior [ RunTime:0.000943s ]
INFO: [ app_begin ] --END-- [ RunTime:0.001032s ]
SQL: SHOW COLUMNS FROM `new` [ RunTime:0.0511s ]
ERR: 1064:You have an error in your SQL syntax; check the manual that corresponds to your MySQL server version for the right syntax to use near ') LIMIT 1' at line 1
 [ SQL语句 ] : SELECT * FROM `new` WHERE ( newid= ) LIMIT 1  
ERR: 1064:You have an error in your SQL syntax; check the manual that corresponds to your MySQL server version for the right syntax to use near ') LIMIT 1' at line 1
 [ SQL语句 ] : SELECT * FROM `new` WHERE ( newid= ) LIMIT 1  

[ 2018-08-16T22:07:13+08:00 ] ::1 /Home/news/id/56
INFO: [ app_init ] --START--
INFO: Run Behavior\BuildLiteBehavior [ RunTime:0.000025s ]
INFO: [ app_init ] --END-- [ RunTime:0.000627s ]
INFO: [ app_begin ] --START--
INFO: Run Behavior\ReadHtmlCacheBehavior [ RunTime:0.000692s ]
INFO: [ app_begin ] --END-- [ RunTime:0.000776s ]
SQL: SHOW COLUMNS FROM `new` [ RunTime:0.0510s ]
SQL: SELECT * FROM `new` WHERE ( newid=56 ) LIMIT 1   [ RunTime:0.0537s ]
SQL: SELECT * FROM `new` WHERE `newclass` = 1 ORDER BY pubtime DESC LIMIT 1   [ RunTime:0.0510s ]
SQL: SHOW COLUMNS FROM `service` [ RunTime:0.0777s ]
SQL: SELECT * FROM `service` WHERE `serclass` = 0 ORDER BY pubtime DESC LIMIT 1   [ RunTime:0.0507s ]
SQL: SELECT * FROM `service` WHERE `serclass` = 1 ORDER BY pubtime DESC LIMIT 1   [ RunTime:0.0534s ]
SQL: SELECT * FROM `new` WHERE ( newid<56 ) ORDER BY newid desc LIMIT 1   [ RunTime:0.0500s ]
SQL: SELECT * FROM `new` WHERE ( newid>56 ) ORDER BY newid asc LIMIT 1   [ RunTime:0.0571s ]
INFO: [ view_parse ] --START--
INFO: [ template_filter ] --START--
INFO: Run Behavior\ContentReplaceBehavior [ RunTime:0.000278s ]
INFO: [ template_filter ] --END-- [ RunTime:0.000550s ]
INFO: Run Behavior\ParseTemplateBehavior [ RunTime:0.049315s ]
INFO: [ view_parse ] --END-- [ RunTime:0.049654s ]
INFO: [ view_filter ] --START--
INFO: Run Behavior\WriteHtmlCacheBehavior [ RunTime:0.002101s ]
INFO: [ view_filter ] --END-- [ RunTime:0.002343s ]
INFO: [ app_end ] --START--
INFO: Run Behavior\ShowPageTraceBehavior [ RunTime:0.002760s ]
INFO: [ app_end ] --END-- [ RunTime:0.003086s ]

[ 2018-08-16T22:07:13+08:00 ] ::1 /Home/news/js/year.js
INFO: [ app_init ] --START--
INFO: Run Behavior\BuildLiteBehavior [ RunTime:0.000032s ]
INFO: [ app_init ] --END-- [ RunTime:0.002020s ]
INFO: [ app_begin ] --START--
INFO: Run Behavior\ReadHtmlCacheBehavior [ RunTime:0.000759s ]
INFO: [ app_begin ] --END-- [ RunTime:0.000843s ]
SQL: SHOW COLUMNS FROM `new` [ RunTime:0.0511s ]
ERR: 1064:You have an error in your SQL syntax; check the manual that corresponds to your MySQL server version for the right syntax to use near ') LIMIT 1' at line 1
 [ SQL语句 ] : SELECT * FROM `new` WHERE ( newid= ) LIMIT 1  
ERR: 1064:You have an error in your SQL syntax; check the manual that corresponds to your MySQL server version for the right syntax to use near ') LIMIT 1' at line 1
 [ SQL语句 ] : SELECT * FROM `new` WHERE ( newid= ) LIMIT 1  

[ 2018-08-16T22:15:22+08:00 ] ::1 /Home/Index/index
INFO: [ app_init ] --START--
INFO: Run Behavior\BuildLiteBehavior [ RunTime:0.000026s ]
INFO: [ app_init ] --END-- [ RunTime:0.009027s ]
INFO: [ app_begin ] --START--
INFO: Run Behavior\ReadHtmlCacheBehavior [ RunTime:0.000857s ]
INFO: [ app_begin ] --END-- [ RunTime:0.000955s ]
INFO: [ app_end ] --START--
INFO: Run Behavior\ShowPageTraceBehavior [ RunTime:0.001390s ]
INFO: [ app_end ] --END-- [ RunTime:0.001496s ]

[ 2018-08-16T22:15:27+08:00 ] ::1 /Home/Index/getClass
INFO: [ app_init ] --START--
INFO: Run Behavior\BuildLiteBehavior [ RunTime:0.000026s ]
INFO: [ app_init ] --END-- [ RunTime:0.000705s ]
INFO: [ app_begin ] --START--
INFO: Run Behavior\ReadHtmlCacheBehavior [ RunTime:0.000893s ]
INFO: [ app_begin ] --END-- [ RunTime:0.001022s ]

[ 2018-08-16T22:16:39+08:00 ] ::1 /Home/Index/getClass
INFO: [ app_init ] --START--
INFO: Run Behavior\BuildLiteBehavior [ RunTime:0.000025s ]
INFO: [ app_init ] --END-- [ RunTime:0.000712s ]
INFO: [ app_begin ] --START--
INFO: Run Behavior\ReadHtmlCacheBehavior [ RunTime:0.000777s ]
INFO: [ app_begin ] --END-- [ RunTime:0.000859s ]
INFO: [ app_end ] --START--
INFO: Run Behavior\ShowPageTraceBehavior [ RunTime:0.001733s ]
INFO: [ app_end ] --END-- [ RunTime:0.001958s ]

[ 2018-08-16T22:17:35+08:00 ] ::1 /Home/Index/getClass
INFO: [ app_init ] --START--
INFO: Run Behavior\BuildLiteBehavior [ RunTime:0.000025s ]
INFO: [ app_init ] --END-- [ RunTime:0.000663s ]
INFO: [ app_begin ] --START--
INFO: Run Behavior\ReadHtmlCacheBehavior [ RunTime:0.000738s ]
INFO: [ app_begin ] --END-- [ RunTime:0.000819s ]

[ 2018-08-16T22:17:36+08:00 ] ::1 /Home/Index/getClass
INFO: [ app_init ] --START--
INFO: Run Behavior\BuildLiteBehavior [ RunTime:0.000051s ]
INFO: [ app_init ] --END-- [ RunTime:0.000791s ]
INFO: [ app_begin ] --START--
INFO: Run Behavior\ReadHtmlCacheBehavior [ RunTime:0.000732s ]
INFO: [ app_begin ] --END-- [ RunTime:0.000816s ]

[ 2018-08-16T22:17:36+08:00 ] ::1 /Home/Index/getClass
INFO: [ app_init ] --START--
INFO: Run Behavior\BuildLiteBehavior [ RunTime:0.000024s ]
INFO: [ app_init ] --END-- [ RunTime:0.000598s ]
INFO: [ app_begin ] --START--
INFO: Run Behavior\ReadHtmlCacheBehavior [ RunTime:0.000583s ]
INFO: [ app_begin ] --END-- [ RunTime:0.000662s ]

[ 2018-08-16T22:20:47+08:00 ] ::1 /Home/Index/getClass
INFO: [ app_init ] --START--
INFO: Run Behavior\BuildLiteBehavior [ RunTime:0.000025s ]
INFO: [ app_init ] --END-- [ RunTime:0.000758s ]
INFO: [ app_begin ] --START--
INFO: Run Behavior\ReadHtmlCacheBehavior [ RunTime:0.000926s ]
INFO: [ app_begin ] --END-- [ RunTime:0.001010s ]

[ 2018-08-16T22:20:49+08:00 ] ::1 /Home/Index/getClass
INFO: [ app_init ] --START--
INFO: Run Behavior\BuildLiteBehavior [ RunTime:0.000030s ]
INFO: [ app_init ] --END-- [ RunTime:0.000741s ]
INFO: [ app_begin ] --START--
INFO: Run Behavior\ReadHtmlCacheBehavior [ RunTime:0.000910s ]
INFO: [ app_begin ] --END-- [ RunTime:0.001013s ]

[ 2018-08-16T22:20:49+08:00 ] ::1 /Home/Index/getClass
INFO: [ app_init ] --START--
INFO: Run Behavior\BuildLiteBehavior [ RunTime:0.000031s ]
INFO: [ app_init ] --END-- [ RunTime:0.000721s ]
INFO: [ app_begin ] --START--
INFO: Run Behavior\ReadHtmlCacheBehavior [ RunTime:0.000836s ]
INFO: [ app_begin ] --END-- [ RunTime:0.000951s ]

[ 2018-08-16T22:20:50+08:00 ] ::1 /Home/Index/getClass
INFO: [ app_init ] --START--
INFO: Run Behavior\BuildLiteBehavior [ RunTime:0.000053s ]
INFO: [ app_init ] --END-- [ RunTime:0.001217s ]
INFO: [ app_begin ] --START--
INFO: Run Behavior\ReadHtmlCacheBehavior [ RunTime:0.000704s ]
INFO: [ app_begin ] --END-- [ RunTime:0.000784s ]

[ 2018-08-16T22:20:51+08:00 ] ::1 /Home/Index/getClass
INFO: [ app_init ] --START--
INFO: Run Behavior\BuildLiteBehavior [ RunTime:0.000024s ]
INFO: [ app_init ] --END-- [ RunTime:0.000651s ]
INFO: [ app_begin ] --START--
INFO: Run Behavior\ReadHtmlCacheBehavior [ RunTime:0.000715s ]
INFO: [ app_begin ] --END-- [ RunTime:0.000792s ]

[ 2018-08-16T22:21:03+08:00 ] ::1 /Home/Index/getClass
INFO: [ app_init ] --START--
INFO: Run Behavior\BuildLiteBehavior [ RunTime:0.000024s ]
INFO: [ app_init ] --END-- [ RunTime:0.000605s ]
INFO: [ app_begin ] --START--
INFO: Run Behavior\ReadHtmlCacheBehavior [ RunTime:0.001662s ]
INFO: [ app_begin ] --END-- [ RunTime:0.001838s ]

[ 2018-08-16T22:21:04+08:00 ] ::1 /Home/Index/getClass
INFO: [ app_init ] --START--
INFO: Run Behavior\BuildLiteBehavior [ RunTime:0.000025s ]
INFO: [ app_init ] --END-- [ RunTime:0.000611s ]
INFO: [ app_begin ] --START--
INFO: Run Behavior\ReadHtmlCacheBehavior [ RunTime:0.000800s ]
INFO: [ app_begin ] --END-- [ RunTime:0.000881s ]

[ 2018-08-16T22:21:04+08:00 ] ::1 /Home/Index/getClass
INFO: [ app_init ] --START--
INFO: Run Behavior\BuildLiteBehavior [ RunTime:0.000025s ]
INFO: [ app_init ] --END-- [ RunTime:0.000589s ]
INFO: [ app_begin ] --START--
INFO: Run Behavior\ReadHtmlCacheBehavior [ RunTime:0.000670s ]
INFO: [ app_begin ] --END-- [ RunTime:0.000749s ]

[ 2018-08-16T22:21:05+08:00 ] ::1 /Home/Index/getClass
INFO: [ app_init ] --START--
INFO: Run Behavior\BuildLiteBehavior [ RunTime:0.000025s ]
INFO: [ app_init ] --END-- [ RunTime:0.000697s ]
INFO: [ app_begin ] --START--
INFO: Run Behavior\ReadHtmlCacheBehavior [ RunTime:0.000677s ]
INFO: [ app_begin ] --END-- [ RunTime:0.000755s ]

[ 2018-08-16T22:21:55+08:00 ] ::1 /Home/Index/getClass
INFO: [ app_init ] --START--
INFO: Run Behavior\BuildLiteBehavior [ RunTime:0.000025s ]
INFO: [ app_init ] --END-- [ RunTime:0.000664s ]
INFO: [ app_begin ] --START--
INFO: Run Behavior\ReadHtmlCacheBehavior [ RunTime:0.000778s ]
INFO: [ app_begin ] --END-- [ RunTime:0.000858s ]

[ 2018-08-16T22:21:57+08:00 ] ::1 /Home/Index/getClass
INFO: [ app_init ] --START--
INFO: Run Behavior\BuildLiteBehavior [ RunTime:0.000025s ]
INFO: [ app_init ] --END-- [ RunTime:0.000701s ]
INFO: [ app_begin ] --START--
INFO: Run Behavior\ReadHtmlCacheBehavior [ RunTime:0.000909s ]
INFO: [ app_begin ] --END-- [ RunTime:0.001027s ]

[ 2018-08-16T22:21:57+08:00 ] ::1 /Home/Index/getClass
INFO: [ app_init ] --START--
INFO: Run Behavior\BuildLiteBehavior [ RunTime:0.000033s ]
INFO: [ app_init ] --END-- [ RunTime:0.000678s ]
INFO: [ app_begin ] --START--
INFO: Run Behavior\ReadHtmlCacheBehavior [ RunTime:0.000907s ]
INFO: [ app_begin ] --END-- [ RunTime:0.001020s ]

[ 2018-08-16T22:21:57+08:00 ] ::1 /Home/Index/getClass
INFO: [ app_init ] --START--
INFO: Run Behavior\BuildLiteBehavior [ RunTime:0.000032s ]
INFO: [ app_init ] --END-- [ RunTime:0.000790s ]
INFO: [ app_begin ] --START--
INFO: Run Behavior\ReadHtmlCacheBehavior [ RunTime:0.000843s ]
INFO: [ app_begin ] --END-- [ RunTime:0.000948s ]

[ 2018-08-16T22:21:58+08:00 ] ::1 /Home/Index/getClass
INFO: [ app_init ] --START--
INFO: Run Behavior\BuildLiteBehavior [ RunTime:0.000027s ]
INFO: [ app_init ] --END-- [ RunTime:0.000659s ]
INFO: [ app_begin ] --START--
INFO: Run Behavior\ReadHtmlCacheBehavior [ RunTime:0.000723s ]
INFO: [ app_begin ] --END-- [ RunTime:0.000809s ]

[ 2018-08-16T22:23:25+08:00 ] ::1 /Home/Admin/index
INFO: [ app_init ] --START--
INFO: Run Behavior\BuildLiteBehavior [ RunTime:0.000024s ]
INFO: [ app_init ] --END-- [ RunTime:0.000646s ]
INFO: [ app_begin ] --START--
INFO: Run Behavior\ReadHtmlCacheBehavior [ RunTime:0.001103s ]
INFO: [ app_begin ] --END-- [ RunTime:0.001181s ]
ERR: 无法加载控制器:Admin

[ 2018-08-16T22:25:07+08:00 ] ::1 /Home/Index/getClass
INFO: [ app_init ] --START--
INFO: Run Behavior\BuildLiteBehavior [ RunTime:0.000025s ]
INFO: [ app_init ] --END-- [ RunTime:0.000543s ]
INFO: [ app_begin ] --START--
INFO: Run Behavior\ReadHtmlCacheBehavior [ RunTime:0.000647s ]
INFO: [ app_begin ] --END-- [ RunTime:0.000726s ]
INFO: [ app_end ] --START--
INFO: Run Behavior\ShowPageTraceBehavior [ RunTime:0.001563s ]
INFO: [ app_end ] --END-- [ RunTime:0.001741s ]

[ 2018-08-16T22:54:45+08:00 ] ::1 /Home/Index/11.html
INFO: [ app_init ] --START--
INFO: Run Behavior\BuildLiteBehavior [ RunTime:0.000028s ]
INFO: [ app_init ] --END-- [ RunTime:0.000710s ]
INFO: [ app_begin ] --START--
INFO: Run Behavior\ReadHtmlCacheBehavior [ RunTime:0.000803s ]
INFO: [ app_begin ] --END-- [ RunTime:0.000886s ]
INFO: [ app_end ] --START--
INFO: Run Behavior\ShowPageTraceBehavior [ RunTime:0.001825s ]
INFO: [ app_end ] --END-- [ RunTime:0.002086s ]

[ 2018-08-16T22:55:07+08:00 ] ::1 /Home/news/11.html
INFO: [ app_init ] --START--
INFO: Run Behavior\BuildLiteBehavior [ RunTime:0.000026s ]
INFO: [ app_init ] --END-- [ RunTime:0.000782s ]
INFO: [ app_begin ] --START--
INFO: Run Behavior\ReadHtmlCacheBehavior [ RunTime:0.000842s ]
INFO: [ app_begin ] --END-- [ RunTime:0.000924s ]
SQL: SHOW COLUMNS FROM `new` [ RunTime:0.0550s ]
ERR: 1064:You have an error in your SQL syntax; check the manual that corresponds to your MySQL server version for the right syntax to use near ') LIMIT 1' at line 1
 [ SQL语句 ] : SELECT * FROM `new` WHERE ( newid= ) LIMIT 1  
ERR: 1064:You have an error in your SQL syntax; check the manual that corresponds to your MySQL server version for the right syntax to use near ') LIMIT 1' at line 1
 [ SQL语句 ] : SELECT * FROM `new` WHERE ( newid= ) LIMIT 1  

[ 2018-08-16T22:56:43+08:00 ] ::1 /Home/newslist
INFO: [ app_init ] --START--
INFO: Run Behavior\BuildLiteBehavior [ RunTime:0.000026s ]
INFO: [ app_init ] --END-- [ RunTime:0.000684s ]
INFO: [ app_begin ] --START--
INFO: Run Behavior\ReadHtmlCacheBehavior [ RunTime:0.001073s ]
INFO: [ app_begin ] --END-- [ RunTime:0.001249s ]
SQL: SHOW COLUMNS FROM `new` [ RunTime:0.0526s ]
SQL: SELECT COUNT(*) AS tp_count FROM `new` LIMIT 1   [ RunTime:0.0501s ]
NOTIC: [8] Undefined variable: connew D:\Program Files\phpStudy\thinkphp_3.2.3\App\Home\Controller\IndexController.class.php 第 105 行.
SQL: SELECT * FROM `new` ORDER BY pubtime DESC LIMIT 0,10   [ RunTime:0.2137s ]
INFO: [ view_parse ] --START--
INFO: [ template_filter ] --START--
INFO: Run Behavior\ContentReplaceBehavior [ RunTime:0.000131s ]
INFO: [ template_filter ] --END-- [ RunTime:0.000378s ]
INFO: Run Behavior\ParseTemplateBehavior [ RunTime:0.023212s ]
INFO: [ view_parse ] --END-- [ RunTime:0.023377s ]
INFO: [ view_filter ] --START--
INFO: Run Behavior\WriteHtmlCacheBehavior [ RunTime:0.001004s ]
INFO: [ view_filter ] --END-- [ RunTime:0.001112s ]
INFO: [ app_end ] --START--
INFO: Run Behavior\ShowPageTraceBehavior [ RunTime:0.001005s ]
INFO: [ app_end ] --END-- [ RunTime:0.001112s ]

[ 2018-08-16T22:56:49+08:00 ] ::1 /Home/news/id/55
INFO: [ app_init ] --START--
INFO: Run Behavior\BuildLiteBehavior [ RunTime:0.000023s ]
INFO: [ app_init ] --END-- [ RunTime:0.000701s ]
INFO: [ app_begin ] --START--
INFO: Run Behavior\ReadHtmlCacheBehavior [ RunTime:0.000678s ]
INFO: [ app_begin ] --END-- [ RunTime:0.000754s ]
ERR: 无法加载控制器:News

[ 2018-08-16T22:57:17+08:00 ] ::1 /Home/news/id/55
INFO: [ app_init ] --START--
INFO: Run Behavior\BuildLiteBehavior [ RunTime:0.000025s ]
INFO: [ app_init ] --END-- [ RunTime:0.000816s ]
INFO: [ app_begin ] --START--
INFO: Run Behavior\ReadHtmlCacheBehavior [ RunTime:0.000862s ]
INFO: [ app_begin ] --END-- [ RunTime:0.000957s ]
ERR: 无法加载控制器:News

[ 2018-08-16T22:57:20+08:00 ] ::1 /Home/newslist
INFO: [ app_init ] --START--
INFO: Run Behavior\BuildLiteBehavior [ RunTime:0.000024s ]
INFO: [ app_init ] --END-- [ RunTime:0.000598s ]
INFO: [ app_begin ] --START--
INFO: Run Behavior\ReadHtmlCacheBehavior [ RunTime:0.001799s ]
INFO: [ app_begin ] --END-- [ RunTime:0.001936s ]
SQL: SHOW COLUMNS FROM `new` [ RunTime:0.0485s ]
SQL: SELECT COUNT(*) AS tp_count FROM `new` LIMIT 1   [ RunTime:0.0487s ]
NOTIC: [8] Undefined variable: connew D:\Program Files\phpStudy\thinkphp_3.2.3\App\Home\Controller\IndexController.class.php 第 105 行.
SQL: SELECT * FROM `new` ORDER BY pubtime DESC LIMIT 0,10   [ RunTime:0.2108s ]
INFO: [ view_parse ] --START--
INFO: [ template_filter ] --START--
INFO: Run Behavior\ContentReplaceBehavior [ RunTime:0.000122s ]
INFO: [ template_filter ] --END-- [ RunTime:0.000312s ]
INFO: Run Behavior\ParseTemplateBehavior [ RunTime:0.034635s ]
INFO: [ view_parse ] --END-- [ RunTime:0.034932s ]
INFO: [ view_filter ] --START--
INFO: Run Behavior\WriteHtmlCacheBehavior [ RunTime:0.001633s ]
INFO: [ view_filter ] --END-- [ RunTime:0.001809s ]
INFO: [ app_end ] --START--
INFO: Run Behavior\ShowPageTraceBehavior [ RunTime:0.001983s ]
INFO: [ app_end ] --END-- [ RunTime:0.002163s ]

[ 2018-08-16T22:57:22+08:00 ] ::1 /Home/newsinfo/id/40
INFO: [ app_init ] --START--
INFO: Run Behavior\BuildLiteBehavior [ RunTime:0.000024s ]
INFO: [ app_init ] --END-- [ RunTime:0.000660s ]
INFO: [ app_begin ] --START--
INFO: Run Behavior\ReadHtmlCacheBehavior [ RunTime:0.000627s ]
INFO: [ app_begin ] --END-- [ RunTime:0.000707s ]
SQL: SHOW COLUMNS FROM `new` [ RunTime:0.0497s ]
SQL: SELECT * FROM `new` WHERE ( newid=40 ) LIMIT 1   [ RunTime:0.0520s ]
SQL: SELECT * FROM `new` WHERE `newclass` = 1 ORDER BY pubtime DESC LIMIT 1   [ RunTime:0.0559s ]
SQL: SHOW COLUMNS FROM `service` [ RunTime:0.0550s ]
SQL: SELECT * FROM `service` WHERE `serclass` = 0 ORDER BY pubtime DESC LIMIT 1   [ RunTime:0.0529s ]
SQL: SELECT * FROM `service` WHERE `serclass` = 1 ORDER BY pubtime DESC LIMIT 1   [ RunTime:0.0579s ]
SQL: SELECT * FROM `new` WHERE ( newid<40 ) ORDER BY newid desc LIMIT 1   [ RunTime:0.0533s ]
SQL: SELECT * FROM `new` WHERE ( newid>40 ) ORDER BY newid asc LIMIT 1   [ RunTime:0.0511s ]
INFO: [ view_parse ] --START--
INFO: [ template_filter ] --START--
INFO: Run Behavior\ContentReplaceBehavior [ RunTime:0.000270s ]
INFO: [ template_filter ] --END-- [ RunTime:0.000573s ]
INFO: Run Behavior\ParseTemplateBehavior [ RunTime:0.042544s ]
INFO: [ view_parse ] --END-- [ RunTime:0.042812s ]
INFO: [ view_filter ] --START--
INFO: Run Behavior\WriteHtmlCacheBehavior [ RunTime:0.001430s ]
INFO: [ view_filter ] --END-- [ RunTime:0.001586s ]
INFO: [ app_end ] --START--
INFO: Run Behavior\ShowPageTraceBehavior [ RunTime:0.001733s ]
INFO: [ app_end ] --END-- [ RunTime:0.001915s ]

[ 2018-08-16T22:57:22+08:00 ] ::1 /Home/newsinfo/js/year.js
INFO: [ app_init ] --START--
INFO: Run Behavior\BuildLiteBehavior [ RunTime:0.000028s ]
INFO: [ app_init ] --END-- [ RunTime:0.000709s ]
INFO: [ app_begin ] --START--
INFO: Run Behavior\ReadHtmlCacheBehavior [ RunTime:0.001190s ]
INFO: [ app_begin ] --END-- [ RunTime:0.001370s ]
SQL: SHOW COLUMNS FROM `new` [ RunTime:0.0495s ]
ERR: 1064:You have an error in your SQL syntax; check the manual that corresponds to your MySQL server version for the right syntax to use near ') LIMIT 1' at line 1
 [ SQL语句 ] : SELECT * FROM `new` WHERE ( newid= ) LIMIT 1  
ERR: 1064:You have an error in your SQL syntax; check the manual that corresponds to your MySQL server version for the right syntax to use near ') LIMIT 1' at line 1
 [ SQL语句 ] : SELECT * FROM `new` WHERE ( newid= ) LIMIT 1  

[ 2018-08-16T22:57:32+08:00 ] ::1 /Home/newsinfo/40
INFO: [ app_init ] --START--
INFO: Run Behavior\BuildLiteBehavior [ RunTime:0.000025s ]
INFO: [ app_init ] --END-- [ RunTime:0.000618s ]
INFO: [ app_begin ] --START--
INFO: Run Behavior\ReadHtmlCacheBehavior [ RunTime:0.000675s ]
INFO: [ app_begin ] --END-- [ RunTime:0.000752s ]
SQL: SHOW COLUMNS FROM `new` [ RunTime:0.0497s ]
ERR: 1064:You have an error in your SQL syntax; check the manual that corresponds to your MySQL server version for the right syntax to use near ') LIMIT 1' at line 1
 [ SQL语句 ] : SELECT * FROM `new` WHERE ( newid= ) LIMIT 1  
ERR: 1064:You have an error in your SQL syntax; check the manual that corresponds to your MySQL server version for the right syntax to use near ') LIMIT 1' at line 1
 [ SQL语句 ] : SELECT * FROM `new` WHERE ( newid= ) LIMIT 1  

[ 2018-08-16T22:58:06+08:00 ] ::1 /Home/newsinfo/js/year.js
INFO: [ app_init ] --START--
INFO: Run Behavior\BuildLiteBehavior [ RunTime:0.000029s ]
INFO: [ app_init ] --END-- [ RunTime:0.000943s ]
INFO: [ app_begin ] --START--
INFO: Run Behavior\ReadHtmlCacheBehavior [ RunTime:0.000900s ]
INFO: [ app_begin ] --END-- [ RunTime:0.001002s ]
SQL: SHOW COLUMNS FROM `new` [ RunTime:0.0549s ]
ERR: 1064:You have an error in your SQL syntax; check the manual that corresponds to your MySQL server version for the right syntax to use near ') LIMIT 1' at line 1
 [ SQL语句 ] : SELECT * FROM `new` WHERE ( newid= ) LIMIT 1  
ERR: 1064:You have an error in your SQL syntax; check the manual that corresponds to your MySQL server version for the right syntax to use near ') LIMIT 1' at line 1
 [ SQL语句 ] : SELECT * FROM `new` WHERE ( newid= ) LIMIT 1  

[ 2018-08-16T22:58:10+08:00 ] ::1 /Home/newsinfo/40
INFO: [ app_init ] --START--
INFO: Run Behavior\BuildLiteBehavior [ RunTime:0.000091s ]
INFO: [ app_init ] --END-- [ RunTime:0.001891s ]
INFO: [ app_begin ] --START--
INFO: Run Behavior\ReadHtmlCacheBehavior [ RunTime:0.002163s ]
INFO: [ app_begin ] --END-- [ RunTime:0.002439s ]
SQL: SHOW COLUMNS FROM `new` [ RunTime:0.0505s ]
ERR: 1064:You have an error in your SQL syntax; check the manual that corresponds to your MySQL server version for the right syntax to use near ') LIMIT 1' at line 1
 [ SQL语句 ] : SELECT * FROM `new` WHERE ( newid= ) LIMIT 1  
ERR: 1064:You have an error in your SQL syntax; check the manual that corresponds to your MySQL server version for the right syntax to use near ') LIMIT 1' at line 1
 [ SQL语句 ] : SELECT * FROM `new` WHERE ( newid= ) LIMIT 1  

[ 2018-08-16T22:58:23+08:00 ] ::1 /Home/newsinfo/40.html
INFO: [ app_init ] --START--
INFO: Run Behavior\BuildLiteBehavior [ RunTime:0.000024s ]
INFO: [ app_init ] --END-- [ RunTime:0.000586s ]
INFO: [ app_begin ] --START--
INFO: Run Behavior\ReadHtmlCacheBehavior [ RunTime:0.000661s ]
INFO: [ app_begin ] --END-- [ RunTime:0.000738s ]
SQL: SHOW COLUMNS FROM `new` [ RunTime:0.0560s ]
ERR: 1064:You have an error in your SQL syntax; check the manual that corresponds to your MySQL server version for the right syntax to use near ') LIMIT 1' at line 1
 [ SQL语句 ] : SELECT * FROM `new` WHERE ( newid= ) LIMIT 1  
ERR: 1064:You have an error in your SQL syntax; check the manual that corresponds to your MySQL server version for the right syntax to use near ') LIMIT 1' at line 1
 [ SQL语句 ] : SELECT * FROM `new` WHERE ( newid= ) LIMIT 1  

[ 2018-08-16T22:58:58+08:00 ] ::1 /Home/newsinfo/id/40.html
INFO: [ app_init ] --START--
INFO: Run Behavior\BuildLiteBehavior [ RunTime:0.000027s ]
INFO: [ app_init ] --END-- [ RunTime:0.000648s ]
INFO: [ app_begin ] --START--
INFO: Run Behavior\ReadHtmlCacheBehavior [ RunTime:0.001120s ]
INFO: [ app_begin ] --END-- [ RunTime:0.001277s ]
SQL: SHOW COLUMNS FROM `new` [ RunTime:0.0647s ]
SQL: SELECT * FROM `new` WHERE ( newid=40 ) LIMIT 1   [ RunTime:0.0643s ]
SQL: SELECT * FROM `new` WHERE `newclass` = 1 ORDER BY pubtime DESC LIMIT 1   [ RunTime:0.0679s ]
SQL: SHOW COLUMNS FROM `service` [ RunTime:0.0721s ]
SQL: SELECT * FROM `service` WHERE `serclass` = 0 ORDER BY pubtime DESC LIMIT 1   [ RunTime:0.0617s ]
SQL: SELECT * FROM `service` WHERE `serclass` = 1 ORDER BY pubtime DESC LIMIT 1   [ RunTime:0.0591s ]
SQL: SELECT * FROM `new` WHERE ( newid<40 ) ORDER BY newid desc LIMIT 1   [ RunTime:0.0544s ]
SQL: SELECT * FROM `new` WHERE ( newid>40 ) ORDER BY newid asc LIMIT 1   [ RunTime:0.0572s ]
INFO: [ view_parse ] --START--
INFO: [ template_filter ] --START--
INFO: Run Behavior\ContentReplaceBehavior [ RunTime:0.000321s ]
INFO: [ template_filter ] --END-- [ RunTime:0.000678s ]
INFO: Run Behavior\ParseTemplateBehavior [ RunTime:0.036017s ]
INFO: [ view_parse ] --END-- [ RunTime:0.036251s ]
INFO: [ view_filter ] --START--
INFO: Run Behavior\WriteHtmlCacheBehavior [ RunTime:0.000943s ]
INFO: [ view_filter ] --END-- [ RunTime:0.001040s ]
INFO: [ app_end ] --START--
INFO: Run Behavior\ShowPageTraceBehavior [ RunTime:0.001236s ]
INFO: [ app_end ] --END-- [ RunTime:0.001351s ]

[ 2018-08-16T22:58:58+08:00 ] ::1 /Home/newsinfo/js/year.js
INFO: [ app_init ] --START--
INFO: Run Behavior\BuildLiteBehavior [ RunTime:0.000031s ]
INFO: [ app_init ] --END-- [ RunTime:0.000856s ]
INFO: [ app_begin ] --START--
INFO: Run Behavior\ReadHtmlCacheBehavior [ RunTime:0.000868s ]
INFO: [ app_begin ] --END-- [ RunTime:0.000959s ]
SQL: SHOW COLUMNS FROM `new` [ RunTime:0.0500s ]
ERR: 1064:You have an error in your SQL syntax; check the manual that corresponds to your MySQL server version for the right syntax to use near ') LIMIT 1' at line 1
 [ SQL语句 ] : SELECT * FROM `new` WHERE ( newid= ) LIMIT 1  
ERR: 1064:You have an error in your SQL syntax; check the manual that corresponds to your MySQL server version for the right syntax to use near ') LIMIT 1' at line 1
 [ SQL语句 ] : SELECT * FROM `new` WHERE ( newid= ) LIMIT 1  

[ 2018-08-16T22:59:13+08:00 ] ::1 /Home/newsinfo/40.html
INFO: [ app_init ] --START--
INFO: Run Behavior\BuildLiteBehavior [ RunTime:0.000027s ]
INFO: [ app_init ] --END-- [ RunTime:0.000782s ]
INFO: [ app_begin ] --START--
INFO: Run Behavior\ReadHtmlCacheBehavior [ RunTime:0.000823s ]
INFO: [ app_begin ] --END-- [ RunTime:0.000909s ]
SQL: SHOW COLUMNS FROM `new` [ RunTime:0.0567s ]
ERR: 1064:You have an error in your SQL syntax; check the manual that corresponds to your MySQL server version for the right syntax to use near ') LIMIT 1' at line 1
 [ SQL语句 ] : SELECT * FROM `new` WHERE ( newid= ) LIMIT 1  
ERR: 1064:You have an error in your SQL syntax; check the manual that corresponds to your MySQL server version for the right syntax to use near ') LIMIT 1' at line 1
 [ SQL语句 ] : SELECT * FROM `new` WHERE ( newid= ) LIMIT 1  

[ 2018-08-16T22:59:16+08:00 ] ::1 /Home/newsinfo/40
INFO: [ app_init ] --START--
INFO: Run Behavior\BuildLiteBehavior [ RunTime:0.000024s ]
INFO: [ app_init ] --END-- [ RunTime:0.000592s ]
INFO: [ app_begin ] --START--
INFO: Run Behavior\ReadHtmlCacheBehavior [ RunTime:0.000702s ]
INFO: [ app_begin ] --END-- [ RunTime:0.000777s ]
SQL: SHOW COLUMNS FROM `new` [ RunTime:0.0496s ]
ERR: 1064:You have an error in your SQL syntax; check the manual that corresponds to your MySQL server version for the right syntax to use near ') LIMIT 1' at line 1
 [ SQL语句 ] : SELECT * FROM `new` WHERE ( newid= ) LIMIT 1  
ERR: 1064:You have an error in your SQL syntax; check the manual that corresponds to your MySQL server version for the right syntax to use near ') LIMIT 1' at line 1
 [ SQL语句 ] : SELECT * FROM `new` WHERE ( newid= ) LIMIT 1  

[ 2018-08-16T22:59:22+08:00 ] ::1 /Home/newsinfo
INFO: [ app_init ] --START--
INFO: Run Behavior\BuildLiteBehavior [ RunTime:0.000023s ]
INFO: [ app_init ] --END-- [ RunTime:0.000745s ]
INFO: [ app_begin ] --START--
INFO: Run Behavior\ReadHtmlCacheBehavior [ RunTime:0.002223s ]
INFO: [ app_begin ] --END-- [ RunTime:0.002347s ]
SQL: SHOW COLUMNS FROM `new` [ RunTime:0.0506s ]
ERR: 1064:You have an error in your SQL syntax; check the manual that corresponds to your MySQL server version for the right syntax to use near ') LIMIT 1' at line 1
 [ SQL语句 ] : SELECT * FROM `new` WHERE ( newid= ) LIMIT 1  
ERR: 1064:You have an error in your SQL syntax; check the manual that corresponds to your MySQL server version for the right syntax to use near ') LIMIT 1' at line 1
 [ SQL语句 ] : SELECT * FROM `new` WHERE ( newid= ) LIMIT 1  

[ 2018-08-16T22:59:24+08:00 ] ::1 /Home/newsinfo
INFO: [ app_init ] --START--
INFO: Run Behavior\BuildLiteBehavior [ RunTime:0.000023s ]
INFO: [ app_init ] --END-- [ RunTime:0.000591s ]
INFO: [ app_begin ] --START--
INFO: Run Behavior\ReadHtmlCacheBehavior [ RunTime:0.000633s ]
INFO: [ app_begin ] --END-- [ RunTime:0.000710s ]
SQL: SHOW COLUMNS FROM `new` [ RunTime:0.0499s ]
ERR: 1064:You have an error in your SQL syntax; check the manual that corresponds to your MySQL server version for the right syntax to use near ') LIMIT 1' at line 1
 [ SQL语句 ] : SELECT * FROM `new` WHERE ( newid= ) LIMIT 1  
ERR: 1064:You have an error in your SQL syntax; check the manual that corresponds to your MySQL server version for the right syntax to use near ') LIMIT 1' at line 1
 [ SQL语句 ] : SELECT * FROM `new` WHERE ( newid= ) LIMIT 1  

[ 2018-08-16T22:59:25+08:00 ] ::1 /Home/newsinfo
INFO: [ app_init ] --START--
INFO: Run Behavior\BuildLiteBehavior [ RunTime:0.000023s ]
INFO: [ app_init ] --END-- [ RunTime:0.000585s ]
INFO: [ app_begin ] --START--
INFO: Run Behavior\ReadHtmlCacheBehavior [ RunTime:0.000614s ]
INFO: [ app_begin ] --END-- [ RunTime:0.000689s ]
SQL: SHOW COLUMNS FROM `new` [ RunTime:0.0523s ]
ERR: 1064:You have an error in your SQL syntax; check the manual that corresponds to your MySQL server version for the right syntax to use near ') LIMIT 1' at line 1
 [ SQL语句 ] : SELECT * FROM `new` WHERE ( newid= ) LIMIT 1  
ERR: 1064:You have an error in your SQL syntax; check the manual that corresponds to your MySQL server version for the right syntax to use near ') LIMIT 1' at line 1
 [ SQL语句 ] : SELECT * FROM `new` WHERE ( newid= ) LIMIT 1  

[ 2018-08-16T22:59:27+08:00 ] ::1 /Home/newsinfo
INFO: [ app_init ] --START--
INFO: Run Behavior\BuildLiteBehavior [ RunTime:0.000023s ]
INFO: [ app_init ] --END-- [ RunTime:0.000587s ]
INFO: [ app_begin ] --START--
INFO: Run Behavior\ReadHtmlCacheBehavior [ RunTime:0.000663s ]
INFO: [ app_begin ] --END-- [ RunTime:0.000740s ]
SQL: SHOW COLUMNS FROM `new` [ RunTime:0.0474s ]
ERR: 1064:You have an error in your SQL syntax; check the manual that corresponds to your MySQL server version for the right syntax to use near ') LIMIT 1' at line 1
 [ SQL语句 ] : SELECT * FROM `new` WHERE ( newid= ) LIMIT 1  
ERR: 1064:You have an error in your SQL syntax; check the manual that corresponds to your MySQL server version for the right syntax to use near ') LIMIT 1' at line 1
 [ SQL语句 ] : SELECT * FROM `new` WHERE ( newid= ) LIMIT 1  

[ 2018-08-16T22:59:37+08:00 ] ::1 /Home/newslist
INFO: [ app_init ] --START--
INFO: Run Behavior\BuildLiteBehavior [ RunTime:0.000025s ]
INFO: [ app_init ] --END-- [ RunTime:0.000879s ]
INFO: [ app_begin ] --START--
INFO: Run Behavior\ReadHtmlCacheBehavior [ RunTime:0.000649s ]
INFO: [ app_begin ] --END-- [ RunTime:0.000727s ]
SQL: SHOW COLUMNS FROM `new` [ RunTime:0.0512s ]
SQL: SELECT COUNT(*) AS tp_count FROM `new` LIMIT 1   [ RunTime:0.0552s ]
NOTIC: [8] Undefined variable: connew D:\Program Files\phpStudy\thinkphp_3.2.3\App\Home\Controller\IndexController.class.php 第 105 行.
SQL: SELECT * FROM `new` ORDER BY pubtime DESC LIMIT 0,10   [ RunTime:0.2197s ]
INFO: [ view_parse ] --START--
INFO: [ template_filter ] --START--
INFO: Run Behavior\ContentReplaceBehavior [ RunTime:0.000166s ]
INFO: [ template_filter ] --END-- [ RunTime:0.000425s ]
INFO: Run Behavior\ParseTemplateBehavior [ RunTime:0.031526s ]
INFO: [ view_parse ] --END-- [ RunTime:0.031743s ]
INFO: [ view_filter ] --START--
INFO: Run Behavior\WriteHtmlCacheBehavior [ RunTime:0.001011s ]
INFO: [ view_filter ] --END-- [ RunTime:0.001122s ]
INFO: [ app_end ] --START--
INFO: Run Behavior\ShowPageTraceBehavior [ RunTime:0.001251s ]
INFO: [ app_end ] --END-- [ RunTime:0.001363s ]

[ 2018-08-16T22:59:39+08:00 ] ::1 /Home/newsinfo/id/56.html
INFO: [ app_init ] --START--
INFO: Run Behavior\BuildLiteBehavior [ RunTime:0.000028s ]
INFO: [ app_init ] --END-- [ RunTime:0.001600s ]
INFO: [ app_begin ] --START--
INFO: Run Behavior\ReadHtmlCacheBehavior [ RunTime:0.000871s ]
INFO: [ app_begin ] --END-- [ RunTime:0.001007s ]
SQL: SHOW COLUMNS FROM `new` [ RunTime:0.0508s ]
SQL: SELECT * FROM `new` WHERE ( newid=56 ) LIMIT 1   [ RunTime:0.0514s ]
SQL: SELECT * FROM `new` WHERE `newclass` = 1 ORDER BY pubtime DESC LIMIT 1   [ RunTime:0.0629s ]
SQL: SHOW COLUMNS FROM `service` [ RunTime:0.0520s ]
SQL: SELECT * FROM `service` WHERE `serclass` = 0 ORDER BY pubtime DESC LIMIT 1   [ RunTime:0.0569s ]
SQL: SELECT * FROM `service` WHERE `serclass` = 1 ORDER BY pubtime DESC LIMIT 1   [ RunTime:0.0545s ]
SQL: SELECT * FROM `new` WHERE ( newid<56 ) ORDER BY newid desc LIMIT 1   [ RunTime:0.0520s ]
SQL: SELECT * FROM `new` WHERE ( newid>56 ) ORDER BY newid asc LIMIT 1   [ RunTime:0.0486s ]
INFO: [ view_parse ] --START--
INFO: [ template_filter ] --START--
INFO: Run Behavior\ContentReplaceBehavior [ RunTime:0.000269s ]
INFO: [ template_filter ] --END-- [ RunTime:0.000528s ]
INFO: Run Behavior\ParseTemplateBehavior [ RunTime:0.048385s ]
INFO: [ view_parse ] --END-- [ RunTime:0.048658s ]
INFO: [ view_filter ] --START--
INFO: Run Behavior\WriteHtmlCacheBehavior [ RunTime:0.001358s ]
INFO: [ view_filter ] --END-- [ RunTime:0.001506s ]
INFO: [ app_end ] --START--
INFO: Run Behavior\ShowPageTraceBehavior [ RunTime:0.001682s ]
INFO: [ app_end ] --END-- [ RunTime:0.001848s ]

[ 2018-08-16T22:59:40+08:00 ] ::1 /Home/newsinfo/js/year.js
INFO: [ app_init ] --START--
INFO: Run Behavior\BuildLiteBehavior [ RunTime:0.000077s ]
INFO: [ app_init ] --END-- [ RunTime:0.002229s ]
INFO: [ app_begin ] --START--
INFO: Run Behavior\ReadHtmlCacheBehavior [ RunTime:0.001107s ]
INFO: [ app_begin ] --END-- [ RunTime:0.001214s ]
SQL: SHOW COLUMNS FROM `new` [ RunTime:0.0491s ]
ERR: 1064:You have an error in your SQL syntax; check the manual that corresponds to your MySQL server version for the right syntax to use near ') LIMIT 1' at line 1
 [ SQL语句 ] : SELECT * FROM `new` WHERE ( newid= ) LIMIT 1  
ERR: 1064:You have an error in your SQL syntax; check the manual that corresponds to your MySQL server version for the right syntax to use near ') LIMIT 1' at line 1
 [ SQL语句 ] : SELECT * FROM `new` WHERE ( newid= ) LIMIT 1  

[ 2018-08-16T22:59:44+08:00 ] ::1 /Home/Index/newsInfo/id/55
INFO: [ app_init ] --START--
INFO: Run Behavior\BuildLiteBehavior [ RunTime:0.000031s ]
INFO: [ app_init ] --END-- [ RunTime:0.000761s ]
INFO: [ app_begin ] --START--
INFO: Run Behavior\ReadHtmlCacheBehavior [ RunTime:0.000906s ]
INFO: [ app_begin ] --END-- [ RunTime:0.000992s ]
SQL: SHOW COLUMNS FROM `new` [ RunTime:0.0511s ]
SQL: SELECT * FROM `new` WHERE ( newid=55 ) LIMIT 1   [ RunTime:0.0545s ]
SQL: SELECT * FROM `new` WHERE `newclass` = 1 ORDER BY pubtime DESC LIMIT 1   [ RunTime:0.0513s ]
SQL: SHOW COLUMNS FROM `service` [ RunTime:0.0524s ]
SQL: SELECT * FROM `service` WHERE `serclass` = 0 ORDER BY pubtime DESC LIMIT 1   [ RunTime:0.0560s ]
SQL: SELECT * FROM `service` WHERE `serclass` = 1 ORDER BY pubtime DESC LIMIT 1   [ RunTime:0.0523s ]
SQL: SELECT * FROM `new` WHERE ( newid<55 ) ORDER BY newid desc LIMIT 1   [ RunTime:0.0531s ]
SQL: SELECT * FROM `new` WHERE ( newid>55 ) ORDER BY newid asc LIMIT 1   [ RunTime:0.0532s ]
INFO: [ view_parse ] --START--
INFO: [ template_filter ] --START--
INFO: Run Behavior\ContentReplaceBehavior [ RunTime:0.000269s ]
INFO: [ template_filter ] --END-- [ RunTime:0.000566s ]
INFO: Run Behavior\ParseTemplateBehavior [ RunTime:0.048492s ]
INFO: [ view_parse ] --END-- [ RunTime:0.048816s ]
INFO: [ view_filter ] --START--
INFO: Run Behavior\WriteHtmlCacheBehavior [ RunTime:0.001777s ]
INFO: [ view_filter ] --END-- [ RunTime:0.001972s ]
INFO: [ app_end ] --START--
INFO: Run Behavior\ShowPageTraceBehavior [ RunTime:0.001878s ]
INFO: [ app_end ] --END-- [ RunTime:0.002076s ]

[ 2018-08-16T22:59:44+08:00 ] ::1 /Home/Index/newsInfo/js/year.js
INFO: [ app_init ] --START--
INFO: Run Behavior\BuildLiteBehavior [ RunTime:0.000032s ]
INFO: [ app_init ] --END-- [ RunTime:0.000794s ]
INFO: [ app_begin ] --START--
INFO: Run Behavior\ReadHtmlCacheBehavior [ RunTime:0.001097s ]
INFO: [ app_begin ] --END-- [ RunTime:0.001201s ]
SQL: SHOW COLUMNS FROM `new` [ RunTime:0.0504s ]
ERR: 1064:You have an error in your SQL syntax; check the manual that corresponds to your MySQL server version for the right syntax to use near ') LIMIT 1' at line 1
 [ SQL语句 ] : SELECT * FROM `new` WHERE ( newid= ) LIMIT 1  
ERR: 1064:You have an error in your SQL syntax; check the manual that corresponds to your MySQL server version for the right syntax to use near ') LIMIT 1' at line 1
 [ SQL语句 ] : SELECT * FROM `new` WHERE ( newid= ) LIMIT 1  

[ 2018-08-16T22:59:56+08:00 ] ::1 /Home/Index/newsInfo/id/56
INFO: [ app_init ] --START--
INFO: Run Behavior\BuildLiteBehavior [ RunTime:0.000024s ]
INFO: [ app_init ] --END-- [ RunTime:0.000603s ]
INFO: [ app_begin ] --START--
INFO: Run Behavior\ReadHtmlCacheBehavior [ RunTime:0.000679s ]
INFO: [ app_begin ] --END-- [ RunTime:0.000760s ]
SQL: SHOW COLUMNS FROM `new` [ RunTime:0.0546s ]
SQL: SELECT * FROM `new` WHERE ( newid=56 ) LIMIT 1   [ RunTime:0.0542s ]
SQL: SELECT * FROM `new` WHERE `newclass` = 1 ORDER BY pubtime DESC LIMIT 1   [ RunTime:0.0611s ]
SQL: SHOW COLUMNS FROM `service` [ RunTime:0.0528s ]
SQL: SELECT * FROM `service` WHERE `serclass` = 0 ORDER BY pubtime DESC LIMIT 1   [ RunTime:0.0524s ]
SQL: SELECT * FROM `service` WHERE `serclass` = 1 ORDER BY pubtime DESC LIMIT 1   [ RunTime:0.0544s ]
SQL: SELECT * FROM `new` WHERE ( newid<56 ) ORDER BY newid desc LIMIT 1   [ RunTime:0.0524s ]
SQL: SELECT * FROM `new` WHERE ( newid>56 ) ORDER BY newid asc LIMIT 1   [ RunTime:0.0493s ]
INFO: [ view_parse ] --START--
INFO: [ template_filter ] --START--
INFO: Run Behavior\ContentReplaceBehavior [ RunTime:0.000278s ]
INFO: [ template_filter ] --END-- [ RunTime:0.000539s ]
INFO: Run Behavior\ParseTemplateBehavior [ RunTime:0.047370s ]
INFO: [ view_parse ] --END-- [ RunTime:0.047909s ]
INFO: [ view_filter ] --START--
INFO: Run Behavior\WriteHtmlCacheBehavior [ RunTime:0.001645s ]
INFO: [ view_filter ] --END-- [ RunTime:0.001825s ]
INFO: [ app_end ] --START--
INFO: Run Behavior\ShowPageTraceBehavior [ RunTime:0.001322s ]
INFO: [ app_end ] --END-- [ RunTime:0.001446s ]

[ 2018-08-16T22:59:57+08:00 ] ::1 /Home/Index/newsInfo/js/year.js
INFO: [ app_init ] --START--
INFO: Run Behavior\BuildLiteBehavior [ RunTime:0.000029s ]
INFO: [ app_init ] --END-- [ RunTime:0.000732s ]
INFO: [ app_begin ] --START--
INFO: Run Behavior\ReadHtmlCacheBehavior [ RunTime:0.000747s ]
INFO: [ app_begin ] --END-- [ RunTime:0.000841s ]
SQL: SHOW COLUMNS FROM `new` [ RunTime:0.0508s ]
ERR: 1064:You have an error in your SQL syntax; check the manual that corresponds to your MySQL server version for the right syntax to use near ') LIMIT 1' at line 1
 [ SQL语句 ] : SELECT * FROM `new` WHERE ( newid= ) LIMIT 1  
ERR: 1064:You have an error in your SQL syntax; check the manual that corresponds to your MySQL server version for the right syntax to use near ') LIMIT 1' at line 1
 [ SQL语句 ] : SELECT * FROM `new` WHERE ( newid= ) LIMIT 1  

[ 2018-08-16T23:01:46+08:00 ] ::1 /Home/Index/newsInfo/js/year.js
INFO: [ app_init ] --START--
INFO: Run Behavior\BuildLiteBehavior [ RunTime:0.000030s ]
INFO: [ app_init ] --END-- [ RunTime:0.000981s ]
INFO: [ app_begin ] --START--
INFO: Run Behavior\ReadHtmlCacheBehavior [ RunTime:0.003867s ]
INFO: [ app_begin ] --END-- [ RunTime:0.004036s ]
SQL: SHOW COLUMNS FROM `new` [ RunTime:0.0492s ]
ERR: 1064:You have an error in your SQL syntax; check the manual that corresponds to your MySQL server version for the right syntax to use near ') LIMIT 1' at line 1
 [ SQL语句 ] : SELECT * FROM `new` WHERE ( newid= ) LIMIT 1  
ERR: 1064:You have an error in your SQL syntax; check the manual that corresponds to your MySQL server version for the right syntax to use near ') LIMIT 1' at line 1
 [ SQL语句 ] : SELECT * FROM `new` WHERE ( newid= ) LIMIT 1  

[ 2018-08-16T23:01:48+08:00 ] ::1 /Home/Index/newsInfo/id/55
INFO: [ app_init ] --START--
INFO: Run Behavior\BuildLiteBehavior [ RunTime:0.000024s ]
INFO: [ app_init ] --END-- [ RunTime:0.000658s ]
INFO: [ app_begin ] --START--
INFO: Run Behavior\ReadHtmlCacheBehavior [ RunTime:0.000669s ]
INFO: [ app_begin ] --END-- [ RunTime:0.000750s ]
SQL: SHOW COLUMNS FROM `new` [ RunTime:0.0502s ]
SQL: SELECT * FROM `new` WHERE ( newid=55 ) LIMIT 1   [ RunTime:0.0576s ]
SQL: SELECT * FROM `new` WHERE `newclass` = 1 ORDER BY pubtime DESC LIMIT 1   [ RunTime:0.0551s ]
SQL: SHOW COLUMNS FROM `service` [ RunTime:0.0527s ]
SQL: SELECT * FROM `service` WHERE `serclass` = 0 ORDER BY pubtime DESC LIMIT 1   [ RunTime:0.0512s ]
SQL: SELECT * FROM `service` WHERE `serclass` = 1 ORDER BY pubtime DESC LIMIT 1   [ RunTime:0.0534s ]
SQL: SELECT * FROM `new` WHERE ( newid<55 ) ORDER BY newid desc LIMIT 1   [ RunTime:0.0518s ]
SQL: SELECT * FROM `new` WHERE ( newid>55 ) ORDER BY newid asc LIMIT 1   [ RunTime:0.0556s ]
INFO: [ view_parse ] --START--
INFO: [ template_filter ] --START--
INFO: Run Behavior\ContentReplaceBehavior [ RunTime:0.000085s ]
INFO: [ template_filter ] --END-- [ RunTime:0.000175s ]
INFO: Run Behavior\ParseTemplateBehavior [ RunTime:0.016037s ]
INFO: [ view_parse ] --END-- [ RunTime:0.016140s ]
INFO: [ view_filter ] --START--
INFO: Run Behavior\WriteHtmlCacheBehavior [ RunTime:0.000804s ]
INFO: [ view_filter ] --END-- [ RunTime:0.000871s ]
INFO: [ app_end ] --START--
INFO: Run Behavior\ShowPageTraceBehavior [ RunTime:0.001140s ]
INFO: [ app_end ] --END-- [ RunTime:0.001269s ]

[ 2018-08-16T23:01:48+08:00 ] ::1 /Home/Index/newsInfo/js/year.js
INFO: [ app_init ] --START--
INFO: Run Behavior\BuildLiteBehavior [ RunTime:0.000027s ]
INFO: [ app_init ] --END-- [ RunTime:0.000560s ]
INFO: [ app_begin ] --START--
INFO: Run Behavior\ReadHtmlCacheBehavior [ RunTime:0.001148s ]
INFO: [ app_begin ] --END-- [ RunTime:0.001256s ]
SQL: SHOW COLUMNS FROM `new` [ RunTime:0.0514s ]
ERR: 1064:You have an error in your SQL syntax; check the manual that corresponds to your MySQL server version for the right syntax to use near ') LIMIT 1' at line 1
 [ SQL语句 ] : SELECT * FROM `new` WHERE ( newid= ) LIMIT 1  
ERR: 1064:You have an error in your SQL syntax; check the manual that corresponds to your MySQL server version for the right syntax to use near ') LIMIT 1' at line 1
 [ SQL语句 ] : SELECT * FROM `new` WHERE ( newid= ) LIMIT 1  

[ 2018-08-16T23:01:50+08:00 ] ::1 /Home/Index/newsInfo/id/56.html
INFO: [ app_init ] --START--
INFO: Run Behavior\BuildLiteBehavior [ RunTime:0.000023s ]
INFO: [ app_init ] --END-- [ RunTime:0.000600s ]
INFO: [ app_begin ] --START--
INFO: Run Behavior\ReadHtmlCacheBehavior [ RunTime:0.001004s ]
INFO: [ app_begin ] --END-- [ RunTime:0.001131s ]
SQL: SHOW COLUMNS FROM `new` [ RunTime:0.0515s ]
SQL: SELECT * FROM `new` WHERE ( newid=56 ) LIMIT 1   [ RunTime:0.0520s ]
SQL: SELECT * FROM `new` WHERE `newclass` = 1 ORDER BY pubtime DESC LIMIT 1   [ RunTime:0.0500s ]
SQL: SHOW COLUMNS FROM `service` [ RunTime:0.0488s ]
SQL: SELECT * FROM `service` WHERE `serclass` = 0 ORDER BY pubtime DESC LIMIT 1   [ RunTime:0.0569s ]
SQL: SELECT * FROM `service` WHERE `serclass` = 1 ORDER BY pubtime DESC LIMIT 1   [ RunTime:0.0497s ]
SQL: SELECT * FROM `new` WHERE ( newid<56 ) ORDER BY newid desc LIMIT 1   [ RunTime:0.0555s ]
SQL: SELECT * FROM `new` WHERE ( newid>56 ) ORDER BY newid asc LIMIT 1   [ RunTime:0.0506s ]
INFO: [ view_parse ] --START--
INFO: [ template_filter ] --START--
INFO: Run Behavior\ContentReplaceBehavior [ RunTime:0.000268s ]
INFO: [ template_filter ] --END-- [ RunTime:0.000536s ]
INFO: Run Behavior\ParseTemplateBehavior [ RunTime:0.044891s ]
INFO: [ view_parse ] --END-- [ RunTime:0.045161s ]
INFO: [ view_filter ] --START--
INFO: Run Behavior\WriteHtmlCacheBehavior [ RunTime:0.001427s ]
INFO: [ view_filter ] --END-- [ RunTime:0.001583s ]
INFO: [ app_end ] --START--
INFO: Run Behavior\ShowPageTraceBehavior [ RunTime:0.001825s ]
INFO: [ app_end ] --END-- [ RunTime:0.002022s ]

[ 2018-08-16T23:01:50+08:00 ] ::1 /Home/Index/newsInfo/js/year.js
INFO: [ app_init ] --START--
INFO: Run Behavior\BuildLiteBehavior [ RunTime:0.000028s ]
INFO: [ app_init ] --END-- [ RunTime:0.000907s ]
INFO: [ app_begin ] --START--
INFO: Run Behavior\ReadHtmlCacheBehavior [ RunTime:0.001007s ]
INFO: [ app_begin ] --END-- [ RunTime:0.001155s ]
SQL: SHOW COLUMNS FROM `new` [ RunTime:0.0492s ]
ERR: 1064:You have an error in your SQL syntax; check the manual that corresponds to your MySQL server version for the right syntax to use near ') LIMIT 1' at line 1
 [ SQL语句 ] : SELECT * FROM `new` WHERE ( newid= ) LIMIT 1  
ERR: 1064:You have an error in your SQL syntax; check the manual that corresponds to your MySQL server version for the right syntax to use near ') LIMIT 1' at line 1
 [ SQL语句 ] : SELECT * FROM `new` WHERE ( newid= ) LIMIT 1  

[ 2018-08-16T23:01:53+08:00 ] ::1 /Home/Index/newsInfo/id/55.html
INFO: [ app_init ] --START--
INFO: Run Behavior\BuildLiteBehavior [ RunTime:0.000024s ]
INFO: [ app_init ] --END-- [ RunTime:0.000813s ]
INFO: [ app_begin ] --START--
INFO: Run Behavior\ReadHtmlCacheBehavior [ RunTime:0.000702s ]
INFO: [ app_begin ] --END-- [ RunTime:0.000784s ]
SQL: SHOW COLUMNS FROM `new` [ RunTime:0.0603s ]
SQL: SELECT * FROM `new` WHERE ( newid=55 ) LIMIT 1   [ RunTime:0.0504s ]
SQL: SELECT * FROM `new` WHERE `newclass` = 1 ORDER BY pubtime DESC LIMIT 1   [ RunTime:0.0499s ]
SQL: SHOW COLUMNS FROM `service` [ RunTime:0.0527s ]
SQL: SELECT * FROM `service` WHERE `serclass` = 0 ORDER BY pubtime DESC LIMIT 1   [ RunTime:0.0530s ]
SQL: SELECT * FROM `service` WHERE `serclass` = 1 ORDER BY pubtime DESC LIMIT 1   [ RunTime:0.0520s ]
SQL: SELECT * FROM `new` WHERE ( newid<55 ) ORDER BY newid desc LIMIT 1   [ RunTime:0.0599s ]
SQL: SELECT * FROM `new` WHERE ( newid>55 ) ORDER BY newid asc LIMIT 1   [ RunTime:0.0502s ]
INFO: [ view_parse ] --START--
INFO: [ template_filter ] --START--
INFO: Run Behavior\ContentReplaceBehavior [ RunTime:0.000204s ]
INFO: [ template_filter ] --END-- [ RunTime:0.000434s ]
INFO: Run Behavior\ParseTemplateBehavior [ RunTime:0.036183s ]
INFO: [ view_parse ] --END-- [ RunTime:0.036457s ]
INFO: [ view_filter ] --START--
INFO: Run Behavior\WriteHtmlCacheBehavior [ RunTime:0.001566s ]
INFO: [ view_filter ] --END-- [ RunTime:0.001747s ]
INFO: [ app_end ] --START--
INFO: Run Behavior\ShowPageTraceBehavior [ RunTime:0.003024s ]
INFO: [ app_end ] --END-- [ RunTime:0.003342s ]

[ 2018-08-16T23:01:53+08:00 ] ::1 /Home/Index/newsInfo/js/year.js
INFO: [ app_init ] --START--
INFO: Run Behavior\BuildLiteBehavior [ RunTime:0.000055s ]
INFO: [ app_init ] --END-- [ RunTime:0.001162s ]
INFO: [ app_begin ] --START--
INFO: Run Behavior\ReadHtmlCacheBehavior [ RunTime:0.001070s ]
INFO: [ app_begin ] --END-- [ RunTime:0.001173s ]
SQL: SHOW COLUMNS FROM `new` [ RunTime:0.0532s ]
ERR: 1064:You have an error in your SQL syntax; check the manual that corresponds to your MySQL server version for the right syntax to use near ') LIMIT 1' at line 1
 [ SQL语句 ] : SELECT * FROM `new` WHERE ( newid= ) LIMIT 1  
ERR: 1064:You have an error in your SQL syntax; check the manual that corresponds to your MySQL server version for the right syntax to use near ') LIMIT 1' at line 1
 [ SQL语句 ] : SELECT * FROM `new` WHERE ( newid= ) LIMIT 1  

[ 2018-08-16T23:02:04+08:00 ] ::1 /Home/Index/newsInfo/id/56.html
INFO: [ app_init ] --START--
INFO: Run Behavior\BuildLiteBehavior [ RunTime:0.000031s ]
INFO: [ app_init ] --END-- [ RunTime:0.000748s ]
INFO: [ app_begin ] --START--
INFO: Run Behavior\ReadHtmlCacheBehavior [ RunTime:0.001223s ]
INFO: [ app_begin ] --END-- [ RunTime:0.001371s ]
SQL: SHOW COLUMNS FROM `new` [ RunTime:0.0493s ]
SQL: SELECT * FROM `new` WHERE ( newid=56 ) LIMIT 1   [ RunTime:0.0490s ]
SQL: SELECT * FROM `new` WHERE `newclass` = 1 ORDER BY pubtime DESC LIMIT 1   [ RunTime:0.0502s ]
SQL: SHOW COLUMNS FROM `service` [ RunTime:0.0494s ]
SQL: SELECT * FROM `service` WHERE `serclass` = 0 ORDER BY pubtime DESC LIMIT 1   [ RunTime:0.0513s ]
SQL: SELECT * FROM `service` WHERE `serclass` = 1 ORDER BY pubtime DESC LIMIT 1   [ RunTime:0.0502s ]
SQL: SELECT * FROM `new` WHERE ( newid<56 ) ORDER BY newid desc LIMIT 1   [ RunTime:0.0503s ]
SQL: SELECT * FROM `new` WHERE ( newid>56 ) ORDER BY newid asc LIMIT 1   [ RunTime:0.0474s ]
INFO: [ view_parse ] --START--
INFO: [ template_filter ] --START--
INFO: Run Behavior\ContentReplaceBehavior [ RunTime:0.000276s ]
INFO: [ template_filter ] --END-- [ RunTime:0.000543s ]
INFO: Run Behavior\ParseTemplateBehavior [ RunTime:0.048128s ]
INFO: [ view_parse ] --END-- [ RunTime:0.048498s ]
INFO: [ view_filter ] --START--
INFO: Run Behavior\WriteHtmlCacheBehavior [ RunTime:0.002082s ]
INFO: [ view_filter ] --END-- [ RunTime:0.002323s ]
INFO: [ app_end ] --START--
INFO: Run Behavior\ShowPageTraceBehavior [ RunTime:0.002949s ]
INFO: [ app_end ] --END-- [ RunTime:0.003247s ]

[ 2018-08-16T23:02:04+08:00 ] ::1 /Home/Index/newsInfo/js/year.js
INFO: [ app_init ] --START--
INFO: Run Behavior\BuildLiteBehavior [ RunTime:0.000027s ]
INFO: [ app_init ] --END-- [ RunTime:0.001036s ]
INFO: [ app_begin ] --START--
INFO: Run Behavior\ReadHtmlCacheBehavior [ RunTime:0.000819s ]
INFO: [ app_begin ] --END-- [ RunTime:0.000937s ]
SQL: SHOW COLUMNS FROM `new` [ RunTime:0.0483s ]
ERR: 1064:You have an error in your SQL syntax; check the manual that corresponds to your MySQL server version for the right syntax to use near ') LIMIT 1' at line 1
 [ SQL语句 ] : SELECT * FROM `new` WHERE ( newid= ) LIMIT 1  
ERR: 1064:You have an error in your SQL syntax; check the manual that corresponds to your MySQL server version for the right syntax to use near ') LIMIT 1' at line 1
 [ SQL语句 ] : SELECT * FROM `new` WHERE ( newid= ) LIMIT 1  

