[ 2019-05-10T21:09:21+08:00 ] 118.81.10.203 /Dreams.txt
INFO: [ app_init ] --START--
INFO: Run Behavior\BuildLiteBehavior [ RunTime:0.000048s ]
INFO: [ app_init ] --END-- [ RunTime:0.000137s ]
NOTIC: [2] preg_match(): Unknown modifier 'p' /data/home/bxu2343130042/htdocs/ThinkPHP/Library/Think/Route.class.php 第 58 行.
NOTIC: [2] preg_match(): Unknown modifier 'p' /data/home/bxu2343130042/htdocs/ThinkPHP/Library/Think/Route.class.php 第 58 行.
NOTIC: [2] preg_match(): Unknown modifier 'p' /data/home/bxu2343130042/htdocs/ThinkPHP/Library/Think/Route.class.php 第 58 行.
NOTIC: [2] preg_match(): Unknown modifier 'p' /data/home/bxu2343130042/htdocs/ThinkPHP/Library/Think/Route.class.php 第 58 行.
NOTIC: [2] preg_match(): Unknown modifier 'p' /data/home/bxu2343130042/htdocs/ThinkPHP/Library/Think/Route.class.php 第 58 行.
NOTIC: [2] preg_match(): Unknown modifier 'p' /data/home/bxu2343130042/htdocs/ThinkPHP/Library/Think/Route.class.php 第 58 行.
NOTIC: [2] preg_match(): Unknown modifier 'p' /data/home/bxu2343130042/htdocs/ThinkPHP/Library/Think/Route.class.php 第 58 行.
NOTIC: [2] preg_match(): Unknown modifier 'p' /data/home/bxu2343130042/htdocs/ThinkPHP/Library/Think/Route.class.php 第 58 行.
NOTIC: [2] preg_match(): Unknown modifier 'p' /data/home/bxu2343130042/htdocs/ThinkPHP/Library/Think/Route.class.php 第 58 行.
NOTIC: [2] preg_match(): Unknown modifier 'p' /data/home/bxu2343130042/htdocs/ThinkPHP/Library/Think/Route.class.php 第 58 行.
INFO: [ app_begin ] --START--
INFO: Run Behavior\ReadHtmlCacheBehavior [ RunTime:0.000465s ]
INFO: [ app_begin ] --END-- [ RunTime:0.000508s ]
NOTIC: [2048] Declaration of Home\Controller\IndexController::show() should be compatible with Think\Controller::show($content, $charset = '', $contentType = '', $prefix = '') /data/home/bxu2343130042/htdocs/App/Home/Controller/IndexController.class.php 第 1846 行.

[ 2019-05-10T21:09:21+08:00 ] 118.81.10.203 /2011.php
INFO: [ app_init ] --START--
INFO: Run Behavior\BuildLiteBehavior [ RunTime:0.000014s ]
INFO: [ app_init ] --END-- [ RunTime:0.000090s ]
NOTIC: [2] preg_match(): Unknown modifier 'p' /data/home/bxu2343130042/htdocs/ThinkPHP/Library/Think/Route.class.php 第 58 行.
NOTIC: [2] preg_match(): Unknown modifier 'p' /data/home/bxu2343130042/htdocs/ThinkPHP/Library/Think/Route.class.php 第 58 行.
NOTIC: [2] preg_match(): Unknown modifier 'p' /data/home/bxu2343130042/htdocs/ThinkPHP/Library/Think/Route.class.php 第 58 行.
NOTIC: [2] preg_match(): Unknown modifier 'p' /data/home/bxu2343130042/htdocs/ThinkPHP/Library/Think/Route.class.php 第 58 行.
NOTIC: [2] preg_match(): Unknown modifier 'p' /data/home/bxu2343130042/htdocs/ThinkPHP/Library/Think/Route.class.php 第 58 行.
NOTIC: [2] preg_match(): Unknown modifier 'p' /data/home/bxu2343130042/htdocs/ThinkPHP/Library/Think/Route.class.php 第 58 行.
NOTIC: [2] preg_match(): Unknown modifier 'p' /data/home/bxu2343130042/htdocs/ThinkPHP/Library/Think/Route.class.php 第 58 行.
NOTIC: [2] preg_match(): Unknown modifier 'p' /data/home/bxu2343130042/htdocs/ThinkPHP/Library/Think/Route.class.php 第 58 行.
NOTIC: [2] preg_match(): Unknown modifier 'p' /data/home/bxu2343130042/htdocs/ThinkPHP/Library/Think/Route.class.php 第 58 行.
NOTIC: [2] preg_match(): Unknown modifier 'p' /data/home/bxu2343130042/htdocs/ThinkPHP/Library/Think/Route.class.php 第 58 行.
INFO: [ app_begin ] --START--
INFO: Run Behavior\ReadHtmlCacheBehavior [ RunTime:0.000470s ]
INFO: [ app_begin ] --END-- [ RunTime:0.000515s ]
NOTIC: [2048] Declaration of Home\Controller\IndexController::show() should be compatible with Think\Controller::show($content, $charset = '', $contentType = '', $prefix = '') /data/home/bxu2343130042/htdocs/App/Home/Controller/IndexController.class.php 第 1846 行.

[ 2019-05-10T21:09:21+08:00 ] 118.81.10.203 /newfile.asp
INFO: [ app_init ] --START--
INFO: Run Behavior\BuildLiteBehavior [ RunTime:0.000014s ]
INFO: [ app_init ] --END-- [ RunTime:0.000088s ]
NOTIC: [2] preg_match(): Unknown modifier 'p' /data/home/bxu2343130042/htdocs/ThinkPHP/Library/Think/Route.class.php 第 58 行.
NOTIC: [2] preg_match(): Unknown modifier 'p' /data/home/bxu2343130042/htdocs/ThinkPHP/Library/Think/Route.class.php 第 58 行.
NOTIC: [2] preg_match(): Unknown modifier 'p' /data/home/bxu2343130042/htdocs/ThinkPHP/Library/Think/Route.class.php 第 58 行.
NOTIC: [2] preg_match(): Unknown modifier 'p' /data/home/bxu2343130042/htdocs/ThinkPHP/Library/Think/Route.class.php 第 58 行.
NOTIC: [2] preg_match(): Unknown modifier 'p' /data/home/bxu2343130042/htdocs/ThinkPHP/Library/Think/Route.class.php 第 58 行.
NOTIC: [2] preg_match(): Unknown modifier 'p' /data/home/bxu2343130042/htdocs/ThinkPHP/Library/Think/Route.class.php 第 58 行.
NOTIC: [2] preg_match(): Unknown modifier 'p' /data/home/bxu2343130042/htdocs/ThinkPHP/Library/Think/Route.class.php 第 58 行.
NOTIC: [2] preg_match(): Unknown modifier 'p' /data/home/bxu2343130042/htdocs/ThinkPHP/Library/Think/Route.class.php 第 58 行.
NOTIC: [2] preg_match(): Unknown modifier 'p' /data/home/bxu2343130042/htdocs/ThinkPHP/Library/Think/Route.class.php 第 58 行.
NOTIC: [2] preg_match(): Unknown modifier 'p' /data/home/bxu2343130042/htdocs/ThinkPHP/Library/Think/Route.class.php 第 58 行.
INFO: [ app_begin ] --START--
INFO: Run Behavior\ReadHtmlCacheBehavior [ RunTime:0.000507s ]
INFO: [ app_begin ] --END-- [ RunTime:0.000551s ]
NOTIC: [2048] Declaration of Home\Controller\IndexController::show() should be compatible with Think\Controller::show($content, $charset = '', $contentType = '', $prefix = '') /data/home/bxu2343130042/htdocs/App/Home/Controller/IndexController.class.php 第 1846 行.

[ 2019-05-10T21:09:21+08:00 ] 118.81.10.203 /jia.asp
INFO: [ app_init ] --START--
INFO: Run Behavior\BuildLiteBehavior [ RunTime:0.000014s ]
INFO: [ app_init ] --END-- [ RunTime:0.000086s ]
NOTIC: [2] preg_match(): Unknown modifier 'p' /data/home/bxu2343130042/htdocs/ThinkPHP/Library/Think/Route.class.php 第 58 行.
NOTIC: [2] preg_match(): Unknown modifier 'p' /data/home/bxu2343130042/htdocs/ThinkPHP/Library/Think/Route.class.php 第 58 行.
NOTIC: [2] preg_match(): Unknown modifier 'p' /data/home/bxu2343130042/htdocs/ThinkPHP/Library/Think/Route.class.php 第 58 行.
NOTIC: [2] preg_match(): Unknown modifier 'p' /data/home/bxu2343130042/htdocs/ThinkPHP/Library/Think/Route.class.php 第 58 行.
NOTIC: [2] preg_match(): Unknown modifier 'p' /data/home/bxu2343130042/htdocs/ThinkPHP/Library/Think/Route.class.php 第 58 行.
NOTIC: [2] preg_match(): Unknown modifier 'p' /data/home/bxu2343130042/htdocs/ThinkPHP/Library/Think/Route.class.php 第 58 行.
NOTIC: [2] preg_match(): Unknown modifier 'p' /data/home/bxu2343130042/htdocs/ThinkPHP/Library/Think/Route.class.php 第 58 行.
NOTIC: [2] preg_match(): Unknown modifier 'p' /data/home/bxu2343130042/htdocs/ThinkPHP/Library/Think/Route.class.php 第 58 行.
NOTIC: [2] preg_match(): Unknown modifier 'p' /data/home/bxu2343130042/htdocs/ThinkPHP/Library/Think/Route.class.php 第 58 行.
NOTIC: [2] preg_match(): Unknown modifier 'p' /data/home/bxu2343130042/htdocs/ThinkPHP/Library/Think/Route.class.php 第 58 行.
INFO: [ app_begin ] --START--
INFO: Run Behavior\ReadHtmlCacheBehavior [ RunTime:0.000445s ]
INFO: [ app_begin ] --END-- [ RunTime:0.000490s ]
NOTIC: [2048] Declaration of Home\Controller\IndexController::show() should be compatible with Think\Controller::show($content, $charset = '', $contentType = '', $prefix = '') /data/home/bxu2343130042/htdocs/App/Home/Controller/IndexController.class.php 第 1846 行.

[ 2019-05-10T21:09:21+08:00 ] 118.81.10.203 /110.htm
INFO: [ app_init ] --START--
INFO: Run Behavior\BuildLiteBehavior [ RunTime:0.000016s ]
INFO: [ app_init ] --END-- [ RunTime:0.000092s ]
NOTIC: [2] preg_match(): Unknown modifier 'p' /data/home/bxu2343130042/htdocs/ThinkPHP/Library/Think/Route.class.php 第 58 行.
NOTIC: [2] preg_match(): Unknown modifier 'p' /data/home/bxu2343130042/htdocs/ThinkPHP/Library/Think/Route.class.php 第 58 行.
NOTIC: [2] preg_match(): Unknown modifier 'p' /data/home/bxu2343130042/htdocs/ThinkPHP/Library/Think/Route.class.php 第 58 行.
NOTIC: [2] preg_match(): Unknown modifier 'p' /data/home/bxu2343130042/htdocs/ThinkPHP/Library/Think/Route.class.php 第 58 行.
NOTIC: [2] preg_match(): Unknown modifier 'p' /data/home/bxu2343130042/htdocs/ThinkPHP/Library/Think/Route.class.php 第 58 行.
NOTIC: [2] preg_match(): Unknown modifier 'p' /data/home/bxu2343130042/htdocs/ThinkPHP/Library/Think/Route.class.php 第 58 行.
NOTIC: [2] preg_match(): Unknown modifier 'p' /data/home/bxu2343130042/htdocs/ThinkPHP/Library/Think/Route.class.php 第 58 行.
NOTIC: [2] preg_match(): Unknown modifier 'p' /data/home/bxu2343130042/htdocs/ThinkPHP/Library/Think/Route.class.php 第 58 行.
NOTIC: [2] preg_match(): Unknown modifier 'p' /data/home/bxu2343130042/htdocs/ThinkPHP/Library/Think/Route.class.php 第 58 行.
NOTIC: [2] preg_match(): Unknown modifier 'p' /data/home/bxu2343130042/htdocs/ThinkPHP/Library/Think/Route.class.php 第 58 行.
INFO: [ app_begin ] --START--
INFO: Run Behavior\ReadHtmlCacheBehavior [ RunTime:0.000492s ]
INFO: [ app_begin ] --END-- [ RunTime:0.000536s ]
NOTIC: [2048] Declaration of Home\Controller\IndexController::show() should be compatible with Think\Controller::show($content, $charset = '', $contentType = '', $prefix = '') /data/home/bxu2343130042/htdocs/App/Home/Controller/IndexController.class.php 第 1846 行.

[ 2019-05-10T21:09:21+08:00 ] 118.81.10.203 /cn.txt
INFO: [ app_init ] --START--
INFO: Run Behavior\BuildLiteBehavior [ RunTime:0.000013s ]
INFO: [ app_init ] --END-- [ RunTime:0.000083s ]
NOTIC: [2] preg_match(): Unknown modifier 'p' /data/home/bxu2343130042/htdocs/ThinkPHP/Library/Think/Route.class.php 第 58 行.
NOTIC: [2] preg_match(): Unknown modifier 'p' /data/home/bxu2343130042/htdocs/ThinkPHP/Library/Think/Route.class.php 第 58 行.
NOTIC: [2] preg_match(): Unknown modifier 'p' /data/home/bxu2343130042/htdocs/ThinkPHP/Library/Think/Route.class.php 第 58 行.
NOTIC: [2] preg_match(): Unknown modifier 'p' /data/home/bxu2343130042/htdocs/ThinkPHP/Library/Think/Route.class.php 第 58 行.
NOTIC: [2] preg_match(): Unknown modifier 'p' /data/home/bxu2343130042/htdocs/ThinkPHP/Library/Think/Route.class.php 第 58 行.
NOTIC: [2] preg_match(): Unknown modifier 'p' /data/home/bxu2343130042/htdocs/ThinkPHP/Library/Think/Route.class.php 第 58 行.
NOTIC: [2] preg_match(): Unknown modifier 'p' /data/home/bxu2343130042/htdocs/ThinkPHP/Library/Think/Route.class.php 第 58 行.
NOTIC: [2] preg_match(): Unknown modifier 'p' /data/home/bxu2343130042/htdocs/ThinkPHP/Library/Think/Route.class.php 第 58 行.
NOTIC: [2] preg_match(): Unknown modifier 'p' /data/home/bxu2343130042/htdocs/ThinkPHP/Library/Think/Route.class.php 第 58 行.
NOTIC: [2] preg_match(): Unknown modifier 'p' /data/home/bxu2343130042/htdocs/ThinkPHP/Library/Think/Route.class.php 第 58 行.
INFO: [ app_begin ] --START--
INFO: Run Behavior\ReadHtmlCacheBehavior [ RunTime:0.000467s ]
INFO: [ app_begin ] --END-- [ RunTime:0.000543s ]
NOTIC: [2048] Declaration of Home\Controller\IndexController::show() should be compatible with Think\Controller::show($content, $charset = '', $contentType = '', $prefix = '') /data/home/bxu2343130042/htdocs/App/Home/Controller/IndexController.class.php 第 1846 行.

[ 2019-05-10T21:09:21+08:00 ] 118.81.10.203 /newup.asp
INFO: [ app_init ] --START--
INFO: Run Behavior\BuildLiteBehavior [ RunTime:0.000014s ]
INFO: [ app_init ] --END-- [ RunTime:0.000087s ]
NOTIC: [2] preg_match(): Unknown modifier 'p' /data/home/bxu2343130042/htdocs/ThinkPHP/Library/Think/Route.class.php 第 58 行.
NOTIC: [2] preg_match(): Unknown modifier 'p' /data/home/bxu2343130042/htdocs/ThinkPHP/Library/Think/Route.class.php 第 58 行.
NOTIC: [2] preg_match(): Unknown modifier 'p' /data/home/bxu2343130042/htdocs/ThinkPHP/Library/Think/Route.class.php 第 58 行.
NOTIC: [2] preg_match(): Unknown modifier 'p' /data/home/bxu2343130042/htdocs/ThinkPHP/Library/Think/Route.class.php 第 58 行.
NOTIC: [2] preg_match(): Unknown modifier 'p' /data/home/bxu2343130042/htdocs/ThinkPHP/Library/Think/Route.class.php 第 58 行.
NOTIC: [2] preg_match(): Unknown modifier 'p' /data/home/bxu2343130042/htdocs/ThinkPHP/Library/Think/Route.class.php 第 58 行.
NOTIC: [2] preg_match(): Unknown modifier 'p' /data/home/bxu2343130042/htdocs/ThinkPHP/Library/Think/Route.class.php 第 58 行.
NOTIC: [2] preg_match(): Unknown modifier 'p' /data/home/bxu2343130042/htdocs/ThinkPHP/Library/Think/Route.class.php 第 58 行.
NOTIC: [2] preg_match(): Unknown modifier 'p' /data/home/bxu2343130042/htdocs/ThinkPHP/Library/Think/Route.class.php 第 58 行.
NOTIC: [2] preg_match(): Unknown modifier 'p' /data/home/bxu2343130042/htdocs/ThinkPHP/Library/Think/Route.class.php 第 58 行.
INFO: [ app_begin ] --START--
INFO: Run Behavior\ReadHtmlCacheBehavior [ RunTime:0.000475s ]
INFO: [ app_begin ] --END-- [ RunTime:0.000519s ]
NOTIC: [2048] Declaration of Home\Controller\IndexController::show() should be compatible with Think\Controller::show($content, $charset = '', $contentType = '', $prefix = '') /data/home/bxu2343130042/htdocs/App/Home/Controller/IndexController.class.php 第 1846 行.

[ 2019-05-10T21:09:21+08:00 ] 118.81.10.203 /1987sec.txt
INFO: [ app_init ] --START--
INFO: Run Behavior\BuildLiteBehavior [ RunTime:0.000017s ]
INFO: [ app_init ] --END-- [ RunTime:0.000106s ]
NOTIC: [2] preg_match(): Unknown modifier 'p' /data/home/bxu2343130042/htdocs/ThinkPHP/Library/Think/Route.class.php 第 58 行.
NOTIC: [2] preg_match(): Unknown modifier 'p' /data/home/bxu2343130042/htdocs/ThinkPHP/Library/Think/Route.class.php 第 58 行.
NOTIC: [2] preg_match(): Unknown modifier 'p' /data/home/bxu2343130042/htdocs/ThinkPHP/Library/Think/Route.class.php 第 58 行.
NOTIC: [2] preg_match(): Unknown modifier 'p' /data/home/bxu2343130042/htdocs/ThinkPHP/Library/Think/Route.class.php 第 58 行.
NOTIC: [2] preg_match(): Unknown modifier 'p' /data/home/bxu2343130042/htdocs/ThinkPHP/Library/Think/Route.class.php 第 58 行.
NOTIC: [2] preg_match(): Unknown modifier 'p' /data/home/bxu2343130042/htdocs/ThinkPHP/Library/Think/Route.class.php 第 58 行.
NOTIC: [2] preg_match(): Unknown modifier 'p' /data/home/bxu2343130042/htdocs/ThinkPHP/Library/Think/Route.class.php 第 58 行.
NOTIC: [2] preg_match(): Unknown modifier 'p' /data/home/bxu2343130042/htdocs/ThinkPHP/Library/Think/Route.class.php 第 58 行.
NOTIC: [2] preg_match(): Unknown modifier 'p' /data/home/bxu2343130042/htdocs/ThinkPHP/Library/Think/Route.class.php 第 58 行.
NOTIC: [2] preg_match(): Unknown modifier 'p' /data/home/bxu2343130042/htdocs/ThinkPHP/Library/Think/Route.class.php 第 58 行.
INFO: [ app_begin ] --START--
INFO: Run Behavior\ReadHtmlCacheBehavior [ RunTime:0.000675s ]
INFO: [ app_begin ] --END-- [ RunTime:0.000730s ]
NOTIC: [2048] Declaration of Home\Controller\IndexController::show() should be compatible with Think\Controller::show($content, $charset = '', $contentType = '', $prefix = '') /data/home/bxu2343130042/htdocs/App/Home/Controller/IndexController.class.php 第 1846 行.

[ 2019-05-10T21:09:21+08:00 ] 118.81.10.203 /data.htm
INFO: [ app_init ] --START--
INFO: Run Behavior\BuildLiteBehavior [ RunTime:0.000017s ]
INFO: [ app_init ] --END-- [ RunTime:0.000104s ]
NOTIC: [2] preg_match(): Unknown modifier 'p' /data/home/bxu2343130042/htdocs/ThinkPHP/Library/Think/Route.class.php 第 58 行.
NOTIC: [2] preg_match(): Unknown modifier 'p' /data/home/bxu2343130042/htdocs/ThinkPHP/Library/Think/Route.class.php 第 58 行.
NOTIC: [2] preg_match(): Unknown modifier 'p' /data/home/bxu2343130042/htdocs/ThinkPHP/Library/Think/Route.class.php 第 58 行.
NOTIC: [2] preg_match(): Unknown modifier 'p' /data/home/bxu2343130042/htdocs/ThinkPHP/Library/Think/Route.class.php 第 58 行.
NOTIC: [2] preg_match(): Unknown modifier 'p' /data/home/bxu2343130042/htdocs/ThinkPHP/Library/Think/Route.class.php 第 58 行.
NOTIC: [2] preg_match(): Unknown modifier 'p' /data/home/bxu2343130042/htdocs/ThinkPHP/Library/Think/Route.class.php 第 58 行.
NOTIC: [2] preg_match(): Unknown modifier 'p' /data/home/bxu2343130042/htdocs/ThinkPHP/Library/Think/Route.class.php 第 58 行.
NOTIC: [2] preg_match(): Unknown modifier 'p' /data/home/bxu2343130042/htdocs/ThinkPHP/Library/Think/Route.class.php 第 58 行.
NOTIC: [2] preg_match(): Unknown modifier 'p' /data/home/bxu2343130042/htdocs/ThinkPHP/Library/Think/Route.class.php 第 58 行.
NOTIC: [2] preg_match(): Unknown modifier 'p' /data/home/bxu2343130042/htdocs/ThinkPHP/Library/Think/Route.class.php 第 58 行.
INFO: [ app_begin ] --START--
INFO: Run Behavior\ReadHtmlCacheBehavior [ RunTime:0.000513s ]
INFO: [ app_begin ] --END-- [ RunTime:0.000558s ]
NOTIC: [2048] Declaration of Home\Controller\IndexController::show() should be compatible with Think\Controller::show($content, $charset = '', $contentType = '', $prefix = '') /data/home/bxu2343130042/htdocs/App/Home/Controller/IndexController.class.php 第 1846 行.

[ 2019-05-10T21:09:21+08:00 ] 118.81.10.203 /logo.asp
INFO: [ app_init ] --START--
INFO: Run Behavior\BuildLiteBehavior [ RunTime:0.000019s ]
INFO: [ app_init ] --END-- [ RunTime:0.000130s ]
NOTIC: [2] preg_match(): Unknown modifier 'p' /data/home/bxu2343130042/htdocs/ThinkPHP/Library/Think/Route.class.php 第 58 行.
NOTIC: [2] preg_match(): Unknown modifier 'p' /data/home/bxu2343130042/htdocs/ThinkPHP/Library/Think/Route.class.php 第 58 行.
NOTIC: [2] preg_match(): Unknown modifier 'p' /data/home/bxu2343130042/htdocs/ThinkPHP/Library/Think/Route.class.php 第 58 行.
NOTIC: [2] preg_match(): Unknown modifier 'p' /data/home/bxu2343130042/htdocs/ThinkPHP/Library/Think/Route.class.php 第 58 行.
NOTIC: [2] preg_match(): Unknown modifier 'p' /data/home/bxu2343130042/htdocs/ThinkPHP/Library/Think/Route.class.php 第 58 行.
NOTIC: [2] preg_match(): Unknown modifier 'p' /data/home/bxu2343130042/htdocs/ThinkPHP/Library/Think/Route.class.php 第 58 行.
NOTIC: [2] preg_match(): Unknown modifier 'p' /data/home/bxu2343130042/htdocs/ThinkPHP/Library/Think/Route.class.php 第 58 行.
NOTIC: [2] preg_match(): Unknown modifier 'p' /data/home/bxu2343130042/htdocs/ThinkPHP/Library/Think/Route.class.php 第 58 行.
NOTIC: [2] preg_match(): Unknown modifier 'p' /data/home/bxu2343130042/htdocs/ThinkPHP/Library/Think/Route.class.php 第 58 行.
NOTIC: [2] preg_match(): Unknown modifier 'p' /data/home/bxu2343130042/htdocs/ThinkPHP/Library/Think/Route.class.php 第 58 行.
INFO: [ app_begin ] --START--
INFO: Run Behavior\ReadHtmlCacheBehavior [ RunTime:0.000476s ]
INFO: [ app_begin ] --END-- [ RunTime:0.000519s ]
NOTIC: [2048] Declaration of Home\Controller\IndexController::show() should be compatible with Think\Controller::show($content, $charset = '', $contentType = '', $prefix = '') /data/home/bxu2343130042/htdocs/App/Home/Controller/IndexController.class.php 第 1846 行.

[ 2019-05-10T21:23:37+08:00 ] 114.115.203.130 /Public/ueditor/php/controller.php
INFO: [ app_init ] --START--
INFO: Run Behavior\BuildLiteBehavior [ RunTime:0.000021s ]
INFO: [ app_init ] --END-- [ RunTime:0.000124s ]
NOTIC: [2] preg_match(): Unknown modifier 'p' /data/home/bxu2343130042/htdocs/ThinkPHP/Library/Think/Route.class.php 第 58 行.
NOTIC: [2] preg_match(): Unknown modifier 'p' /data/home/bxu2343130042/htdocs/ThinkPHP/Library/Think/Route.class.php 第 58 行.
NOTIC: [2] preg_match(): Unknown modifier 'p' /data/home/bxu2343130042/htdocs/ThinkPHP/Library/Think/Route.class.php 第 58 行.
NOTIC: [2] preg_match(): Unknown modifier 'p' /data/home/bxu2343130042/htdocs/ThinkPHP/Library/Think/Route.class.php 第 58 行.
NOTIC: [2] preg_match(): Unknown modifier 'p' /data/home/bxu2343130042/htdocs/ThinkPHP/Library/Think/Route.class.php 第 58 行.
NOTIC: [2] preg_match(): Unknown modifier 'p' /data/home/bxu2343130042/htdocs/ThinkPHP/Library/Think/Route.class.php 第 58 行.
NOTIC: [2] preg_match(): Unknown modifier 'p' /data/home/bxu2343130042/htdocs/ThinkPHP/Library/Think/Route.class.php 第 58 行.
NOTIC: [2] preg_match(): Unknown modifier 'p' /data/home/bxu2343130042/htdocs/ThinkPHP/Library/Think/Route.class.php 第 58 行.
NOTIC: [2] preg_match(): Unknown modifier 'p' /data/home/bxu2343130042/htdocs/ThinkPHP/Library/Think/Route.class.php 第 58 行.
NOTIC: [2] preg_match(): Unknown modifier 'p' /data/home/bxu2343130042/htdocs/ThinkPHP/Library/Think/Route.class.php 第 58 行.
INFO: [ app_begin ] --START--
INFO: Run Behavior\ReadHtmlCacheBehavior [ RunTime:0.000550s ]
INFO: [ app_begin ] --END-- [ RunTime:0.000596s ]
NOTIC: [2048] Declaration of Home\Controller\IndexController::show() should be compatible with Think\Controller::show($content, $charset = '', $contentType = '', $prefix = '') /data/home/bxu2343130042/htdocs/App/Home/Controller/IndexController.class.php 第 1846 行.

[ 2019-05-10T21:34:16+08:00 ] 58.250.125.130 /
INFO: [ app_init ] --START--
INFO: Run Behavior\BuildLiteBehavior [ RunTime:0.000021s ]
INFO: [ app_init ] --END-- [ RunTime:0.000141s ]
INFO: [ app_begin ] --START--
INFO: Run Behavior\ReadHtmlCacheBehavior [ RunTime:0.000547s ]
INFO: [ app_begin ] --END-- [ RunTime:0.000599s ]
NOTIC: [2048] Declaration of Home\Controller\IndexController::show() should be compatible with Think\Controller::show($content, $charset = '', $contentType = '', $prefix = '') /data/home/bxu2343130042/htdocs/App/Home/Controller/IndexController.class.php 第 1846 行.
SQL: SHOW COLUMNS FROM `new` [ RunTime:0.0020s ]
SQL: SELECT * FROM `new` WHERE ( newclass=1 ) ORDER BY pubtime DESC LIMIT 1   [ RunTime:0.0019s ]
SQL: SELECT * FROM `new` WHERE ( newclass=0 ) ORDER BY pubtime DESC  [ RunTime:0.0090s ]
SQL: SELECT * FROM `new` WHERE `newclass` = 0 AND `pos` = 1 ORDER BY newid DESC LIMIT 1   [ RunTime:0.0014s ]
SQL: SHOW COLUMNS FROM `video` [ RunTime:0.0017s ]
SQL: SELECT * FROM `video` WHERE ( choice=1 ) ORDER BY pubtime DESC LIMIT 1   [ RunTime:0.0018s ]
SQL: SHOW COLUMNS FROM `pro` [ RunTime:0.0016s ]
SQL: SELECT * FROM `pro` WHERE ( choice=1 ) ORDER BY proid DESC  [ RunTime:0.0014s ]
SQL: SHOW COLUMNS FROM `service` [ RunTime:0.0015s ]
SQL: SELECT * FROM `service` WHERE ( serclass=0 ) ORDER BY pubtime DESC  [ RunTime:0.0039s ]
SQL: SELECT * FROM `service` WHERE ( serclass=1 ) ORDER BY pubtime DESC  [ RunTime:0.0020s ]
SQL: SELECT * FROM `service` WHERE ( pos=1 ) LIMIT 1   [ RunTime:0.0015s ]
SQL: SHOW COLUMNS FROM `pagehit` [ RunTime:0.0015s ]
SQL: UPDATE `pagehit` SET `hits`=hits+1 WHERE ( id=1 ) [ RunTime:0.0012s ]
SQL: SELECT `hits` FROM `pagehit` WHERE ( id=1 ) LIMIT 1   [ RunTime:0.0012s ]
SQL: SHOW COLUMNS FROM `user` [ RunTime:0.0016s ]
SQL: SELECT * FROM `user` WHERE ( username='' ) LIMIT 1   [ RunTime:0.0013s ]
INFO: [ view_parse ] --START--
INFO: [ template_filter ] --START--
INFO: Run Behavior\ContentReplaceBehavior [ RunTime:0.000169s ]
INFO: [ template_filter ] --END-- [ RunTime:0.000235s ]
NOTIC: [8] Undefined variable: qq_accesstoken /data/home/bxu2343130042/htdocs/App/Runtime/Cache/Home/00e52909bed743ea261af4b6823297ff.php 第 91 行.
INFO: Run Behavior\ParseTemplateBehavior [ RunTime:0.016011s ]
INFO: [ view_parse ] --END-- [ RunTime:0.016059s ]
INFO: [ view_filter ] --START--
INFO: Run Behavior\WriteHtmlCacheBehavior [ RunTime:0.000227s ]
INFO: [ view_filter ] --END-- [ RunTime:0.000267s ]
INFO: [ app_end ] --START--
INFO: Run Behavior\ShowPageTraceBehavior [ RunTime:0.000593s ]
INFO: [ app_end ] --END-- [ RunTime:0.000640s ]

[ 2019-05-10T21:35:55+08:00 ] 111.206.36.141 /
INFO: [ app_init ] --START--
INFO: Run Behavior\BuildLiteBehavior [ RunTime:0.000018s ]
INFO: [ app_init ] --END-- [ RunTime:0.000137s ]
INFO: [ app_begin ] --START--
INFO: Run Behavior\ReadHtmlCacheBehavior [ RunTime:0.000496s ]
INFO: [ app_begin ] --END-- [ RunTime:0.000548s ]
NOTIC: [2048] Declaration of Home\Controller\IndexController::show() should be compatible with Think\Controller::show($content, $charset = '', $contentType = '', $prefix = '') /data/home/bxu2343130042/htdocs/App/Home/Controller/IndexController.class.php 第 1846 行.
SQL: SHOW COLUMNS FROM `new` [ RunTime:0.0027s ]
SQL: SELECT * FROM `new` WHERE ( newclass=1 ) ORDER BY pubtime DESC LIMIT 1   [ RunTime:0.0038s ]
SQL: SELECT * FROM `new` WHERE ( newclass=0 ) ORDER BY pubtime DESC  [ RunTime:0.0109s ]
SQL: SELECT * FROM `new` WHERE `newclass` = 0 AND `pos` = 1 ORDER BY newid DESC LIMIT 1   [ RunTime:0.0021s ]
SQL: SHOW COLUMNS FROM `video` [ RunTime:0.0045s ]
SQL: SELECT * FROM `video` WHERE ( choice=1 ) ORDER BY pubtime DESC LIMIT 1   [ RunTime:0.0040s ]
SQL: SHOW COLUMNS FROM `pro` [ RunTime:0.0021s ]
SQL: SELECT * FROM `pro` WHERE ( choice=1 ) ORDER BY proid DESC  [ RunTime:0.0017s ]
SQL: SHOW COLUMNS FROM `service` [ RunTime:0.0021s ]
SQL: SELECT * FROM `service` WHERE ( serclass=0 ) ORDER BY pubtime DESC  [ RunTime:0.0040s ]
SQL: SELECT * FROM `service` WHERE ( serclass=1 ) ORDER BY pubtime DESC  [ RunTime:0.0022s ]
SQL: SELECT * FROM `service` WHERE ( pos=1 ) LIMIT 1   [ RunTime:0.0016s ]
SQL: SHOW COLUMNS FROM `pagehit` [ RunTime:0.0019s ]
SQL: UPDATE `pagehit` SET `hits`=hits+1 WHERE ( id=1 ) [ RunTime:0.0016s ]
SQL: SELECT `hits` FROM `pagehit` WHERE ( id=1 ) LIMIT 1   [ RunTime:0.0016s ]
SQL: SHOW COLUMNS FROM `user` [ RunTime:0.0020s ]
SQL: SELECT * FROM `user` WHERE ( username='' ) LIMIT 1   [ RunTime:0.0015s ]
INFO: [ view_parse ] --START--
INFO: [ template_filter ] --START--
INFO: Run Behavior\ContentReplaceBehavior [ RunTime:0.000164s ]
INFO: [ template_filter ] --END-- [ RunTime:0.000227s ]
NOTIC: [8] Undefined variable: qq_accesstoken /data/home/bxu2343130042/htdocs/App/Runtime/Cache/Home/00e52909bed743ea261af4b6823297ff.php 第 91 行.
INFO: Run Behavior\ParseTemplateBehavior [ RunTime:0.016861s ]
INFO: [ view_parse ] --END-- [ RunTime:0.016928s ]
INFO: [ view_filter ] --START--
INFO: Run Behavior\WriteHtmlCacheBehavior [ RunTime:0.000250s ]
INFO: [ view_filter ] --END-- [ RunTime:0.000294s ]
INFO: [ app_end ] --START--
INFO: Run Behavior\ShowPageTraceBehavior [ RunTime:0.000555s ]
INFO: [ app_end ] --END-- [ RunTime:0.000617s ]

[ 2019-05-10T21:41:28+08:00 ] 111.206.36.12 /
INFO: [ app_init ] --START--
INFO: Run Behavior\BuildLiteBehavior [ RunTime:0.000025s ]
INFO: [ app_init ] --END-- [ RunTime:0.000144s ]
INFO: [ app_begin ] --START--
INFO: Run Behavior\ReadHtmlCacheBehavior [ RunTime:0.000497s ]
INFO: [ app_begin ] --END-- [ RunTime:0.000543s ]
NOTIC: [2048] Declaration of Home\Controller\IndexController::show() should be compatible with Think\Controller::show($content, $charset = '', $contentType = '', $prefix = '') /data/home/bxu2343130042/htdocs/App/Home/Controller/IndexController.class.php 第 1846 行.
SQL: SHOW COLUMNS FROM `new` [ RunTime:0.0018s ]
SQL: SELECT * FROM `new` WHERE ( newclass=1 ) ORDER BY pubtime DESC LIMIT 1   [ RunTime:0.0044s ]
SQL: SELECT * FROM `new` WHERE ( newclass=0 ) ORDER BY pubtime DESC  [ RunTime:0.0084s ]
SQL: SELECT * FROM `new` WHERE `newclass` = 0 AND `pos` = 1 ORDER BY newid DESC LIMIT 1   [ RunTime:0.0015s ]
SQL: SHOW COLUMNS FROM `video` [ RunTime:0.0016s ]
SQL: SELECT * FROM `video` WHERE ( choice=1 ) ORDER BY pubtime DESC LIMIT 1   [ RunTime:0.0013s ]
SQL: SHOW COLUMNS FROM `pro` [ RunTime:0.0016s ]
SQL: SELECT * FROM `pro` WHERE ( choice=1 ) ORDER BY proid DESC  [ RunTime:0.0013s ]
SQL: SHOW COLUMNS FROM `service` [ RunTime:0.0015s ]
SQL: SELECT * FROM `service` WHERE ( serclass=0 ) ORDER BY pubtime DESC  [ RunTime:0.0100s ]
SQL: SELECT * FROM `service` WHERE ( serclass=1 ) ORDER BY pubtime DESC  [ RunTime:0.0020s ]
SQL: SELECT * FROM `service` WHERE ( pos=1 ) LIMIT 1   [ RunTime:0.0014s ]
SQL: SHOW COLUMNS FROM `pagehit` [ RunTime:0.0017s ]
SQL: UPDATE `pagehit` SET `hits`=hits+1 WHERE ( id=1 ) [ RunTime:0.0014s ]
SQL: SELECT `hits` FROM `pagehit` WHERE ( id=1 ) LIMIT 1   [ RunTime:0.0013s ]
SQL: SHOW COLUMNS FROM `user` [ RunTime:0.0016s ]
SQL: SELECT * FROM `user` WHERE ( username='' ) LIMIT 1   [ RunTime:0.0013s ]
INFO: [ view_parse ] --START--
INFO: [ template_filter ] --START--
INFO: Run Behavior\ContentReplaceBehavior [ RunTime:0.000166s ]
INFO: [ template_filter ] --END-- [ RunTime:0.000235s ]
NOTIC: [8] Undefined variable: qq_accesstoken /data/home/bxu2343130042/htdocs/App/Runtime/Cache/Home/00e52909bed743ea261af4b6823297ff.php 第 91 行.
INFO: Run Behavior\ParseTemplateBehavior [ RunTime:0.016701s ]
INFO: [ view_parse ] --END-- [ RunTime:0.016758s ]
INFO: [ view_filter ] --START--
INFO: Run Behavior\WriteHtmlCacheBehavior [ RunTime:0.000227s ]
INFO: [ view_filter ] --END-- [ RunTime:0.000268s ]
INFO: [ app_end ] --START--
INFO: Run Behavior\ShowPageTraceBehavior [ RunTime:0.000535s ]
INFO: [ app_end ] --END-- [ RunTime:0.000579s ]

[ 2019-05-10T23:20:51+08:00 ] 66.249.69.92 /proshow/id/23.html
INFO: [ app_init ] --START--
INFO: Run Behavior\BuildLiteBehavior [ RunTime:0.000015s ]
INFO: [ app_init ] --END-- [ RunTime:0.000100s ]
NOTIC: [2] preg_match(): Unknown modifier 'p' /data/home/bxu2343130042/htdocs/ThinkPHP/Library/Think/Route.class.php 第 58 行.
NOTIC: [2] preg_match(): Unknown modifier 'p' /data/home/bxu2343130042/htdocs/ThinkPHP/Library/Think/Route.class.php 第 58 行.
NOTIC: [2] preg_match(): Unknown modifier 'p' /data/home/bxu2343130042/htdocs/ThinkPHP/Library/Think/Route.class.php 第 58 行.
NOTIC: [2] preg_match(): Unknown modifier 'p' /data/home/bxu2343130042/htdocs/ThinkPHP/Library/Think/Route.class.php 第 58 行.
NOTIC: [2] preg_match(): Unknown modifier 'p' /data/home/bxu2343130042/htdocs/ThinkPHP/Library/Think/Route.class.php 第 58 行.
NOTIC: [2] preg_match(): Unknown modifier 'p' /data/home/bxu2343130042/htdocs/ThinkPHP/Library/Think/Route.class.php 第 58 行.
NOTIC: [2] preg_match(): Unknown modifier 'p' /data/home/bxu2343130042/htdocs/ThinkPHP/Library/Think/Route.class.php 第 58 行.
NOTIC: [2] preg_match(): Unknown modifier 'p' /data/home/bxu2343130042/htdocs/ThinkPHP/Library/Think/Route.class.php 第 58 行.
NOTIC: [2] preg_match(): Unknown modifier 'p' /data/home/bxu2343130042/htdocs/ThinkPHP/Library/Think/Route.class.php 第 58 行.
NOTIC: [2] preg_match(): Unknown modifier 'p' /data/home/bxu2343130042/htdocs/ThinkPHP/Library/Think/Route.class.php 第 58 行.
INFO: [ app_begin ] --START--
INFO: Run Behavior\ReadHtmlCacheBehavior [ RunTime:0.000463s ]
INFO: [ app_begin ] --END-- [ RunTime:0.000509s ]
NOTIC: [2048] Declaration of Home\Controller\IndexController::show() should be compatible with Think\Controller::show($content, $charset = '', $contentType = '', $prefix = '') /data/home/bxu2343130042/htdocs/App/Home/Controller/IndexController.class.php 第 1846 行.
SQL: SHOW COLUMNS FROM `pro` [ RunTime:0.0019s ]
SQL: SELECT * FROM `pro` WHERE ( proid=23 ) LIMIT 1   [ RunTime:0.0015s ]
SQL: SELECT * FROM `pro` WHERE ( proname like '%红木餐桌%' ) ORDER BY proid DESC LIMIT 3   [ RunTime:0.0015s ]
INFO: [ view_parse ] --START--
INFO: [ template_filter ] --START--
INFO: Run Behavior\ContentReplaceBehavior [ RunTime:0.000068s ]
INFO: [ template_filter ] --END-- [ RunTime:0.000116s ]
INFO: Run Behavior\ParseTemplateBehavior [ RunTime:0.008276s ]
INFO: [ view_parse ] --END-- [ RunTime:0.008325s ]
INFO: [ view_filter ] --START--
INFO: Run Behavior\WriteHtmlCacheBehavior [ RunTime:0.000195s ]
INFO: [ view_filter ] --END-- [ RunTime:0.000259s ]
INFO: [ app_end ] --START--
INFO: Run Behavior\ShowPageTraceBehavior [ RunTime:0.000504s ]
INFO: [ app_end ] --END-- [ RunTime:0.000552s ]

