[ 2019-03-02T01:18:12+08:00 ] 106.11.154.99 /newsinfo/id/35.html
INFO: [ app_init ] --START--
INFO: Run Behavior\BuildLiteBehavior [ RunTime:0.000015s ]
INFO: [ app_init ] --END-- [ RunTime:0.000099s ]
NOTIC: [2] preg_match(): Unknown modifier 'p' /data/home/bxu2343130042/htdocs/ThinkPHP/Library/Think/Route.class.php 第 58 行.
NOTIC: [2] preg_match(): Unknown modifier 'p' /data/home/bxu2343130042/htdocs/ThinkPHP/Library/Think/Route.class.php 第 58 行.
NOTIC: [2] preg_match(): Unknown modifier 'p' /data/home/bxu2343130042/htdocs/ThinkPHP/Library/Think/Route.class.php 第 58 行.
NOTIC: [2] preg_match(): Unknown modifier 'p' /data/home/bxu2343130042/htdocs/ThinkPHP/Library/Think/Route.class.php 第 58 行.
NOTIC: [2] preg_match(): Unknown modifier 'p' /data/home/bxu2343130042/htdocs/ThinkPHP/Library/Think/Route.class.php 第 58 行.
NOTIC: [2] preg_match(): Unknown modifier 'p' /data/home/bxu2343130042/htdocs/ThinkPHP/Library/Think/Route.class.php 第 58 行.
NOTIC: [2] preg_match(): Unknown modifier 'p' /data/home/bxu2343130042/htdocs/ThinkPHP/Library/Think/Route.class.php 第 58 行.
NOTIC: [2] preg_match(): Unknown modifier 'p' /data/home/bxu2343130042/htdocs/ThinkPHP/Library/Think/Route.class.php 第 58 行.
NOTIC: [2] preg_match(): Unknown modifier 'p' /data/home/bxu2343130042/htdocs/ThinkPHP/Library/Think/Route.class.php 第 58 行.
NOTIC: [2] preg_match(): Unknown modifier 'p' /data/home/bxu2343130042/htdocs/ThinkPHP/Library/Think/Route.class.php 第 58 行.
INFO: [ app_begin ] --START--
INFO: Run Behavior\ReadHtmlCacheBehavior [ RunTime:0.000485s ]
INFO: [ app_begin ] --END-- [ RunTime:0.000528s ]
NOTIC: [2048] Declaration of Home\Controller\IndexController::show() should be compatible with Think\Controller::show($content, $charset = '', $contentType = '', $prefix = '') /data/home/bxu2343130042/htdocs/App/Home/Controller/IndexController.class.php 第 1846 行.
SQL: SHOW COLUMNS FROM `new` [ RunTime:0.0021s ]
SQL: SELECT * FROM `new` WHERE ( newid=35 and newclass=0 ) LIMIT 1   [ RunTime:0.0016s ]
SQL: SELECT * FROM `new` WHERE `newclass` = 1 ORDER BY pubtime DESC  [ RunTime:0.0085s ]
SQL: SHOW COLUMNS FROM `service` [ RunTime:0.0019s ]
SQL: SELECT * FROM `service` WHERE `serclass` = 0 ORDER BY pubtime DESC LIMIT 1   [ RunTime:0.0021s ]
SQL: SELECT * FROM `service` WHERE `serclass` = 1 ORDER BY pubtime DESC LIMIT 1   [ RunTime:0.0018s ]
SQL: SELECT * FROM `new` WHERE ( newid<35 and newclass=0 ) ORDER BY newid desc LIMIT 1   [ RunTime:0.0019s ]
SQL: SELECT * FROM `new` WHERE ( newid>35 and newclass=0 ) ORDER BY newid asc LIMIT 1   [ RunTime:0.0017s ]
INFO: [ view_parse ] --START--
INFO: [ template_filter ] --START--
INFO: Run Behavior\ContentReplaceBehavior [ RunTime:0.000169s ]
INFO: [ template_filter ] --END-- [ RunTime:0.000216s ]
INFO: Run Behavior\ParseTemplateBehavior [ RunTime:0.011362s ]
INFO: [ view_parse ] --END-- [ RunTime:0.011408s ]
INFO: [ view_filter ] --START--
INFO: Run Behavior\WriteHtmlCacheBehavior [ RunTime:0.000188s ]
INFO: [ view_filter ] --END-- [ RunTime:0.000224s ]
INFO: [ app_end ] --START--
INFO: Run Behavior\ShowPageTraceBehavior [ RunTime:0.000507s ]
INFO: [ app_end ] --END-- [ RunTime:0.000551s ]

[ 2019-03-02T01:19:23+08:00 ] 42.236.99.79 /index.asp
INFO: [ app_init ] --START--
INFO: Run Behavior\BuildLiteBehavior [ RunTime:0.000021s ]
INFO: [ app_init ] --END-- [ RunTime:0.000130s ]
NOTIC: [2] preg_match(): Unknown modifier 'p' /data/home/bxu2343130042/htdocs/ThinkPHP/Library/Think/Route.class.php 第 58 行.
NOTIC: [2] preg_match(): Unknown modifier 'p' /data/home/bxu2343130042/htdocs/ThinkPHP/Library/Think/Route.class.php 第 58 行.
NOTIC: [2] preg_match(): Unknown modifier 'p' /data/home/bxu2343130042/htdocs/ThinkPHP/Library/Think/Route.class.php 第 58 行.
NOTIC: [2] preg_match(): Unknown modifier 'p' /data/home/bxu2343130042/htdocs/ThinkPHP/Library/Think/Route.class.php 第 58 行.
NOTIC: [2] preg_match(): Unknown modifier 'p' /data/home/bxu2343130042/htdocs/ThinkPHP/Library/Think/Route.class.php 第 58 行.
NOTIC: [2] preg_match(): Unknown modifier 'p' /data/home/bxu2343130042/htdocs/ThinkPHP/Library/Think/Route.class.php 第 58 行.
NOTIC: [2] preg_match(): Unknown modifier 'p' /data/home/bxu2343130042/htdocs/ThinkPHP/Library/Think/Route.class.php 第 58 行.
NOTIC: [2] preg_match(): Unknown modifier 'p' /data/home/bxu2343130042/htdocs/ThinkPHP/Library/Think/Route.class.php 第 58 行.
NOTIC: [2] preg_match(): Unknown modifier 'p' /data/home/bxu2343130042/htdocs/ThinkPHP/Library/Think/Route.class.php 第 58 行.
NOTIC: [2] preg_match(): Unknown modifier 'p' /data/home/bxu2343130042/htdocs/ThinkPHP/Library/Think/Route.class.php 第 58 行.
INFO: [ app_begin ] --START--
INFO: Run Behavior\ReadHtmlCacheBehavior [ RunTime:0.000485s ]
INFO: [ app_begin ] --END-- [ RunTime:0.000530s ]
NOTIC: [2048] Declaration of Home\Controller\IndexController::show() should be compatible with Think\Controller::show($content, $charset = '', $contentType = '', $prefix = '') /data/home/bxu2343130042/htdocs/App/Home/Controller/IndexController.class.php 第 1846 行.

[ 2019-03-02T01:22:37+08:00 ] 42.236.55.21 /
INFO: [ app_init ] --START--
INFO: Run Behavior\BuildLiteBehavior [ RunTime:0.000014s ]
INFO: [ app_init ] --END-- [ RunTime:0.000094s ]
INFO: [ app_begin ] --START--
INFO: Run Behavior\ReadHtmlCacheBehavior [ RunTime:0.000444s ]
INFO: [ app_begin ] --END-- [ RunTime:0.000493s ]
NOTIC: [2048] Declaration of Home\Controller\IndexController::show() should be compatible with Think\Controller::show($content, $charset = '', $contentType = '', $prefix = '') /data/home/bxu2343130042/htdocs/App/Home/Controller/IndexController.class.php 第 1846 行.
SQL: SHOW COLUMNS FROM `new` [ RunTime:0.0020s ]
SQL: SELECT * FROM `new` WHERE ( newclass=1 ) ORDER BY pubtime DESC LIMIT 1   [ RunTime:0.0025s ]
SQL: SELECT * FROM `new` WHERE ( newclass=0 ) ORDER BY pubtime DESC  [ RunTime:0.0129s ]
SQL: SELECT * FROM `new` WHERE `newclass` = 0 AND `pos` = 1 ORDER BY newid DESC LIMIT 1   [ RunTime:0.0018s ]
SQL: SHOW COLUMNS FROM `video` [ RunTime:0.0020s ]
SQL: SELECT * FROM `video` WHERE ( choice=1 ) ORDER BY pubtime DESC LIMIT 1   [ RunTime:0.0021s ]
SQL: SHOW COLUMNS FROM `pro` [ RunTime:0.0018s ]
SQL: SELECT * FROM `pro` WHERE ( choice=1 ) ORDER BY proid DESC  [ RunTime:0.0016s ]
SQL: SHOW COLUMNS FROM `service` [ RunTime:0.0017s ]
SQL: SELECT * FROM `service` WHERE ( serclass=0 ) ORDER BY pubtime DESC  [ RunTime:0.0056s ]
SQL: SELECT * FROM `service` WHERE ( serclass=1 ) ORDER BY pubtime DESC  [ RunTime:0.0038s ]
SQL: SELECT * FROM `service` WHERE ( pos=1 ) LIMIT 1   [ RunTime:0.0018s ]
SQL: SHOW COLUMNS FROM `pagehit` [ RunTime:0.0018s ]
SQL: UPDATE `pagehit` SET `hits`=hits+1 WHERE ( id=1 ) [ RunTime:0.0015s ]
SQL: SELECT `hits` FROM `pagehit` WHERE ( id=1 ) LIMIT 1   [ RunTime:0.0015s ]
SQL: SHOW COLUMNS FROM `user` [ RunTime:0.0020s ]
SQL: SELECT * FROM `user` WHERE ( username='' ) LIMIT 1   [ RunTime:0.0016s ]
INFO: [ view_parse ] --START--
INFO: [ template_filter ] --START--
INFO: Run Behavior\ContentReplaceBehavior [ RunTime:0.000153s ]
INFO: [ template_filter ] --END-- [ RunTime:0.000196s ]
NOTIC: [8] Undefined variable: qq_accesstoken /data/home/bxu2343130042/htdocs/App/Runtime/Cache/Home/00e52909bed743ea261af4b6823297ff.php 第 91 行.
INFO: Run Behavior\ParseTemplateBehavior [ RunTime:0.015877s ]
INFO: [ view_parse ] --END-- [ RunTime:0.015918s ]
INFO: [ view_filter ] --START--
INFO: Run Behavior\WriteHtmlCacheBehavior [ RunTime:0.000199s ]
INFO: [ view_filter ] --END-- [ RunTime:0.000246s ]
INFO: [ app_end ] --START--
INFO: Run Behavior\ShowPageTraceBehavior [ RunTime:0.000495s ]
INFO: [ app_end ] --END-- [ RunTime:0.000540s ]

[ 2019-03-02T01:23:01+08:00 ] 42.236.99.58 /index.php
INFO: [ app_init ] --START--
INFO: Run Behavior\BuildLiteBehavior [ RunTime:0.000014s ]
INFO: [ app_init ] --END-- [ RunTime:0.000097s ]
INFO: [ app_begin ] --START--
INFO: Run Behavior\ReadHtmlCacheBehavior [ RunTime:0.000443s ]
INFO: [ app_begin ] --END-- [ RunTime:0.000492s ]
NOTIC: [2048] Declaration of Home\Controller\IndexController::show() should be compatible with Think\Controller::show($content, $charset = '', $contentType = '', $prefix = '') /data/home/bxu2343130042/htdocs/App/Home/Controller/IndexController.class.php 第 1846 行.
SQL: SHOW COLUMNS FROM `new` [ RunTime:0.0017s ]
SQL: SELECT * FROM `new` WHERE ( newclass=1 ) ORDER BY pubtime DESC LIMIT 1   [ RunTime:0.0014s ]
SQL: SELECT * FROM `new` WHERE ( newclass=0 ) ORDER BY pubtime DESC  [ RunTime:0.0116s ]
SQL: SELECT * FROM `new` WHERE `newclass` = 0 AND `pos` = 1 ORDER BY newid DESC LIMIT 1   [ RunTime:0.0012s ]
SQL: SHOW COLUMNS FROM `video` [ RunTime:0.0014s ]
SQL: SELECT * FROM `video` WHERE ( choice=1 ) ORDER BY pubtime DESC LIMIT 1   [ RunTime:0.0012s ]
SQL: SHOW COLUMNS FROM `pro` [ RunTime:0.0014s ]
SQL: SELECT * FROM `pro` WHERE ( choice=1 ) ORDER BY proid DESC  [ RunTime:0.0012s ]
SQL: SHOW COLUMNS FROM `service` [ RunTime:0.0014s ]
SQL: SELECT * FROM `service` WHERE ( serclass=0 ) ORDER BY pubtime DESC  [ RunTime:0.0058s ]
SQL: SELECT * FROM `service` WHERE ( serclass=1 ) ORDER BY pubtime DESC  [ RunTime:0.0031s ]
SQL: SELECT * FROM `service` WHERE ( pos=1 ) LIMIT 1   [ RunTime:0.0013s ]
SQL: SHOW COLUMNS FROM `pagehit` [ RunTime:0.0015s ]
SQL: UPDATE `pagehit` SET `hits`=hits+1 WHERE ( id=1 ) [ RunTime:0.0013s ]
SQL: SELECT `hits` FROM `pagehit` WHERE ( id=1 ) LIMIT 1   [ RunTime:0.0012s ]
SQL: SHOW COLUMNS FROM `user` [ RunTime:0.0017s ]
SQL: SELECT * FROM `user` WHERE ( username='' ) LIMIT 1   [ RunTime:0.0012s ]
INFO: [ view_parse ] --START--
INFO: [ template_filter ] --START--
INFO: Run Behavior\ContentReplaceBehavior [ RunTime:0.000157s ]
INFO: [ template_filter ] --END-- [ RunTime:0.000200s ]
NOTIC: [8] Undefined variable: qq_accesstoken /data/home/bxu2343130042/htdocs/App/Runtime/Cache/Home/00e52909bed743ea261af4b6823297ff.php 第 91 行.
INFO: Run Behavior\ParseTemplateBehavior [ RunTime:0.015433s ]
INFO: [ view_parse ] --END-- [ RunTime:0.015476s ]
INFO: [ view_filter ] --START--
INFO: Run Behavior\WriteHtmlCacheBehavior [ RunTime:0.000229s ]
INFO: [ view_filter ] --END-- [ RunTime:0.000268s ]
INFO: [ app_end ] --START--
INFO: Run Behavior\ShowPageTraceBehavior [ RunTime:0.000473s ]
INFO: [ app_end ] --END-- [ RunTime:0.000519s ]

[ 2019-03-02T01:54:32+08:00 ] 42.156.254.100 /proshow/id/40.html
INFO: [ app_init ] --START--
INFO: Run Behavior\BuildLiteBehavior [ RunTime:0.000015s ]
INFO: [ app_init ] --END-- [ RunTime:0.000098s ]
NOTIC: [2] preg_match(): Unknown modifier 'p' /data/home/bxu2343130042/htdocs/ThinkPHP/Library/Think/Route.class.php 第 58 行.
NOTIC: [2] preg_match(): Unknown modifier 'p' /data/home/bxu2343130042/htdocs/ThinkPHP/Library/Think/Route.class.php 第 58 行.
NOTIC: [2] preg_match(): Unknown modifier 'p' /data/home/bxu2343130042/htdocs/ThinkPHP/Library/Think/Route.class.php 第 58 行.
NOTIC: [2] preg_match(): Unknown modifier 'p' /data/home/bxu2343130042/htdocs/ThinkPHP/Library/Think/Route.class.php 第 58 行.
NOTIC: [2] preg_match(): Unknown modifier 'p' /data/home/bxu2343130042/htdocs/ThinkPHP/Library/Think/Route.class.php 第 58 行.
NOTIC: [2] preg_match(): Unknown modifier 'p' /data/home/bxu2343130042/htdocs/ThinkPHP/Library/Think/Route.class.php 第 58 行.
NOTIC: [2] preg_match(): Unknown modifier 'p' /data/home/bxu2343130042/htdocs/ThinkPHP/Library/Think/Route.class.php 第 58 行.
NOTIC: [2] preg_match(): Unknown modifier 'p' /data/home/bxu2343130042/htdocs/ThinkPHP/Library/Think/Route.class.php 第 58 行.
NOTIC: [2] preg_match(): Unknown modifier 'p' /data/home/bxu2343130042/htdocs/ThinkPHP/Library/Think/Route.class.php 第 58 行.
NOTIC: [2] preg_match(): Unknown modifier 'p' /data/home/bxu2343130042/htdocs/ThinkPHP/Library/Think/Route.class.php 第 58 行.
INFO: [ app_begin ] --START--
INFO: Run Behavior\ReadHtmlCacheBehavior [ RunTime:0.000479s ]
INFO: [ app_begin ] --END-- [ RunTime:0.000527s ]
NOTIC: [2048] Declaration of Home\Controller\IndexController::show() should be compatible with Think\Controller::show($content, $charset = '', $contentType = '', $prefix = '') /data/home/bxu2343130042/htdocs/App/Home/Controller/IndexController.class.php 第 1846 行.
SQL: SHOW COLUMNS FROM `pro` [ RunTime:0.0025s ]
SQL: SELECT * FROM `pro` WHERE ( proid=40 ) LIMIT 1   [ RunTime:0.0019s ]
SQL: SELECT * FROM `pro` WHERE ( proname like '%红木办公%' ) ORDER BY proid DESC LIMIT 3   [ RunTime:0.0020s ]
INFO: [ view_parse ] --START--
INFO: [ template_filter ] --START--
INFO: Run Behavior\ContentReplaceBehavior [ RunTime:0.000080s ]
INFO: [ template_filter ] --END-- [ RunTime:0.000166s ]
INFO: Run Behavior\ParseTemplateBehavior [ RunTime:0.008694s ]
INFO: [ view_parse ] --END-- [ RunTime:0.008742s ]
INFO: [ view_filter ] --START--
INFO: Run Behavior\WriteHtmlCacheBehavior [ RunTime:0.000230s ]
INFO: [ view_filter ] --END-- [ RunTime:0.000265s ]
INFO: [ app_end ] --START--
INFO: Run Behavior\ShowPageTraceBehavior [ RunTime:0.000582s ]
INFO: [ app_end ] --END-- [ RunTime:0.000625s ]

[ 2019-03-02T02:04:35+08:00 ] 140.205.205.25 /
INFO: [ app_init ] --START--
INFO: Run Behavior\BuildLiteBehavior [ RunTime:0.000016s ]
INFO: [ app_init ] --END-- [ RunTime:0.000098s ]
INFO: [ app_begin ] --START--
INFO: Run Behavior\ReadHtmlCacheBehavior [ RunTime:0.000504s ]
INFO: [ app_begin ] --END-- [ RunTime:0.000550s ]
NOTIC: [2048] Declaration of Home\Controller\IndexController::show() should be compatible with Think\Controller::show($content, $charset = '', $contentType = '', $prefix = '') /data/home/bxu2343130042/htdocs/App/Home/Controller/IndexController.class.php 第 1846 行.
SQL: SHOW COLUMNS FROM `new` [ RunTime:0.0023s ]
SQL: SELECT * FROM `new` WHERE ( newclass=1 ) ORDER BY pubtime DESC LIMIT 1   [ RunTime:0.0020s ]
SQL: SELECT * FROM `new` WHERE ( newclass=0 ) ORDER BY pubtime DESC  [ RunTime:0.0136s ]
SQL: SELECT * FROM `new` WHERE `newclass` = 0 AND `pos` = 1 ORDER BY newid DESC LIMIT 1   [ RunTime:0.0017s ]
SQL: SHOW COLUMNS FROM `video` [ RunTime:0.0021s ]
SQL: SELECT * FROM `video` WHERE ( choice=1 ) ORDER BY pubtime DESC LIMIT 1   [ RunTime:0.0022s ]
SQL: SHOW COLUMNS FROM `pro` [ RunTime:0.0020s ]
SQL: SELECT * FROM `pro` WHERE ( choice=1 ) ORDER BY proid DESC  [ RunTime:0.0018s ]
SQL: SHOW COLUMNS FROM `service` [ RunTime:0.0018s ]
SQL: SELECT * FROM `service` WHERE ( serclass=0 ) ORDER BY pubtime DESC  [ RunTime:0.0069s ]
SQL: SELECT * FROM `service` WHERE ( serclass=1 ) ORDER BY pubtime DESC  [ RunTime:0.0038s ]
SQL: SELECT * FROM `service` WHERE ( pos=1 ) LIMIT 1   [ RunTime:0.0019s ]
SQL: SHOW COLUMNS FROM `pagehit` [ RunTime:0.0019s ]
SQL: UPDATE `pagehit` SET `hits`=hits+1 WHERE ( id=1 ) [ RunTime:0.0015s ]
SQL: SELECT `hits` FROM `pagehit` WHERE ( id=1 ) LIMIT 1   [ RunTime:0.0015s ]
SQL: SHOW COLUMNS FROM `user` [ RunTime:0.0019s ]
SQL: SELECT * FROM `user` WHERE ( username='' ) LIMIT 1   [ RunTime:0.0015s ]
INFO: [ view_parse ] --START--
INFO: [ template_filter ] --START--
INFO: Run Behavior\ContentReplaceBehavior [ RunTime:0.000152s ]
INFO: [ template_filter ] --END-- [ RunTime:0.000196s ]
NOTIC: [8] Undefined variable: qq_accesstoken /data/home/bxu2343130042/htdocs/App/Runtime/Cache/Home/00e52909bed743ea261af4b6823297ff.php 第 91 行.
INFO: Run Behavior\ParseTemplateBehavior [ RunTime:0.015560s ]
INFO: [ view_parse ] --END-- [ RunTime:0.015601s ]
INFO: [ view_filter ] --START--
INFO: Run Behavior\WriteHtmlCacheBehavior [ RunTime:0.000229s ]
INFO: [ view_filter ] --END-- [ RunTime:0.000266s ]
INFO: 
INFO: 
INFO: 

[ 2019-03-02T02:37:57+08:00 ] 47.100.36.239 /
INFO: [ app_init ] --START--
INFO: Run Behavior\BuildLiteBehavior [ RunTime:0.000020s ]
INFO: [ app_init ] --END-- [ RunTime:0.000117s ]
INFO: [ app_begin ] --START--
INFO: Run Behavior\ReadHtmlCacheBehavior [ RunTime:0.000478s ]
INFO: [ app_begin ] --END-- [ RunTime:0.000526s ]
NOTIC: [2048] Declaration of Home\Controller\IndexController::show() should be compatible with Think\Controller::show($content, $charset = '', $contentType = '', $prefix = '') /data/home/bxu2343130042/htdocs/App/Home/Controller/IndexController.class.php 第 1846 行.
SQL: SHOW COLUMNS FROM `new` [ RunTime:0.0020s ]
SQL: SELECT * FROM `new` WHERE ( newclass=1 ) ORDER BY pubtime DESC LIMIT 1   [ RunTime:0.0017s ]
SQL: SELECT * FROM `new` WHERE ( newclass=0 ) ORDER BY pubtime DESC  [ RunTime:0.0111s ]
SQL: SELECT * FROM `new` WHERE `newclass` = 0 AND `pos` = 1 ORDER BY newid DESC LIMIT 1   [ RunTime:0.0015s ]
SQL: SHOW COLUMNS FROM `video` [ RunTime:0.0017s ]
SQL: SELECT * FROM `video` WHERE ( choice=1 ) ORDER BY pubtime DESC LIMIT 1   [ RunTime:0.0018s ]
SQL: SHOW COLUMNS FROM `pro` [ RunTime:0.0017s ]
SQL: SELECT * FROM `pro` WHERE ( choice=1 ) ORDER BY proid DESC  [ RunTime:0.0014s ]
SQL: SHOW COLUMNS FROM `service` [ RunTime:0.0016s ]
SQL: SELECT * FROM `service` WHERE ( serclass=0 ) ORDER BY pubtime DESC  [ RunTime:0.0063s ]
SQL: SELECT * FROM `service` WHERE ( serclass=1 ) ORDER BY pubtime DESC  [ RunTime:0.0035s ]
SQL: SELECT * FROM `service` WHERE ( pos=1 ) LIMIT 1   [ RunTime:0.0015s ]
SQL: SHOW COLUMNS FROM `pagehit` [ RunTime:0.0017s ]
SQL: UPDATE `pagehit` SET `hits`=hits+1 WHERE ( id=1 ) [ RunTime:0.0013s ]
SQL: SELECT `hits` FROM `pagehit` WHERE ( id=1 ) LIMIT 1   [ RunTime:0.0013s ]
SQL: SHOW COLUMNS FROM `user` [ RunTime:0.0017s ]
SQL: SELECT * FROM `user` WHERE ( username='' ) LIMIT 1   [ RunTime:0.0013s ]
INFO: [ view_parse ] --START--
INFO: [ template_filter ] --START--
INFO: Run Behavior\ContentReplaceBehavior [ RunTime:0.000162s ]
INFO: [ template_filter ] --END-- [ RunTime:0.000210s ]
NOTIC: [8] Undefined variable: qq_accesstoken /data/home/bxu2343130042/htdocs/App/Runtime/Cache/Home/00e52909bed743ea261af4b6823297ff.php 第 91 行.
INFO: Run Behavior\ParseTemplateBehavior [ RunTime:0.015853s ]
INFO: [ view_parse ] --END-- [ RunTime:0.015919s ]
INFO: [ view_filter ] --START--
INFO: Run Behavior\WriteHtmlCacheBehavior [ RunTime:0.000205s ]
INFO: [ view_filter ] --END-- [ RunTime:0.000245s ]
INFO: [ app_end ] --START--
INFO: Run Behavior\ShowPageTraceBehavior [ RunTime:0.000588s ]
INFO: [ app_end ] --END-- [ RunTime:0.000634s ]

[ 2019-03-02T02:50:44+08:00 ] 47.92.250.223 /wordpress/wp-content/plugins/ubh/up.php
INFO: [ app_init ] --START--
INFO: Run Behavior\BuildLiteBehavior [ RunTime:0.000021s ]
INFO: [ app_init ] --END-- [ RunTime:0.000123s ]
NOTIC: [2] preg_match(): Unknown modifier 'p' /data/home/bxu2343130042/htdocs/ThinkPHP/Library/Think/Route.class.php 第 58 行.
NOTIC: [2] preg_match(): Unknown modifier 'p' /data/home/bxu2343130042/htdocs/ThinkPHP/Library/Think/Route.class.php 第 58 行.
NOTIC: [2] preg_match(): Unknown modifier 'p' /data/home/bxu2343130042/htdocs/ThinkPHP/Library/Think/Route.class.php 第 58 行.
NOTIC: [2] preg_match(): Unknown modifier 'p' /data/home/bxu2343130042/htdocs/ThinkPHP/Library/Think/Route.class.php 第 58 行.
NOTIC: [2] preg_match(): Unknown modifier 'p' /data/home/bxu2343130042/htdocs/ThinkPHP/Library/Think/Route.class.php 第 58 行.
NOTIC: [2] preg_match(): Unknown modifier 'p' /data/home/bxu2343130042/htdocs/ThinkPHP/Library/Think/Route.class.php 第 58 行.
NOTIC: [2] preg_match(): Unknown modifier 'p' /data/home/bxu2343130042/htdocs/ThinkPHP/Library/Think/Route.class.php 第 58 行.
NOTIC: [2] preg_match(): Unknown modifier 'p' /data/home/bxu2343130042/htdocs/ThinkPHP/Library/Think/Route.class.php 第 58 行.
NOTIC: [2] preg_match(): Unknown modifier 'p' /data/home/bxu2343130042/htdocs/ThinkPHP/Library/Think/Route.class.php 第 58 行.
NOTIC: [2] preg_match(): Unknown modifier 'p' /data/home/bxu2343130042/htdocs/ThinkPHP/Library/Think/Route.class.php 第 58 行.
INFO: [ app_begin ] --START--
INFO: Run Behavior\ReadHtmlCacheBehavior [ RunTime:0.000464s ]
INFO: [ app_begin ] --END-- [ RunTime:0.000508s ]
NOTIC: [2048] Declaration of Home\Controller\IndexController::show() should be compatible with Think\Controller::show($content, $charset = '', $contentType = '', $prefix = '') /data/home/bxu2343130042/htdocs/App/Home/Controller/IndexController.class.php 第 1846 行.

[ 2019-03-02T04:53:15+08:00 ] 42.156.136.72 /proshow/id/14.html
INFO: [ app_init ] --START--
INFO: Run Behavior\BuildLiteBehavior [ RunTime:0.000032s ]
INFO: [ app_init ] --END-- [ RunTime:0.000203s ]
NOTIC: [2] preg_match(): Unknown modifier 'p' /data/home/bxu2343130042/htdocs/ThinkPHP/Library/Think/Route.class.php 第 58 行.
NOTIC: [2] preg_match(): Unknown modifier 'p' /data/home/bxu2343130042/htdocs/ThinkPHP/Library/Think/Route.class.php 第 58 行.
NOTIC: [2] preg_match(): Unknown modifier 'p' /data/home/bxu2343130042/htdocs/ThinkPHP/Library/Think/Route.class.php 第 58 行.
NOTIC: [2] preg_match(): Unknown modifier 'p' /data/home/bxu2343130042/htdocs/ThinkPHP/Library/Think/Route.class.php 第 58 行.
NOTIC: [2] preg_match(): Unknown modifier 'p' /data/home/bxu2343130042/htdocs/ThinkPHP/Library/Think/Route.class.php 第 58 行.
NOTIC: [2] preg_match(): Unknown modifier 'p' /data/home/bxu2343130042/htdocs/ThinkPHP/Library/Think/Route.class.php 第 58 行.
NOTIC: [2] preg_match(): Unknown modifier 'p' /data/home/bxu2343130042/htdocs/ThinkPHP/Library/Think/Route.class.php 第 58 行.
NOTIC: [2] preg_match(): Unknown modifier 'p' /data/home/bxu2343130042/htdocs/ThinkPHP/Library/Think/Route.class.php 第 58 行.
NOTIC: [2] preg_match(): Unknown modifier 'p' /data/home/bxu2343130042/htdocs/ThinkPHP/Library/Think/Route.class.php 第 58 行.
NOTIC: [2] preg_match(): Unknown modifier 'p' /data/home/bxu2343130042/htdocs/ThinkPHP/Library/Think/Route.class.php 第 58 行.
INFO: [ app_begin ] --START--
INFO: Run Behavior\ReadHtmlCacheBehavior [ RunTime:0.000950s ]
INFO: [ app_begin ] --END-- [ RunTime:0.001046s ]
NOTIC: [2048] Declaration of Home\Controller\IndexController::show() should be compatible with Think\Controller::show($content, $charset = '', $contentType = '', $prefix = '') /data/home/bxu2343130042/htdocs/App/Home/Controller/IndexController.class.php 第 1846 行.
SQL: SHOW COLUMNS FROM `pro` [ RunTime:0.0032s ]
SQL: SELECT * FROM `pro` WHERE ( proid=14 ) LIMIT 1   [ RunTime:0.0014s ]
SQL: SELECT * FROM `pro` WHERE ( proname like '%红木办公%' ) ORDER BY proid DESC LIMIT 3   [ RunTime:0.0014s ]
INFO: [ view_parse ] --START--
INFO: [ template_filter ] --START--
INFO: Run Behavior\ContentReplaceBehavior [ RunTime:0.000089s ]
INFO: [ template_filter ] --END-- [ RunTime:0.000164s ]
INFO: Run Behavior\ParseTemplateBehavior [ RunTime:0.008923s ]
INFO: [ view_parse ] --END-- [ RunTime:0.008974s ]
INFO: [ view_filter ] --START--
INFO: Run Behavior\WriteHtmlCacheBehavior [ RunTime:0.000219s ]
INFO: [ view_filter ] --END-- [ RunTime:0.000255s ]
INFO: [ app_end ] --START--
INFO: Run Behavior\ShowPageTraceBehavior [ RunTime:0.000551s ]
INFO: [ app_end ] --END-- [ RunTime:0.000593s ]

[ 2019-03-02T05:21:44+08:00 ] 106.11.159.72 /chooseinfo/id/11.html
INFO: [ app_init ] --START--
INFO: Run Behavior\BuildLiteBehavior [ RunTime:0.000016s ]
INFO: [ app_init ] --END-- [ RunTime:0.000102s ]
NOTIC: [2] preg_match(): Unknown modifier 'p' /data/home/bxu2343130042/htdocs/ThinkPHP/Library/Think/Route.class.php 第 58 行.
NOTIC: [2] preg_match(): Unknown modifier 'p' /data/home/bxu2343130042/htdocs/ThinkPHP/Library/Think/Route.class.php 第 58 行.
NOTIC: [2] preg_match(): Unknown modifier 'p' /data/home/bxu2343130042/htdocs/ThinkPHP/Library/Think/Route.class.php 第 58 行.
NOTIC: [2] preg_match(): Unknown modifier 'p' /data/home/bxu2343130042/htdocs/ThinkPHP/Library/Think/Route.class.php 第 58 行.
NOTIC: [2] preg_match(): Unknown modifier 'p' /data/home/bxu2343130042/htdocs/ThinkPHP/Library/Think/Route.class.php 第 58 行.
NOTIC: [2] preg_match(): Unknown modifier 'p' /data/home/bxu2343130042/htdocs/ThinkPHP/Library/Think/Route.class.php 第 58 行.
NOTIC: [2] preg_match(): Unknown modifier 'p' /data/home/bxu2343130042/htdocs/ThinkPHP/Library/Think/Route.class.php 第 58 行.
NOTIC: [2] preg_match(): Unknown modifier 'p' /data/home/bxu2343130042/htdocs/ThinkPHP/Library/Think/Route.class.php 第 58 行.
NOTIC: [2] preg_match(): Unknown modifier 'p' /data/home/bxu2343130042/htdocs/ThinkPHP/Library/Think/Route.class.php 第 58 行.
NOTIC: [2] preg_match(): Unknown modifier 'p' /data/home/bxu2343130042/htdocs/ThinkPHP/Library/Think/Route.class.php 第 58 行.
INFO: [ app_begin ] --START--
INFO: Run Behavior\ReadHtmlCacheBehavior [ RunTime:0.000480s ]
INFO: [ app_begin ] --END-- [ RunTime:0.000528s ]
NOTIC: [2048] Declaration of Home\Controller\IndexController::show() should be compatible with Think\Controller::show($content, $charset = '', $contentType = '', $prefix = '') /data/home/bxu2343130042/htdocs/App/Home/Controller/IndexController.class.php 第 1846 行.
SQL: SHOW COLUMNS FROM `service` [ RunTime:0.0021s ]
SQL: SELECT * FROM `service` WHERE ( serid=11 and serclass=0 ) LIMIT 1   [ RunTime:0.0017s ]
SQL: SELECT * FROM `service` WHERE `serclass` = 1 ORDER BY pubtime DESC LIMIT 1   [ RunTime:0.0016s ]
SQL: SHOW COLUMNS FROM `new` [ RunTime:0.0018s ]
SQL: SELECT * FROM `new` WHERE `newclass` = 1 ORDER BY pubtime DESC  [ RunTime:0.0068s ]
SQL: SELECT * FROM `new` WHERE `newclass` = 0 ORDER BY pubtime DESC LIMIT 1   [ RunTime:0.0015s ]
SQL: SELECT * FROM `service` WHERE ( serid<11 and serclass=0 ) ORDER BY serid desc LIMIT 1   [ RunTime:0.0017s ]
SQL: SELECT * FROM `service` WHERE ( serid>11 and serclass=0 ) ORDER BY serid asc LIMIT 1   [ RunTime:0.0018s ]
INFO: [ view_parse ] --START--
INFO: [ template_filter ] --START--
INFO: Run Behavior\ContentReplaceBehavior [ RunTime:0.000154s ]
INFO: [ template_filter ] --END-- [ RunTime:0.000200s ]
INFO: Run Behavior\ParseTemplateBehavior [ RunTime:0.011798s ]
INFO: [ view_parse ] --END-- [ RunTime:0.011847s ]
INFO: [ view_filter ] --START--
INFO: Run Behavior\WriteHtmlCacheBehavior [ RunTime:0.000197s ]
INFO: [ view_filter ] --END-- [ RunTime:0.000236s ]
INFO: [ app_end ] --START--
INFO: Run Behavior\ShowPageTraceBehavior [ RunTime:0.000518s ]
INFO: [ app_end ] --END-- [ RunTime:0.000564s ]

[ 2019-03-02T05:32:01+08:00 ] 220.181.108.149 /pro/image/2017-3-3-21-52-41.JPG
INFO: [ app_init ] --START--
INFO: Run Behavior\BuildLiteBehavior [ RunTime:0.000021s ]
INFO: [ app_init ] --END-- [ RunTime:0.000126s ]
NOTIC: [2] preg_match(): Unknown modifier 'p' /data/home/bxu2343130042/htdocs/ThinkPHP/Library/Think/Route.class.php 第 58 行.
NOTIC: [2] preg_match(): Unknown modifier 'p' /data/home/bxu2343130042/htdocs/ThinkPHP/Library/Think/Route.class.php 第 58 行.
NOTIC: [2] preg_match(): Unknown modifier 'p' /data/home/bxu2343130042/htdocs/ThinkPHP/Library/Think/Route.class.php 第 58 行.
NOTIC: [2] preg_match(): Unknown modifier 'p' /data/home/bxu2343130042/htdocs/ThinkPHP/Library/Think/Route.class.php 第 58 行.
NOTIC: [2] preg_match(): Unknown modifier 'p' /data/home/bxu2343130042/htdocs/ThinkPHP/Library/Think/Route.class.php 第 58 行.
NOTIC: [2] preg_match(): Unknown modifier 'p' /data/home/bxu2343130042/htdocs/ThinkPHP/Library/Think/Route.class.php 第 58 行.
NOTIC: [2] preg_match(): Unknown modifier 'p' /data/home/bxu2343130042/htdocs/ThinkPHP/Library/Think/Route.class.php 第 58 行.
NOTIC: [2] preg_match(): Unknown modifier 'p' /data/home/bxu2343130042/htdocs/ThinkPHP/Library/Think/Route.class.php 第 58 行.
NOTIC: [2] preg_match(): Unknown modifier 'p' /data/home/bxu2343130042/htdocs/ThinkPHP/Library/Think/Route.class.php 第 58 行.
NOTIC: [2] preg_match(): Unknown modifier 'p' /data/home/bxu2343130042/htdocs/ThinkPHP/Library/Think/Route.class.php 第 58 行.

[ 2019-03-02T07:25:44+08:00 ] 202.108.211.130 /
INFO: [ app_init ] --START--
INFO: Run Behavior\BuildLiteBehavior [ RunTime:0.000015s ]
INFO: [ app_init ] --END-- [ RunTime:0.000099s ]
INFO: [ app_begin ] --START--
INFO: Run Behavior\ReadHtmlCacheBehavior [ RunTime:0.000441s ]
INFO: [ app_begin ] --END-- [ RunTime:0.000490s ]
NOTIC: [2048] Declaration of Home\Controller\IndexController::show() should be compatible with Think\Controller::show($content, $charset = '', $contentType = '', $prefix = '') /data/home/bxu2343130042/htdocs/App/Home/Controller/IndexController.class.php 第 1846 行.
SQL: SHOW COLUMNS FROM `new` [ RunTime:0.0020s ]
SQL: SELECT * FROM `new` WHERE ( newclass=1 ) ORDER BY pubtime DESC LIMIT 1   [ RunTime:0.0019s ]
SQL: SELECT * FROM `new` WHERE ( newclass=0 ) ORDER BY pubtime DESC  [ RunTime:0.0112s ]
SQL: SELECT * FROM `new` WHERE `newclass` = 0 AND `pos` = 1 ORDER BY newid DESC LIMIT 1   [ RunTime:0.0016s ]
SQL: SHOW COLUMNS FROM `video` [ RunTime:0.0019s ]
SQL: SELECT * FROM `video` WHERE ( choice=1 ) ORDER BY pubtime DESC LIMIT 1   [ RunTime:0.0019s ]
SQL: SHOW COLUMNS FROM `pro` [ RunTime:0.0017s ]
SQL: SELECT * FROM `pro` WHERE ( choice=1 ) ORDER BY proid DESC  [ RunTime:0.0015s ]
SQL: SHOW COLUMNS FROM `service` [ RunTime:0.0017s ]
SQL: SELECT * FROM `service` WHERE ( serclass=0 ) ORDER BY pubtime DESC  [ RunTime:0.0052s ]
SQL: SELECT * FROM `service` WHERE ( serclass=1 ) ORDER BY pubtime DESC  [ RunTime:0.0035s ]
SQL: SELECT * FROM `service` WHERE ( pos=1 ) LIMIT 1   [ RunTime:0.0017s ]
SQL: SHOW COLUMNS FROM `pagehit` [ RunTime:0.0016s ]
SQL: UPDATE `pagehit` SET `hits`=hits+1 WHERE ( id=1 ) [ RunTime:0.0014s ]
SQL: SELECT `hits` FROM `pagehit` WHERE ( id=1 ) LIMIT 1   [ RunTime:0.0014s ]
SQL: SHOW COLUMNS FROM `user` [ RunTime:0.0018s ]
SQL: SELECT * FROM `user` WHERE ( username='' ) LIMIT 1   [ RunTime:0.0014s ]
INFO: [ view_parse ] --START--
INFO: [ template_filter ] --START--
INFO: Run Behavior\ContentReplaceBehavior [ RunTime:0.000168s ]
INFO: [ template_filter ] --END-- [ RunTime:0.000233s ]
NOTIC: [8] Undefined variable: qq_accesstoken /data/home/bxu2343130042/htdocs/App/Runtime/Cache/Home/00e52909bed743ea261af4b6823297ff.php 第 91 行.
INFO: Run Behavior\ParseTemplateBehavior [ RunTime:0.016445s ]
INFO: [ view_parse ] --END-- [ RunTime:0.016497s ]
INFO: [ view_filter ] --START--
INFO: Run Behavior\WriteHtmlCacheBehavior [ RunTime:0.000212s ]
INFO: [ view_filter ] --END-- [ RunTime:0.000251s ]
INFO: [ app_end ] --START--
INFO: Run Behavior\ShowPageTraceBehavior [ RunTime:0.000516s ]
INFO: [ app_end ] --END-- [ RunTime:0.000559s ]

[ 2019-03-02T08:04:27+08:00 ] 42.156.136.124 /index.php
INFO: [ app_init ] --START--
INFO: Run Behavior\BuildLiteBehavior [ RunTime:0.000015s ]
INFO: [ app_init ] --END-- [ RunTime:0.000099s ]
INFO: [ app_begin ] --START--
INFO: Run Behavior\ReadHtmlCacheBehavior [ RunTime:0.000474s ]
INFO: [ app_begin ] --END-- [ RunTime:0.000524s ]
NOTIC: [2048] Declaration of Home\Controller\IndexController::show() should be compatible with Think\Controller::show($content, $charset = '', $contentType = '', $prefix = '') /data/home/bxu2343130042/htdocs/App/Home/Controller/IndexController.class.php 第 1846 行.
SQL: SHOW COLUMNS FROM `new` [ RunTime:0.0024s ]
SQL: SELECT * FROM `new` WHERE ( newclass=1 ) ORDER BY pubtime DESC LIMIT 1   [ RunTime:0.0023s ]
SQL: SELECT * FROM `new` WHERE ( newclass=0 ) ORDER BY pubtime DESC  [ RunTime:0.0144s ]
SQL: SELECT * FROM `new` WHERE `newclass` = 0 AND `pos` = 1 ORDER BY newid DESC LIMIT 1   [ RunTime:0.0019s ]
SQL: SHOW COLUMNS FROM `video` [ RunTime:0.0027s ]
SQL: SELECT * FROM `video` WHERE ( choice=1 ) ORDER BY pubtime DESC LIMIT 1   [ RunTime:0.0023s ]
SQL: SHOW COLUMNS FROM `pro` [ RunTime:0.0020s ]
SQL: SELECT * FROM `pro` WHERE ( choice=1 ) ORDER BY proid DESC  [ RunTime:0.0019s ]
SQL: SHOW COLUMNS FROM `service` [ RunTime:0.0021s ]
SQL: SELECT * FROM `service` WHERE ( serclass=0 ) ORDER BY pubtime DESC  [ RunTime:0.0062s ]
SQL: SELECT * FROM `service` WHERE ( serclass=1 ) ORDER BY pubtime DESC  [ RunTime:0.0043s ]
SQL: SELECT * FROM `service` WHERE ( pos=1 ) LIMIT 1   [ RunTime:0.0021s ]
SQL: SHOW COLUMNS FROM `pagehit` [ RunTime:0.0023s ]
SQL: UPDATE `pagehit` SET `hits`=hits+1 WHERE ( id=1 ) [ RunTime:0.0017s ]
SQL: SELECT `hits` FROM `pagehit` WHERE ( id=1 ) LIMIT 1   [ RunTime:0.0017s ]
SQL: SHOW COLUMNS FROM `user` [ RunTime:0.0021s ]
SQL: SELECT * FROM `user` WHERE ( username='' ) LIMIT 1   [ RunTime:0.0018s ]
INFO: [ view_parse ] --START--
INFO: [ template_filter ] --START--
INFO: Run Behavior\ContentReplaceBehavior [ RunTime:0.000156s ]
INFO: [ template_filter ] --END-- [ RunTime:0.000200s ]
NOTIC: [8] Undefined variable: qq_accesstoken /data/home/bxu2343130042/htdocs/App/Runtime/Cache/Home/00e52909bed743ea261af4b6823297ff.php 第 91 行.
INFO: Run Behavior\ParseTemplateBehavior [ RunTime:0.015506s ]
INFO: [ view_parse ] --END-- [ RunTime:0.015552s ]
INFO: [ view_filter ] --START--
INFO: Run Behavior\WriteHtmlCacheBehavior [ RunTime:0.000193s ]
INFO: [ view_filter ] --END-- [ RunTime:0.000230s ]
INFO: [ app_end ] --START--
INFO: Run Behavior\ShowPageTraceBehavior [ RunTime:0.000510s ]
INFO: [ app_end ] --END-- [ RunTime:0.000553s ]

[ 2019-03-02T08:21:31+08:00 ] 42.236.10.121 /proshow/id/76.html
INFO: [ app_init ] --START--
INFO: Run Behavior\BuildLiteBehavior [ RunTime:0.000015s ]
INFO: [ app_init ] --END-- [ RunTime:0.000091s ]
NOTIC: [2] preg_match(): Unknown modifier 'p' /data/home/bxu2343130042/htdocs/ThinkPHP/Library/Think/Route.class.php 第 58 行.
NOTIC: [2] preg_match(): Unknown modifier 'p' /data/home/bxu2343130042/htdocs/ThinkPHP/Library/Think/Route.class.php 第 58 行.
NOTIC: [2] preg_match(): Unknown modifier 'p' /data/home/bxu2343130042/htdocs/ThinkPHP/Library/Think/Route.class.php 第 58 行.
NOTIC: [2] preg_match(): Unknown modifier 'p' /data/home/bxu2343130042/htdocs/ThinkPHP/Library/Think/Route.class.php 第 58 行.
NOTIC: [2] preg_match(): Unknown modifier 'p' /data/home/bxu2343130042/htdocs/ThinkPHP/Library/Think/Route.class.php 第 58 行.
NOTIC: [2] preg_match(): Unknown modifier 'p' /data/home/bxu2343130042/htdocs/ThinkPHP/Library/Think/Route.class.php 第 58 行.
NOTIC: [2] preg_match(): Unknown modifier 'p' /data/home/bxu2343130042/htdocs/ThinkPHP/Library/Think/Route.class.php 第 58 行.
NOTIC: [2] preg_match(): Unknown modifier 'p' /data/home/bxu2343130042/htdocs/ThinkPHP/Library/Think/Route.class.php 第 58 行.
NOTIC: [2] preg_match(): Unknown modifier 'p' /data/home/bxu2343130042/htdocs/ThinkPHP/Library/Think/Route.class.php 第 58 行.
NOTIC: [2] preg_match(): Unknown modifier 'p' /data/home/bxu2343130042/htdocs/ThinkPHP/Library/Think/Route.class.php 第 58 行.
INFO: [ app_begin ] --START--
INFO: Run Behavior\ReadHtmlCacheBehavior [ RunTime:0.000480s ]
INFO: [ app_begin ] --END-- [ RunTime:0.000524s ]
NOTIC: [2048] Declaration of Home\Controller\IndexController::show() should be compatible with Think\Controller::show($content, $charset = '', $contentType = '', $prefix = '') /data/home/bxu2343130042/htdocs/App/Home/Controller/IndexController.class.php 第 1846 行.
SQL: SHOW COLUMNS FROM `pro` [ RunTime:0.0019s ]
SQL: SELECT * FROM `pro` WHERE ( proid=76 ) LIMIT 1   [ RunTime:0.0013s ]
SQL: SELECT * FROM `pro` WHERE ( proname like '%红木餐台椅%' ) ORDER BY proid DESC LIMIT 3   [ RunTime:0.0013s ]
INFO: [ view_parse ] --START--
INFO: [ template_filter ] --START--
INFO: Run Behavior\ContentReplaceBehavior [ RunTime:0.000067s ]
INFO: [ template_filter ] --END-- [ RunTime:0.000149s ]
INFO: Run Behavior\ParseTemplateBehavior [ RunTime:0.008291s ]
INFO: [ view_parse ] --END-- [ RunTime:0.008340s ]
INFO: [ view_filter ] --START--
INFO: Run Behavior\WriteHtmlCacheBehavior [ RunTime:0.000192s ]
INFO: [ view_filter ] --END-- [ RunTime:0.000254s ]
INFO: [ app_end ] --START--
INFO: Run Behavior\ShowPageTraceBehavior [ RunTime:0.000501s ]
INFO: [ app_end ] --END-- [ RunTime:0.000543s ]

[ 2019-03-02T08:21:31+08:00 ] 42.236.10.107 /proshow/id/57.html
INFO: [ app_init ] --START--
INFO: Run Behavior\BuildLiteBehavior [ RunTime:0.000013s ]
INFO: [ app_init ] --END-- [ RunTime:0.000086s ]
NOTIC: [2] preg_match(): Unknown modifier 'p' /data/home/bxu2343130042/htdocs/ThinkPHP/Library/Think/Route.class.php 第 58 行.
NOTIC: [2] preg_match(): Unknown modifier 'p' /data/home/bxu2343130042/htdocs/ThinkPHP/Library/Think/Route.class.php 第 58 行.
NOTIC: [2] preg_match(): Unknown modifier 'p' /data/home/bxu2343130042/htdocs/ThinkPHP/Library/Think/Route.class.php 第 58 行.
NOTIC: [2] preg_match(): Unknown modifier 'p' /data/home/bxu2343130042/htdocs/ThinkPHP/Library/Think/Route.class.php 第 58 行.
NOTIC: [2] preg_match(): Unknown modifier 'p' /data/home/bxu2343130042/htdocs/ThinkPHP/Library/Think/Route.class.php 第 58 行.
NOTIC: [2] preg_match(): Unknown modifier 'p' /data/home/bxu2343130042/htdocs/ThinkPHP/Library/Think/Route.class.php 第 58 行.
NOTIC: [2] preg_match(): Unknown modifier 'p' /data/home/bxu2343130042/htdocs/ThinkPHP/Library/Think/Route.class.php 第 58 行.
NOTIC: [2] preg_match(): Unknown modifier 'p' /data/home/bxu2343130042/htdocs/ThinkPHP/Library/Think/Route.class.php 第 58 行.
NOTIC: [2] preg_match(): Unknown modifier 'p' /data/home/bxu2343130042/htdocs/ThinkPHP/Library/Think/Route.class.php 第 58 行.
NOTIC: [2] preg_match(): Unknown modifier 'p' /data/home/bxu2343130042/htdocs/ThinkPHP/Library/Think/Route.class.php 第 58 行.
INFO: [ app_begin ] --START--
INFO: Run Behavior\ReadHtmlCacheBehavior [ RunTime:0.000507s ]
INFO: [ app_begin ] --END-- [ RunTime:0.000552s ]
NOTIC: [2048] Declaration of Home\Controller\IndexController::show() should be compatible with Think\Controller::show($content, $charset = '', $contentType = '', $prefix = '') /data/home/bxu2343130042/htdocs/App/Home/Controller/IndexController.class.php 第 1846 行.
SQL: SHOW COLUMNS FROM `pro` [ RunTime:0.0017s ]
SQL: SELECT * FROM `pro` WHERE ( proid=57 ) LIMIT 1   [ RunTime:0.0013s ]
SQL: SELECT * FROM `pro` WHERE ( proname like '%红木餐厅%' ) ORDER BY proid DESC LIMIT 3   [ RunTime:0.0013s ]
INFO: [ view_parse ] --START--
INFO: [ template_filter ] --START--
INFO: Run Behavior\ContentReplaceBehavior [ RunTime:0.000070s ]
INFO: [ template_filter ] --END-- [ RunTime:0.000117s ]
INFO: Run Behavior\ParseTemplateBehavior [ RunTime:0.008071s ]
INFO: [ view_parse ] --END-- [ RunTime:0.008119s ]
INFO: [ view_filter ] --START--
INFO: Run Behavior\WriteHtmlCacheBehavior [ RunTime:0.000187s ]
INFO: [ view_filter ] --END-- [ RunTime:0.000221s ]
INFO: [ app_end ] --START--
INFO: Run Behavior\ShowPageTraceBehavior [ RunTime:0.000514s ]
INFO: [ app_end ] --END-- [ RunTime:0.000560s ]

[ 2019-03-02T08:21:31+08:00 ] 42.236.10.73 /topnewinfo/id/42.html
INFO: [ app_init ] --START--
INFO: Run Behavior\BuildLiteBehavior [ RunTime:0.000015s ]
INFO: [ app_init ] --END-- [ RunTime:0.000096s ]
NOTIC: [2] preg_match(): Unknown modifier 'p' /data/home/bxu2343130042/htdocs/ThinkPHP/Library/Think/Route.class.php 第 58 行.
NOTIC: [2] preg_match(): Unknown modifier 'p' /data/home/bxu2343130042/htdocs/ThinkPHP/Library/Think/Route.class.php 第 58 行.
NOTIC: [2] preg_match(): Unknown modifier 'p' /data/home/bxu2343130042/htdocs/ThinkPHP/Library/Think/Route.class.php 第 58 行.
NOTIC: [2] preg_match(): Unknown modifier 'p' /data/home/bxu2343130042/htdocs/ThinkPHP/Library/Think/Route.class.php 第 58 行.
NOTIC: [2] preg_match(): Unknown modifier 'p' /data/home/bxu2343130042/htdocs/ThinkPHP/Library/Think/Route.class.php 第 58 行.
NOTIC: [2] preg_match(): Unknown modifier 'p' /data/home/bxu2343130042/htdocs/ThinkPHP/Library/Think/Route.class.php 第 58 行.
NOTIC: [2] preg_match(): Unknown modifier 'p' /data/home/bxu2343130042/htdocs/ThinkPHP/Library/Think/Route.class.php 第 58 行.
NOTIC: [2] preg_match(): Unknown modifier 'p' /data/home/bxu2343130042/htdocs/ThinkPHP/Library/Think/Route.class.php 第 58 行.
NOTIC: [2] preg_match(): Unknown modifier 'p' /data/home/bxu2343130042/htdocs/ThinkPHP/Library/Think/Route.class.php 第 58 行.
NOTIC: [2] preg_match(): Unknown modifier 'p' /data/home/bxu2343130042/htdocs/ThinkPHP/Library/Think/Route.class.php 第 58 行.
INFO: [ app_begin ] --START--
INFO: Run Behavior\ReadHtmlCacheBehavior [ RunTime:0.000456s ]
INFO: [ app_begin ] --END-- [ RunTime:0.000499s ]
NOTIC: [2048] Declaration of Home\Controller\IndexController::show() should be compatible with Think\Controller::show($content, $charset = '', $contentType = '', $prefix = '') /data/home/bxu2343130042/htdocs/App/Home/Controller/IndexController.class.php 第 1846 行.
SQL: SHOW COLUMNS FROM `new` [ RunTime:0.0022s ]
SQL: SELECT * FROM `new` WHERE ( newid=42 and newclass=1 ) LIMIT 1   [ RunTime:0.0018s ]
SQL: SELECT * FROM `new` WHERE `newclass` = 0 ORDER BY pubtime DESC  [ RunTime:0.0137s ]
SQL: SHOW COLUMNS FROM `service` [ RunTime:0.0020s ]
SQL: SELECT * FROM `service` WHERE `serclass` = 0 ORDER BY pubtime DESC LIMIT 1   [ RunTime:0.0019s ]
SQL: SELECT * FROM `service` WHERE `serclass` = 1 ORDER BY pubtime DESC LIMIT 1   [ RunTime:0.0018s ]
SQL: SELECT * FROM `new` WHERE ( newid<42 and newclass=1 ) ORDER BY newid desc LIMIT 1   [ RunTime:0.0020s ]
SQL: SELECT * FROM `new` WHERE ( newid>42 and newclass=1 ) ORDER BY newid asc LIMIT 1   [ RunTime:0.0019s ]
INFO: [ view_parse ] --START--
INFO: [ template_filter ] --START--
INFO: Run Behavior\ContentReplaceBehavior [ RunTime:0.000129s ]
INFO: [ template_filter ] --END-- [ RunTime:0.000171s ]
INFO: Run Behavior\ParseTemplateBehavior [ RunTime:0.011489s ]
INFO: [ view_parse ] --END-- [ RunTime:0.011531s ]
INFO: [ view_filter ] --START--
INFO: Run Behavior\WriteHtmlCacheBehavior [ RunTime:0.000187s ]
INFO: [ view_filter ] --END-- [ RunTime:0.000223s ]
INFO: [ app_end ] --START--
INFO: Run Behavior\ShowPageTraceBehavior [ RunTime:0.000545s ]
INFO: [ app_end ] --END-- [ RunTime:0.000590s ]

[ 2019-03-02T08:21:32+08:00 ] 42.236.10.81 /proshow/id/84.html
INFO: [ app_init ] --START--
INFO: Run Behavior\BuildLiteBehavior [ RunTime:0.000014s ]
INFO: [ app_init ] --END-- [ RunTime:0.000089s ]
NOTIC: [2] preg_match(): Unknown modifier 'p' /data/home/bxu2343130042/htdocs/ThinkPHP/Library/Think/Route.class.php 第 58 行.
NOTIC: [2] preg_match(): Unknown modifier 'p' /data/home/bxu2343130042/htdocs/ThinkPHP/Library/Think/Route.class.php 第 58 行.
NOTIC: [2] preg_match(): Unknown modifier 'p' /data/home/bxu2343130042/htdocs/ThinkPHP/Library/Think/Route.class.php 第 58 行.
NOTIC: [2] preg_match(): Unknown modifier 'p' /data/home/bxu2343130042/htdocs/ThinkPHP/Library/Think/Route.class.php 第 58 行.
NOTIC: [2] preg_match(): Unknown modifier 'p' /data/home/bxu2343130042/htdocs/ThinkPHP/Library/Think/Route.class.php 第 58 行.
NOTIC: [2] preg_match(): Unknown modifier 'p' /data/home/bxu2343130042/htdocs/ThinkPHP/Library/Think/Route.class.php 第 58 行.
NOTIC: [2] preg_match(): Unknown modifier 'p' /data/home/bxu2343130042/htdocs/ThinkPHP/Library/Think/Route.class.php 第 58 行.
NOTIC: [2] preg_match(): Unknown modifier 'p' /data/home/bxu2343130042/htdocs/ThinkPHP/Library/Think/Route.class.php 第 58 行.
NOTIC: [2] preg_match(): Unknown modifier 'p' /data/home/bxu2343130042/htdocs/ThinkPHP/Library/Think/Route.class.php 第 58 行.
NOTIC: [2] preg_match(): Unknown modifier 'p' /data/home/bxu2343130042/htdocs/ThinkPHP/Library/Think/Route.class.php 第 58 行.
INFO: [ app_begin ] --START--
INFO: Run Behavior\ReadHtmlCacheBehavior [ RunTime:0.000486s ]
INFO: [ app_begin ] --END-- [ RunTime:0.000529s ]
NOTIC: [2048] Declaration of Home\Controller\IndexController::show() should be compatible with Think\Controller::show($content, $charset = '', $contentType = '', $prefix = '') /data/home/bxu2343130042/htdocs/App/Home/Controller/IndexController.class.php 第 1846 行.
SQL: SHOW COLUMNS FROM `pro` [ RunTime:0.0015s ]
SQL: SELECT * FROM `pro` WHERE ( proid=84 ) LIMIT 1   [ RunTime:0.0013s ]
SQL: SELECT * FROM `pro` WHERE ( proname like '%红木茶台%' ) ORDER BY proid DESC LIMIT 3   [ RunTime:0.0013s ]
INFO: [ view_parse ] --START--
INFO: [ template_filter ] --START--
INFO: Run Behavior\ContentReplaceBehavior [ RunTime:0.000066s ]
INFO: [ template_filter ] --END-- [ RunTime:0.000117s ]
INFO: Run Behavior\ParseTemplateBehavior [ RunTime:0.008159s ]
INFO: [ view_parse ] --END-- [ RunTime:0.008207s ]
INFO: [ view_filter ] --START--
INFO: Run Behavior\WriteHtmlCacheBehavior [ RunTime:0.000219s ]
INFO: [ view_filter ] --END-- [ RunTime:0.000254s ]
INFO: [ app_end ] --START--
INFO: Run Behavior\ShowPageTraceBehavior [ RunTime:0.000501s ]
INFO: [ app_end ] --END-- [ RunTime:0.000543s ]

[ 2019-03-02T08:52:16+08:00 ] 106.11.154.74 /topnewinfo/id/16.html
INFO: [ app_init ] --START--
INFO: Run Behavior\BuildLiteBehavior [ RunTime:0.000017s ]
INFO: [ app_init ] --END-- [ RunTime:0.000104s ]
NOTIC: [2] preg_match(): Unknown modifier 'p' /data/home/bxu2343130042/htdocs/ThinkPHP/Library/Think/Route.class.php 第 58 行.
NOTIC: [2] preg_match(): Unknown modifier 'p' /data/home/bxu2343130042/htdocs/ThinkPHP/Library/Think/Route.class.php 第 58 行.
NOTIC: [2] preg_match(): Unknown modifier 'p' /data/home/bxu2343130042/htdocs/ThinkPHP/Library/Think/Route.class.php 第 58 行.
NOTIC: [2] preg_match(): Unknown modifier 'p' /data/home/bxu2343130042/htdocs/ThinkPHP/Library/Think/Route.class.php 第 58 行.
NOTIC: [2] preg_match(): Unknown modifier 'p' /data/home/bxu2343130042/htdocs/ThinkPHP/Library/Think/Route.class.php 第 58 行.
NOTIC: [2] preg_match(): Unknown modifier 'p' /data/home/bxu2343130042/htdocs/ThinkPHP/Library/Think/Route.class.php 第 58 行.
NOTIC: [2] preg_match(): Unknown modifier 'p' /data/home/bxu2343130042/htdocs/ThinkPHP/Library/Think/Route.class.php 第 58 行.
NOTIC: [2] preg_match(): Unknown modifier 'p' /data/home/bxu2343130042/htdocs/ThinkPHP/Library/Think/Route.class.php 第 58 行.
NOTIC: [2] preg_match(): Unknown modifier 'p' /data/home/bxu2343130042/htdocs/ThinkPHP/Library/Think/Route.class.php 第 58 行.
NOTIC: [2] preg_match(): Unknown modifier 'p' /data/home/bxu2343130042/htdocs/ThinkPHP/Library/Think/Route.class.php 第 58 行.
INFO: [ app_begin ] --START--
INFO: Run Behavior\ReadHtmlCacheBehavior [ RunTime:0.000453s ]
INFO: [ app_begin ] --END-- [ RunTime:0.000525s ]
NOTIC: [2048] Declaration of Home\Controller\IndexController::show() should be compatible with Think\Controller::show($content, $charset = '', $contentType = '', $prefix = '') /data/home/bxu2343130042/htdocs/App/Home/Controller/IndexController.class.php 第 1846 行.
SQL: SHOW COLUMNS FROM `new` [ RunTime:0.0017s ]
SQL: SELECT * FROM `new` WHERE ( newid=16 and newclass=1 ) LIMIT 1   [ RunTime:0.0015s ]
SQL: SELECT * FROM `new` WHERE `newclass` = 0 ORDER BY pubtime DESC  [ RunTime:0.0109s ]
SQL: SHOW COLUMNS FROM `service` [ RunTime:0.0018s ]
SQL: SELECT * FROM `service` WHERE `serclass` = 0 ORDER BY pubtime DESC LIMIT 1   [ RunTime:0.0016s ]
SQL: SELECT * FROM `service` WHERE `serclass` = 1 ORDER BY pubtime DESC LIMIT 1   [ RunTime:0.0015s ]
SQL: SELECT * FROM `new` WHERE ( newid<16 and newclass=1 ) ORDER BY newid desc LIMIT 1   [ RunTime:0.0013s ]
SQL: SELECT * FROM `new` WHERE ( newid>16 and newclass=1 ) ORDER BY newid asc LIMIT 1   [ RunTime:0.0015s ]
INFO: [ view_parse ] --START--
INFO: [ template_filter ] --START--
INFO: Run Behavior\ContentReplaceBehavior [ RunTime:0.000141s ]
INFO: [ template_filter ] --END-- [ RunTime:0.000188s ]
INFO: Run Behavior\ParseTemplateBehavior [ RunTime:0.011464s ]
INFO: [ view_parse ] --END-- [ RunTime:0.011507s ]
INFO: [ view_filter ] --START--
INFO: Run Behavior\WriteHtmlCacheBehavior [ RunTime:0.000215s ]
INFO: [ view_filter ] --END-- [ RunTime:0.000253s ]
INFO: [ app_end ] --START--
INFO: Run Behavior\ShowPageTraceBehavior [ RunTime:0.000522s ]
INFO: [ app_end ] --END-- [ RunTime:0.000580s ]

[ 2019-03-02T09:18:26+08:00 ] 120.79.184.41 /wp-login.php
INFO: [ app_init ] --START--
INFO: Run Behavior\BuildLiteBehavior [ RunTime:0.000014s ]
INFO: [ app_init ] --END-- [ RunTime:0.000090s ]
NOTIC: [2] preg_match(): Unknown modifier 'p' /data/home/bxu2343130042/htdocs/ThinkPHP/Library/Think/Route.class.php 第 58 行.
NOTIC: [2] preg_match(): Unknown modifier 'p' /data/home/bxu2343130042/htdocs/ThinkPHP/Library/Think/Route.class.php 第 58 行.
NOTIC: [2] preg_match(): Unknown modifier 'p' /data/home/bxu2343130042/htdocs/ThinkPHP/Library/Think/Route.class.php 第 58 行.
NOTIC: [2] preg_match(): Unknown modifier 'p' /data/home/bxu2343130042/htdocs/ThinkPHP/Library/Think/Route.class.php 第 58 行.
NOTIC: [2] preg_match(): Unknown modifier 'p' /data/home/bxu2343130042/htdocs/ThinkPHP/Library/Think/Route.class.php 第 58 行.
NOTIC: [2] preg_match(): Unknown modifier 'p' /data/home/bxu2343130042/htdocs/ThinkPHP/Library/Think/Route.class.php 第 58 行.
NOTIC: [2] preg_match(): Unknown modifier 'p' /data/home/bxu2343130042/htdocs/ThinkPHP/Library/Think/Route.class.php 第 58 行.
NOTIC: [2] preg_match(): Unknown modifier 'p' /data/home/bxu2343130042/htdocs/ThinkPHP/Library/Think/Route.class.php 第 58 行.
NOTIC: [2] preg_match(): Unknown modifier 'p' /data/home/bxu2343130042/htdocs/ThinkPHP/Library/Think/Route.class.php 第 58 行.
NOTIC: [2] preg_match(): Unknown modifier 'p' /data/home/bxu2343130042/htdocs/ThinkPHP/Library/Think/Route.class.php 第 58 行.
INFO: [ app_begin ] --START--
INFO: Run Behavior\ReadHtmlCacheBehavior [ RunTime:0.000479s ]
INFO: [ app_begin ] --END-- [ RunTime:0.000525s ]
NOTIC: [2048] Declaration of Home\Controller\IndexController::show() should be compatible with Think\Controller::show($content, $charset = '', $contentType = '', $prefix = '') /data/home/bxu2343130042/htdocs/App/Home/Controller/IndexController.class.php 第 1846 行.

[ 2019-03-02T10:03:23+08:00 ] 139.224.11.233 /
INFO: [ app_init ] --START--
INFO: Run Behavior\BuildLiteBehavior [ RunTime:0.000018s ]
INFO: [ app_init ] --END-- [ RunTime:0.000115s ]
INFO: [ app_begin ] --START--
INFO: Run Behavior\ReadHtmlCacheBehavior [ RunTime:0.000453s ]
INFO: [ app_begin ] --END-- [ RunTime:0.000497s ]
NOTIC: [2048] Declaration of Home\Controller\IndexController::show() should be compatible with Think\Controller::show($content, $charset = '', $contentType = '', $prefix = '') /data/home/bxu2343130042/htdocs/App/Home/Controller/IndexController.class.php 第 1846 行.
SQL: SHOW COLUMNS FROM `new` [ RunTime:0.0019s ]
SQL: SELECT * FROM `new` WHERE ( newclass=1 ) ORDER BY pubtime DESC LIMIT 1   [ RunTime:0.0017s ]
SQL: SELECT * FROM `new` WHERE ( newclass=0 ) ORDER BY pubtime DESC  [ RunTime:0.0123s ]
SQL: SELECT * FROM `new` WHERE `newclass` = 0 AND `pos` = 1 ORDER BY newid DESC LIMIT 1   [ RunTime:0.0015s ]
SQL: SHOW COLUMNS FROM `video` [ RunTime:0.0017s ]
SQL: SELECT * FROM `video` WHERE ( choice=1 ) ORDER BY pubtime DESC LIMIT 1   [ RunTime:0.0018s ]
SQL: SHOW COLUMNS FROM `pro` [ RunTime:0.0017s ]
SQL: SELECT * FROM `pro` WHERE ( choice=1 ) ORDER BY proid DESC  [ RunTime:0.0014s ]
SQL: SHOW COLUMNS FROM `service` [ RunTime:0.0016s ]
SQL: SELECT * FROM `service` WHERE ( serclass=0 ) ORDER BY pubtime DESC  [ RunTime:0.0064s ]
SQL: SELECT * FROM `service` WHERE ( serclass=1 ) ORDER BY pubtime DESC  [ RunTime:0.0034s ]
SQL: SELECT * FROM `service` WHERE ( pos=1 ) LIMIT 1   [ RunTime:0.0016s ]
SQL: SHOW COLUMNS FROM `pagehit` [ RunTime:0.0017s ]
SQL: UPDATE `pagehit` SET `hits`=hits+1 WHERE ( id=1 ) [ RunTime:0.0014s ]
SQL: SELECT `hits` FROM `pagehit` WHERE ( id=1 ) LIMIT 1   [ RunTime:0.0013s ]
SQL: SHOW COLUMNS FROM `user` [ RunTime:0.0019s ]
SQL: SELECT * FROM `user` WHERE ( username='' ) LIMIT 1   [ RunTime:0.0020s ]
INFO: [ view_parse ] --START--
INFO: [ template_filter ] --START--
INFO: Run Behavior\ContentReplaceBehavior [ RunTime:0.000170s ]
INFO: [ template_filter ] --END-- [ RunTime:0.000243s ]
NOTIC: [8] Undefined variable: qq_accesstoken /data/home/bxu2343130042/htdocs/App/Runtime/Cache/Home/00e52909bed743ea261af4b6823297ff.php 第 91 行.
INFO: Run Behavior\ParseTemplateBehavior [ RunTime:0.016358s ]
INFO: [ view_parse ] --END-- [ RunTime:0.016402s ]
INFO: [ view_filter ] --START--
INFO: Run Behavior\WriteHtmlCacheBehavior [ RunTime:0.000249s ]
INFO: [ view_filter ] --END-- [ RunTime:0.000290s ]
INFO: [ app_end ] --START--
INFO: Run Behavior\ShowPageTraceBehavior [ RunTime:0.000583s ]
INFO: [ app_end ] --END-- [ RunTime:0.000627s ]

[ 2019-03-02T10:09:32+08:00 ] 39.107.126.72 /
INFO: [ app_init ] --START--
INFO: Run Behavior\BuildLiteBehavior [ RunTime:0.000015s ]
INFO: [ app_init ] --END-- [ RunTime:0.000096s ]
INFO: [ app_begin ] --START--
INFO: Run Behavior\ReadHtmlCacheBehavior [ RunTime:0.000499s ]
INFO: [ app_begin ] --END-- [ RunTime:0.000545s ]
NOTIC: [2048] Declaration of Home\Controller\IndexController::show() should be compatible with Think\Controller::show($content, $charset = '', $contentType = '', $prefix = '') /data/home/bxu2343130042/htdocs/App/Home/Controller/IndexController.class.php 第 1846 行.
SQL: SHOW COLUMNS FROM `new` [ RunTime:0.0018s ]
SQL: SELECT * FROM `new` WHERE ( newclass=1 ) ORDER BY pubtime DESC LIMIT 1   [ RunTime:0.0017s ]
SQL: SELECT * FROM `new` WHERE ( newclass=0 ) ORDER BY pubtime DESC  [ RunTime:0.0104s ]
SQL: SELECT * FROM `new` WHERE `newclass` = 0 AND `pos` = 1 ORDER BY newid DESC LIMIT 1   [ RunTime:0.0015s ]
SQL: SHOW COLUMNS FROM `video` [ RunTime:0.0016s ]
SQL: SELECT * FROM `video` WHERE ( choice=1 ) ORDER BY pubtime DESC LIMIT 1   [ RunTime:0.0017s ]
SQL: SHOW COLUMNS FROM `pro` [ RunTime:0.0015s ]
SQL: SELECT * FROM `pro` WHERE ( choice=1 ) ORDER BY proid DESC  [ RunTime:0.0013s ]
SQL: SHOW COLUMNS FROM `service` [ RunTime:0.0016s ]
SQL: SELECT * FROM `service` WHERE ( serclass=0 ) ORDER BY pubtime DESC  [ RunTime:0.0062s ]
SQL: SELECT * FROM `service` WHERE ( serclass=1 ) ORDER BY pubtime DESC  [ RunTime:0.0033s ]
SQL: SELECT * FROM `service` WHERE ( pos=1 ) LIMIT 1   [ RunTime:0.0015s ]
SQL: SHOW COLUMNS FROM `pagehit` [ RunTime:0.0016s ]
SQL: UPDATE `pagehit` SET `hits`=hits+1 WHERE ( id=1 ) [ RunTime:0.0012s ]
SQL: SELECT `hits` FROM `pagehit` WHERE ( id=1 ) LIMIT 1   [ RunTime:0.0012s ]
SQL: SHOW COLUMNS FROM `user` [ RunTime:0.0017s ]
SQL: SELECT * FROM `user` WHERE ( username='' ) LIMIT 1   [ RunTime:0.0012s ]
INFO: [ view_parse ] --START--
INFO: [ template_filter ] --START--
INFO: Run Behavior\ContentReplaceBehavior [ RunTime:0.000187s ]
INFO: [ template_filter ] --END-- [ RunTime:0.000229s ]
NOTIC: [8] Undefined variable: qq_accesstoken /data/home/bxu2343130042/htdocs/App/Runtime/Cache/Home/00e52909bed743ea261af4b6823297ff.php 第 91 行.
INFO: Run Behavior\ParseTemplateBehavior [ RunTime:0.015478s ]
INFO: [ view_parse ] --END-- [ RunTime:0.015520s ]
INFO: [ view_filter ] --START--
INFO: Run Behavior\WriteHtmlCacheBehavior [ RunTime:0.000193s ]
INFO: [ view_filter ] --END-- [ RunTime:0.000230s ]
INFO: [ app_end ] --START--
INFO: Run Behavior\ShowPageTraceBehavior [ RunTime:0.000505s ]
INFO: [ app_end ] --END-- [ RunTime:0.000548s ]

[ 2019-03-02T11:12:37+08:00 ] 134.209.36.44 /
INFO: [ app_init ] --START--
INFO: Run Behavior\BuildLiteBehavior [ RunTime:0.000020s ]
INFO: [ app_init ] --END-- [ RunTime:0.000117s ]
INFO: [ app_begin ] --START--
INFO: Run Behavior\ReadHtmlCacheBehavior [ RunTime:0.000452s ]
INFO: [ app_begin ] --END-- [ RunTime:0.000497s ]
NOTIC: [2048] Declaration of Home\Controller\IndexController::show() should be compatible with Think\Controller::show($content, $charset = '', $contentType = '', $prefix = '') /data/home/bxu2343130042/htdocs/App/Home/Controller/IndexController.class.php 第 1846 行.
SQL: SHOW COLUMNS FROM `new` [ RunTime:0.0018s ]
SQL: SELECT * FROM `new` WHERE ( newclass=1 ) ORDER BY pubtime DESC LIMIT 1   [ RunTime:0.0017s ]
SQL: SELECT * FROM `new` WHERE ( newclass=0 ) ORDER BY pubtime DESC  [ RunTime:0.0095s ]
SQL: SELECT * FROM `new` WHERE `newclass` = 0 AND `pos` = 1 ORDER BY newid DESC LIMIT 1   [ RunTime:0.0013s ]
SQL: SHOW COLUMNS FROM `video` [ RunTime:0.0016s ]
SQL: SELECT * FROM `video` WHERE ( choice=1 ) ORDER BY pubtime DESC LIMIT 1   [ RunTime:0.0017s ]
SQL: SHOW COLUMNS FROM `pro` [ RunTime:0.0014s ]
SQL: SELECT * FROM `pro` WHERE ( choice=1 ) ORDER BY proid DESC  [ RunTime:0.0013s ]
SQL: SHOW COLUMNS FROM `service` [ RunTime:0.0017s ]
SQL: SELECT * FROM `service` WHERE ( serclass=0 ) ORDER BY pubtime DESC  [ RunTime:0.0045s ]
SQL: SELECT * FROM `service` WHERE ( serclass=1 ) ORDER BY pubtime DESC  [ RunTime:0.0033s ]
SQL: SELECT * FROM `service` WHERE ( pos=1 ) LIMIT 1   [ RunTime:0.0014s ]
SQL: SHOW COLUMNS FROM `pagehit` [ RunTime:0.0055s ]
SQL: UPDATE `pagehit` SET `hits`=hits+1 WHERE ( id=1 ) [ RunTime:0.0012s ]
SQL: SELECT `hits` FROM `pagehit` WHERE ( id=1 ) LIMIT 1   [ RunTime:0.0012s ]
SQL: SHOW COLUMNS FROM `user` [ RunTime:0.0016s ]
SQL: SELECT * FROM `user` WHERE ( username='' ) LIMIT 1   [ RunTime:0.0012s ]
INFO: [ view_parse ] --START--
INFO: [ template_filter ] --START--
INFO: Run Behavior\ContentReplaceBehavior [ RunTime:0.000164s ]
INFO: [ template_filter ] --END-- [ RunTime:0.000226s ]
NOTIC: [8] Undefined variable: qq_accesstoken /data/home/bxu2343130042/htdocs/App/Runtime/Cache/Home/00e52909bed743ea261af4b6823297ff.php 第 91 行.
INFO: Run Behavior\ParseTemplateBehavior [ RunTime:0.015987s ]
INFO: [ view_parse ] --END-- [ RunTime:0.016045s ]
INFO: [ view_filter ] --START--
INFO: Run Behavior\WriteHtmlCacheBehavior [ RunTime:0.000435s ]
INFO: [ view_filter ] --END-- [ RunTime:0.000476s ]
INFO: [ app_end ] --START--
INFO: Run Behavior\ShowPageTraceBehavior [ RunTime:0.000530s ]
INFO: [ app_end ] --END-- [ RunTime:0.000576s ]

[ 2019-03-02T11:51:37+08:00 ] 220.181.108.78 /new1_1.html
INFO: [ app_init ] --START--
INFO: Run Behavior\BuildLiteBehavior [ RunTime:0.000015s ]
INFO: [ app_init ] --END-- [ RunTime:0.000096s ]
NOTIC: [2] preg_match(): Unknown modifier 'p' /data/home/bxu2343130042/htdocs/ThinkPHP/Library/Think/Route.class.php 第 58 行.
NOTIC: [2] preg_match(): Unknown modifier 'p' /data/home/bxu2343130042/htdocs/ThinkPHP/Library/Think/Route.class.php 第 58 行.
NOTIC: [2] preg_match(): Unknown modifier 'p' /data/home/bxu2343130042/htdocs/ThinkPHP/Library/Think/Route.class.php 第 58 行.
NOTIC: [2] preg_match(): Unknown modifier 'p' /data/home/bxu2343130042/htdocs/ThinkPHP/Library/Think/Route.class.php 第 58 行.
NOTIC: [2] preg_match(): Unknown modifier 'p' /data/home/bxu2343130042/htdocs/ThinkPHP/Library/Think/Route.class.php 第 58 行.
NOTIC: [2] preg_match(): Unknown modifier 'p' /data/home/bxu2343130042/htdocs/ThinkPHP/Library/Think/Route.class.php 第 58 行.
NOTIC: [2] preg_match(): Unknown modifier 'p' /data/home/bxu2343130042/htdocs/ThinkPHP/Library/Think/Route.class.php 第 58 行.
NOTIC: [2] preg_match(): Unknown modifier 'p' /data/home/bxu2343130042/htdocs/ThinkPHP/Library/Think/Route.class.php 第 58 行.
NOTIC: [2] preg_match(): Unknown modifier 'p' /data/home/bxu2343130042/htdocs/ThinkPHP/Library/Think/Route.class.php 第 58 行.
NOTIC: [2] preg_match(): Unknown modifier 'p' /data/home/bxu2343130042/htdocs/ThinkPHP/Library/Think/Route.class.php 第 58 行.
INFO: [ app_begin ] --START--
INFO: Run Behavior\ReadHtmlCacheBehavior [ RunTime:0.000487s ]
INFO: [ app_begin ] --END-- [ RunTime:0.000531s ]
NOTIC: [2048] Declaration of Home\Controller\IndexController::show() should be compatible with Think\Controller::show($content, $charset = '', $contentType = '', $prefix = '') /data/home/bxu2343130042/htdocs/App/Home/Controller/IndexController.class.php 第 1846 行.
INFO: [ view_parse ] --START--
INFO: [ template_filter ] --START--
INFO: Run Behavior\ContentReplaceBehavior [ RunTime:0.000119s ]
INFO: [ template_filter ] --END-- [ RunTime:0.000167s ]
INFO: Run Behavior\ParseTemplateBehavior [ RunTime:0.007448s ]
INFO: [ view_parse ] --END-- [ RunTime:0.007495s ]
INFO: [ view_filter ] --START--
INFO: Run Behavior\WriteHtmlCacheBehavior [ RunTime:0.000207s ]
INFO: [ view_filter ] --END-- [ RunTime:0.000240s ]
INFO: [ app_end ] --START--
INFO: Run Behavior\ShowPageTraceBehavior [ RunTime:0.000529s ]
INFO: [ app_end ] --END-- [ RunTime:0.000576s ]

[ 2019-03-02T11:55:18+08:00 ] 203.208.60.24 /newsinfo/id/82.html
INFO: [ app_init ] --START--
INFO: Run Behavior\BuildLiteBehavior [ RunTime:0.000014s ]
INFO: [ app_init ] --END-- [ RunTime:0.000091s ]
NOTIC: [2] preg_match(): Unknown modifier 'p' /data/home/bxu2343130042/htdocs/ThinkPHP/Library/Think/Route.class.php 第 58 行.
NOTIC: [2] preg_match(): Unknown modifier 'p' /data/home/bxu2343130042/htdocs/ThinkPHP/Library/Think/Route.class.php 第 58 行.
NOTIC: [2] preg_match(): Unknown modifier 'p' /data/home/bxu2343130042/htdocs/ThinkPHP/Library/Think/Route.class.php 第 58 行.
NOTIC: [2] preg_match(): Unknown modifier 'p' /data/home/bxu2343130042/htdocs/ThinkPHP/Library/Think/Route.class.php 第 58 行.
NOTIC: [2] preg_match(): Unknown modifier 'p' /data/home/bxu2343130042/htdocs/ThinkPHP/Library/Think/Route.class.php 第 58 行.
NOTIC: [2] preg_match(): Unknown modifier 'p' /data/home/bxu2343130042/htdocs/ThinkPHP/Library/Think/Route.class.php 第 58 行.
NOTIC: [2] preg_match(): Unknown modifier 'p' /data/home/bxu2343130042/htdocs/ThinkPHP/Library/Think/Route.class.php 第 58 行.
NOTIC: [2] preg_match(): Unknown modifier 'p' /data/home/bxu2343130042/htdocs/ThinkPHP/Library/Think/Route.class.php 第 58 行.
NOTIC: [2] preg_match(): Unknown modifier 'p' /data/home/bxu2343130042/htdocs/ThinkPHP/Library/Think/Route.class.php 第 58 行.
NOTIC: [2] preg_match(): Unknown modifier 'p' /data/home/bxu2343130042/htdocs/ThinkPHP/Library/Think/Route.class.php 第 58 行.
INFO: [ app_begin ] --START--
INFO: Run Behavior\ReadHtmlCacheBehavior [ RunTime:0.000452s ]
INFO: [ app_begin ] --END-- [ RunTime:0.000495s ]
NOTIC: [2048] Declaration of Home\Controller\IndexController::show() should be compatible with Think\Controller::show($content, $charset = '', $contentType = '', $prefix = '') /data/home/bxu2343130042/htdocs/App/Home/Controller/IndexController.class.php 第 1846 行.
SQL: SHOW COLUMNS FROM `new` [ RunTime:0.0023s ]
SQL: SELECT * FROM `new` WHERE ( newid=82 and newclass=0 ) LIMIT 1   [ RunTime:0.0017s ]
SQL: SELECT * FROM `new` WHERE `newclass` = 1 ORDER BY pubtime DESC  [ RunTime:0.0080s ]
SQL: SHOW COLUMNS FROM `service` [ RunTime:0.0021s ]
SQL: SELECT * FROM `service` WHERE `serclass` = 0 ORDER BY pubtime DESC LIMIT 1   [ RunTime:0.0022s ]
SQL: SELECT * FROM `service` WHERE `serclass` = 1 ORDER BY pubtime DESC LIMIT 1   [ RunTime:0.0017s ]
SQL: SELECT * FROM `new` WHERE ( newid<82 and newclass=0 ) ORDER BY newid desc LIMIT 1   [ RunTime:0.0018s ]
SQL: SELECT * FROM `new` WHERE ( newid>82 and newclass=0 ) ORDER BY newid asc LIMIT 1   [ RunTime:0.0016s ]
INFO: [ view_parse ] --START--
INFO: [ template_filter ] --START--
INFO: Run Behavior\ContentReplaceBehavior [ RunTime:0.000145s ]
INFO: [ template_filter ] --END-- [ RunTime:0.000216s ]
INFO: Run Behavior\ParseTemplateBehavior [ RunTime:0.011864s ]
INFO: [ view_parse ] --END-- [ RunTime:0.011911s ]
INFO: [ view_filter ] --START--
INFO: Run Behavior\WriteHtmlCacheBehavior [ RunTime:0.000190s ]
INFO: [ view_filter ] --END-- [ RunTime:0.000228s ]
INFO: [ app_end ] --START--
INFO: Run Behavior\ShowPageTraceBehavior [ RunTime:0.000468s ]
INFO: [ app_end ] --END-- [ RunTime:0.000561s ]

[ 2019-03-02T12:46:15+08:00 ] 106.11.155.43 /newsinfo/id/25.html
INFO: [ app_init ] --START--
INFO: Run Behavior\BuildLiteBehavior [ RunTime:0.000017s ]
INFO: [ app_init ] --END-- [ RunTime:0.000102s ]
NOTIC: [2] preg_match(): Unknown modifier 'p' /data/home/bxu2343130042/htdocs/ThinkPHP/Library/Think/Route.class.php 第 58 行.
NOTIC: [2] preg_match(): Unknown modifier 'p' /data/home/bxu2343130042/htdocs/ThinkPHP/Library/Think/Route.class.php 第 58 行.
NOTIC: [2] preg_match(): Unknown modifier 'p' /data/home/bxu2343130042/htdocs/ThinkPHP/Library/Think/Route.class.php 第 58 行.
NOTIC: [2] preg_match(): Unknown modifier 'p' /data/home/bxu2343130042/htdocs/ThinkPHP/Library/Think/Route.class.php 第 58 行.
NOTIC: [2] preg_match(): Unknown modifier 'p' /data/home/bxu2343130042/htdocs/ThinkPHP/Library/Think/Route.class.php 第 58 行.
NOTIC: [2] preg_match(): Unknown modifier 'p' /data/home/bxu2343130042/htdocs/ThinkPHP/Library/Think/Route.class.php 第 58 行.
NOTIC: [2] preg_match(): Unknown modifier 'p' /data/home/bxu2343130042/htdocs/ThinkPHP/Library/Think/Route.class.php 第 58 行.
NOTIC: [2] preg_match(): Unknown modifier 'p' /data/home/bxu2343130042/htdocs/ThinkPHP/Library/Think/Route.class.php 第 58 行.
NOTIC: [2] preg_match(): Unknown modifier 'p' /data/home/bxu2343130042/htdocs/ThinkPHP/Library/Think/Route.class.php 第 58 行.
NOTIC: [2] preg_match(): Unknown modifier 'p' /data/home/bxu2343130042/htdocs/ThinkPHP/Library/Think/Route.class.php 第 58 行.
INFO: [ app_begin ] --START--
INFO: Run Behavior\ReadHtmlCacheBehavior [ RunTime:0.000461s ]
INFO: [ app_begin ] --END-- [ RunTime:0.000511s ]
NOTIC: [2048] Declaration of Home\Controller\IndexController::show() should be compatible with Think\Controller::show($content, $charset = '', $contentType = '', $prefix = '') /data/home/bxu2343130042/htdocs/App/Home/Controller/IndexController.class.php 第 1846 行.
SQL: SHOW COLUMNS FROM `new` [ RunTime:0.0023s ]
SQL: SELECT * FROM `new` WHERE ( newid=25 and newclass=0 ) LIMIT 1   [ RunTime:0.0029s ]
SQL: SELECT * FROM `new` WHERE `newclass` = 1 ORDER BY pubtime DESC  [ RunTime:0.0063s ]
SQL: SHOW COLUMNS FROM `service` [ RunTime:0.0017s ]
SQL: SELECT * FROM `service` WHERE `serclass` = 0 ORDER BY pubtime DESC LIMIT 1   [ RunTime:0.0018s ]
SQL: SELECT * FROM `service` WHERE `serclass` = 1 ORDER BY pubtime DESC LIMIT 1   [ RunTime:0.0015s ]
SQL: SELECT * FROM `new` WHERE ( newid<25 and newclass=0 ) ORDER BY newid desc LIMIT 1   [ RunTime:0.0014s ]
SQL: SELECT * FROM `new` WHERE ( newid>25 and newclass=0 ) ORDER BY newid asc LIMIT 1   [ RunTime:0.0015s ]
INFO: [ view_parse ] --START--
INFO: [ template_filter ] --START--
INFO: Run Behavior\ContentReplaceBehavior [ RunTime:0.000142s ]
INFO: [ template_filter ] --END-- [ RunTime:0.000183s ]
INFO: Run Behavior\ParseTemplateBehavior [ RunTime:0.011459s ]
INFO: [ view_parse ] --END-- [ RunTime:0.011506s ]
INFO: [ view_filter ] --START--
INFO: Run Behavior\WriteHtmlCacheBehavior [ RunTime:0.000193s ]
INFO: [ view_filter ] --END-- [ RunTime:0.000229s ]
INFO: [ app_end ] --START--
INFO: Run Behavior\ShowPageTraceBehavior [ RunTime:0.000466s ]
INFO: [ app_end ] --END-- [ RunTime:0.000539s ]

[ 2019-03-02T14:11:18+08:00 ] 139.224.116.230 /choose/info.asp?newid=6
INFO: [ app_init ] --START--
INFO: Run Behavior\BuildLiteBehavior [ RunTime:0.000015s ]
INFO: [ app_init ] --END-- [ RunTime:0.000098s ]
NOTIC: [2] preg_match(): Unknown modifier 'p' /data/home/bxu2343130042/htdocs/ThinkPHP/Library/Think/Route.class.php 第 58 行.
NOTIC: [2] preg_match(): Unknown modifier 'p' /data/home/bxu2343130042/htdocs/ThinkPHP/Library/Think/Route.class.php 第 58 行.
NOTIC: [2] preg_match(): Unknown modifier 'p' /data/home/bxu2343130042/htdocs/ThinkPHP/Library/Think/Route.class.php 第 58 行.
NOTIC: [2] preg_match(): Unknown modifier 'p' /data/home/bxu2343130042/htdocs/ThinkPHP/Library/Think/Route.class.php 第 58 行.
NOTIC: [2] preg_match(): Unknown modifier 'p' /data/home/bxu2343130042/htdocs/ThinkPHP/Library/Think/Route.class.php 第 58 行.
NOTIC: [2] preg_match(): Unknown modifier 'p' /data/home/bxu2343130042/htdocs/ThinkPHP/Library/Think/Route.class.php 第 58 行.
NOTIC: [2] preg_match(): Unknown modifier 'p' /data/home/bxu2343130042/htdocs/ThinkPHP/Library/Think/Route.class.php 第 58 行.
NOTIC: [2] preg_match(): Unknown modifier 'p' /data/home/bxu2343130042/htdocs/ThinkPHP/Library/Think/Route.class.php 第 58 行.
NOTIC: [2] preg_match(): Unknown modifier 'p' /data/home/bxu2343130042/htdocs/ThinkPHP/Library/Think/Route.class.php 第 58 行.
NOTIC: [2] preg_match(): Unknown modifier 'p' /data/home/bxu2343130042/htdocs/ThinkPHP/Library/Think/Route.class.php 第 58 行.
INFO: [ app_begin ] --START--
INFO: Run Behavior\ReadHtmlCacheBehavior [ RunTime:0.000489s ]
INFO: [ app_begin ] --END-- [ RunTime:0.000538s ]
NOTIC: [2048] Declaration of Home\Controller\IndexController::show() should be compatible with Think\Controller::show($content, $charset = '', $contentType = '', $prefix = '') /data/home/bxu2343130042/htdocs/App/Home/Controller/IndexController.class.php 第 1846 行.

[ 2019-03-02T15:13:00+08:00 ] 47.92.124.187 /topnewinfo/id/39.html
INFO: [ app_init ] --START--
INFO: Run Behavior\BuildLiteBehavior [ RunTime:0.000019s ]
INFO: [ app_init ] --END-- [ RunTime:0.000113s ]
NOTIC: [2] preg_match(): Unknown modifier 'p' /data/home/bxu2343130042/htdocs/ThinkPHP/Library/Think/Route.class.php 第 58 行.
NOTIC: [2] preg_match(): Unknown modifier 'p' /data/home/bxu2343130042/htdocs/ThinkPHP/Library/Think/Route.class.php 第 58 行.
NOTIC: [2] preg_match(): Unknown modifier 'p' /data/home/bxu2343130042/htdocs/ThinkPHP/Library/Think/Route.class.php 第 58 行.
NOTIC: [2] preg_match(): Unknown modifier 'p' /data/home/bxu2343130042/htdocs/ThinkPHP/Library/Think/Route.class.php 第 58 行.
NOTIC: [2] preg_match(): Unknown modifier 'p' /data/home/bxu2343130042/htdocs/ThinkPHP/Library/Think/Route.class.php 第 58 行.
NOTIC: [2] preg_match(): Unknown modifier 'p' /data/home/bxu2343130042/htdocs/ThinkPHP/Library/Think/Route.class.php 第 58 行.
NOTIC: [2] preg_match(): Unknown modifier 'p' /data/home/bxu2343130042/htdocs/ThinkPHP/Library/Think/Route.class.php 第 58 行.
NOTIC: [2] preg_match(): Unknown modifier 'p' /data/home/bxu2343130042/htdocs/ThinkPHP/Library/Think/Route.class.php 第 58 行.
NOTIC: [2] preg_match(): Unknown modifier 'p' /data/home/bxu2343130042/htdocs/ThinkPHP/Library/Think/Route.class.php 第 58 行.
NOTIC: [2] preg_match(): Unknown modifier 'p' /data/home/bxu2343130042/htdocs/ThinkPHP/Library/Think/Route.class.php 第 58 行.
INFO: [ app_begin ] --START--
INFO: Run Behavior\ReadHtmlCacheBehavior [ RunTime:0.000491s ]
INFO: [ app_begin ] --END-- [ RunTime:0.000534s ]
NOTIC: [2048] Declaration of Home\Controller\IndexController::show() should be compatible with Think\Controller::show($content, $charset = '', $contentType = '', $prefix = '') /data/home/bxu2343130042/htdocs/App/Home/Controller/IndexController.class.php 第 1846 行.
SQL: SHOW COLUMNS FROM `new` [ RunTime:0.0019s ]
SQL: SELECT * FROM `new` WHERE ( newid=39 and newclass=1 ) LIMIT 1   [ RunTime:0.0015s ]
SQL: SELECT * FROM `new` WHERE `newclass` = 0 ORDER BY pubtime DESC  [ RunTime:0.0112s ]
SQL: SHOW COLUMNS FROM `service` [ RunTime:0.0017s ]
SQL: SELECT * FROM `service` WHERE `serclass` = 0 ORDER BY pubtime DESC LIMIT 1   [ RunTime:0.0017s ]
SQL: SELECT * FROM `service` WHERE `serclass` = 1 ORDER BY pubtime DESC LIMIT 1   [ RunTime:0.0015s ]
SQL: SELECT * FROM `new` WHERE ( newid<39 and newclass=1 ) ORDER BY newid desc LIMIT 1   [ RunTime:0.0016s ]
SQL: SELECT * FROM `new` WHERE ( newid>39 and newclass=1 ) ORDER BY newid asc LIMIT 1   [ RunTime:0.0017s ]
INFO: [ view_parse ] --START--
INFO: [ template_filter ] --START--
INFO: Run Behavior\ContentReplaceBehavior [ RunTime:0.000163s ]
INFO: [ template_filter ] --END-- [ RunTime:0.000230s ]
INFO: Run Behavior\ParseTemplateBehavior [ RunTime:0.012870s ]
INFO: [ view_parse ] --END-- [ RunTime:0.012924s ]
INFO: [ view_filter ] --START--
INFO: Run Behavior\WriteHtmlCacheBehavior [ RunTime:0.000223s ]
INFO: [ view_filter ] --END-- [ RunTime:0.000263s ]
INFO: [ app_end ] --START--
INFO: Run Behavior\ShowPageTraceBehavior [ RunTime:0.000553s ]
INFO: [ app_end ] --END-- [ RunTime:0.000599s ]

[ 2019-03-02T15:21:13+08:00 ] 101.132.69.5 /index.html
INFO: [ app_init ] --START--
INFO: Run Behavior\BuildLiteBehavior [ RunTime:0.000017s ]
INFO: [ app_init ] --END-- [ RunTime:0.000102s ]
NOTIC: [2] preg_match(): Unknown modifier 'p' /data/home/bxu2343130042/htdocs/ThinkPHP/Library/Think/Route.class.php 第 58 行.
NOTIC: [2] preg_match(): Unknown modifier 'p' /data/home/bxu2343130042/htdocs/ThinkPHP/Library/Think/Route.class.php 第 58 行.
NOTIC: [2] preg_match(): Unknown modifier 'p' /data/home/bxu2343130042/htdocs/ThinkPHP/Library/Think/Route.class.php 第 58 行.
NOTIC: [2] preg_match(): Unknown modifier 'p' /data/home/bxu2343130042/htdocs/ThinkPHP/Library/Think/Route.class.php 第 58 行.
NOTIC: [2] preg_match(): Unknown modifier 'p' /data/home/bxu2343130042/htdocs/ThinkPHP/Library/Think/Route.class.php 第 58 行.
NOTIC: [2] preg_match(): Unknown modifier 'p' /data/home/bxu2343130042/htdocs/ThinkPHP/Library/Think/Route.class.php 第 58 行.
NOTIC: [2] preg_match(): Unknown modifier 'p' /data/home/bxu2343130042/htdocs/ThinkPHP/Library/Think/Route.class.php 第 58 行.
NOTIC: [2] preg_match(): Unknown modifier 'p' /data/home/bxu2343130042/htdocs/ThinkPHP/Library/Think/Route.class.php 第 58 行.
NOTIC: [2] preg_match(): Unknown modifier 'p' /data/home/bxu2343130042/htdocs/ThinkPHP/Library/Think/Route.class.php 第 58 行.
NOTIC: [2] preg_match(): Unknown modifier 'p' /data/home/bxu2343130042/htdocs/ThinkPHP/Library/Think/Route.class.php 第 58 行.
INFO: [ app_begin ] --START--
INFO: Run Behavior\ReadHtmlCacheBehavior [ RunTime:0.000479s ]
INFO: [ app_begin ] --END-- [ RunTime:0.000523s ]
NOTIC: [2048] Declaration of Home\Controller\IndexController::show() should be compatible with Think\Controller::show($content, $charset = '', $contentType = '', $prefix = '') /data/home/bxu2343130042/htdocs/App/Home/Controller/IndexController.class.php 第 1846 行.
SQL: SHOW COLUMNS FROM `new` [ RunTime:0.0018s ]
SQL: SELECT * FROM `new` WHERE ( newclass=1 ) ORDER BY pubtime DESC LIMIT 1   [ RunTime:0.0017s ]
SQL: SELECT * FROM `new` WHERE ( newclass=0 ) ORDER BY pubtime DESC  [ RunTime:0.0112s ]
SQL: SELECT * FROM `new` WHERE `newclass` = 0 AND `pos` = 1 ORDER BY newid DESC LIMIT 1   [ RunTime:0.0014s ]
SQL: SHOW COLUMNS FROM `video` [ RunTime:0.0017s ]
SQL: SELECT * FROM `video` WHERE ( choice=1 ) ORDER BY pubtime DESC LIMIT 1   [ RunTime:0.0018s ]
SQL: SHOW COLUMNS FROM `pro` [ RunTime:0.0015s ]
SQL: SELECT * FROM `pro` WHERE ( choice=1 ) ORDER BY proid DESC  [ RunTime:0.0013s ]
SQL: SHOW COLUMNS FROM `service` [ RunTime:0.0015s ]
SQL: SELECT * FROM `service` WHERE ( serclass=0 ) ORDER BY pubtime DESC  [ RunTime:0.0057s ]
SQL: SELECT * FROM `service` WHERE ( serclass=1 ) ORDER BY pubtime DESC  [ RunTime:0.0033s ]
SQL: SELECT * FROM `service` WHERE ( pos=1 ) LIMIT 1   [ RunTime:0.0015s ]
SQL: SHOW COLUMNS FROM `pagehit` [ RunTime:0.0015s ]
SQL: UPDATE `pagehit` SET `hits`=hits+1 WHERE ( id=1 ) [ RunTime:0.0013s ]
SQL: SELECT `hits` FROM `pagehit` WHERE ( id=1 ) LIMIT 1   [ RunTime:0.0012s ]
SQL: SHOW COLUMNS FROM `user` [ RunTime:0.0016s ]
SQL: SELECT * FROM `user` WHERE ( username='' ) LIMIT 1   [ RunTime:0.0012s ]
INFO: [ view_parse ] --START--
INFO: [ template_filter ] --START--
INFO: Run Behavior\ContentReplaceBehavior [ RunTime:0.000153s ]
INFO: [ template_filter ] --END-- [ RunTime:0.000200s ]
NOTIC: [8] Undefined variable: qq_accesstoken /data/home/bxu2343130042/htdocs/App/Runtime/Cache/Home/00e52909bed743ea261af4b6823297ff.php 第 91 行.
INFO: Run Behavior\ParseTemplateBehavior [ RunTime:0.016091s ]
INFO: [ view_parse ] --END-- [ RunTime:0.016163s ]
INFO: [ view_filter ] --START--
INFO: Run Behavior\WriteHtmlCacheBehavior [ RunTime:0.000196s ]
INFO: [ view_filter ] --END-- [ RunTime:0.000231s ]
INFO: [ app_end ] --START--
INFO: Run Behavior\ShowPageTraceBehavior [ RunTime:0.000467s ]
INFO: [ app_end ] --END-- [ RunTime:0.000526s ]

[ 2019-03-02T16:35:35+08:00 ] 106.11.154.58 /by_all.html
INFO: [ app_init ] --START--
INFO: Run Behavior\BuildLiteBehavior [ RunTime:0.000016s ]
INFO: [ app_init ] --END-- [ RunTime:0.000094s ]
NOTIC: [2] preg_match(): Unknown modifier 'p' /data/home/bxu2343130042/htdocs/ThinkPHP/Library/Think/Route.class.php 第 58 行.
NOTIC: [2] preg_match(): Unknown modifier 'p' /data/home/bxu2343130042/htdocs/ThinkPHP/Library/Think/Route.class.php 第 58 行.
NOTIC: [2] preg_match(): Unknown modifier 'p' /data/home/bxu2343130042/htdocs/ThinkPHP/Library/Think/Route.class.php 第 58 行.
NOTIC: [2] preg_match(): Unknown modifier 'p' /data/home/bxu2343130042/htdocs/ThinkPHP/Library/Think/Route.class.php 第 58 行.
NOTIC: [2] preg_match(): Unknown modifier 'p' /data/home/bxu2343130042/htdocs/ThinkPHP/Library/Think/Route.class.php 第 58 行.
NOTIC: [2] preg_match(): Unknown modifier 'p' /data/home/bxu2343130042/htdocs/ThinkPHP/Library/Think/Route.class.php 第 58 行.
NOTIC: [2] preg_match(): Unknown modifier 'p' /data/home/bxu2343130042/htdocs/ThinkPHP/Library/Think/Route.class.php 第 58 行.
NOTIC: [2] preg_match(): Unknown modifier 'p' /data/home/bxu2343130042/htdocs/ThinkPHP/Library/Think/Route.class.php 第 58 行.
NOTIC: [2] preg_match(): Unknown modifier 'p' /data/home/bxu2343130042/htdocs/ThinkPHP/Library/Think/Route.class.php 第 58 行.
NOTIC: [2] preg_match(): Unknown modifier 'p' /data/home/bxu2343130042/htdocs/ThinkPHP/Library/Think/Route.class.php 第 58 行.
INFO: [ app_begin ] --START--
INFO: Run Behavior\ReadHtmlCacheBehavior [ RunTime:0.000573s ]
INFO: [ app_begin ] --END-- [ RunTime:0.000633s ]
NOTIC: [2048] Declaration of Home\Controller\IndexController::show() should be compatible with Think\Controller::show($content, $charset = '', $contentType = '', $prefix = '') /data/home/bxu2343130042/htdocs/App/Home/Controller/IndexController.class.php 第 1846 行.
SQL: SHOW COLUMNS FROM `service` [ RunTime:0.0021s ]
SQL: SELECT COUNT(*) AS tp_count FROM `service` WHERE ( serclass=1 ) LIMIT 1   [ RunTime:0.0016s ]
SQL: SELECT * FROM `service` WHERE ( serclass=1 ) ORDER BY pubtime DESC LIMIT 0,10   [ RunTime:0.0050s ]
INFO: [ view_parse ] --START--
INFO: [ template_filter ] --START--
INFO: Run Behavior\ContentReplaceBehavior [ RunTime:0.000078s ]
INFO: [ template_filter ] --END-- [ RunTime:0.000133s ]
INFO: Run Behavior\ParseTemplateBehavior [ RunTime:0.029596s ]
INFO: [ view_parse ] --END-- [ RunTime:0.029677s ]
INFO: [ view_filter ] --START--
INFO: Run Behavior\WriteHtmlCacheBehavior [ RunTime:0.000210s ]
INFO: [ view_filter ] --END-- [ RunTime:0.000246s ]
INFO: [ app_end ] --START--
INFO: Run Behavior\ShowPageTraceBehavior [ RunTime:0.000636s ]
INFO: [ app_end ] --END-- [ RunTime:0.000697s ]

[ 2019-03-02T18:24:50+08:00 ] 47.97.215.92 /newsinfo/id/29.html
INFO: [ app_init ] --START--
INFO: Run Behavior\BuildLiteBehavior [ RunTime:0.000020s ]
INFO: [ app_init ] --END-- [ RunTime:0.000109s ]
NOTIC: [2] preg_match(): Unknown modifier 'p' /data/home/bxu2343130042/htdocs/ThinkPHP/Library/Think/Route.class.php 第 58 行.
NOTIC: [2] preg_match(): Unknown modifier 'p' /data/home/bxu2343130042/htdocs/ThinkPHP/Library/Think/Route.class.php 第 58 行.
NOTIC: [2] preg_match(): Unknown modifier 'p' /data/home/bxu2343130042/htdocs/ThinkPHP/Library/Think/Route.class.php 第 58 行.
NOTIC: [2] preg_match(): Unknown modifier 'p' /data/home/bxu2343130042/htdocs/ThinkPHP/Library/Think/Route.class.php 第 58 行.
NOTIC: [2] preg_match(): Unknown modifier 'p' /data/home/bxu2343130042/htdocs/ThinkPHP/Library/Think/Route.class.php 第 58 行.
NOTIC: [2] preg_match(): Unknown modifier 'p' /data/home/bxu2343130042/htdocs/ThinkPHP/Library/Think/Route.class.php 第 58 行.
NOTIC: [2] preg_match(): Unknown modifier 'p' /data/home/bxu2343130042/htdocs/ThinkPHP/Library/Think/Route.class.php 第 58 行.
NOTIC: [2] preg_match(): Unknown modifier 'p' /data/home/bxu2343130042/htdocs/ThinkPHP/Library/Think/Route.class.php 第 58 行.
NOTIC: [2] preg_match(): Unknown modifier 'p' /data/home/bxu2343130042/htdocs/ThinkPHP/Library/Think/Route.class.php 第 58 行.
NOTIC: [2] preg_match(): Unknown modifier 'p' /data/home/bxu2343130042/htdocs/ThinkPHP/Library/Think/Route.class.php 第 58 行.
INFO: [ app_begin ] --START--
INFO: Run Behavior\ReadHtmlCacheBehavior [ RunTime:0.000466s ]
INFO: [ app_begin ] --END-- [ RunTime:0.000511s ]
NOTIC: [2048] Declaration of Home\Controller\IndexController::show() should be compatible with Think\Controller::show($content, $charset = '', $contentType = '', $prefix = '') /data/home/bxu2343130042/htdocs/App/Home/Controller/IndexController.class.php 第 1846 行.
SQL: SHOW COLUMNS FROM `new` [ RunTime:0.0021s ]
SQL: SELECT * FROM `new` WHERE ( newid=29 and newclass=0 ) LIMIT 1   [ RunTime:0.0017s ]
SQL: SELECT * FROM `new` WHERE `newclass` = 1 ORDER BY pubtime DESC  [ RunTime:0.0071s ]
SQL: SHOW COLUMNS FROM `service` [ RunTime:0.0020s ]
SQL: SELECT * FROM `service` WHERE `serclass` = 0 ORDER BY pubtime DESC LIMIT 1   [ RunTime:0.0020s ]
SQL: SELECT * FROM `service` WHERE `serclass` = 1 ORDER BY pubtime DESC LIMIT 1   [ RunTime:0.0018s ]
SQL: SELECT * FROM `new` WHERE ( newid<29 and newclass=0 ) ORDER BY newid desc LIMIT 1   [ RunTime:0.0019s ]
SQL: SELECT * FROM `new` WHERE ( newid>29 and newclass=0 ) ORDER BY newid asc LIMIT 1   [ RunTime:0.0017s ]
INFO: [ view_parse ] --START--
INFO: [ template_filter ] --START--
INFO: Run Behavior\ContentReplaceBehavior [ RunTime:0.000142s ]
INFO: [ template_filter ] --END-- [ RunTime:0.000185s ]
INFO: Run Behavior\ParseTemplateBehavior [ RunTime:0.012926s ]
INFO: [ view_parse ] --END-- [ RunTime:0.012975s ]
INFO: [ view_filter ] --START--
INFO: Run Behavior\WriteHtmlCacheBehavior [ RunTime:0.000224s ]
INFO: [ view_filter ] --END-- [ RunTime:0.000261s ]
INFO: [ app_end ] --START--
INFO: Run Behavior\ShowPageTraceBehavior [ RunTime:0.000512s ]
INFO: [ app_end ] --END-- [ RunTime:0.000554s ]

[ 2019-03-02T18:48:57+08:00 ] 106.120.173.104 /
INFO: [ app_init ] --START--
INFO: Run Behavior\BuildLiteBehavior [ RunTime:0.000018s ]
INFO: [ app_init ] --END-- [ RunTime:0.000117s ]
INFO: [ app_begin ] --START--
INFO: Run Behavior\ReadHtmlCacheBehavior [ RunTime:0.000510s ]
INFO: [ app_begin ] --END-- [ RunTime:0.000559s ]
NOTIC: [2048] Declaration of Home\Controller\IndexController::show() should be compatible with Think\Controller::show($content, $charset = '', $contentType = '', $prefix = '') /data/home/bxu2343130042/htdocs/App/Home/Controller/IndexController.class.php 第 1846 行.
SQL: SHOW COLUMNS FROM `new` [ RunTime:0.0021s ]
SQL: SELECT * FROM `new` WHERE ( newclass=1 ) ORDER BY pubtime DESC LIMIT 1   [ RunTime:0.0020s ]
SQL: SELECT * FROM `new` WHERE ( newclass=0 ) ORDER BY pubtime DESC  [ RunTime:0.0134s ]
SQL: SELECT * FROM `new` WHERE `newclass` = 0 AND `pos` = 1 ORDER BY newid DESC LIMIT 1   [ RunTime:0.0018s ]
SQL: SHOW COLUMNS FROM `video` [ RunTime:0.0025s ]
SQL: SELECT * FROM `video` WHERE ( choice=1 ) ORDER BY pubtime DESC LIMIT 1   [ RunTime:0.0021s ]
SQL: SHOW COLUMNS FROM `pro` [ RunTime:0.0018s ]
SQL: SELECT * FROM `pro` WHERE ( choice=1 ) ORDER BY proid DESC  [ RunTime:0.0016s ]
SQL: SHOW COLUMNS FROM `service` [ RunTime:0.0024s ]
SQL: SELECT * FROM `service` WHERE ( serclass=0 ) ORDER BY pubtime DESC  [ RunTime:0.0071s ]
SQL: SELECT * FROM `service` WHERE ( serclass=1 ) ORDER BY pubtime DESC  [ RunTime:0.0040s ]
SQL: SELECT * FROM `service` WHERE ( pos=1 ) LIMIT 1   [ RunTime:0.0019s ]
SQL: SHOW COLUMNS FROM `pagehit` [ RunTime:0.0019s ]
SQL: UPDATE `pagehit` SET `hits`=hits+1 WHERE ( id=1 ) [ RunTime:0.0015s ]
SQL: SELECT `hits` FROM `pagehit` WHERE ( id=1 ) LIMIT 1   [ RunTime:0.0015s ]
SQL: SHOW COLUMNS FROM `user` [ RunTime:0.0019s ]
SQL: SELECT * FROM `user` WHERE ( username='' ) LIMIT 1   [ RunTime:0.0015s ]
INFO: [ view_parse ] --START--
INFO: [ template_filter ] --START--
INFO: Run Behavior\ContentReplaceBehavior [ RunTime:0.000199s ]
INFO: [ template_filter ] --END-- [ RunTime:0.000247s ]
NOTIC: [8] Undefined variable: qq_accesstoken /data/home/bxu2343130042/htdocs/App/Runtime/Cache/Home/00e52909bed743ea261af4b6823297ff.php 第 91 行.
INFO: Run Behavior\ParseTemplateBehavior [ RunTime:0.016291s ]
INFO: [ view_parse ] --END-- [ RunTime:0.016334s ]
INFO: [ view_filter ] --START--
INFO: Run Behavior\WriteHtmlCacheBehavior [ RunTime:0.000214s ]
INFO: [ view_filter ] --END-- [ RunTime:0.000254s ]
INFO: [ app_end ] --START--
INFO: Run Behavior\ShowPageTraceBehavior [ RunTime:0.000554s ]
INFO: [ app_end ] --END-- [ RunTime:0.000604s ]

[ 2019-03-02T20:19:00+08:00 ] 106.11.152.49 /topnewinfo/id/28.html
INFO: [ app_init ] --START--
INFO: Run Behavior\BuildLiteBehavior [ RunTime:0.000020s ]
INFO: [ app_init ] --END-- [ RunTime:0.000114s ]
NOTIC: [2] preg_match(): Unknown modifier 'p' /data/home/bxu2343130042/htdocs/ThinkPHP/Library/Think/Route.class.php 第 58 行.
NOTIC: [2] preg_match(): Unknown modifier 'p' /data/home/bxu2343130042/htdocs/ThinkPHP/Library/Think/Route.class.php 第 58 行.
NOTIC: [2] preg_match(): Unknown modifier 'p' /data/home/bxu2343130042/htdocs/ThinkPHP/Library/Think/Route.class.php 第 58 行.
NOTIC: [2] preg_match(): Unknown modifier 'p' /data/home/bxu2343130042/htdocs/ThinkPHP/Library/Think/Route.class.php 第 58 行.
NOTIC: [2] preg_match(): Unknown modifier 'p' /data/home/bxu2343130042/htdocs/ThinkPHP/Library/Think/Route.class.php 第 58 行.
NOTIC: [2] preg_match(): Unknown modifier 'p' /data/home/bxu2343130042/htdocs/ThinkPHP/Library/Think/Route.class.php 第 58 行.
NOTIC: [2] preg_match(): Unknown modifier 'p' /data/home/bxu2343130042/htdocs/ThinkPHP/Library/Think/Route.class.php 第 58 行.
NOTIC: [2] preg_match(): Unknown modifier 'p' /data/home/bxu2343130042/htdocs/ThinkPHP/Library/Think/Route.class.php 第 58 行.
NOTIC: [2] preg_match(): Unknown modifier 'p' /data/home/bxu2343130042/htdocs/ThinkPHP/Library/Think/Route.class.php 第 58 行.
NOTIC: [2] preg_match(): Unknown modifier 'p' /data/home/bxu2343130042/htdocs/ThinkPHP/Library/Think/Route.class.php 第 58 行.
INFO: [ app_begin ] --START--
INFO: Run Behavior\ReadHtmlCacheBehavior [ RunTime:0.000456s ]
INFO: [ app_begin ] --END-- [ RunTime:0.000500s ]
NOTIC: [2048] Declaration of Home\Controller\IndexController::show() should be compatible with Think\Controller::show($content, $charset = '', $contentType = '', $prefix = '') /data/home/bxu2343130042/htdocs/App/Home/Controller/IndexController.class.php 第 1846 行.
SQL: SHOW COLUMNS FROM `new` [ RunTime:0.0022s ]
SQL: SELECT * FROM `new` WHERE ( newid=28 and newclass=1 ) LIMIT 1   [ RunTime:0.0018s ]
SQL: SELECT * FROM `new` WHERE `newclass` = 0 ORDER BY pubtime DESC  [ RunTime:0.0145s ]
SQL: SHOW COLUMNS FROM `service` [ RunTime:0.0022s ]
SQL: SELECT * FROM `service` WHERE `serclass` = 0 ORDER BY pubtime DESC LIMIT 1   [ RunTime:0.0020s ]
SQL: SELECT * FROM `service` WHERE `serclass` = 1 ORDER BY pubtime DESC LIMIT 1   [ RunTime:0.0019s ]
SQL: SELECT * FROM `new` WHERE ( newid<28 and newclass=1 ) ORDER BY newid desc LIMIT 1   [ RunTime:0.0019s ]
SQL: SELECT * FROM `new` WHERE ( newid>28 and newclass=1 ) ORDER BY newid asc LIMIT 1   [ RunTime:0.0017s ]
INFO: [ view_parse ] --START--
INFO: [ template_filter ] --START--
INFO: Run Behavior\ContentReplaceBehavior [ RunTime:0.000150s ]
INFO: [ template_filter ] --END-- [ RunTime:0.000196s ]
INFO: Run Behavior\ParseTemplateBehavior [ RunTime:0.013073s ]
INFO: [ view_parse ] --END-- [ RunTime:0.013150s ]
INFO: [ view_filter ] --START--
INFO: Run Behavior\WriteHtmlCacheBehavior [ RunTime:0.000306s ]
INFO: [ view_filter ] --END-- [ RunTime:0.000367s ]
INFO: [ app_end ] --START--
INFO: Run Behavior\ShowPageTraceBehavior [ RunTime:0.000580s ]
INFO: [ app_end ] --END-- [ RunTime:0.000626s ]

[ 2019-03-02T21:07:27+08:00 ] 47.92.103.177 /
INFO: [ app_init ] --START--
INFO: Run Behavior\BuildLiteBehavior [ RunTime:0.000017s ]
INFO: [ app_init ] --END-- [ RunTime:0.000109s ]
INFO: [ app_begin ] --START--
INFO: Run Behavior\ReadHtmlCacheBehavior [ RunTime:0.000445s ]
INFO: [ app_begin ] --END-- [ RunTime:0.000491s ]
NOTIC: [2048] Declaration of Home\Controller\IndexController::show() should be compatible with Think\Controller::show($content, $charset = '', $contentType = '', $prefix = '') /data/home/bxu2343130042/htdocs/App/Home/Controller/IndexController.class.php 第 1846 行.
SQL: SHOW COLUMNS FROM `new` [ RunTime:0.0019s ]
SQL: SELECT * FROM `new` WHERE ( newclass=1 ) ORDER BY pubtime DESC LIMIT 1   [ RunTime:0.0017s ]
SQL: SELECT * FROM `new` WHERE ( newclass=0 ) ORDER BY pubtime DESC  [ RunTime:0.0105s ]
SQL: SELECT * FROM `new` WHERE `newclass` = 0 AND `pos` = 1 ORDER BY newid DESC LIMIT 1   [ RunTime:0.0015s ]
SQL: SHOW COLUMNS FROM `video` [ RunTime:0.0015s ]
SQL: SELECT * FROM `video` WHERE ( choice=1 ) ORDER BY pubtime DESC LIMIT 1   [ RunTime:0.0018s ]
SQL: SHOW COLUMNS FROM `pro` [ RunTime:0.0015s ]
SQL: SELECT * FROM `pro` WHERE ( choice=1 ) ORDER BY proid DESC  [ RunTime:0.0014s ]
SQL: SHOW COLUMNS FROM `service` [ RunTime:0.0015s ]
SQL: SELECT * FROM `service` WHERE ( serclass=0 ) ORDER BY pubtime DESC  [ RunTime:0.0061s ]
SQL: SELECT * FROM `service` WHERE ( serclass=1 ) ORDER BY pubtime DESC  [ RunTime:0.0032s ]
SQL: SELECT * FROM `service` WHERE ( pos=1 ) LIMIT 1   [ RunTime:0.0015s ]
SQL: SHOW COLUMNS FROM `pagehit` [ RunTime:0.0014s ]
SQL: UPDATE `pagehit` SET `hits`=hits+1 WHERE ( id=1 ) [ RunTime:0.0012s ]
SQL: SELECT `hits` FROM `pagehit` WHERE ( id=1 ) LIMIT 1   [ RunTime:0.0012s ]
SQL: SHOW COLUMNS FROM `user` [ RunTime:0.0017s ]
SQL: SELECT * FROM `user` WHERE ( username='' ) LIMIT 1   [ RunTime:0.0013s ]
INFO: [ view_parse ] --START--
INFO: [ template_filter ] --START--
INFO: Run Behavior\ContentReplaceBehavior [ RunTime:0.000157s ]
INFO: [ template_filter ] --END-- [ RunTime:0.000200s ]
NOTIC: [8] Undefined variable: qq_accesstoken /data/home/bxu2343130042/htdocs/App/Runtime/Cache/Home/00e52909bed743ea261af4b6823297ff.php 第 91 行.
INFO: Run Behavior\ParseTemplateBehavior [ RunTime:0.015571s ]
INFO: [ view_parse ] --END-- [ RunTime:0.015613s ]
INFO: [ view_filter ] --START--
INFO: Run Behavior\WriteHtmlCacheBehavior [ RunTime:0.000196s ]
INFO: [ view_filter ] --END-- [ RunTime:0.000233s ]
INFO: [ app_end ] --START--
INFO: Run Behavior\ShowPageTraceBehavior [ RunTime:0.000476s ]
INFO: [ app_end ] --END-- [ RunTime:0.000533s ]

