[ 2019-04-12T00:13:43+08:00 ] 66.249.65.90 /newsinfo/id/30.html
INFO: [ app_init ] --START--
INFO: Run Behavior\BuildLiteBehavior [ RunTime:0.000017s ]
INFO: [ app_init ] --END-- [ RunTime:0.000102s ]
NOTIC: [2] preg_match(): Unknown modifier 'p' /data/home/bxu2343130042/htdocs/ThinkPHP/Library/Think/Route.class.php 第 58 行.
NOTIC: [2] preg_match(): Unknown modifier 'p' /data/home/bxu2343130042/htdocs/ThinkPHP/Library/Think/Route.class.php 第 58 行.
NOTIC: [2] preg_match(): Unknown modifier 'p' /data/home/bxu2343130042/htdocs/ThinkPHP/Library/Think/Route.class.php 第 58 行.
NOTIC: [2] preg_match(): Unknown modifier 'p' /data/home/bxu2343130042/htdocs/ThinkPHP/Library/Think/Route.class.php 第 58 行.
NOTIC: [2] preg_match(): Unknown modifier 'p' /data/home/bxu2343130042/htdocs/ThinkPHP/Library/Think/Route.class.php 第 58 行.
NOTIC: [2] preg_match(): Unknown modifier 'p' /data/home/bxu2343130042/htdocs/ThinkPHP/Library/Think/Route.class.php 第 58 行.
NOTIC: [2] preg_match(): Unknown modifier 'p' /data/home/bxu2343130042/htdocs/ThinkPHP/Library/Think/Route.class.php 第 58 行.
NOTIC: [2] preg_match(): Unknown modifier 'p' /data/home/bxu2343130042/htdocs/ThinkPHP/Library/Think/Route.class.php 第 58 行.
NOTIC: [2] preg_match(): Unknown modifier 'p' /data/home/bxu2343130042/htdocs/ThinkPHP/Library/Think/Route.class.php 第 58 行.
NOTIC: [2] preg_match(): Unknown modifier 'p' /data/home/bxu2343130042/htdocs/ThinkPHP/Library/Think/Route.class.php 第 58 行.
INFO: [ app_begin ] --START--
INFO: Run Behavior\ReadHtmlCacheBehavior [ RunTime:0.000499s ]
INFO: [ app_begin ] --END-- [ RunTime:0.000565s ]
NOTIC: [2048] Declaration of Home\Controller\IndexController::show() should be compatible with Think\Controller::show($content, $charset = '', $contentType = '', $prefix = '') /data/home/bxu2343130042/htdocs/App/Home/Controller/IndexController.class.php 第 1846 行.
SQL: SHOW COLUMNS FROM `new` [ RunTime:0.0021s ]
SQL: SELECT * FROM `new` WHERE ( newid=30 and newclass=0 ) LIMIT 1   [ RunTime:0.0015s ]
SQL: SELECT * FROM `new` WHERE `newclass` = 1 ORDER BY pubtime DESC  [ RunTime:0.0076s ]
SQL: SHOW COLUMNS FROM `service` [ RunTime:0.0017s ]
SQL: SELECT * FROM `service` WHERE `serclass` = 0 ORDER BY pubtime DESC LIMIT 1   [ RunTime:0.0018s ]
SQL: SELECT * FROM `service` WHERE `serclass` = 1 ORDER BY pubtime DESC LIMIT 1   [ RunTime:0.0016s ]
SQL: SELECT * FROM `new` WHERE ( newid<30 and newclass=0 ) ORDER BY newid desc LIMIT 1   [ RunTime:0.0016s ]
SQL: SELECT * FROM `new` WHERE ( newid>30 and newclass=0 ) ORDER BY newid asc LIMIT 1   [ RunTime:0.0017s ]
INFO: [ view_parse ] --START--
INFO: [ template_filter ] --START--
INFO: Run Behavior\ContentReplaceBehavior [ RunTime:0.000155s ]
INFO: [ template_filter ] --END-- [ RunTime:0.000200s ]
INFO: Run Behavior\ParseTemplateBehavior [ RunTime:0.012001s ]
INFO: [ view_parse ] --END-- [ RunTime:0.012051s ]
INFO: [ view_filter ] --START--
INFO: Run Behavior\WriteHtmlCacheBehavior [ RunTime:0.000199s ]
INFO: [ view_filter ] --END-- [ RunTime:0.000238s ]
INFO: [ app_end ] --START--
INFO: Run Behavior\ShowPageTraceBehavior [ RunTime:0.000561s ]
INFO: [ app_end ] --END-- [ RunTime:0.000606s ]

[ 2019-04-12T01:04:34+08:00 ] 106.11.152.40 /byinfo/id/12.html
INFO: [ app_init ] --START--
INFO: Run Behavior\BuildLiteBehavior [ RunTime:0.000020s ]
INFO: [ app_init ] --END-- [ RunTime:0.000138s ]
NOTIC: [2] preg_match(): Unknown modifier 'p' /data/home/bxu2343130042/htdocs/ThinkPHP/Library/Think/Route.class.php 第 58 行.
NOTIC: [2] preg_match(): Unknown modifier 'p' /data/home/bxu2343130042/htdocs/ThinkPHP/Library/Think/Route.class.php 第 58 行.
NOTIC: [2] preg_match(): Unknown modifier 'p' /data/home/bxu2343130042/htdocs/ThinkPHP/Library/Think/Route.class.php 第 58 行.
NOTIC: [2] preg_match(): Unknown modifier 'p' /data/home/bxu2343130042/htdocs/ThinkPHP/Library/Think/Route.class.php 第 58 行.
NOTIC: [2] preg_match(): Unknown modifier 'p' /data/home/bxu2343130042/htdocs/ThinkPHP/Library/Think/Route.class.php 第 58 行.
NOTIC: [2] preg_match(): Unknown modifier 'p' /data/home/bxu2343130042/htdocs/ThinkPHP/Library/Think/Route.class.php 第 58 行.
NOTIC: [2] preg_match(): Unknown modifier 'p' /data/home/bxu2343130042/htdocs/ThinkPHP/Library/Think/Route.class.php 第 58 行.
NOTIC: [2] preg_match(): Unknown modifier 'p' /data/home/bxu2343130042/htdocs/ThinkPHP/Library/Think/Route.class.php 第 58 行.
NOTIC: [2] preg_match(): Unknown modifier 'p' /data/home/bxu2343130042/htdocs/ThinkPHP/Library/Think/Route.class.php 第 58 行.
NOTIC: [2] preg_match(): Unknown modifier 'p' /data/home/bxu2343130042/htdocs/ThinkPHP/Library/Think/Route.class.php 第 58 行.
INFO: [ app_begin ] --START--
INFO: Run Behavior\ReadHtmlCacheBehavior [ RunTime:0.000456s ]
INFO: [ app_begin ] --END-- [ RunTime:0.000505s ]
NOTIC: [2048] Declaration of Home\Controller\IndexController::show() should be compatible with Think\Controller::show($content, $charset = '', $contentType = '', $prefix = '') /data/home/bxu2343130042/htdocs/App/Home/Controller/IndexController.class.php 第 1846 行.
SQL: SHOW COLUMNS FROM `service` [ RunTime:0.0024s ]
SQL: SELECT * FROM `service` WHERE ( serid=12 and serclass=1 ) LIMIT 1   [ RunTime:0.0018s ]
SQL: SELECT * FROM `service` WHERE `serclass` = 0 ORDER BY pubtime DESC LIMIT 1   [ RunTime:0.0036s ]
SQL: SHOW COLUMNS FROM `new` [ RunTime:0.0021s ]
SQL: SELECT * FROM `new` WHERE `newclass` = 1 ORDER BY pubtime DESC  [ RunTime:0.0095s ]
SQL: SELECT * FROM `new` WHERE `newclass` = 0 ORDER BY pubtime DESC LIMIT 1   [ RunTime:0.0020s ]
SQL: SELECT * FROM `service` WHERE ( serid<12 and serclass=1 ) ORDER BY serid desc LIMIT 1   [ RunTime:0.0018s ]
SQL: SELECT * FROM `service` WHERE ( serid>12 and serclass=1 ) ORDER BY serid asc LIMIT 1   [ RunTime:0.0019s ]
INFO: [ view_parse ] --START--
INFO: [ template_filter ] --START--
INFO: Run Behavior\ContentReplaceBehavior [ RunTime:0.000153s ]
INFO: [ template_filter ] --END-- [ RunTime:0.000195s ]
INFO: Run Behavior\ParseTemplateBehavior [ RunTime:0.011313s ]
INFO: [ view_parse ] --END-- [ RunTime:0.011360s ]
INFO: [ view_filter ] --START--
INFO: Run Behavior\WriteHtmlCacheBehavior [ RunTime:0.000221s ]
INFO: [ view_filter ] --END-- [ RunTime:0.000258s ]
INFO: [ app_end ] --START--
INFO: Run Behavior\ShowPageTraceBehavior [ RunTime:0.000466s ]
INFO: [ app_end ] --END-- [ RunTime:0.000511s ]

[ 2019-04-12T01:12:05+08:00 ] 42.156.138.53 /topnewinfo/id/21.html
INFO: [ app_init ] --START--
INFO: Run Behavior\BuildLiteBehavior [ RunTime:0.000015s ]
INFO: [ app_init ] --END-- [ RunTime:0.000122s ]
NOTIC: [2] preg_match(): Unknown modifier 'p' /data/home/bxu2343130042/htdocs/ThinkPHP/Library/Think/Route.class.php 第 58 行.
NOTIC: [2] preg_match(): Unknown modifier 'p' /data/home/bxu2343130042/htdocs/ThinkPHP/Library/Think/Route.class.php 第 58 行.
NOTIC: [2] preg_match(): Unknown modifier 'p' /data/home/bxu2343130042/htdocs/ThinkPHP/Library/Think/Route.class.php 第 58 行.
NOTIC: [2] preg_match(): Unknown modifier 'p' /data/home/bxu2343130042/htdocs/ThinkPHP/Library/Think/Route.class.php 第 58 行.
NOTIC: [2] preg_match(): Unknown modifier 'p' /data/home/bxu2343130042/htdocs/ThinkPHP/Library/Think/Route.class.php 第 58 行.
NOTIC: [2] preg_match(): Unknown modifier 'p' /data/home/bxu2343130042/htdocs/ThinkPHP/Library/Think/Route.class.php 第 58 行.
NOTIC: [2] preg_match(): Unknown modifier 'p' /data/home/bxu2343130042/htdocs/ThinkPHP/Library/Think/Route.class.php 第 58 行.
NOTIC: [2] preg_match(): Unknown modifier 'p' /data/home/bxu2343130042/htdocs/ThinkPHP/Library/Think/Route.class.php 第 58 行.
NOTIC: [2] preg_match(): Unknown modifier 'p' /data/home/bxu2343130042/htdocs/ThinkPHP/Library/Think/Route.class.php 第 58 行.
NOTIC: [2] preg_match(): Unknown modifier 'p' /data/home/bxu2343130042/htdocs/ThinkPHP/Library/Think/Route.class.php 第 58 行.
INFO: [ app_begin ] --START--
INFO: Run Behavior\ReadHtmlCacheBehavior [ RunTime:0.000433s ]
INFO: [ app_begin ] --END-- [ RunTime:0.000484s ]
NOTIC: [2048] Declaration of Home\Controller\IndexController::show() should be compatible with Think\Controller::show($content, $charset = '', $contentType = '', $prefix = '') /data/home/bxu2343130042/htdocs/App/Home/Controller/IndexController.class.php 第 1846 行.
SQL: SHOW COLUMNS FROM `new` [ RunTime:0.0018s ]
SQL: SELECT * FROM `new` WHERE ( newid=21 and newclass=1 ) LIMIT 1   [ RunTime:0.0016s ]
SQL: SELECT * FROM `new` WHERE `newclass` = 0 ORDER BY pubtime DESC  [ RunTime:0.0115s ]
SQL: SHOW COLUMNS FROM `service` [ RunTime:0.0018s ]
SQL: SELECT * FROM `service` WHERE `serclass` = 0 ORDER BY pubtime DESC LIMIT 1   [ RunTime:0.0017s ]
SQL: SELECT * FROM `service` WHERE `serclass` = 1 ORDER BY pubtime DESC LIMIT 1   [ RunTime:0.0017s ]
SQL: SELECT * FROM `new` WHERE ( newid<21 and newclass=1 ) ORDER BY newid desc LIMIT 1   [ RunTime:0.0017s ]
SQL: SELECT * FROM `new` WHERE ( newid>21 and newclass=1 ) ORDER BY newid asc LIMIT 1   [ RunTime:0.0016s ]
INFO: [ view_parse ] --START--
INFO: [ template_filter ] --START--
INFO: Run Behavior\ContentReplaceBehavior [ RunTime:0.000148s ]
INFO: [ template_filter ] --END-- [ RunTime:0.000192s ]
INFO: Run Behavior\ParseTemplateBehavior [ RunTime:0.011488s ]
INFO: [ view_parse ] --END-- [ RunTime:0.011533s ]
INFO: [ view_filter ] --START--
INFO: Run Behavior\WriteHtmlCacheBehavior [ RunTime:0.000193s ]
INFO: [ view_filter ] --END-- [ RunTime:0.000231s ]
INFO: [ app_end ] --START--
INFO: Run Behavior\ShowPageTraceBehavior [ RunTime:0.000509s ]
INFO: [ app_end ] --END-- [ RunTime:0.000555s ]

[ 2019-04-12T01:50:07+08:00 ] 120.55.13.171 /rest/tinymce/1/macro/preview
INFO: [ app_init ] --START--
INFO: Run Behavior\BuildLiteBehavior [ RunTime:0.000015s ]
INFO: [ app_init ] --END-- [ RunTime:0.000104s ]
NOTIC: [2] preg_match(): Unknown modifier 'p' /data/home/bxu2343130042/htdocs/ThinkPHP/Library/Think/Route.class.php 第 58 行.
NOTIC: [2] preg_match(): Unknown modifier 'p' /data/home/bxu2343130042/htdocs/ThinkPHP/Library/Think/Route.class.php 第 58 行.
NOTIC: [2] preg_match(): Unknown modifier 'p' /data/home/bxu2343130042/htdocs/ThinkPHP/Library/Think/Route.class.php 第 58 行.
NOTIC: [2] preg_match(): Unknown modifier 'p' /data/home/bxu2343130042/htdocs/ThinkPHP/Library/Think/Route.class.php 第 58 行.
NOTIC: [2] preg_match(): Unknown modifier 'p' /data/home/bxu2343130042/htdocs/ThinkPHP/Library/Think/Route.class.php 第 58 行.
NOTIC: [2] preg_match(): Unknown modifier 'p' /data/home/bxu2343130042/htdocs/ThinkPHP/Library/Think/Route.class.php 第 58 行.
NOTIC: [2] preg_match(): Unknown modifier 'p' /data/home/bxu2343130042/htdocs/ThinkPHP/Library/Think/Route.class.php 第 58 行.
NOTIC: [2] preg_match(): Unknown modifier 'p' /data/home/bxu2343130042/htdocs/ThinkPHP/Library/Think/Route.class.php 第 58 行.
NOTIC: [2] preg_match(): Unknown modifier 'p' /data/home/bxu2343130042/htdocs/ThinkPHP/Library/Think/Route.class.php 第 58 行.
NOTIC: [2] preg_match(): Unknown modifier 'p' /data/home/bxu2343130042/htdocs/ThinkPHP/Library/Think/Route.class.php 第 58 行.
INFO: [ app_begin ] --START--
INFO: Run Behavior\ReadHtmlCacheBehavior [ RunTime:0.000485s ]
INFO: [ app_begin ] --END-- [ RunTime:0.000533s ]
NOTIC: [2048] Declaration of Home\Controller\IndexController::show() should be compatible with Think\Controller::show($content, $charset = '', $contentType = '', $prefix = '') /data/home/bxu2343130042/htdocs/App/Home/Controller/IndexController.class.php 第 1846 行.

[ 2019-04-12T02:46:12+08:00 ] 52.53.201.78 /
INFO: [ app_init ] --START--
INFO: Run Behavior\BuildLiteBehavior [ RunTime:0.000015s ]
INFO: [ app_init ] --END-- [ RunTime:0.000096s ]
INFO: [ app_begin ] --START--
INFO: Run Behavior\ReadHtmlCacheBehavior [ RunTime:0.000439s ]
INFO: [ app_begin ] --END-- [ RunTime:0.000491s ]
NOTIC: [2048] Declaration of Home\Controller\IndexController::show() should be compatible with Think\Controller::show($content, $charset = '', $contentType = '', $prefix = '') /data/home/bxu2343130042/htdocs/App/Home/Controller/IndexController.class.php 第 1846 行.
SQL: SHOW COLUMNS FROM `new` [ RunTime:0.0021s ]
SQL: SELECT * FROM `new` WHERE ( newclass=1 ) ORDER BY pubtime DESC LIMIT 1   [ RunTime:0.0018s ]
SQL: SELECT * FROM `new` WHERE ( newclass=0 ) ORDER BY pubtime DESC  [ RunTime:0.0100s ]
SQL: SELECT * FROM `new` WHERE `newclass` = 0 AND `pos` = 1 ORDER BY newid DESC LIMIT 1   [ RunTime:0.0014s ]
SQL: SHOW COLUMNS FROM `video` [ RunTime:0.0034s ]
SQL: SELECT * FROM `video` WHERE ( choice=1 ) ORDER BY pubtime DESC LIMIT 1   [ RunTime:0.0015s ]
SQL: SHOW COLUMNS FROM `pro` [ RunTime:0.0015s ]
SQL: SELECT * FROM `pro` WHERE ( choice=1 ) ORDER BY proid DESC  [ RunTime:0.0014s ]
SQL: SHOW COLUMNS FROM `service` [ RunTime:0.0015s ]
SQL: SELECT * FROM `service` WHERE ( serclass=0 ) ORDER BY pubtime DESC  [ RunTime:0.0057s ]
SQL: SELECT * FROM `service` WHERE ( serclass=1 ) ORDER BY pubtime DESC  [ RunTime:0.0033s ]
SQL: SELECT * FROM `service` WHERE ( pos=1 ) LIMIT 1   [ RunTime:0.0014s ]
SQL: SHOW COLUMNS FROM `pagehit` [ RunTime:0.0015s ]
SQL: UPDATE `pagehit` SET `hits`=hits+1 WHERE ( id=1 ) [ RunTime:0.0012s ]
SQL: SELECT `hits` FROM `pagehit` WHERE ( id=1 ) LIMIT 1   [ RunTime:0.0014s ]
SQL: SHOW COLUMNS FROM `user` [ RunTime:0.0018s ]
SQL: SELECT * FROM `user` WHERE ( username='' ) LIMIT 1   [ RunTime:0.0014s ]
INFO: [ view_parse ] --START--
INFO: [ template_filter ] --START--
INFO: Run Behavior\ContentReplaceBehavior [ RunTime:0.000151s ]
INFO: [ template_filter ] --END-- [ RunTime:0.000193s ]
NOTIC: [8] Undefined variable: qq_accesstoken /data/home/bxu2343130042/htdocs/App/Runtime/Cache/Home/00e52909bed743ea261af4b6823297ff.php 第 91 行.
INFO: Run Behavior\ParseTemplateBehavior [ RunTime:0.015687s ]
INFO: [ view_parse ] --END-- [ RunTime:0.015727s ]
INFO: [ view_filter ] --START--
INFO: Run Behavior\WriteHtmlCacheBehavior [ RunTime:0.000192s ]
INFO: [ view_filter ] --END-- [ RunTime:0.000229s ]
INFO: [ app_end ] --START--
INFO: Run Behavior\ShowPageTraceBehavior [ RunTime:0.000479s ]
INFO: [ app_end ] --END-- [ RunTime:0.000544s ]

[ 2019-04-12T03:21:28+08:00 ] 101.132.177.30 /
INFO: [ app_init ] --START--
INFO: Run Behavior\BuildLiteBehavior [ RunTime:0.000016s ]
INFO: [ app_init ] --END-- [ RunTime:0.000126s ]
INFO: [ app_begin ] --START--
INFO: Run Behavior\ReadHtmlCacheBehavior [ RunTime:0.000510s ]
INFO: [ app_begin ] --END-- [ RunTime:0.000555s ]
NOTIC: [2048] Declaration of Home\Controller\IndexController::show() should be compatible with Think\Controller::show($content, $charset = '', $contentType = '', $prefix = '') /data/home/bxu2343130042/htdocs/App/Home/Controller/IndexController.class.php 第 1846 行.
SQL: SHOW COLUMNS FROM `new` [ RunTime:0.0017s ]
SQL: SELECT * FROM `new` WHERE ( newclass=1 ) ORDER BY pubtime DESC LIMIT 1   [ RunTime:0.0017s ]
SQL: SELECT * FROM `new` WHERE ( newclass=0 ) ORDER BY pubtime DESC  [ RunTime:0.0107s ]
SQL: SELECT * FROM `new` WHERE `newclass` = 0 AND `pos` = 1 ORDER BY newid DESC LIMIT 1   [ RunTime:0.0016s ]
SQL: SHOW COLUMNS FROM `video` [ RunTime:0.0017s ]
SQL: SELECT * FROM `video` WHERE ( choice=1 ) ORDER BY pubtime DESC LIMIT 1   [ RunTime:0.0018s ]
SQL: SHOW COLUMNS FROM `pro` [ RunTime:0.0016s ]
SQL: SELECT * FROM `pro` WHERE ( choice=1 ) ORDER BY proid DESC  [ RunTime:0.0014s ]
SQL: SHOW COLUMNS FROM `service` [ RunTime:0.0016s ]
SQL: SELECT * FROM `service` WHERE ( serclass=0 ) ORDER BY pubtime DESC  [ RunTime:0.0063s ]
SQL: SELECT * FROM `service` WHERE ( serclass=1 ) ORDER BY pubtime DESC  [ RunTime:0.0034s ]
SQL: SELECT * FROM `service` WHERE ( pos=1 ) LIMIT 1   [ RunTime:0.0016s ]
SQL: SHOW COLUMNS FROM `pagehit` [ RunTime:0.0016s ]
SQL: UPDATE `pagehit` SET `hits`=hits+1 WHERE ( id=1 ) [ RunTime:0.0013s ]
SQL: SELECT `hits` FROM `pagehit` WHERE ( id=1 ) LIMIT 1   [ RunTime:0.0013s ]
SQL: SHOW COLUMNS FROM `user` [ RunTime:0.0016s ]
SQL: SELECT * FROM `user` WHERE ( username='' ) LIMIT 1   [ RunTime:0.0013s ]
INFO: [ view_parse ] --START--
INFO: [ template_filter ] --START--
INFO: Run Behavior\ContentReplaceBehavior [ RunTime:0.000180s ]
INFO: [ template_filter ] --END-- [ RunTime:0.000224s ]
NOTIC: [8] Undefined variable: qq_accesstoken /data/home/bxu2343130042/htdocs/App/Runtime/Cache/Home/00e52909bed743ea261af4b6823297ff.php 第 91 行.
INFO: Run Behavior\ParseTemplateBehavior [ RunTime:0.015292s ]
INFO: [ view_parse ] --END-- [ RunTime:0.015333s ]
INFO: [ view_filter ] --START--
INFO: Run Behavior\WriteHtmlCacheBehavior [ RunTime:0.000192s ]
INFO: [ view_filter ] --END-- [ RunTime:0.000229s ]
INFO: [ app_end ] --START--
INFO: Run Behavior\ShowPageTraceBehavior [ RunTime:0.000475s ]
INFO: [ app_end ] --END-- [ RunTime:0.000517s ]

[ 2019-04-12T04:02:12+08:00 ] 66.249.65.90 /byinfo/id/23.html
INFO: [ app_init ] --START--
INFO: Run Behavior\BuildLiteBehavior [ RunTime:0.000015s ]
INFO: [ app_init ] --END-- [ RunTime:0.000094s ]
NOTIC: [2] preg_match(): Unknown modifier 'p' /data/home/bxu2343130042/htdocs/ThinkPHP/Library/Think/Route.class.php 第 58 行.
NOTIC: [2] preg_match(): Unknown modifier 'p' /data/home/bxu2343130042/htdocs/ThinkPHP/Library/Think/Route.class.php 第 58 行.
NOTIC: [2] preg_match(): Unknown modifier 'p' /data/home/bxu2343130042/htdocs/ThinkPHP/Library/Think/Route.class.php 第 58 行.
NOTIC: [2] preg_match(): Unknown modifier 'p' /data/home/bxu2343130042/htdocs/ThinkPHP/Library/Think/Route.class.php 第 58 行.
NOTIC: [2] preg_match(): Unknown modifier 'p' /data/home/bxu2343130042/htdocs/ThinkPHP/Library/Think/Route.class.php 第 58 行.
NOTIC: [2] preg_match(): Unknown modifier 'p' /data/home/bxu2343130042/htdocs/ThinkPHP/Library/Think/Route.class.php 第 58 行.
NOTIC: [2] preg_match(): Unknown modifier 'p' /data/home/bxu2343130042/htdocs/ThinkPHP/Library/Think/Route.class.php 第 58 行.
NOTIC: [2] preg_match(): Unknown modifier 'p' /data/home/bxu2343130042/htdocs/ThinkPHP/Library/Think/Route.class.php 第 58 行.
NOTIC: [2] preg_match(): Unknown modifier 'p' /data/home/bxu2343130042/htdocs/ThinkPHP/Library/Think/Route.class.php 第 58 行.
NOTIC: [2] preg_match(): Unknown modifier 'p' /data/home/bxu2343130042/htdocs/ThinkPHP/Library/Think/Route.class.php 第 58 行.
INFO: [ app_begin ] --START--
INFO: Run Behavior\ReadHtmlCacheBehavior [ RunTime:0.000443s ]
INFO: [ app_begin ] --END-- [ RunTime:0.000487s ]
NOTIC: [2048] Declaration of Home\Controller\IndexController::show() should be compatible with Think\Controller::show($content, $charset = '', $contentType = '', $prefix = '') /data/home/bxu2343130042/htdocs/App/Home/Controller/IndexController.class.php 第 1846 行.
SQL: SHOW COLUMNS FROM `service` [ RunTime:0.0022s ]
SQL: SELECT * FROM `service` WHERE ( serid=23 and serclass=1 ) LIMIT 1   [ RunTime:0.0018s ]
SQL: SELECT * FROM `service` WHERE `serclass` = 0 ORDER BY pubtime DESC LIMIT 1   [ RunTime:0.0034s ]
SQL: SHOW COLUMNS FROM `new` [ RunTime:0.0019s ]
SQL: SELECT * FROM `new` WHERE `newclass` = 1 ORDER BY pubtime DESC  [ RunTime:0.0094s ]
SQL: SELECT * FROM `new` WHERE `newclass` = 0 ORDER BY pubtime DESC LIMIT 1   [ RunTime:0.0017s ]
SQL: SELECT * FROM `service` WHERE ( serid<23 and serclass=1 ) ORDER BY serid desc LIMIT 1   [ RunTime:0.0019s ]
SQL: SELECT * FROM `service` WHERE ( serid>23 and serclass=1 ) ORDER BY serid asc LIMIT 1   [ RunTime:0.0019s ]
INFO: [ view_parse ] --START--
INFO: [ template_filter ] --START--
INFO: Run Behavior\ContentReplaceBehavior [ RunTime:0.000175s ]
INFO: [ template_filter ] --END-- [ RunTime:0.000219s ]
INFO: Run Behavior\ParseTemplateBehavior [ RunTime:0.011522s ]
INFO: [ view_parse ] --END-- [ RunTime:0.011572s ]
INFO: [ view_filter ] --START--
INFO: Run Behavior\WriteHtmlCacheBehavior [ RunTime:0.000214s ]
INFO: [ view_filter ] --END-- [ RunTime:0.000252s ]
INFO: [ app_end ] --START--
INFO: Run Behavior\ShowPageTraceBehavior [ RunTime:0.000455s ]
INFO: [ app_end ] --END-- [ RunTime:0.000499s ]

[ 2019-04-12T04:27:17+08:00 ] 66.249.65.90 /topnewinfo/id/28.html
INFO: [ app_init ] --START--
INFO: Run Behavior\BuildLiteBehavior [ RunTime:0.000015s ]
INFO: [ app_init ] --END-- [ RunTime:0.000095s ]
NOTIC: [2] preg_match(): Unknown modifier 'p' /data/home/bxu2343130042/htdocs/ThinkPHP/Library/Think/Route.class.php 第 58 行.
NOTIC: [2] preg_match(): Unknown modifier 'p' /data/home/bxu2343130042/htdocs/ThinkPHP/Library/Think/Route.class.php 第 58 行.
NOTIC: [2] preg_match(): Unknown modifier 'p' /data/home/bxu2343130042/htdocs/ThinkPHP/Library/Think/Route.class.php 第 58 行.
NOTIC: [2] preg_match(): Unknown modifier 'p' /data/home/bxu2343130042/htdocs/ThinkPHP/Library/Think/Route.class.php 第 58 行.
NOTIC: [2] preg_match(): Unknown modifier 'p' /data/home/bxu2343130042/htdocs/ThinkPHP/Library/Think/Route.class.php 第 58 行.
NOTIC: [2] preg_match(): Unknown modifier 'p' /data/home/bxu2343130042/htdocs/ThinkPHP/Library/Think/Route.class.php 第 58 行.
NOTIC: [2] preg_match(): Unknown modifier 'p' /data/home/bxu2343130042/htdocs/ThinkPHP/Library/Think/Route.class.php 第 58 行.
NOTIC: [2] preg_match(): Unknown modifier 'p' /data/home/bxu2343130042/htdocs/ThinkPHP/Library/Think/Route.class.php 第 58 行.
NOTIC: [2] preg_match(): Unknown modifier 'p' /data/home/bxu2343130042/htdocs/ThinkPHP/Library/Think/Route.class.php 第 58 行.
NOTIC: [2] preg_match(): Unknown modifier 'p' /data/home/bxu2343130042/htdocs/ThinkPHP/Library/Think/Route.class.php 第 58 行.
INFO: [ app_begin ] --START--
INFO: Run Behavior\ReadHtmlCacheBehavior [ RunTime:0.000495s ]
INFO: [ app_begin ] --END-- [ RunTime:0.000538s ]
NOTIC: [2048] Declaration of Home\Controller\IndexController::show() should be compatible with Think\Controller::show($content, $charset = '', $contentType = '', $prefix = '') /data/home/bxu2343130042/htdocs/App/Home/Controller/IndexController.class.php 第 1846 行.
SQL: SHOW COLUMNS FROM `new` [ RunTime:0.0019s ]
SQL: SELECT * FROM `new` WHERE ( newid=28 and newclass=1 ) LIMIT 1   [ RunTime:0.0015s ]
SQL: SELECT * FROM `new` WHERE `newclass` = 0 ORDER BY pubtime DESC  [ RunTime:0.0109s ]
SQL: SHOW COLUMNS FROM `service` [ RunTime:0.0019s ]
SQL: SELECT * FROM `service` WHERE `serclass` = 0 ORDER BY pubtime DESC LIMIT 1   [ RunTime:0.0018s ]
SQL: SELECT * FROM `service` WHERE `serclass` = 1 ORDER BY pubtime DESC LIMIT 1   [ RunTime:0.0017s ]
SQL: SELECT * FROM `new` WHERE ( newid<28 and newclass=1 ) ORDER BY newid desc LIMIT 1   [ RunTime:0.0016s ]
SQL: SELECT * FROM `new` WHERE ( newid>28 and newclass=1 ) ORDER BY newid asc LIMIT 1   [ RunTime:0.0014s ]
INFO: [ view_parse ] --START--
INFO: [ template_filter ] --START--
INFO: Run Behavior\ContentReplaceBehavior [ RunTime:0.000148s ]
INFO: [ template_filter ] --END-- [ RunTime:0.000193s ]
INFO: Run Behavior\ParseTemplateBehavior [ RunTime:0.011618s ]
INFO: [ view_parse ] --END-- [ RunTime:0.011669s ]
INFO: [ view_filter ] --START--
INFO: Run Behavior\WriteHtmlCacheBehavior [ RunTime:0.000198s ]
INFO: [ view_filter ] --END-- [ RunTime:0.000235s ]
INFO: [ app_end ] --START--
INFO: Run Behavior\ShowPageTraceBehavior [ RunTime:0.000511s ]
INFO: [ app_end ] --END-- [ RunTime:0.000555s ]

[ 2019-04-12T05:14:19+08:00 ] 123.125.71.99 /about.html
INFO: [ app_init ] --START--
INFO: Run Behavior\BuildLiteBehavior [ RunTime:0.000018s ]
INFO: [ app_init ] --END-- [ RunTime:0.000100s ]
NOTIC: [2] preg_match(): Unknown modifier 'p' /data/home/bxu2343130042/htdocs/ThinkPHP/Library/Think/Route.class.php 第 58 行.
NOTIC: [2] preg_match(): Unknown modifier 'p' /data/home/bxu2343130042/htdocs/ThinkPHP/Library/Think/Route.class.php 第 58 行.
NOTIC: [2] preg_match(): Unknown modifier 'p' /data/home/bxu2343130042/htdocs/ThinkPHP/Library/Think/Route.class.php 第 58 行.
NOTIC: [2] preg_match(): Unknown modifier 'p' /data/home/bxu2343130042/htdocs/ThinkPHP/Library/Think/Route.class.php 第 58 行.
NOTIC: [2] preg_match(): Unknown modifier 'p' /data/home/bxu2343130042/htdocs/ThinkPHP/Library/Think/Route.class.php 第 58 行.
NOTIC: [2] preg_match(): Unknown modifier 'p' /data/home/bxu2343130042/htdocs/ThinkPHP/Library/Think/Route.class.php 第 58 行.
NOTIC: [2] preg_match(): Unknown modifier 'p' /data/home/bxu2343130042/htdocs/ThinkPHP/Library/Think/Route.class.php 第 58 行.
NOTIC: [2] preg_match(): Unknown modifier 'p' /data/home/bxu2343130042/htdocs/ThinkPHP/Library/Think/Route.class.php 第 58 行.
NOTIC: [2] preg_match(): Unknown modifier 'p' /data/home/bxu2343130042/htdocs/ThinkPHP/Library/Think/Route.class.php 第 58 行.
NOTIC: [2] preg_match(): Unknown modifier 'p' /data/home/bxu2343130042/htdocs/ThinkPHP/Library/Think/Route.class.php 第 58 行.
INFO: [ app_begin ] --START--
INFO: Run Behavior\ReadHtmlCacheBehavior [ RunTime:0.000453s ]
INFO: [ app_begin ] --END-- [ RunTime:0.000497s ]
NOTIC: [2048] Declaration of Home\Controller\IndexController::show() should be compatible with Think\Controller::show($content, $charset = '', $contentType = '', $prefix = '') /data/home/bxu2343130042/htdocs/App/Home/Controller/IndexController.class.php 第 1846 行.
INFO: [ view_parse ] --START--
INFO: [ template_filter ] --START--
INFO: Run Behavior\ContentReplaceBehavior [ RunTime:0.000088s ]
INFO: [ template_filter ] --END-- [ RunTime:0.000136s ]
INFO: Run Behavior\ParseTemplateBehavior [ RunTime:0.007416s ]
INFO: [ view_parse ] --END-- [ RunTime:0.007461s ]
INFO: [ view_filter ] --START--
INFO: Run Behavior\WriteHtmlCacheBehavior [ RunTime:0.000191s ]
INFO: [ view_filter ] --END-- [ RunTime:0.000225s ]
INFO: [ app_end ] --START--
INFO: Run Behavior\ShowPageTraceBehavior [ RunTime:0.000501s ]
INFO: [ app_end ] --END-- [ RunTime:0.000544s ]

[ 2019-04-12T05:57:35+08:00 ] 66.249.65.91 /
INFO: [ app_init ] --START--
INFO: Run Behavior\BuildLiteBehavior [ RunTime:0.000015s ]
INFO: [ app_init ] --END-- [ RunTime:0.000101s ]
INFO: [ app_begin ] --START--
INFO: Run Behavior\ReadHtmlCacheBehavior [ RunTime:0.000525s ]
INFO: [ app_begin ] --END-- [ RunTime:0.000580s ]
NOTIC: [2048] Declaration of Home\Controller\IndexController::show() should be compatible with Think\Controller::show($content, $charset = '', $contentType = '', $prefix = '') /data/home/bxu2343130042/htdocs/App/Home/Controller/IndexController.class.php 第 1846 行.
SQL: SHOW COLUMNS FROM `new` [ RunTime:0.0022s ]
SQL: SELECT * FROM `new` WHERE ( newclass=1 ) ORDER BY pubtime DESC LIMIT 1   [ RunTime:0.0020s ]
SQL: SELECT * FROM `new` WHERE ( newclass=0 ) ORDER BY pubtime DESC  [ RunTime:0.0121s ]
SQL: SELECT * FROM `new` WHERE `newclass` = 0 AND `pos` = 1 ORDER BY newid DESC LIMIT 1   [ RunTime:0.0016s ]
SQL: SHOW COLUMNS FROM `video` [ RunTime:0.0019s ]
SQL: SELECT * FROM `video` WHERE ( choice=1 ) ORDER BY pubtime DESC LIMIT 1   [ RunTime:0.0020s ]
SQL: SHOW COLUMNS FROM `pro` [ RunTime:0.0018s ]
SQL: SELECT * FROM `pro` WHERE ( choice=1 ) ORDER BY proid DESC  [ RunTime:0.0016s ]
SQL: SHOW COLUMNS FROM `service` [ RunTime:0.0018s ]
SQL: SELECT * FROM `service` WHERE ( serclass=0 ) ORDER BY pubtime DESC  [ RunTime:0.0072s ]
SQL: SELECT * FROM `service` WHERE ( serclass=1 ) ORDER BY pubtime DESC  [ RunTime:0.0037s ]
SQL: SELECT * FROM `service` WHERE ( pos=1 ) LIMIT 1   [ RunTime:0.0017s ]
SQL: SHOW COLUMNS FROM `pagehit` [ RunTime:0.0018s ]
SQL: UPDATE `pagehit` SET `hits`=hits+1 WHERE ( id=1 ) [ RunTime:0.0015s ]
SQL: SELECT `hits` FROM `pagehit` WHERE ( id=1 ) LIMIT 1   [ RunTime:0.0015s ]
SQL: SHOW COLUMNS FROM `user` [ RunTime:0.0018s ]
SQL: SELECT * FROM `user` WHERE ( username='' ) LIMIT 1   [ RunTime:0.0015s ]
INFO: [ view_parse ] --START--
INFO: [ template_filter ] --START--
INFO: Run Behavior\ContentReplaceBehavior [ RunTime:0.000178s ]
INFO: [ template_filter ] --END-- [ RunTime:0.000223s ]
NOTIC: [8] Undefined variable: qq_accesstoken /data/home/bxu2343130042/htdocs/App/Runtime/Cache/Home/00e52909bed743ea261af4b6823297ff.php 第 91 行.
INFO: Run Behavior\ParseTemplateBehavior [ RunTime:0.015493s ]
INFO: [ view_parse ] --END-- [ RunTime:0.015535s ]
INFO: [ view_filter ] --START--
INFO: Run Behavior\WriteHtmlCacheBehavior [ RunTime:0.000192s ]
INFO: [ view_filter ] --END-- [ RunTime:0.000229s ]
INFO: [ app_end ] --START--
INFO: Run Behavior\ShowPageTraceBehavior [ RunTime:0.000573s ]
INFO: [ app_end ] --END-- [ RunTime:0.000619s ]

[ 2019-04-12T06:07:04+08:00 ] 220.181.125.23 /message/lyb11_new.asp
INFO: [ app_init ] --START--
INFO: Run Behavior\BuildLiteBehavior [ RunTime:0.000014s ]
INFO: [ app_init ] --END-- [ RunTime:0.000092s ]
NOTIC: [2] preg_match(): Unknown modifier 'p' /data/home/bxu2343130042/htdocs/ThinkPHP/Library/Think/Route.class.php 第 58 行.
NOTIC: [2] preg_match(): Unknown modifier 'p' /data/home/bxu2343130042/htdocs/ThinkPHP/Library/Think/Route.class.php 第 58 行.
NOTIC: [2] preg_match(): Unknown modifier 'p' /data/home/bxu2343130042/htdocs/ThinkPHP/Library/Think/Route.class.php 第 58 行.
NOTIC: [2] preg_match(): Unknown modifier 'p' /data/home/bxu2343130042/htdocs/ThinkPHP/Library/Think/Route.class.php 第 58 行.
NOTIC: [2] preg_match(): Unknown modifier 'p' /data/home/bxu2343130042/htdocs/ThinkPHP/Library/Think/Route.class.php 第 58 行.
NOTIC: [2] preg_match(): Unknown modifier 'p' /data/home/bxu2343130042/htdocs/ThinkPHP/Library/Think/Route.class.php 第 58 行.
NOTIC: [2] preg_match(): Unknown modifier 'p' /data/home/bxu2343130042/htdocs/ThinkPHP/Library/Think/Route.class.php 第 58 行.
NOTIC: [2] preg_match(): Unknown modifier 'p' /data/home/bxu2343130042/htdocs/ThinkPHP/Library/Think/Route.class.php 第 58 行.
NOTIC: [2] preg_match(): Unknown modifier 'p' /data/home/bxu2343130042/htdocs/ThinkPHP/Library/Think/Route.class.php 第 58 行.
NOTIC: [2] preg_match(): Unknown modifier 'p' /data/home/bxu2343130042/htdocs/ThinkPHP/Library/Think/Route.class.php 第 58 行.
INFO: [ app_begin ] --START--
INFO: Run Behavior\ReadHtmlCacheBehavior [ RunTime:0.000482s ]
INFO: [ app_begin ] --END-- [ RunTime:0.000527s ]
NOTIC: [2048] Declaration of Home\Controller\IndexController::show() should be compatible with Think\Controller::show($content, $charset = '', $contentType = '', $prefix = '') /data/home/bxu2343130042/htdocs/App/Home/Controller/IndexController.class.php 第 1846 行.

[ 2019-04-12T06:08:12+08:00 ] 220.181.125.23 /pro/pro_center.php
INFO: [ app_init ] --START--
INFO: Run Behavior\BuildLiteBehavior [ RunTime:0.000021s ]
INFO: [ app_init ] --END-- [ RunTime:0.000164s ]
NOTIC: [2] preg_match(): Unknown modifier 'p' /data/home/bxu2343130042/htdocs/ThinkPHP/Library/Think/Route.class.php 第 58 行.
NOTIC: [2] preg_match(): Unknown modifier 'p' /data/home/bxu2343130042/htdocs/ThinkPHP/Library/Think/Route.class.php 第 58 行.
NOTIC: [2] preg_match(): Unknown modifier 'p' /data/home/bxu2343130042/htdocs/ThinkPHP/Library/Think/Route.class.php 第 58 行.
NOTIC: [2] preg_match(): Unknown modifier 'p' /data/home/bxu2343130042/htdocs/ThinkPHP/Library/Think/Route.class.php 第 58 行.
NOTIC: [2] preg_match(): Unknown modifier 'p' /data/home/bxu2343130042/htdocs/ThinkPHP/Library/Think/Route.class.php 第 58 行.
NOTIC: [2] preg_match(): Unknown modifier 'p' /data/home/bxu2343130042/htdocs/ThinkPHP/Library/Think/Route.class.php 第 58 行.
NOTIC: [2] preg_match(): Unknown modifier 'p' /data/home/bxu2343130042/htdocs/ThinkPHP/Library/Think/Route.class.php 第 58 行.
NOTIC: [2] preg_match(): Unknown modifier 'p' /data/home/bxu2343130042/htdocs/ThinkPHP/Library/Think/Route.class.php 第 58 行.
NOTIC: [2] preg_match(): Unknown modifier 'p' /data/home/bxu2343130042/htdocs/ThinkPHP/Library/Think/Route.class.php 第 58 行.
NOTIC: [2] preg_match(): Unknown modifier 'p' /data/home/bxu2343130042/htdocs/ThinkPHP/Library/Think/Route.class.php 第 58 行.
INFO: [ app_begin ] --START--
INFO: Run Behavior\ReadHtmlCacheBehavior [ RunTime:0.000474s ]
INFO: [ app_begin ] --END-- [ RunTime:0.000520s ]
NOTIC: [2048] Declaration of Home\Controller\IndexController::show() should be compatible with Think\Controller::show($content, $charset = '', $contentType = '', $prefix = '') /data/home/bxu2343130042/htdocs/App/Home/Controller/IndexController.class.php 第 1846 行.

[ 2019-04-12T06:08:27+08:00 ] 220.181.125.23 /
INFO: [ app_init ] --START--
INFO: Run Behavior\BuildLiteBehavior [ RunTime:0.000021s ]
INFO: [ app_init ] --END-- [ RunTime:0.000125s ]
INFO: [ app_begin ] --START--
INFO: Run Behavior\ReadHtmlCacheBehavior [ RunTime:0.000468s ]
INFO: [ app_begin ] --END-- [ RunTime:0.000549s ]
NOTIC: [2048] Declaration of Home\Controller\IndexController::show() should be compatible with Think\Controller::show($content, $charset = '', $contentType = '', $prefix = '') /data/home/bxu2343130042/htdocs/App/Home/Controller/IndexController.class.php 第 1846 行.
SQL: SHOW COLUMNS FROM `new` [ RunTime:0.0019s ]
SQL: SELECT * FROM `new` WHERE ( newclass=1 ) ORDER BY pubtime DESC LIMIT 1   [ RunTime:0.0017s ]
SQL: SELECT * FROM `new` WHERE ( newclass=0 ) ORDER BY pubtime DESC  [ RunTime:0.0112s ]
SQL: SELECT * FROM `new` WHERE `newclass` = 0 AND `pos` = 1 ORDER BY newid DESC LIMIT 1   [ RunTime:0.0014s ]
SQL: SHOW COLUMNS FROM `video` [ RunTime:0.0015s ]
SQL: SELECT * FROM `video` WHERE ( choice=1 ) ORDER BY pubtime DESC LIMIT 1   [ RunTime:0.0017s ]
SQL: SHOW COLUMNS FROM `pro` [ RunTime:0.0015s ]
SQL: SELECT * FROM `pro` WHERE ( choice=1 ) ORDER BY proid DESC  [ RunTime:0.0013s ]
SQL: SHOW COLUMNS FROM `service` [ RunTime:0.0015s ]
SQL: SELECT * FROM `service` WHERE ( serclass=0 ) ORDER BY pubtime DESC  [ RunTime:0.0060s ]
SQL: SELECT * FROM `service` WHERE ( serclass=1 ) ORDER BY pubtime DESC  [ RunTime:0.0032s ]
SQL: SELECT * FROM `service` WHERE ( pos=1 ) LIMIT 1   [ RunTime:0.0014s ]
SQL: SHOW COLUMNS FROM `pagehit` [ RunTime:0.0015s ]
SQL: UPDATE `pagehit` SET `hits`=hits+1 WHERE ( id=1 ) [ RunTime:0.0013s ]
SQL: SELECT `hits` FROM `pagehit` WHERE ( id=1 ) LIMIT 1   [ RunTime:0.0014s ]
SQL: SHOW COLUMNS FROM `user` [ RunTime:0.0016s ]
SQL: SELECT * FROM `user` WHERE ( username='' ) LIMIT 1   [ RunTime:0.0012s ]
INFO: [ view_parse ] --START--
INFO: [ template_filter ] --START--
INFO: Run Behavior\ContentReplaceBehavior [ RunTime:0.000169s ]
INFO: [ template_filter ] --END-- [ RunTime:0.000236s ]
NOTIC: [8] Undefined variable: qq_accesstoken /data/home/bxu2343130042/htdocs/App/Runtime/Cache/Home/00e52909bed743ea261af4b6823297ff.php 第 91 行.
INFO: Run Behavior\ParseTemplateBehavior [ RunTime:0.016968s ]
INFO: [ view_parse ] --END-- [ RunTime:0.017014s ]
INFO: [ view_filter ] --START--
INFO: Run Behavior\WriteHtmlCacheBehavior [ RunTime:0.000226s ]
INFO: [ view_filter ] --END-- [ RunTime:0.000266s ]
INFO: [ app_end ] --START--
INFO: Run Behavior\ShowPageTraceBehavior [ RunTime:0.000539s ]
INFO: [ app_end ] --END-- [ RunTime:0.000582s ]

[ 2019-04-12T06:57:07+08:00 ] 42.156.136.74 /newsinfo/id/17.html
INFO: [ app_init ] --START--
INFO: Run Behavior\BuildLiteBehavior [ RunTime:0.000014s ]
INFO: [ app_init ] --END-- [ RunTime:0.000091s ]
NOTIC: [2] preg_match(): Unknown modifier 'p' /data/home/bxu2343130042/htdocs/ThinkPHP/Library/Think/Route.class.php 第 58 行.
NOTIC: [2] preg_match(): Unknown modifier 'p' /data/home/bxu2343130042/htdocs/ThinkPHP/Library/Think/Route.class.php 第 58 行.
NOTIC: [2] preg_match(): Unknown modifier 'p' /data/home/bxu2343130042/htdocs/ThinkPHP/Library/Think/Route.class.php 第 58 行.
NOTIC: [2] preg_match(): Unknown modifier 'p' /data/home/bxu2343130042/htdocs/ThinkPHP/Library/Think/Route.class.php 第 58 行.
NOTIC: [2] preg_match(): Unknown modifier 'p' /data/home/bxu2343130042/htdocs/ThinkPHP/Library/Think/Route.class.php 第 58 行.
NOTIC: [2] preg_match(): Unknown modifier 'p' /data/home/bxu2343130042/htdocs/ThinkPHP/Library/Think/Route.class.php 第 58 行.
NOTIC: [2] preg_match(): Unknown modifier 'p' /data/home/bxu2343130042/htdocs/ThinkPHP/Library/Think/Route.class.php 第 58 行.
NOTIC: [2] preg_match(): Unknown modifier 'p' /data/home/bxu2343130042/htdocs/ThinkPHP/Library/Think/Route.class.php 第 58 行.
NOTIC: [2] preg_match(): Unknown modifier 'p' /data/home/bxu2343130042/htdocs/ThinkPHP/Library/Think/Route.class.php 第 58 行.
NOTIC: [2] preg_match(): Unknown modifier 'p' /data/home/bxu2343130042/htdocs/ThinkPHP/Library/Think/Route.class.php 第 58 行.
INFO: [ app_begin ] --START--
INFO: Run Behavior\ReadHtmlCacheBehavior [ RunTime:0.000476s ]
INFO: [ app_begin ] --END-- [ RunTime:0.000524s ]
NOTIC: [2048] Declaration of Home\Controller\IndexController::show() should be compatible with Think\Controller::show($content, $charset = '', $contentType = '', $prefix = '') /data/home/bxu2343130042/htdocs/App/Home/Controller/IndexController.class.php 第 1846 行.
SQL: SHOW COLUMNS FROM `new` [ RunTime:0.0022s ]
SQL: SELECT * FROM `new` WHERE ( newid=17 and newclass=0 ) LIMIT 1   [ RunTime:0.0018s ]
SQL: SELECT * FROM `new` WHERE `newclass` = 1 ORDER BY pubtime DESC  [ RunTime:0.0117s ]
SQL: SHOW COLUMNS FROM `service` [ RunTime:0.0019s ]
SQL: SELECT * FROM `service` WHERE `serclass` = 0 ORDER BY pubtime DESC LIMIT 1   [ RunTime:0.0020s ]
SQL: SELECT * FROM `service` WHERE `serclass` = 1 ORDER BY pubtime DESC LIMIT 1   [ RunTime:0.0019s ]
SQL: SELECT * FROM `new` WHERE ( newid<17 and newclass=0 ) ORDER BY newid desc LIMIT 1   [ RunTime:0.0018s ]
SQL: SELECT * FROM `new` WHERE ( newid>17 and newclass=0 ) ORDER BY newid asc LIMIT 1   [ RunTime:0.0023s ]
INFO: [ view_parse ] --START--
INFO: [ template_filter ] --START--
INFO: Run Behavior\ContentReplaceBehavior [ RunTime:0.000145s ]
INFO: [ template_filter ] --END-- [ RunTime:0.000192s ]
INFO: Run Behavior\ParseTemplateBehavior [ RunTime:0.011641s ]
INFO: [ view_parse ] --END-- [ RunTime:0.011719s ]
INFO: [ view_filter ] --START--
INFO: Run Behavior\WriteHtmlCacheBehavior [ RunTime:0.000219s ]
INFO: [ view_filter ] --END-- [ RunTime:0.000256s ]
INFO: [ app_end ] --START--
INFO: Run Behavior\ShowPageTraceBehavior [ RunTime:0.000479s ]
INFO: [ app_end ] --END-- [ RunTime:0.000521s ]

[ 2019-04-12T08:43:38+08:00 ] 47.98.96.116 /
INFO: [ app_init ] --START--
INFO: Run Behavior\BuildLiteBehavior [ RunTime:0.000015s ]
INFO: [ app_init ] --END-- [ RunTime:0.000097s ]
INFO: [ app_begin ] --START--
INFO: Run Behavior\ReadHtmlCacheBehavior [ RunTime:0.000482s ]
INFO: [ app_begin ] --END-- [ RunTime:0.000527s ]
NOTIC: [2048] Declaration of Home\Controller\IndexController::show() should be compatible with Think\Controller::show($content, $charset = '', $contentType = '', $prefix = '') /data/home/bxu2343130042/htdocs/App/Home/Controller/IndexController.class.php 第 1846 行.
SQL: SHOW COLUMNS FROM `new` [ RunTime:0.0018s ]
SQL: SELECT * FROM `new` WHERE ( newclass=1 ) ORDER BY pubtime DESC LIMIT 1   [ RunTime:0.0017s ]
SQL: SELECT * FROM `new` WHERE ( newclass=0 ) ORDER BY pubtime DESC  [ RunTime:0.0107s ]
SQL: SELECT * FROM `new` WHERE `newclass` = 0 AND `pos` = 1 ORDER BY newid DESC LIMIT 1   [ RunTime:0.0013s ]
SQL: SHOW COLUMNS FROM `video` [ RunTime:0.0015s ]
SQL: SELECT * FROM `video` WHERE ( choice=1 ) ORDER BY pubtime DESC LIMIT 1   [ RunTime:0.0017s ]
SQL: SHOW COLUMNS FROM `pro` [ RunTime:0.0014s ]
SQL: SELECT * FROM `pro` WHERE ( choice=1 ) ORDER BY proid DESC  [ RunTime:0.0014s ]
SQL: SHOW COLUMNS FROM `service` [ RunTime:0.0015s ]
SQL: SELECT * FROM `service` WHERE ( serclass=0 ) ORDER BY pubtime DESC  [ RunTime:0.0059s ]
SQL: SELECT * FROM `service` WHERE ( serclass=1 ) ORDER BY pubtime DESC  [ RunTime:0.0032s ]
SQL: SELECT * FROM `service` WHERE ( pos=1 ) LIMIT 1   [ RunTime:0.0014s ]
SQL: SHOW COLUMNS FROM `pagehit` [ RunTime:0.0015s ]
SQL: UPDATE `pagehit` SET `hits`=hits+1 WHERE ( id=1 ) [ RunTime:0.0012s ]
SQL: SELECT `hits` FROM `pagehit` WHERE ( id=1 ) LIMIT 1   [ RunTime:0.0012s ]
SQL: SHOW COLUMNS FROM `user` [ RunTime:0.0016s ]
SQL: SELECT * FROM `user` WHERE ( username='' ) LIMIT 1   [ RunTime:0.0013s ]
INFO: [ view_parse ] --START--
INFO: [ template_filter ] --START--
INFO: Run Behavior\ContentReplaceBehavior [ RunTime:0.000156s ]
INFO: [ template_filter ] --END-- [ RunTime:0.000202s ]
NOTIC: [8] Undefined variable: qq_accesstoken /data/home/bxu2343130042/htdocs/App/Runtime/Cache/Home/00e52909bed743ea261af4b6823297ff.php 第 91 行.
INFO: Run Behavior\ParseTemplateBehavior [ RunTime:0.018459s ]
INFO: [ view_parse ] --END-- [ RunTime:0.018503s ]
INFO: [ view_filter ] --START--
INFO: Run Behavior\WriteHtmlCacheBehavior [ RunTime:0.000197s ]
INFO: [ view_filter ] --END-- [ RunTime:0.000235s ]
INFO: [ app_end ] --START--
INFO: Run Behavior\ShowPageTraceBehavior [ RunTime:0.000568s ]
INFO: [ app_end ] --END-- [ RunTime:0.000626s ]

[ 2019-04-12T09:00:46+08:00 ] 47.92.39.202 /
INFO: [ app_init ] --START--
INFO: Run Behavior\BuildLiteBehavior [ RunTime:0.000020s ]
INFO: [ app_init ] --END-- [ RunTime:0.000130s ]
INFO: [ app_begin ] --START--
INFO: Run Behavior\ReadHtmlCacheBehavior [ RunTime:0.000533s ]
INFO: [ app_begin ] --END-- [ RunTime:0.000579s ]
NOTIC: [2048] Declaration of Home\Controller\IndexController::show() should be compatible with Think\Controller::show($content, $charset = '', $contentType = '', $prefix = '') /data/home/bxu2343130042/htdocs/App/Home/Controller/IndexController.class.php 第 1846 行.
SQL: SHOW COLUMNS FROM `new` [ RunTime:0.0022s ]
SQL: SELECT * FROM `new` WHERE ( newclass=1 ) ORDER BY pubtime DESC LIMIT 1   [ RunTime:0.0020s ]
SQL: SELECT * FROM `new` WHERE ( newclass=0 ) ORDER BY pubtime DESC  [ RunTime:0.0116s ]
SQL: SELECT * FROM `new` WHERE `newclass` = 0 AND `pos` = 1 ORDER BY newid DESC LIMIT 1   [ RunTime:0.0016s ]
SQL: SHOW COLUMNS FROM `video` [ RunTime:0.0019s ]
SQL: SELECT * FROM `video` WHERE ( choice=1 ) ORDER BY pubtime DESC LIMIT 1   [ RunTime:0.0019s ]
SQL: SHOW COLUMNS FROM `pro` [ RunTime:0.0017s ]
SQL: SELECT * FROM `pro` WHERE ( choice=1 ) ORDER BY proid DESC  [ RunTime:0.0015s ]
SQL: SHOW COLUMNS FROM `service` [ RunTime:0.0017s ]
SQL: SELECT * FROM `service` WHERE ( serclass=0 ) ORDER BY pubtime DESC  [ RunTime:0.0066s ]
SQL: SELECT * FROM `service` WHERE ( serclass=1 ) ORDER BY pubtime DESC  [ RunTime:0.0036s ]
SQL: SELECT * FROM `service` WHERE ( pos=1 ) LIMIT 1   [ RunTime:0.0016s ]
SQL: SHOW COLUMNS FROM `pagehit` [ RunTime:0.0016s ]
SQL: UPDATE `pagehit` SET `hits`=hits+1 WHERE ( id=1 ) [ RunTime:0.0014s ]
SQL: SELECT `hits` FROM `pagehit` WHERE ( id=1 ) LIMIT 1   [ RunTime:0.0015s ]
SQL: SHOW COLUMNS FROM `user` [ RunTime:0.0018s ]
SQL: SELECT * FROM `user` WHERE ( username='' ) LIMIT 1   [ RunTime:0.0015s ]
INFO: [ view_parse ] --START--
INFO: [ template_filter ] --START--
INFO: Run Behavior\ContentReplaceBehavior [ RunTime:0.000166s ]
INFO: [ template_filter ] --END-- [ RunTime:0.000221s ]
NOTIC: [8] Undefined variable: qq_accesstoken /data/home/bxu2343130042/htdocs/App/Runtime/Cache/Home/00e52909bed743ea261af4b6823297ff.php 第 91 行.
INFO: Run Behavior\ParseTemplateBehavior [ RunTime:0.018698s ]
INFO: [ view_parse ] --END-- [ RunTime:0.018761s ]
INFO: [ view_filter ] --START--
INFO: Run Behavior\WriteHtmlCacheBehavior [ RunTime:0.000231s ]
INFO: [ view_filter ] --END-- [ RunTime:0.000272s ]
INFO: [ app_end ] --START--
INFO: Run Behavior\ShowPageTraceBehavior [ RunTime:0.000531s ]
INFO: [ app_end ] --END-- [ RunTime:0.000574s ]

[ 2019-04-12T09:05:30+08:00 ] 139.224.11.233 /
INFO: [ app_init ] --START--
INFO: Run Behavior\BuildLiteBehavior [ RunTime:0.000022s ]
INFO: [ app_init ] --END-- [ RunTime:0.000163s ]
INFO: [ app_begin ] --START--
INFO: Run Behavior\ReadHtmlCacheBehavior [ RunTime:0.000571s ]
INFO: [ app_begin ] --END-- [ RunTime:0.000616s ]
NOTIC: [2048] Declaration of Home\Controller\IndexController::show() should be compatible with Think\Controller::show($content, $charset = '', $contentType = '', $prefix = '') /data/home/bxu2343130042/htdocs/App/Home/Controller/IndexController.class.php 第 1846 行.
SQL: SHOW COLUMNS FROM `new` [ RunTime:0.0025s ]
SQL: SELECT * FROM `new` WHERE ( newclass=1 ) ORDER BY pubtime DESC LIMIT 1   [ RunTime:0.0037s ]
SQL: SELECT * FROM `new` WHERE ( newclass=0 ) ORDER BY pubtime DESC  [ RunTime:0.0128s ]
SQL: SELECT * FROM `new` WHERE `newclass` = 0 AND `pos` = 1 ORDER BY newid DESC LIMIT 1   [ RunTime:0.0015s ]
SQL: SHOW COLUMNS FROM `video` [ RunTime:0.0020s ]
SQL: SELECT * FROM `video` WHERE ( choice=1 ) ORDER BY pubtime DESC LIMIT 1   [ RunTime:0.0014s ]
SQL: SHOW COLUMNS FROM `pro` [ RunTime:0.0017s ]
SQL: SELECT * FROM `pro` WHERE ( choice=1 ) ORDER BY proid DESC  [ RunTime:0.0014s ]
SQL: SHOW COLUMNS FROM `service` [ RunTime:0.0017s ]
SQL: SELECT * FROM `service` WHERE ( serclass=0 ) ORDER BY pubtime DESC  [ RunTime:0.0068s ]
SQL: SELECT * FROM `service` WHERE ( serclass=1 ) ORDER BY pubtime DESC  [ RunTime:0.0036s ]
SQL: SELECT * FROM `service` WHERE ( pos=1 ) LIMIT 1   [ RunTime:0.0016s ]
SQL: SHOW COLUMNS FROM `pagehit` [ RunTime:0.0018s ]
SQL: UPDATE `pagehit` SET `hits`=hits+1 WHERE ( id=1 ) [ RunTime:0.0015s ]
SQL: SELECT `hits` FROM `pagehit` WHERE ( id=1 ) LIMIT 1   [ RunTime:0.0015s ]
SQL: SHOW COLUMNS FROM `user` [ RunTime:0.0019s ]
SQL: SELECT * FROM `user` WHERE ( username='' ) LIMIT 1   [ RunTime:0.0014s ]
INFO: [ view_parse ] --START--
INFO: [ template_filter ] --START--
INFO: Run Behavior\ContentReplaceBehavior [ RunTime:0.000210s ]
INFO: [ template_filter ] --END-- [ RunTime:0.000294s ]
NOTIC: [8] Undefined variable: qq_accesstoken /data/home/bxu2343130042/htdocs/App/Runtime/Cache/Home/00e52909bed743ea261af4b6823297ff.php 第 91 行.
INFO: Run Behavior\ParseTemplateBehavior [ RunTime:0.021118s ]
INFO: [ view_parse ] --END-- [ RunTime:0.021165s ]
INFO: [ view_filter ] --START--
INFO: Run Behavior\WriteHtmlCacheBehavior [ RunTime:0.000222s ]
INFO: [ view_filter ] --END-- [ RunTime:0.000263s ]
INFO: [ app_end ] --START--
INFO: Run Behavior\ShowPageTraceBehavior [ RunTime:0.000527s ]
INFO: [ app_end ] --END-- [ RunTime:0.000596s ]

[ 2019-04-12T09:18:21+08:00 ] 112.97.52.172 /play.html
INFO: [ app_init ] --START--
INFO: Run Behavior\BuildLiteBehavior [ RunTime:0.000019s ]
INFO: [ app_init ] --END-- [ RunTime:0.000116s ]
NOTIC: [2] preg_match(): Unknown modifier 'p' /data/home/bxu2343130042/htdocs/ThinkPHP/Library/Think/Route.class.php 第 58 行.
NOTIC: [2] preg_match(): Unknown modifier 'p' /data/home/bxu2343130042/htdocs/ThinkPHP/Library/Think/Route.class.php 第 58 行.
NOTIC: [2] preg_match(): Unknown modifier 'p' /data/home/bxu2343130042/htdocs/ThinkPHP/Library/Think/Route.class.php 第 58 行.
NOTIC: [2] preg_match(): Unknown modifier 'p' /data/home/bxu2343130042/htdocs/ThinkPHP/Library/Think/Route.class.php 第 58 行.
NOTIC: [2] preg_match(): Unknown modifier 'p' /data/home/bxu2343130042/htdocs/ThinkPHP/Library/Think/Route.class.php 第 58 行.
NOTIC: [2] preg_match(): Unknown modifier 'p' /data/home/bxu2343130042/htdocs/ThinkPHP/Library/Think/Route.class.php 第 58 行.
NOTIC: [2] preg_match(): Unknown modifier 'p' /data/home/bxu2343130042/htdocs/ThinkPHP/Library/Think/Route.class.php 第 58 行.
NOTIC: [2] preg_match(): Unknown modifier 'p' /data/home/bxu2343130042/htdocs/ThinkPHP/Library/Think/Route.class.php 第 58 行.
NOTIC: [2] preg_match(): Unknown modifier 'p' /data/home/bxu2343130042/htdocs/ThinkPHP/Library/Think/Route.class.php 第 58 行.
NOTIC: [2] preg_match(): Unknown modifier 'p' /data/home/bxu2343130042/htdocs/ThinkPHP/Library/Think/Route.class.php 第 58 行.
INFO: [ app_begin ] --START--
INFO: Run Behavior\ReadHtmlCacheBehavior [ RunTime:0.000758s ]
INFO: [ app_begin ] --END-- [ RunTime:0.000819s ]
NOTIC: [2048] Declaration of Home\Controller\IndexController::show() should be compatible with Think\Controller::show($content, $charset = '', $contentType = '', $prefix = '') /data/home/bxu2343130042/htdocs/App/Home/Controller/IndexController.class.php 第 1846 行.
SQL: SHOW COLUMNS FROM `playuser` [ RunTime:0.0021s ]
SQL: SELECT COUNT(*) AS tp_count FROM `playuser` LIMIT 1   [ RunTime:0.0016s ]
SQL: SELECT * FROM `playuser` ORDER BY regtime DESC  [ RunTime:0.0017s ]
SQL: SHOW COLUMNS FROM `play` [ RunTime:0.0019s ]
SQL: SELECT * FROM `play` ORDER BY pubtime DESC LIMIT 1   [ RunTime:0.0017s ]
INFO: [ view_parse ] --START--
INFO: [ template_filter ] --START--
INFO: Run Behavior\ContentReplaceBehavior [ RunTime:0.000083s ]
INFO: [ template_filter ] --END-- [ RunTime:0.000144s ]
INFO: Run Behavior\ParseTemplateBehavior [ RunTime:0.008974s ]
INFO: [ view_parse ] --END-- [ RunTime:0.009032s ]
INFO: [ view_filter ] --START--
INFO: Run Behavior\WriteHtmlCacheBehavior [ RunTime:0.000202s ]
INFO: [ view_filter ] --END-- [ RunTime:0.000237s ]
INFO: [ app_end ] --START--
INFO: Run Behavior\ShowPageTraceBehavior [ RunTime:0.000797s ]
INFO: [ app_end ] --END-- [ RunTime:0.000880s ]

[ 2019-04-12T09:18:46+08:00 ] 112.97.52.172 /play.html
INFO: [ app_init ] --START--
INFO: Run Behavior\BuildLiteBehavior [ RunTime:0.000020s ]
INFO: [ app_init ] --END-- [ RunTime:0.000112s ]
NOTIC: [2] preg_match(): Unknown modifier 'p' /data/home/bxu2343130042/htdocs/ThinkPHP/Library/Think/Route.class.php 第 58 行.
NOTIC: [2] preg_match(): Unknown modifier 'p' /data/home/bxu2343130042/htdocs/ThinkPHP/Library/Think/Route.class.php 第 58 行.
NOTIC: [2] preg_match(): Unknown modifier 'p' /data/home/bxu2343130042/htdocs/ThinkPHP/Library/Think/Route.class.php 第 58 行.
NOTIC: [2] preg_match(): Unknown modifier 'p' /data/home/bxu2343130042/htdocs/ThinkPHP/Library/Think/Route.class.php 第 58 行.
NOTIC: [2] preg_match(): Unknown modifier 'p' /data/home/bxu2343130042/htdocs/ThinkPHP/Library/Think/Route.class.php 第 58 行.
NOTIC: [2] preg_match(): Unknown modifier 'p' /data/home/bxu2343130042/htdocs/ThinkPHP/Library/Think/Route.class.php 第 58 行.
NOTIC: [2] preg_match(): Unknown modifier 'p' /data/home/bxu2343130042/htdocs/ThinkPHP/Library/Think/Route.class.php 第 58 行.
NOTIC: [2] preg_match(): Unknown modifier 'p' /data/home/bxu2343130042/htdocs/ThinkPHP/Library/Think/Route.class.php 第 58 行.
NOTIC: [2] preg_match(): Unknown modifier 'p' /data/home/bxu2343130042/htdocs/ThinkPHP/Library/Think/Route.class.php 第 58 行.
NOTIC: [2] preg_match(): Unknown modifier 'p' /data/home/bxu2343130042/htdocs/ThinkPHP/Library/Think/Route.class.php 第 58 行.
INFO: [ app_begin ] --START--
INFO: Run Behavior\ReadHtmlCacheBehavior [ RunTime:0.000500s ]
INFO: [ app_begin ] --END-- [ RunTime:0.000544s ]
NOTIC: [2048] Declaration of Home\Controller\IndexController::show() should be compatible with Think\Controller::show($content, $charset = '', $contentType = '', $prefix = '') /data/home/bxu2343130042/htdocs/App/Home/Controller/IndexController.class.php 第 1846 行.
SQL: SHOW COLUMNS FROM `playuser` [ RunTime:0.0019s ]
SQL: SELECT COUNT(*) AS tp_count FROM `playuser` LIMIT 1   [ RunTime:0.0014s ]
SQL: SELECT * FROM `playuser` ORDER BY regtime DESC  [ RunTime:0.0014s ]
SQL: SHOW COLUMNS FROM `play` [ RunTime:0.0016s ]
SQL: SELECT * FROM `play` ORDER BY pubtime DESC LIMIT 1   [ RunTime:0.0014s ]
INFO: [ view_parse ] --START--
INFO: [ template_filter ] --START--
INFO: Run Behavior\ContentReplaceBehavior [ RunTime:0.000060s ]
INFO: [ template_filter ] --END-- [ RunTime:0.000103s ]
INFO: Run Behavior\ParseTemplateBehavior [ RunTime:0.007256s ]
INFO: [ view_parse ] --END-- [ RunTime:0.007333s ]
INFO: [ view_filter ] --START--
INFO: Run Behavior\WriteHtmlCacheBehavior [ RunTime:0.000190s ]
INFO: [ view_filter ] --END-- [ RunTime:0.000223s ]
INFO: [ app_end ] --START--
INFO: Run Behavior\ShowPageTraceBehavior [ RunTime:0.000495s ]
INFO: [ app_end ] --END-- [ RunTime:0.000544s ]

[ 2019-04-12T09:30:10+08:00 ] 106.14.167.211 /
INFO: [ app_init ] --START--
INFO: Run Behavior\BuildLiteBehavior [ RunTime:0.000016s ]
INFO: [ app_init ] --END-- [ RunTime:0.000102s ]
INFO: [ app_begin ] --START--
INFO: Run Behavior\ReadHtmlCacheBehavior [ RunTime:0.000443s ]
INFO: [ app_begin ] --END-- [ RunTime:0.000488s ]
NOTIC: [2048] Declaration of Home\Controller\IndexController::show() should be compatible with Think\Controller::show($content, $charset = '', $contentType = '', $prefix = '') /data/home/bxu2343130042/htdocs/App/Home/Controller/IndexController.class.php 第 1846 行.
SQL: SHOW COLUMNS FROM `new` [ RunTime:0.0022s ]
SQL: SELECT * FROM `new` WHERE ( newclass=1 ) ORDER BY pubtime DESC LIMIT 1   [ RunTime:0.0018s ]
SQL: SELECT * FROM `new` WHERE ( newclass=0 ) ORDER BY pubtime DESC  [ RunTime:0.0108s ]
SQL: SELECT * FROM `new` WHERE `newclass` = 0 AND `pos` = 1 ORDER BY newid DESC LIMIT 1   [ RunTime:0.0016s ]
SQL: SHOW COLUMNS FROM `video` [ RunTime:0.0018s ]
SQL: SELECT * FROM `video` WHERE ( choice=1 ) ORDER BY pubtime DESC LIMIT 1   [ RunTime:0.0252s ]
SQL: SHOW COLUMNS FROM `pro` [ RunTime:0.0020s ]
SQL: SELECT * FROM `pro` WHERE ( choice=1 ) ORDER BY proid DESC  [ RunTime:0.0015s ]
SQL: SHOW COLUMNS FROM `service` [ RunTime:0.0018s ]
SQL: SELECT * FROM `service` WHERE ( serclass=0 ) ORDER BY pubtime DESC  [ RunTime:0.0064s ]
SQL: SELECT * FROM `service` WHERE ( serclass=1 ) ORDER BY pubtime DESC  [ RunTime:0.0035s ]
SQL: SELECT * FROM `service` WHERE ( pos=1 ) LIMIT 1   [ RunTime:0.0016s ]
SQL: SHOW COLUMNS FROM `pagehit` [ RunTime:0.0017s ]
SQL: UPDATE `pagehit` SET `hits`=hits+1 WHERE ( id=1 ) [ RunTime:0.0013s ]
SQL: SELECT `hits` FROM `pagehit` WHERE ( id=1 ) LIMIT 1   [ RunTime:0.0013s ]
SQL: SHOW COLUMNS FROM `user` [ RunTime:0.0018s ]
SQL: SELECT * FROM `user` WHERE ( username='' ) LIMIT 1   [ RunTime:0.0013s ]
INFO: [ view_parse ] --START--
INFO: [ template_filter ] --START--
INFO: Run Behavior\ContentReplaceBehavior [ RunTime:0.000162s ]
INFO: [ template_filter ] --END-- [ RunTime:0.000210s ]
NOTIC: [8] Undefined variable: qq_accesstoken /data/home/bxu2343130042/htdocs/App/Runtime/Cache/Home/00e52909bed743ea261af4b6823297ff.php 第 91 行.
INFO: Run Behavior\ParseTemplateBehavior [ RunTime:0.015991s ]
INFO: [ view_parse ] --END-- [ RunTime:0.016036s ]
INFO: [ view_filter ] --START--
INFO: Run Behavior\WriteHtmlCacheBehavior [ RunTime:0.000203s ]
INFO: [ view_filter ] --END-- [ RunTime:0.000245s ]
INFO: [ app_end ] --START--
INFO: Run Behavior\ShowPageTraceBehavior [ RunTime:0.000540s ]
INFO: [ app_end ] --END-- [ RunTime:0.000587s ]

[ 2019-04-12T10:13:33+08:00 ] 120.77.213.254 /
INFO: [ app_init ] --START--
INFO: Run Behavior\BuildLiteBehavior [ RunTime:0.000016s ]
INFO: [ app_init ] --END-- [ RunTime:0.000152s ]
INFO: [ app_begin ] --START--
INFO: Run Behavior\ReadHtmlCacheBehavior [ RunTime:0.000472s ]
INFO: [ app_begin ] --END-- [ RunTime:0.000519s ]
NOTIC: [2048] Declaration of Home\Controller\IndexController::show() should be compatible with Think\Controller::show($content, $charset = '', $contentType = '', $prefix = '') /data/home/bxu2343130042/htdocs/App/Home/Controller/IndexController.class.php 第 1846 行.
SQL: SHOW COLUMNS FROM `new` [ RunTime:0.0022s ]
SQL: SELECT * FROM `new` WHERE ( newclass=1 ) ORDER BY pubtime DESC LIMIT 1   [ RunTime:0.0021s ]
SQL: SELECT * FROM `new` WHERE ( newclass=0 ) ORDER BY pubtime DESC  [ RunTime:0.0145s ]
SQL: SELECT * FROM `new` WHERE `newclass` = 0 AND `pos` = 1 ORDER BY newid DESC LIMIT 1   [ RunTime:0.0019s ]
SQL: SHOW COLUMNS FROM `video` [ RunTime:0.0020s ]
SQL: SELECT * FROM `video` WHERE ( choice=1 ) ORDER BY pubtime DESC LIMIT 1   [ RunTime:0.0022s ]
SQL: SHOW COLUMNS FROM `pro` [ RunTime:0.0020s ]
SQL: SELECT * FROM `pro` WHERE ( choice=1 ) ORDER BY proid DESC  [ RunTime:0.0017s ]
SQL: SHOW COLUMNS FROM `service` [ RunTime:0.0019s ]
SQL: SELECT * FROM `service` WHERE ( serclass=0 ) ORDER BY pubtime DESC  [ RunTime:0.0079s ]
SQL: SELECT * FROM `service` WHERE ( serclass=1 ) ORDER BY pubtime DESC  [ RunTime:0.0040s ]
SQL: SELECT * FROM `service` WHERE ( pos=1 ) LIMIT 1   [ RunTime:0.0019s ]
SQL: SHOW COLUMNS FROM `pagehit` [ RunTime:0.0019s ]
SQL: UPDATE `pagehit` SET `hits`=hits+1 WHERE ( id=1 ) [ RunTime:0.0017s ]
SQL: SELECT `hits` FROM `pagehit` WHERE ( id=1 ) LIMIT 1   [ RunTime:0.0016s ]
SQL: SHOW COLUMNS FROM `user` [ RunTime:0.0022s ]
SQL: SELECT * FROM `user` WHERE ( username='' ) LIMIT 1   [ RunTime:0.0017s ]
INFO: [ view_parse ] --START--
INFO: [ template_filter ] --START--
INFO: Run Behavior\ContentReplaceBehavior [ RunTime:0.000182s ]
INFO: [ template_filter ] --END-- [ RunTime:0.000227s ]
NOTIC: [8] Undefined variable: qq_accesstoken /data/home/bxu2343130042/htdocs/App/Runtime/Cache/Home/00e52909bed743ea261af4b6823297ff.php 第 91 行.
INFO: Run Behavior\ParseTemplateBehavior [ RunTime:0.015558s ]
INFO: [ view_parse ] --END-- [ RunTime:0.015601s ]
INFO: [ view_filter ] --START--
INFO: Run Behavior\WriteHtmlCacheBehavior [ RunTime:0.000195s ]
INFO: [ view_filter ] --END-- [ RunTime:0.000234s ]
INFO: [ app_end ] --START--
INFO: Run Behavior\ShowPageTraceBehavior [ RunTime:0.000564s ]
INFO: [ app_end ] --END-- [ RunTime:0.000609s ]

[ 2019-04-12T12:49:34+08:00 ] 42.120.161.106 /byinfo/id/23.html
INFO: [ app_init ] --START--
INFO: Run Behavior\BuildLiteBehavior [ RunTime:0.000016s ]
INFO: [ app_init ] --END-- [ RunTime:0.000102s ]
NOTIC: [2] preg_match(): Unknown modifier 'p' /data/home/bxu2343130042/htdocs/ThinkPHP/Library/Think/Route.class.php 第 58 行.
NOTIC: [2] preg_match(): Unknown modifier 'p' /data/home/bxu2343130042/htdocs/ThinkPHP/Library/Think/Route.class.php 第 58 行.
NOTIC: [2] preg_match(): Unknown modifier 'p' /data/home/bxu2343130042/htdocs/ThinkPHP/Library/Think/Route.class.php 第 58 行.
NOTIC: [2] preg_match(): Unknown modifier 'p' /data/home/bxu2343130042/htdocs/ThinkPHP/Library/Think/Route.class.php 第 58 行.
NOTIC: [2] preg_match(): Unknown modifier 'p' /data/home/bxu2343130042/htdocs/ThinkPHP/Library/Think/Route.class.php 第 58 行.
NOTIC: [2] preg_match(): Unknown modifier 'p' /data/home/bxu2343130042/htdocs/ThinkPHP/Library/Think/Route.class.php 第 58 行.
NOTIC: [2] preg_match(): Unknown modifier 'p' /data/home/bxu2343130042/htdocs/ThinkPHP/Library/Think/Route.class.php 第 58 行.
NOTIC: [2] preg_match(): Unknown modifier 'p' /data/home/bxu2343130042/htdocs/ThinkPHP/Library/Think/Route.class.php 第 58 行.
NOTIC: [2] preg_match(): Unknown modifier 'p' /data/home/bxu2343130042/htdocs/ThinkPHP/Library/Think/Route.class.php 第 58 行.
NOTIC: [2] preg_match(): Unknown modifier 'p' /data/home/bxu2343130042/htdocs/ThinkPHP/Library/Think/Route.class.php 第 58 行.
INFO: [ app_begin ] --START--
INFO: Run Behavior\ReadHtmlCacheBehavior [ RunTime:0.000479s ]
INFO: [ app_begin ] --END-- [ RunTime:0.000531s ]
NOTIC: [2048] Declaration of Home\Controller\IndexController::show() should be compatible with Think\Controller::show($content, $charset = '', $contentType = '', $prefix = '') /data/home/bxu2343130042/htdocs/App/Home/Controller/IndexController.class.php 第 1846 行.
SQL: SHOW COLUMNS FROM `service` [ RunTime:0.0020s ]
SQL: SELECT * FROM `service` WHERE ( serid=23 and serclass=1 ) LIMIT 1   [ RunTime:0.0014s ]
SQL: SELECT * FROM `service` WHERE `serclass` = 0 ORDER BY pubtime DESC LIMIT 1   [ RunTime:0.0028s ]
SQL: SHOW COLUMNS FROM `new` [ RunTime:0.0017s ]
SQL: SELECT * FROM `new` WHERE `newclass` = 1 ORDER BY pubtime DESC  [ RunTime:0.0071s ]
SQL: SELECT * FROM `new` WHERE `newclass` = 0 ORDER BY pubtime DESC LIMIT 1   [ RunTime:0.0015s ]
SQL: SELECT * FROM `service` WHERE ( serid<23 and serclass=1 ) ORDER BY serid desc LIMIT 1   [ RunTime:0.0014s ]
SQL: SELECT * FROM `service` WHERE ( serid>23 and serclass=1 ) ORDER BY serid asc LIMIT 1   [ RunTime:0.0014s ]
INFO: [ view_parse ] --START--
INFO: [ template_filter ] --START--
INFO: Run Behavior\ContentReplaceBehavior [ RunTime:0.000157s ]
INFO: [ template_filter ] --END-- [ RunTime:0.000200s ]
INFO: Run Behavior\ParseTemplateBehavior [ RunTime:0.011663s ]
INFO: [ view_parse ] --END-- [ RunTime:0.011711s ]
INFO: [ view_filter ] --START--
INFO: Run Behavior\WriteHtmlCacheBehavior [ RunTime:0.000192s ]
INFO: [ view_filter ] --END-- [ RunTime:0.000230s ]
INFO: [ app_end ] --START--
INFO: Run Behavior\ShowPageTraceBehavior [ RunTime:0.000556s ]
INFO: [ app_end ] --END-- [ RunTime:0.000602s ]

[ 2019-04-12T12:59:05+08:00 ] 42.156.137.25 /topnewinfo/id/14.html
INFO: [ app_init ] --START--
INFO: Run Behavior\BuildLiteBehavior [ RunTime:0.000014s ]
INFO: [ app_init ] --END-- [ RunTime:0.000089s ]
NOTIC: [2] preg_match(): Unknown modifier 'p' /data/home/bxu2343130042/htdocs/ThinkPHP/Library/Think/Route.class.php 第 58 行.
NOTIC: [2] preg_match(): Unknown modifier 'p' /data/home/bxu2343130042/htdocs/ThinkPHP/Library/Think/Route.class.php 第 58 行.
NOTIC: [2] preg_match(): Unknown modifier 'p' /data/home/bxu2343130042/htdocs/ThinkPHP/Library/Think/Route.class.php 第 58 行.
NOTIC: [2] preg_match(): Unknown modifier 'p' /data/home/bxu2343130042/htdocs/ThinkPHP/Library/Think/Route.class.php 第 58 行.
NOTIC: [2] preg_match(): Unknown modifier 'p' /data/home/bxu2343130042/htdocs/ThinkPHP/Library/Think/Route.class.php 第 58 行.
NOTIC: [2] preg_match(): Unknown modifier 'p' /data/home/bxu2343130042/htdocs/ThinkPHP/Library/Think/Route.class.php 第 58 行.
NOTIC: [2] preg_match(): Unknown modifier 'p' /data/home/bxu2343130042/htdocs/ThinkPHP/Library/Think/Route.class.php 第 58 行.
NOTIC: [2] preg_match(): Unknown modifier 'p' /data/home/bxu2343130042/htdocs/ThinkPHP/Library/Think/Route.class.php 第 58 行.
NOTIC: [2] preg_match(): Unknown modifier 'p' /data/home/bxu2343130042/htdocs/ThinkPHP/Library/Think/Route.class.php 第 58 行.
NOTIC: [2] preg_match(): Unknown modifier 'p' /data/home/bxu2343130042/htdocs/ThinkPHP/Library/Think/Route.class.php 第 58 行.
INFO: [ app_begin ] --START--
INFO: Run Behavior\ReadHtmlCacheBehavior [ RunTime:0.000443s ]
INFO: [ app_begin ] --END-- [ RunTime:0.000492s ]
NOTIC: [2048] Declaration of Home\Controller\IndexController::show() should be compatible with Think\Controller::show($content, $charset = '', $contentType = '', $prefix = '') /data/home/bxu2343130042/htdocs/App/Home/Controller/IndexController.class.php 第 1846 行.
SQL: SHOW COLUMNS FROM `new` [ RunTime:0.0021s ]
SQL: SELECT * FROM `new` WHERE ( newid=14 and newclass=1 ) LIMIT 1   [ RunTime:0.0017s ]
SQL: SELECT * FROM `new` WHERE `newclass` = 0 ORDER BY pubtime DESC  [ RunTime:0.0127s ]
SQL: SHOW COLUMNS FROM `service` [ RunTime:0.0021s ]
SQL: SELECT * FROM `service` WHERE `serclass` = 0 ORDER BY pubtime DESC LIMIT 1   [ RunTime:0.0020s ]
SQL: SELECT * FROM `service` WHERE `serclass` = 1 ORDER BY pubtime DESC LIMIT 1   [ RunTime:0.0019s ]
SQL: SELECT * FROM `new` WHERE ( newid<14 and newclass=1 ) ORDER BY newid desc LIMIT 1   [ RunTime:0.0018s ]
SQL: SELECT * FROM `new` WHERE ( newid>14 and newclass=1 ) ORDER BY newid asc LIMIT 1   [ RunTime:0.0018s ]
INFO: [ view_parse ] --START--
INFO: [ template_filter ] --START--
INFO: Run Behavior\ContentReplaceBehavior [ RunTime:0.000144s ]
INFO: [ template_filter ] --END-- [ RunTime:0.000188s ]
INFO: Run Behavior\ParseTemplateBehavior [ RunTime:0.011308s ]
INFO: [ view_parse ] --END-- [ RunTime:0.011351s ]
INFO: [ view_filter ] --START--
INFO: Run Behavior\WriteHtmlCacheBehavior [ RunTime:0.000221s ]
INFO: [ view_filter ] --END-- [ RunTime:0.000258s ]
INFO: [ app_end ] --START--
INFO: Run Behavior\ShowPageTraceBehavior [ RunTime:0.000523s ]
INFO: [ app_end ] --END-- [ RunTime:0.000569s ]

[ 2019-04-12T13:53:33+08:00 ] 101.132.126.80 /message/lyb11_new.asp
INFO: [ app_init ] --START--
INFO: Run Behavior\BuildLiteBehavior [ RunTime:0.000015s ]
INFO: [ app_init ] --END-- [ RunTime:0.000094s ]
NOTIC: [2] preg_match(): Unknown modifier 'p' /data/home/bxu2343130042/htdocs/ThinkPHP/Library/Think/Route.class.php 第 58 行.
NOTIC: [2] preg_match(): Unknown modifier 'p' /data/home/bxu2343130042/htdocs/ThinkPHP/Library/Think/Route.class.php 第 58 行.
NOTIC: [2] preg_match(): Unknown modifier 'p' /data/home/bxu2343130042/htdocs/ThinkPHP/Library/Think/Route.class.php 第 58 行.
NOTIC: [2] preg_match(): Unknown modifier 'p' /data/home/bxu2343130042/htdocs/ThinkPHP/Library/Think/Route.class.php 第 58 行.
NOTIC: [2] preg_match(): Unknown modifier 'p' /data/home/bxu2343130042/htdocs/ThinkPHP/Library/Think/Route.class.php 第 58 行.
NOTIC: [2] preg_match(): Unknown modifier 'p' /data/home/bxu2343130042/htdocs/ThinkPHP/Library/Think/Route.class.php 第 58 行.
NOTIC: [2] preg_match(): Unknown modifier 'p' /data/home/bxu2343130042/htdocs/ThinkPHP/Library/Think/Route.class.php 第 58 行.
NOTIC: [2] preg_match(): Unknown modifier 'p' /data/home/bxu2343130042/htdocs/ThinkPHP/Library/Think/Route.class.php 第 58 行.
NOTIC: [2] preg_match(): Unknown modifier 'p' /data/home/bxu2343130042/htdocs/ThinkPHP/Library/Think/Route.class.php 第 58 行.
NOTIC: [2] preg_match(): Unknown modifier 'p' /data/home/bxu2343130042/htdocs/ThinkPHP/Library/Think/Route.class.php 第 58 行.
INFO: [ app_begin ] --START--
INFO: Run Behavior\ReadHtmlCacheBehavior [ RunTime:0.000491s ]
INFO: [ app_begin ] --END-- [ RunTime:0.000535s ]
NOTIC: [2048] Declaration of Home\Controller\IndexController::show() should be compatible with Think\Controller::show($content, $charset = '', $contentType = '', $prefix = '') /data/home/bxu2343130042/htdocs/App/Home/Controller/IndexController.class.php 第 1846 行.

[ 2019-04-12T14:23:58+08:00 ] 14.215.176.19 /
INFO: [ app_init ] --START--
INFO: Run Behavior\BuildLiteBehavior [ RunTime:0.000015s ]
INFO: [ app_init ] --END-- [ RunTime:0.000098s ]
INFO: [ app_begin ] --START--
INFO: Run Behavior\ReadHtmlCacheBehavior [ RunTime:0.000449s ]
INFO: [ app_begin ] --END-- [ RunTime:0.000495s ]
NOTIC: [2048] Declaration of Home\Controller\IndexController::show() should be compatible with Think\Controller::show($content, $charset = '', $contentType = '', $prefix = '') /data/home/bxu2343130042/htdocs/App/Home/Controller/IndexController.class.php 第 1846 行.
SQL: SHOW COLUMNS FROM `new` [ RunTime:0.0018s ]
SQL: SELECT * FROM `new` WHERE ( newclass=1 ) ORDER BY pubtime DESC LIMIT 1   [ RunTime:0.0017s ]
SQL: SELECT * FROM `new` WHERE ( newclass=0 ) ORDER BY pubtime DESC  [ RunTime:0.0115s ]
SQL: SELECT * FROM `new` WHERE `newclass` = 0 AND `pos` = 1 ORDER BY newid DESC LIMIT 1   [ RunTime:0.0014s ]
SQL: SHOW COLUMNS FROM `video` [ RunTime:0.0018s ]
SQL: SELECT * FROM `video` WHERE ( choice=1 ) ORDER BY pubtime DESC LIMIT 1   [ RunTime:0.0019s ]
SQL: SHOW COLUMNS FROM `pro` [ RunTime:0.0018s ]
SQL: SELECT * FROM `pro` WHERE ( choice=1 ) ORDER BY proid DESC  [ RunTime:0.0014s ]
SQL: SHOW COLUMNS FROM `service` [ RunTime:0.0016s ]
SQL: SELECT * FROM `service` WHERE ( serclass=0 ) ORDER BY pubtime DESC  [ RunTime:0.0067s ]
SQL: SELECT * FROM `service` WHERE ( serclass=1 ) ORDER BY pubtime DESC  [ RunTime:0.0036s ]
SQL: SELECT * FROM `service` WHERE ( pos=1 ) LIMIT 1   [ RunTime:0.0014s ]
SQL: SHOW COLUMNS FROM `pagehit` [ RunTime:0.0018s ]
SQL: UPDATE `pagehit` SET `hits`=hits+1 WHERE ( id=1 ) [ RunTime:0.0012s ]
SQL: SELECT `hits` FROM `pagehit` WHERE ( id=1 ) LIMIT 1   [ RunTime:0.0012s ]
SQL: SHOW COLUMNS FROM `user` [ RunTime:0.0016s ]
SQL: SELECT * FROM `user` WHERE ( username='' ) LIMIT 1   [ RunTime:0.0013s ]
INFO: [ view_parse ] --START--
INFO: [ template_filter ] --START--
INFO: Run Behavior\ContentReplaceBehavior [ RunTime:0.000152s ]
INFO: [ template_filter ] --END-- [ RunTime:0.000195s ]
NOTIC: [8] Undefined variable: qq_accesstoken /data/home/bxu2343130042/htdocs/App/Runtime/Cache/Home/00e52909bed743ea261af4b6823297ff.php 第 91 行.
INFO: Run Behavior\ParseTemplateBehavior [ RunTime:0.015420s ]
INFO: [ view_parse ] --END-- [ RunTime:0.015462s ]
INFO: [ view_filter ] --START--
INFO: Run Behavior\WriteHtmlCacheBehavior [ RunTime:0.000225s ]
INFO: [ view_filter ] --END-- [ RunTime:0.000263s ]
INFO: [ app_end ] --START--
INFO: Run Behavior\ShowPageTraceBehavior [ RunTime:0.000490s ]
INFO: [ app_end ] --END-- [ RunTime:0.000535s ]

[ 2019-04-12T14:24:54+08:00 ] 47.92.101.29 /pro/price_frm_new.asp
INFO: [ app_init ] --START--
INFO: Run Behavior\BuildLiteBehavior [ RunTime:0.000015s ]
INFO: [ app_init ] --END-- [ RunTime:0.000093s ]
NOTIC: [2] preg_match(): Unknown modifier 'p' /data/home/bxu2343130042/htdocs/ThinkPHP/Library/Think/Route.class.php 第 58 行.
NOTIC: [2] preg_match(): Unknown modifier 'p' /data/home/bxu2343130042/htdocs/ThinkPHP/Library/Think/Route.class.php 第 58 行.
NOTIC: [2] preg_match(): Unknown modifier 'p' /data/home/bxu2343130042/htdocs/ThinkPHP/Library/Think/Route.class.php 第 58 行.
NOTIC: [2] preg_match(): Unknown modifier 'p' /data/home/bxu2343130042/htdocs/ThinkPHP/Library/Think/Route.class.php 第 58 行.
NOTIC: [2] preg_match(): Unknown modifier 'p' /data/home/bxu2343130042/htdocs/ThinkPHP/Library/Think/Route.class.php 第 58 行.
NOTIC: [2] preg_match(): Unknown modifier 'p' /data/home/bxu2343130042/htdocs/ThinkPHP/Library/Think/Route.class.php 第 58 行.
NOTIC: [2] preg_match(): Unknown modifier 'p' /data/home/bxu2343130042/htdocs/ThinkPHP/Library/Think/Route.class.php 第 58 行.
NOTIC: [2] preg_match(): Unknown modifier 'p' /data/home/bxu2343130042/htdocs/ThinkPHP/Library/Think/Route.class.php 第 58 行.
NOTIC: [2] preg_match(): Unknown modifier 'p' /data/home/bxu2343130042/htdocs/ThinkPHP/Library/Think/Route.class.php 第 58 行.
NOTIC: [2] preg_match(): Unknown modifier 'p' /data/home/bxu2343130042/htdocs/ThinkPHP/Library/Think/Route.class.php 第 58 行.
INFO: [ app_begin ] --START--
INFO: Run Behavior\ReadHtmlCacheBehavior [ RunTime:0.000559s ]
INFO: [ app_begin ] --END-- [ RunTime:0.000603s ]
NOTIC: [2048] Declaration of Home\Controller\IndexController::show() should be compatible with Think\Controller::show($content, $charset = '', $contentType = '', $prefix = '') /data/home/bxu2343130042/htdocs/App/Home/Controller/IndexController.class.php 第 1846 行.

[ 2019-04-12T14:26:42+08:00 ] 101.132.69.5 /topnew/center.asp
INFO: [ app_init ] --START--
INFO: Run Behavior\BuildLiteBehavior [ RunTime:0.000014s ]
INFO: [ app_init ] --END-- [ RunTime:0.000093s ]
NOTIC: [2] preg_match(): Unknown modifier 'p' /data/home/bxu2343130042/htdocs/ThinkPHP/Library/Think/Route.class.php 第 58 行.
NOTIC: [2] preg_match(): Unknown modifier 'p' /data/home/bxu2343130042/htdocs/ThinkPHP/Library/Think/Route.class.php 第 58 行.
NOTIC: [2] preg_match(): Unknown modifier 'p' /data/home/bxu2343130042/htdocs/ThinkPHP/Library/Think/Route.class.php 第 58 行.
NOTIC: [2] preg_match(): Unknown modifier 'p' /data/home/bxu2343130042/htdocs/ThinkPHP/Library/Think/Route.class.php 第 58 行.
NOTIC: [2] preg_match(): Unknown modifier 'p' /data/home/bxu2343130042/htdocs/ThinkPHP/Library/Think/Route.class.php 第 58 行.
NOTIC: [2] preg_match(): Unknown modifier 'p' /data/home/bxu2343130042/htdocs/ThinkPHP/Library/Think/Route.class.php 第 58 行.
NOTIC: [2] preg_match(): Unknown modifier 'p' /data/home/bxu2343130042/htdocs/ThinkPHP/Library/Think/Route.class.php 第 58 行.
NOTIC: [2] preg_match(): Unknown modifier 'p' /data/home/bxu2343130042/htdocs/ThinkPHP/Library/Think/Route.class.php 第 58 行.
NOTIC: [2] preg_match(): Unknown modifier 'p' /data/home/bxu2343130042/htdocs/ThinkPHP/Library/Think/Route.class.php 第 58 行.
NOTIC: [2] preg_match(): Unknown modifier 'p' /data/home/bxu2343130042/htdocs/ThinkPHP/Library/Think/Route.class.php 第 58 行.
INFO: [ app_begin ] --START--
INFO: Run Behavior\ReadHtmlCacheBehavior [ RunTime:0.000446s ]
INFO: [ app_begin ] --END-- [ RunTime:0.000518s ]
NOTIC: [2048] Declaration of Home\Controller\IndexController::show() should be compatible with Think\Controller::show($content, $charset = '', $contentType = '', $prefix = '') /data/home/bxu2343130042/htdocs/App/Home/Controller/IndexController.class.php 第 1846 行.

[ 2019-04-12T14:29:43+08:00 ] 101.132.193.68 /baoyang/center.asp
INFO: [ app_init ] --START--
INFO: Run Behavior\BuildLiteBehavior [ RunTime:0.000015s ]
INFO: [ app_init ] --END-- [ RunTime:0.000101s ]
NOTIC: [2] preg_match(): Unknown modifier 'p' /data/home/bxu2343130042/htdocs/ThinkPHP/Library/Think/Route.class.php 第 58 行.
NOTIC: [2] preg_match(): Unknown modifier 'p' /data/home/bxu2343130042/htdocs/ThinkPHP/Library/Think/Route.class.php 第 58 行.
NOTIC: [2] preg_match(): Unknown modifier 'p' /data/home/bxu2343130042/htdocs/ThinkPHP/Library/Think/Route.class.php 第 58 行.
NOTIC: [2] preg_match(): Unknown modifier 'p' /data/home/bxu2343130042/htdocs/ThinkPHP/Library/Think/Route.class.php 第 58 行.
NOTIC: [2] preg_match(): Unknown modifier 'p' /data/home/bxu2343130042/htdocs/ThinkPHP/Library/Think/Route.class.php 第 58 行.
NOTIC: [2] preg_match(): Unknown modifier 'p' /data/home/bxu2343130042/htdocs/ThinkPHP/Library/Think/Route.class.php 第 58 行.
NOTIC: [2] preg_match(): Unknown modifier 'p' /data/home/bxu2343130042/htdocs/ThinkPHP/Library/Think/Route.class.php 第 58 行.
NOTIC: [2] preg_match(): Unknown modifier 'p' /data/home/bxu2343130042/htdocs/ThinkPHP/Library/Think/Route.class.php 第 58 行.
NOTIC: [2] preg_match(): Unknown modifier 'p' /data/home/bxu2343130042/htdocs/ThinkPHP/Library/Think/Route.class.php 第 58 行.
NOTIC: [2] preg_match(): Unknown modifier 'p' /data/home/bxu2343130042/htdocs/ThinkPHP/Library/Think/Route.class.php 第 58 行.
INFO: [ app_begin ] --START--
INFO: Run Behavior\ReadHtmlCacheBehavior [ RunTime:0.000481s ]
INFO: [ app_begin ] --END-- [ RunTime:0.000527s ]
NOTIC: [2048] Declaration of Home\Controller\IndexController::show() should be compatible with Think\Controller::show($content, $charset = '', $contentType = '', $prefix = '') /data/home/bxu2343130042/htdocs/App/Home/Controller/IndexController.class.php 第 1846 行.

[ 2019-04-12T14:42:32+08:00 ] 47.92.38.53 /index.asp
INFO: [ app_init ] --START--
INFO: Run Behavior\BuildLiteBehavior [ RunTime:0.000015s ]
INFO: [ app_init ] --END-- [ RunTime:0.000094s ]
NOTIC: [2] preg_match(): Unknown modifier 'p' /data/home/bxu2343130042/htdocs/ThinkPHP/Library/Think/Route.class.php 第 58 行.
NOTIC: [2] preg_match(): Unknown modifier 'p' /data/home/bxu2343130042/htdocs/ThinkPHP/Library/Think/Route.class.php 第 58 行.
NOTIC: [2] preg_match(): Unknown modifier 'p' /data/home/bxu2343130042/htdocs/ThinkPHP/Library/Think/Route.class.php 第 58 行.
NOTIC: [2] preg_match(): Unknown modifier 'p' /data/home/bxu2343130042/htdocs/ThinkPHP/Library/Think/Route.class.php 第 58 行.
NOTIC: [2] preg_match(): Unknown modifier 'p' /data/home/bxu2343130042/htdocs/ThinkPHP/Library/Think/Route.class.php 第 58 行.
NOTIC: [2] preg_match(): Unknown modifier 'p' /data/home/bxu2343130042/htdocs/ThinkPHP/Library/Think/Route.class.php 第 58 行.
NOTIC: [2] preg_match(): Unknown modifier 'p' /data/home/bxu2343130042/htdocs/ThinkPHP/Library/Think/Route.class.php 第 58 行.
NOTIC: [2] preg_match(): Unknown modifier 'p' /data/home/bxu2343130042/htdocs/ThinkPHP/Library/Think/Route.class.php 第 58 行.
NOTIC: [2] preg_match(): Unknown modifier 'p' /data/home/bxu2343130042/htdocs/ThinkPHP/Library/Think/Route.class.php 第 58 行.
NOTIC: [2] preg_match(): Unknown modifier 'p' /data/home/bxu2343130042/htdocs/ThinkPHP/Library/Think/Route.class.php 第 58 行.
INFO: [ app_begin ] --START--
INFO: Run Behavior\ReadHtmlCacheBehavior [ RunTime:0.000490s ]
INFO: [ app_begin ] --END-- [ RunTime:0.000534s ]
NOTIC: [2048] Declaration of Home\Controller\IndexController::show() should be compatible with Think\Controller::show($content, $charset = '', $contentType = '', $prefix = '') /data/home/bxu2343130042/htdocs/App/Home/Controller/IndexController.class.php 第 1846 行.

[ 2019-04-12T15:29:51+08:00 ] 13.57.233.99 /
INFO: [ app_init ] --START--
INFO: Run Behavior\BuildLiteBehavior [ RunTime:0.000029s ]
INFO: [ app_init ] --END-- [ RunTime:0.000138s ]
INFO: [ app_begin ] --START--
INFO: Run Behavior\ReadHtmlCacheBehavior [ RunTime:0.000437s ]
INFO: [ app_begin ] --END-- [ RunTime:0.000488s ]
NOTIC: [2048] Declaration of Home\Controller\IndexController::show() should be compatible with Think\Controller::show($content, $charset = '', $contentType = '', $prefix = '') /data/home/bxu2343130042/htdocs/App/Home/Controller/IndexController.class.php 第 1846 行.
SQL: SHOW COLUMNS FROM `new` [ RunTime:0.0020s ]
SQL: SELECT * FROM `new` WHERE ( newclass=1 ) ORDER BY pubtime DESC LIMIT 1   [ RunTime:0.0018s ]
SQL: SELECT * FROM `new` WHERE ( newclass=0 ) ORDER BY pubtime DESC  [ RunTime:0.0119s ]
SQL: SELECT * FROM `new` WHERE `newclass` = 0 AND `pos` = 1 ORDER BY newid DESC LIMIT 1   [ RunTime:0.0015s ]
SQL: SHOW COLUMNS FROM `video` [ RunTime:0.0019s ]
SQL: SELECT * FROM `video` WHERE ( choice=1 ) ORDER BY pubtime DESC LIMIT 1   [ RunTime:0.0019s ]
SQL: SHOW COLUMNS FROM `pro` [ RunTime:0.0017s ]
SQL: SELECT * FROM `pro` WHERE ( choice=1 ) ORDER BY proid DESC  [ RunTime:0.0016s ]
SQL: SHOW COLUMNS FROM `service` [ RunTime:0.0017s ]
SQL: SELECT * FROM `service` WHERE ( serclass=0 ) ORDER BY pubtime DESC  [ RunTime:0.0070s ]
SQL: SELECT * FROM `service` WHERE ( serclass=1 ) ORDER BY pubtime DESC  [ RunTime:0.0037s ]
SQL: SELECT * FROM `service` WHERE ( pos=1 ) LIMIT 1   [ RunTime:0.0017s ]
SQL: SHOW COLUMNS FROM `pagehit` [ RunTime:0.0017s ]
SQL: UPDATE `pagehit` SET `hits`=hits+1 WHERE ( id=1 ) [ RunTime:0.0014s ]
SQL: SELECT `hits` FROM `pagehit` WHERE ( id=1 ) LIMIT 1   [ RunTime:0.0014s ]
SQL: SHOW COLUMNS FROM `user` [ RunTime:0.0018s ]
SQL: SELECT * FROM `user` WHERE ( username='' ) LIMIT 1   [ RunTime:0.0014s ]
INFO: [ view_parse ] --START--
INFO: [ template_filter ] --START--
INFO: Run Behavior\ContentReplaceBehavior [ RunTime:0.000156s ]
INFO: [ template_filter ] --END-- [ RunTime:0.000200s ]
NOTIC: [8] Undefined variable: qq_accesstoken /data/home/bxu2343130042/htdocs/App/Runtime/Cache/Home/00e52909bed743ea261af4b6823297ff.php 第 91 行.
INFO: Run Behavior\ParseTemplateBehavior [ RunTime:0.015664s ]
INFO: [ view_parse ] --END-- [ RunTime:0.015705s ]
INFO: [ view_filter ] --START--
INFO: Run Behavior\WriteHtmlCacheBehavior [ RunTime:0.000250s ]
INFO: [ view_filter ] --END-- [ RunTime:0.000316s ]
INFO: [ app_end ] --START--
INFO: Run Behavior\ShowPageTraceBehavior [ RunTime:0.000453s ]
INFO: [ app_end ] --END-- [ RunTime:0.000498s ]

[ 2019-04-12T17:51:56+08:00 ] 220.181.125.23 /pro/price_frm_new.asp?nid=fyx0890123473
INFO: [ app_init ] --START--
INFO: Run Behavior\BuildLiteBehavior [ RunTime:0.000016s ]
INFO: [ app_init ] --END-- [ RunTime:0.000105s ]
NOTIC: [2] preg_match(): Unknown modifier 'p' /data/home/bxu2343130042/htdocs/ThinkPHP/Library/Think/Route.class.php 第 58 行.
NOTIC: [2] preg_match(): Unknown modifier 'p' /data/home/bxu2343130042/htdocs/ThinkPHP/Library/Think/Route.class.php 第 58 行.
NOTIC: [2] preg_match(): Unknown modifier 'p' /data/home/bxu2343130042/htdocs/ThinkPHP/Library/Think/Route.class.php 第 58 行.
NOTIC: [2] preg_match(): Unknown modifier 'p' /data/home/bxu2343130042/htdocs/ThinkPHP/Library/Think/Route.class.php 第 58 行.
NOTIC: [2] preg_match(): Unknown modifier 'p' /data/home/bxu2343130042/htdocs/ThinkPHP/Library/Think/Route.class.php 第 58 行.
NOTIC: [2] preg_match(): Unknown modifier 'p' /data/home/bxu2343130042/htdocs/ThinkPHP/Library/Think/Route.class.php 第 58 行.
NOTIC: [2] preg_match(): Unknown modifier 'p' /data/home/bxu2343130042/htdocs/ThinkPHP/Library/Think/Route.class.php 第 58 行.
NOTIC: [2] preg_match(): Unknown modifier 'p' /data/home/bxu2343130042/htdocs/ThinkPHP/Library/Think/Route.class.php 第 58 行.
NOTIC: [2] preg_match(): Unknown modifier 'p' /data/home/bxu2343130042/htdocs/ThinkPHP/Library/Think/Route.class.php 第 58 行.
NOTIC: [2] preg_match(): Unknown modifier 'p' /data/home/bxu2343130042/htdocs/ThinkPHP/Library/Think/Route.class.php 第 58 行.
INFO: [ app_begin ] --START--
INFO: Run Behavior\ReadHtmlCacheBehavior [ RunTime:0.000473s ]
INFO: [ app_begin ] --END-- [ RunTime:0.000517s ]
NOTIC: [2048] Declaration of Home\Controller\IndexController::show() should be compatible with Think\Controller::show($content, $charset = '', $contentType = '', $prefix = '') /data/home/bxu2343130042/htdocs/App/Home/Controller/IndexController.class.php 第 1846 行.

[ 2019-04-12T17:52:53+08:00 ] 220.181.125.23 /pro/price_frm_new.asp?nid=fyx0890123453
INFO: [ app_init ] --START--
INFO: Run Behavior\BuildLiteBehavior [ RunTime:0.000019s ]
INFO: [ app_init ] --END-- [ RunTime:0.000114s ]
NOTIC: [2] preg_match(): Unknown modifier 'p' /data/home/bxu2343130042/htdocs/ThinkPHP/Library/Think/Route.class.php 第 58 行.
NOTIC: [2] preg_match(): Unknown modifier 'p' /data/home/bxu2343130042/htdocs/ThinkPHP/Library/Think/Route.class.php 第 58 行.
NOTIC: [2] preg_match(): Unknown modifier 'p' /data/home/bxu2343130042/htdocs/ThinkPHP/Library/Think/Route.class.php 第 58 行.
NOTIC: [2] preg_match(): Unknown modifier 'p' /data/home/bxu2343130042/htdocs/ThinkPHP/Library/Think/Route.class.php 第 58 行.
NOTIC: [2] preg_match(): Unknown modifier 'p' /data/home/bxu2343130042/htdocs/ThinkPHP/Library/Think/Route.class.php 第 58 行.
NOTIC: [2] preg_match(): Unknown modifier 'p' /data/home/bxu2343130042/htdocs/ThinkPHP/Library/Think/Route.class.php 第 58 行.
NOTIC: [2] preg_match(): Unknown modifier 'p' /data/home/bxu2343130042/htdocs/ThinkPHP/Library/Think/Route.class.php 第 58 行.
NOTIC: [2] preg_match(): Unknown modifier 'p' /data/home/bxu2343130042/htdocs/ThinkPHP/Library/Think/Route.class.php 第 58 行.
NOTIC: [2] preg_match(): Unknown modifier 'p' /data/home/bxu2343130042/htdocs/ThinkPHP/Library/Think/Route.class.php 第 58 行.
NOTIC: [2] preg_match(): Unknown modifier 'p' /data/home/bxu2343130042/htdocs/ThinkPHP/Library/Think/Route.class.php 第 58 行.
INFO: [ app_begin ] --START--
INFO: Run Behavior\ReadHtmlCacheBehavior [ RunTime:0.000464s ]
INFO: [ app_begin ] --END-- [ RunTime:0.000509s ]
NOTIC: [2048] Declaration of Home\Controller\IndexController::show() should be compatible with Think\Controller::show($content, $charset = '', $contentType = '', $prefix = '') /data/home/bxu2343130042/htdocs/App/Home/Controller/IndexController.class.php 第 1846 行.

[ 2019-04-12T17:53:20+08:00 ] 220.181.125.23 /pro/price_frm_new.asp?nid=fyx0890123477
INFO: [ app_init ] --START--
INFO: Run Behavior\BuildLiteBehavior [ RunTime:0.000021s ]
INFO: [ app_init ] --END-- [ RunTime:0.000126s ]
NOTIC: [2] preg_match(): Unknown modifier 'p' /data/home/bxu2343130042/htdocs/ThinkPHP/Library/Think/Route.class.php 第 58 行.
NOTIC: [2] preg_match(): Unknown modifier 'p' /data/home/bxu2343130042/htdocs/ThinkPHP/Library/Think/Route.class.php 第 58 行.
NOTIC: [2] preg_match(): Unknown modifier 'p' /data/home/bxu2343130042/htdocs/ThinkPHP/Library/Think/Route.class.php 第 58 行.
NOTIC: [2] preg_match(): Unknown modifier 'p' /data/home/bxu2343130042/htdocs/ThinkPHP/Library/Think/Route.class.php 第 58 行.
NOTIC: [2] preg_match(): Unknown modifier 'p' /data/home/bxu2343130042/htdocs/ThinkPHP/Library/Think/Route.class.php 第 58 行.
NOTIC: [2] preg_match(): Unknown modifier 'p' /data/home/bxu2343130042/htdocs/ThinkPHP/Library/Think/Route.class.php 第 58 行.
NOTIC: [2] preg_match(): Unknown modifier 'p' /data/home/bxu2343130042/htdocs/ThinkPHP/Library/Think/Route.class.php 第 58 行.
NOTIC: [2] preg_match(): Unknown modifier 'p' /data/home/bxu2343130042/htdocs/ThinkPHP/Library/Think/Route.class.php 第 58 行.
NOTIC: [2] preg_match(): Unknown modifier 'p' /data/home/bxu2343130042/htdocs/ThinkPHP/Library/Think/Route.class.php 第 58 行.
NOTIC: [2] preg_match(): Unknown modifier 'p' /data/home/bxu2343130042/htdocs/ThinkPHP/Library/Think/Route.class.php 第 58 行.
INFO: [ app_begin ] --START--
INFO: Run Behavior\ReadHtmlCacheBehavior [ RunTime:0.000475s ]
INFO: [ app_begin ] --END-- [ RunTime:0.000520s ]
NOTIC: [2048] Declaration of Home\Controller\IndexController::show() should be compatible with Think\Controller::show($content, $charset = '', $contentType = '', $prefix = '') /data/home/bxu2343130042/htdocs/App/Home/Controller/IndexController.class.php 第 1846 行.

[ 2019-04-12T18:19:49+08:00 ] 42.120.161.117 /byinfo/id/20.html
INFO: [ app_init ] --START--
INFO: Run Behavior\BuildLiteBehavior [ RunTime:0.000019s ]
INFO: [ app_init ] --END-- [ RunTime:0.000114s ]
NOTIC: [2] preg_match(): Unknown modifier 'p' /data/home/bxu2343130042/htdocs/ThinkPHP/Library/Think/Route.class.php 第 58 行.
NOTIC: [2] preg_match(): Unknown modifier 'p' /data/home/bxu2343130042/htdocs/ThinkPHP/Library/Think/Route.class.php 第 58 行.
NOTIC: [2] preg_match(): Unknown modifier 'p' /data/home/bxu2343130042/htdocs/ThinkPHP/Library/Think/Route.class.php 第 58 行.
NOTIC: [2] preg_match(): Unknown modifier 'p' /data/home/bxu2343130042/htdocs/ThinkPHP/Library/Think/Route.class.php 第 58 行.
NOTIC: [2] preg_match(): Unknown modifier 'p' /data/home/bxu2343130042/htdocs/ThinkPHP/Library/Think/Route.class.php 第 58 行.
NOTIC: [2] preg_match(): Unknown modifier 'p' /data/home/bxu2343130042/htdocs/ThinkPHP/Library/Think/Route.class.php 第 58 行.
NOTIC: [2] preg_match(): Unknown modifier 'p' /data/home/bxu2343130042/htdocs/ThinkPHP/Library/Think/Route.class.php 第 58 行.
NOTIC: [2] preg_match(): Unknown modifier 'p' /data/home/bxu2343130042/htdocs/ThinkPHP/Library/Think/Route.class.php 第 58 行.
NOTIC: [2] preg_match(): Unknown modifier 'p' /data/home/bxu2343130042/htdocs/ThinkPHP/Library/Think/Route.class.php 第 58 行.
NOTIC: [2] preg_match(): Unknown modifier 'p' /data/home/bxu2343130042/htdocs/ThinkPHP/Library/Think/Route.class.php 第 58 行.
INFO: [ app_begin ] --START--
INFO: Run Behavior\ReadHtmlCacheBehavior [ RunTime:0.000491s ]
INFO: [ app_begin ] --END-- [ RunTime:0.000535s ]
NOTIC: [2048] Declaration of Home\Controller\IndexController::show() should be compatible with Think\Controller::show($content, $charset = '', $contentType = '', $prefix = '') /data/home/bxu2343130042/htdocs/App/Home/Controller/IndexController.class.php 第 1846 行.
SQL: SHOW COLUMNS FROM `service` [ RunTime:0.0018s ]
SQL: SELECT * FROM `service` WHERE ( serid=20 and serclass=1 ) LIMIT 1   [ RunTime:0.0014s ]
SQL: SELECT * FROM `service` WHERE `serclass` = 0 ORDER BY pubtime DESC LIMIT 1   [ RunTime:0.0026s ]
SQL: SHOW COLUMNS FROM `new` [ RunTime:0.0016s ]
SQL: SELECT * FROM `new` WHERE `newclass` = 1 ORDER BY pubtime DESC  [ RunTime:0.0075s ]
SQL: SELECT * FROM `new` WHERE `newclass` = 0 ORDER BY pubtime DESC LIMIT 1   [ RunTime:0.0014s ]
SQL: SELECT * FROM `service` WHERE ( serid<20 and serclass=1 ) ORDER BY serid desc LIMIT 1   [ RunTime:0.0015s ]
SQL: SELECT * FROM `service` WHERE ( serid>20 and serclass=1 ) ORDER BY serid asc LIMIT 1   [ RunTime:0.0015s ]
INFO: [ view_parse ] --START--
INFO: [ template_filter ] --START--
INFO: Run Behavior\ContentReplaceBehavior [ RunTime:0.000155s ]
INFO: [ template_filter ] --END-- [ RunTime:0.000198s ]
INFO: Run Behavior\ParseTemplateBehavior [ RunTime:0.011480s ]
INFO: [ view_parse ] --END-- [ RunTime:0.011527s ]
INFO: [ view_filter ] --START--
INFO: Run Behavior\WriteHtmlCacheBehavior [ RunTime:0.000206s ]
INFO: [ view_filter ] --END-- [ RunTime:0.000272s ]
INFO: [ app_end ] --START--
INFO: Run Behavior\ShowPageTraceBehavior [ RunTime:0.000580s ]
INFO: [ app_end ] --END-- [ RunTime:0.000625s ]

[ 2019-04-12T20:03:20+08:00 ] 220.181.108.123 /about.html
INFO: [ app_init ] --START--
INFO: Run Behavior\BuildLiteBehavior [ RunTime:0.000021s ]
INFO: [ app_init ] --END-- [ RunTime:0.000194s ]
NOTIC: [2] preg_match(): Unknown modifier 'p' /data/home/bxu2343130042/htdocs/ThinkPHP/Library/Think/Route.class.php 第 58 行.
NOTIC: [2] preg_match(): Unknown modifier 'p' /data/home/bxu2343130042/htdocs/ThinkPHP/Library/Think/Route.class.php 第 58 行.
NOTIC: [2] preg_match(): Unknown modifier 'p' /data/home/bxu2343130042/htdocs/ThinkPHP/Library/Think/Route.class.php 第 58 行.
NOTIC: [2] preg_match(): Unknown modifier 'p' /data/home/bxu2343130042/htdocs/ThinkPHP/Library/Think/Route.class.php 第 58 行.
NOTIC: [2] preg_match(): Unknown modifier 'p' /data/home/bxu2343130042/htdocs/ThinkPHP/Library/Think/Route.class.php 第 58 行.
NOTIC: [2] preg_match(): Unknown modifier 'p' /data/home/bxu2343130042/htdocs/ThinkPHP/Library/Think/Route.class.php 第 58 行.
NOTIC: [2] preg_match(): Unknown modifier 'p' /data/home/bxu2343130042/htdocs/ThinkPHP/Library/Think/Route.class.php 第 58 行.
NOTIC: [2] preg_match(): Unknown modifier 'p' /data/home/bxu2343130042/htdocs/ThinkPHP/Library/Think/Route.class.php 第 58 行.
NOTIC: [2] preg_match(): Unknown modifier 'p' /data/home/bxu2343130042/htdocs/ThinkPHP/Library/Think/Route.class.php 第 58 行.
NOTIC: [2] preg_match(): Unknown modifier 'p' /data/home/bxu2343130042/htdocs/ThinkPHP/Library/Think/Route.class.php 第 58 行.
INFO: [ app_begin ] --START--
INFO: Run Behavior\ReadHtmlCacheBehavior [ RunTime:0.000475s ]
INFO: [ app_begin ] --END-- [ RunTime:0.000521s ]
NOTIC: [2048] Declaration of Home\Controller\IndexController::show() should be compatible with Think\Controller::show($content, $charset = '', $contentType = '', $prefix = '') /data/home/bxu2343130042/htdocs/App/Home/Controller/IndexController.class.php 第 1846 行.
INFO: [ view_parse ] --START--
INFO: [ template_filter ] --START--
INFO: Run Behavior\ContentReplaceBehavior [ RunTime:0.000101s ]
INFO: [ template_filter ] --END-- [ RunTime:0.000161s ]
INFO: Run Behavior\ParseTemplateBehavior [ RunTime:0.007573s ]
INFO: [ view_parse ] --END-- [ RunTime:0.007626s ]
INFO: [ view_filter ] --START--
INFO: Run Behavior\WriteHtmlCacheBehavior [ RunTime:0.000204s ]
INFO: [ view_filter ] --END-- [ RunTime:0.000239s ]
INFO: [ app_end ] --START--
INFO: Run Behavior\ShowPageTraceBehavior [ RunTime:0.000695s ]
INFO: [ app_end ] --END-- [ RunTime:0.000761s ]

[ 2019-04-12T21:21:15+08:00 ] 66.249.65.92 /
INFO: [ app_init ] --START--
INFO: Run Behavior\BuildLiteBehavior [ RunTime:0.000015s ]
INFO: [ app_init ] --END-- [ RunTime:0.000097s ]
INFO: [ app_begin ] --START--
INFO: Run Behavior\ReadHtmlCacheBehavior [ RunTime:0.000449s ]
INFO: [ app_begin ] --END-- [ RunTime:0.000500s ]
NOTIC: [2048] Declaration of Home\Controller\IndexController::show() should be compatible with Think\Controller::show($content, $charset = '', $contentType = '', $prefix = '') /data/home/bxu2343130042/htdocs/App/Home/Controller/IndexController.class.php 第 1846 行.
SQL: SHOW COLUMNS FROM `new` [ RunTime:0.0021s ]
SQL: SELECT * FROM `new` WHERE ( newclass=1 ) ORDER BY pubtime DESC LIMIT 1   [ RunTime:0.0021s ]
SQL: SELECT * FROM `new` WHERE ( newclass=0 ) ORDER BY pubtime DESC  [ RunTime:0.0134s ]
SQL: SELECT * FROM `new` WHERE `newclass` = 0 AND `pos` = 1 ORDER BY newid DESC LIMIT 1   [ RunTime:0.0017s ]
SQL: SHOW COLUMNS FROM `video` [ RunTime:0.0020s ]
SQL: SELECT * FROM `video` WHERE ( choice=1 ) ORDER BY pubtime DESC LIMIT 1   [ RunTime:0.0021s ]
SQL: SHOW COLUMNS FROM `pro` [ RunTime:0.0018s ]
SQL: SELECT * FROM `pro` WHERE ( choice=1 ) ORDER BY proid DESC  [ RunTime:0.0017s ]
SQL: SHOW COLUMNS FROM `service` [ RunTime:0.0018s ]
SQL: SELECT * FROM `service` WHERE ( serclass=0 ) ORDER BY pubtime DESC  [ RunTime:0.0073s ]
SQL: SELECT * FROM `service` WHERE ( serclass=1 ) ORDER BY pubtime DESC  [ RunTime:0.0038s ]
SQL: SELECT * FROM `service` WHERE ( pos=1 ) LIMIT 1   [ RunTime:0.0018s ]
SQL: SHOW COLUMNS FROM `pagehit` [ RunTime:0.0019s ]
SQL: UPDATE `pagehit` SET `hits`=hits+1 WHERE ( id=1 ) [ RunTime:0.0015s ]
SQL: SELECT `hits` FROM `pagehit` WHERE ( id=1 ) LIMIT 1   [ RunTime:0.0015s ]
SQL: SHOW COLUMNS FROM `user` [ RunTime:0.0062s ]
SQL: SELECT * FROM `user` WHERE ( username='' ) LIMIT 1   [ RunTime:0.0016s ]
INFO: [ view_parse ] --START--
INFO: [ template_filter ] --START--
INFO: Run Behavior\ContentReplaceBehavior [ RunTime:0.000154s ]
INFO: [ template_filter ] --END-- [ RunTime:0.000195s ]
NOTIC: [8] Undefined variable: qq_accesstoken /data/home/bxu2343130042/htdocs/App/Runtime/Cache/Home/00e52909bed743ea261af4b6823297ff.php 第 91 行.
INFO: Run Behavior\ParseTemplateBehavior [ RunTime:0.016188s ]
INFO: [ view_parse ] --END-- [ RunTime:0.016248s ]
INFO: [ view_filter ] --START--
INFO: Run Behavior\WriteHtmlCacheBehavior [ RunTime:0.000222s ]
INFO: [ view_filter ] --END-- [ RunTime:0.000263s ]
INFO: [ app_end ] --START--
INFO: Run Behavior\ShowPageTraceBehavior [ RunTime:0.000630s ]
INFO: [ app_end ] --END-- [ RunTime:0.000688s ]

[ 2019-04-12T23:42:01+08:00 ] 36.36.148.41 /
INFO: [ app_init ] --START--
INFO: Run Behavior\BuildLiteBehavior [ RunTime:0.000015s ]
INFO: [ app_init ] --END-- [ RunTime:0.000125s ]
INFO: [ app_begin ] --START--
INFO: Run Behavior\ReadHtmlCacheBehavior [ RunTime:0.000492s ]
INFO: [ app_begin ] --END-- [ RunTime:0.000541s ]
NOTIC: [2048] Declaration of Home\Controller\IndexController::show() should be compatible with Think\Controller::show($content, $charset = '', $contentType = '', $prefix = '') /data/home/bxu2343130042/htdocs/App/Home/Controller/IndexController.class.php 第 1846 行.
SQL: SHOW COLUMNS FROM `new` [ RunTime:0.0018s ]
SQL: SELECT * FROM `new` WHERE ( newclass=1 ) ORDER BY pubtime DESC LIMIT 1   [ RunTime:0.0017s ]
SQL: SELECT * FROM `new` WHERE ( newclass=0 ) ORDER BY pubtime DESC  [ RunTime:0.0096s ]
SQL: SELECT * FROM `new` WHERE `newclass` = 0 AND `pos` = 1 ORDER BY newid DESC LIMIT 1   [ RunTime:0.0015s ]
SQL: SHOW COLUMNS FROM `video` [ RunTime:0.0017s ]
SQL: SELECT * FROM `video` WHERE ( choice=1 ) ORDER BY pubtime DESC LIMIT 1   [ RunTime:0.0018s ]
SQL: SHOW COLUMNS FROM `pro` [ RunTime:0.0015s ]
SQL: SELECT * FROM `pro` WHERE ( choice=1 ) ORDER BY proid DESC  [ RunTime:0.0014s ]
SQL: SHOW COLUMNS FROM `service` [ RunTime:0.0015s ]
SQL: SELECT * FROM `service` WHERE ( serclass=0 ) ORDER BY pubtime DESC  [ RunTime:0.0059s ]
SQL: SELECT * FROM `service` WHERE ( serclass=1 ) ORDER BY pubtime DESC  [ RunTime:0.0032s ]
SQL: SELECT * FROM `service` WHERE ( pos=1 ) LIMIT 1   [ RunTime:0.0015s ]
SQL: SHOW COLUMNS FROM `pagehit` [ RunTime:0.0017s ]
SQL: UPDATE `pagehit` SET `hits`=hits+1 WHERE ( id=1 ) [ RunTime:0.0012s ]
SQL: SELECT `hits` FROM `pagehit` WHERE ( id=1 ) LIMIT 1   [ RunTime:0.0012s ]
SQL: SHOW COLUMNS FROM `user` [ RunTime:0.0016s ]
SQL: SELECT * FROM `user` WHERE ( username='' ) LIMIT 1   [ RunTime:0.0012s ]
INFO: [ view_parse ] --START--
INFO: [ template_filter ] --START--
INFO: Run Behavior\ContentReplaceBehavior [ RunTime:0.000165s ]
INFO: [ template_filter ] --END-- [ RunTime:0.000211s ]
NOTIC: [8] Undefined variable: qq_accesstoken /data/home/bxu2343130042/htdocs/App/Runtime/Cache/Home/00e52909bed743ea261af4b6823297ff.php 第 91 行.
INFO: Run Behavior\ParseTemplateBehavior [ RunTime:0.015887s ]
INFO: [ view_parse ] --END-- [ RunTime:0.015930s ]
INFO: [ view_filter ] --START--
INFO: Run Behavior\WriteHtmlCacheBehavior [ RunTime:0.000203s ]
INFO: [ view_filter ] --END-- [ RunTime:0.000240s ]
INFO: [ app_end ] --START--
INFO: Run Behavior\ShowPageTraceBehavior [ RunTime:0.000557s ]
INFO: [ app_end ] --END-- [ RunTime:0.000603s ]

