[ 2019-03-22T00:09:54+08:00 ] 52.53.201.78 /
INFO: [ app_init ] --START--
INFO: Run Behavior\BuildLiteBehavior [ RunTime:0.000016s ]
INFO: [ app_init ] --END-- [ RunTime:0.000106s ]
INFO: [ app_begin ] --START--
INFO: Run Behavior\ReadHtmlCacheBehavior [ RunTime:0.000453s ]
INFO: [ app_begin ] --END-- [ RunTime:0.000503s ]
NOTIC: [2048] Declaration of Home\Controller\IndexController::show() should be compatible with Think\Controller::show($content, $charset = '', $contentType = '', $prefix = '') /data/home/bxu2343130042/htdocs/App/Home/Controller/IndexController.class.php 第 1846 行.
SQL: SHOW COLUMNS FROM `new` [ RunTime:0.0019s ]
SQL: SELECT * FROM `new` WHERE ( newclass=1 ) ORDER BY pubtime DESC LIMIT 1   [ RunTime:0.0017s ]
SQL: SELECT * FROM `new` WHERE ( newclass=0 ) ORDER BY pubtime DESC  [ RunTime:0.0089s ]
SQL: SELECT * FROM `new` WHERE `newclass` = 0 AND `pos` = 1 ORDER BY newid DESC LIMIT 1   [ RunTime:0.0013s ]
SQL: SHOW COLUMNS FROM `video` [ RunTime:0.0015s ]
SQL: SELECT * FROM `video` WHERE ( choice=1 ) ORDER BY pubtime DESC LIMIT 1   [ RunTime:0.0019s ]
SQL: SHOW COLUMNS FROM `pro` [ RunTime:0.0015s ]
SQL: SELECT * FROM `pro` WHERE ( choice=1 ) ORDER BY proid DESC  [ RunTime:0.0014s ]
SQL: SHOW COLUMNS FROM `service` [ RunTime:0.0016s ]
SQL: SELECT * FROM `service` WHERE ( serclass=0 ) ORDER BY pubtime DESC  [ RunTime:0.0034s ]
SQL: SELECT * FROM `service` WHERE ( serclass=1 ) ORDER BY pubtime DESC  [ RunTime:0.0019s ]
SQL: SELECT * FROM `service` WHERE ( pos=1 ) LIMIT 1   [ RunTime:0.0015s ]
SQL: SHOW COLUMNS FROM `pagehit` [ RunTime:0.0015s ]
SQL: UPDATE `pagehit` SET `hits`=hits+1 WHERE ( id=1 ) [ RunTime:0.0013s ]
SQL: SELECT `hits` FROM `pagehit` WHERE ( id=1 ) LIMIT 1   [ RunTime:0.0012s ]
SQL: SHOW COLUMNS FROM `user` [ RunTime:0.0016s ]
SQL: SELECT * FROM `user` WHERE ( username='' ) LIMIT 1   [ RunTime:0.0012s ]
INFO: [ view_parse ] --START--
INFO: [ template_filter ] --START--
INFO: Run Behavior\ContentReplaceBehavior [ RunTime:0.000159s ]
INFO: [ template_filter ] --END-- [ RunTime:0.000204s ]
NOTIC: [8] Undefined variable: qq_accesstoken /data/home/bxu2343130042/htdocs/App/Runtime/Cache/Home/00e52909bed743ea261af4b6823297ff.php 第 91 行.
INFO: Run Behavior\ParseTemplateBehavior [ RunTime:0.015961s ]
INFO: [ view_parse ] --END-- [ RunTime:0.016004s ]
INFO: [ view_filter ] --START--
INFO: Run Behavior\WriteHtmlCacheBehavior [ RunTime:0.000213s ]
INFO: [ view_filter ] --END-- [ RunTime:0.000251s ]
INFO: [ app_end ] --START--
INFO: Run Behavior\ShowPageTraceBehavior [ RunTime:0.000606s ]
INFO: [ app_end ] --END-- [ RunTime:0.000651s ]

[ 2019-03-22T00:38:05+08:00 ] 173.232.242.34 /
INFO: [ app_init ] --START--
INFO: Run Behavior\BuildLiteBehavior [ RunTime:0.000021s ]
INFO: [ app_init ] --END-- [ RunTime:0.000127s ]
INFO: [ app_begin ] --START--
INFO: Run Behavior\ReadHtmlCacheBehavior [ RunTime:0.000473s ]
INFO: [ app_begin ] --END-- [ RunTime:0.000519s ]
NOTIC: [2048] Declaration of Home\Controller\IndexController::show() should be compatible with Think\Controller::show($content, $charset = '', $contentType = '', $prefix = '') /data/home/bxu2343130042/htdocs/App/Home/Controller/IndexController.class.php 第 1846 行.
SQL: SHOW COLUMNS FROM `new` [ RunTime:0.0018s ]
SQL: SELECT * FROM `new` WHERE ( newclass=1 ) ORDER BY pubtime DESC LIMIT 1   [ RunTime:0.0018s ]
SQL: SELECT * FROM `new` WHERE ( newclass=0 ) ORDER BY pubtime DESC  [ RunTime:0.0091s ]
SQL: SELECT * FROM `new` WHERE `newclass` = 0 AND `pos` = 1 ORDER BY newid DESC LIMIT 1   [ RunTime:0.0013s ]
SQL: SHOW COLUMNS FROM `video` [ RunTime:0.0015s ]
SQL: SELECT * FROM `video` WHERE ( choice=1 ) ORDER BY pubtime DESC LIMIT 1   [ RunTime:0.0017s ]
SQL: SHOW COLUMNS FROM `pro` [ RunTime:0.0015s ]
SQL: SELECT * FROM `pro` WHERE ( choice=1 ) ORDER BY proid DESC  [ RunTime:0.0013s ]
SQL: SHOW COLUMNS FROM `service` [ RunTime:0.0015s ]
SQL: SELECT * FROM `service` WHERE ( serclass=0 ) ORDER BY pubtime DESC  [ RunTime:0.0033s ]
SQL: SELECT * FROM `service` WHERE ( serclass=1 ) ORDER BY pubtime DESC  [ RunTime:0.0020s ]
SQL: SELECT * FROM `service` WHERE ( pos=1 ) LIMIT 1   [ RunTime:0.0014s ]
SQL: SHOW COLUMNS FROM `pagehit` [ RunTime:0.0014s ]
SQL: UPDATE `pagehit` SET `hits`=hits+1 WHERE ( id=1 ) [ RunTime:0.0012s ]
SQL: SELECT `hits` FROM `pagehit` WHERE ( id=1 ) LIMIT 1   [ RunTime:0.0012s ]
SQL: SHOW COLUMNS FROM `user` [ RunTime:0.0016s ]
SQL: SELECT * FROM `user` WHERE ( username='' ) LIMIT 1   [ RunTime:0.0013s ]
INFO: [ view_parse ] --START--
INFO: [ template_filter ] --START--
INFO: Run Behavior\ContentReplaceBehavior [ RunTime:0.000169s ]
INFO: [ template_filter ] --END-- [ RunTime:0.000237s ]
NOTIC: [8] Undefined variable: qq_accesstoken /data/home/bxu2343130042/htdocs/App/Runtime/Cache/Home/00e52909bed743ea261af4b6823297ff.php 第 91 行.
INFO: Run Behavior\ParseTemplateBehavior [ RunTime:0.016205s ]
INFO: [ view_parse ] --END-- [ RunTime:0.016250s ]
INFO: [ view_filter ] --START--
INFO: Run Behavior\WriteHtmlCacheBehavior [ RunTime:0.000229s ]
INFO: [ view_filter ] --END-- [ RunTime:0.000269s ]
INFO: [ app_end ] --START--
INFO: Run Behavior\ShowPageTraceBehavior [ RunTime:0.000612s ]
INFO: [ app_end ] --END-- [ RunTime:0.000658s ]

[ 2019-03-22T01:53:09+08:00 ] 140.205.205.25 /
INFO: [ app_init ] --START--
INFO: Run Behavior\BuildLiteBehavior [ RunTime:0.000018s ]
INFO: [ app_init ] --END-- [ RunTime:0.000114s ]
INFO: [ app_begin ] --START--
INFO: Run Behavior\ReadHtmlCacheBehavior [ RunTime:0.000494s ]
INFO: [ app_begin ] --END-- [ RunTime:0.000542s ]
NOTIC: [2048] Declaration of Home\Controller\IndexController::show() should be compatible with Think\Controller::show($content, $charset = '', $contentType = '', $prefix = '') /data/home/bxu2343130042/htdocs/App/Home/Controller/IndexController.class.php 第 1846 行.
SQL: SHOW COLUMNS FROM `new` [ RunTime:0.0017s ]
SQL: SELECT * FROM `new` WHERE ( newclass=1 ) ORDER BY pubtime DESC LIMIT 1   [ RunTime:0.0017s ]
SQL: SELECT * FROM `new` WHERE ( newclass=0 ) ORDER BY pubtime DESC  [ RunTime:0.0092s ]
SQL: SELECT * FROM `new` WHERE `newclass` = 0 AND `pos` = 1 ORDER BY newid DESC LIMIT 1   [ RunTime:0.0013s ]
SQL: SHOW COLUMNS FROM `video` [ RunTime:0.0015s ]
SQL: SELECT * FROM `video` WHERE ( choice=1 ) ORDER BY pubtime DESC LIMIT 1   [ RunTime:0.0017s ]
SQL: SHOW COLUMNS FROM `pro` [ RunTime:0.0015s ]
SQL: SELECT * FROM `pro` WHERE ( choice=1 ) ORDER BY proid DESC  [ RunTime:0.0013s ]
SQL: SHOW COLUMNS FROM `service` [ RunTime:0.0015s ]
SQL: SELECT * FROM `service` WHERE ( serclass=0 ) ORDER BY pubtime DESC  [ RunTime:0.0034s ]
SQL: SELECT * FROM `service` WHERE ( serclass=1 ) ORDER BY pubtime DESC  [ RunTime:0.0025s ]
SQL: SELECT * FROM `service` WHERE ( pos=1 ) LIMIT 1   [ RunTime:0.0013s ]
SQL: SHOW COLUMNS FROM `pagehit` [ RunTime:0.0014s ]
SQL: UPDATE `pagehit` SET `hits`=hits+1 WHERE ( id=1 ) [ RunTime:0.0012s ]
SQL: SELECT `hits` FROM `pagehit` WHERE ( id=1 ) LIMIT 1   [ RunTime:0.0011s ]
SQL: SHOW COLUMNS FROM `user` [ RunTime:0.0016s ]
SQL: SELECT * FROM `user` WHERE ( username='' ) LIMIT 1   [ RunTime:0.0012s ]
INFO: [ view_parse ] --START--
INFO: [ template_filter ] --START--
INFO: Run Behavior\ContentReplaceBehavior [ RunTime:0.000161s ]
INFO: [ template_filter ] --END-- [ RunTime:0.000209s ]
NOTIC: [8] Undefined variable: qq_accesstoken /data/home/bxu2343130042/htdocs/App/Runtime/Cache/Home/00e52909bed743ea261af4b6823297ff.php 第 91 行.
INFO: Run Behavior\ParseTemplateBehavior [ RunTime:0.016233s ]
INFO: [ view_parse ] --END-- [ RunTime:0.016293s ]
INFO: [ view_filter ] --START--
INFO: Run Behavior\WriteHtmlCacheBehavior [ RunTime:0.000209s ]
INFO: [ view_filter ] --END-- [ RunTime:0.000248s ]
INFO: 
INFO: 
INFO: 

[ 2019-03-22T03:40:13+08:00 ] 120.77.213.254 /
INFO: [ app_init ] --START--
INFO: Run Behavior\BuildLiteBehavior [ RunTime:0.000018s ]
INFO: [ app_init ] --END-- [ RunTime:0.000116s ]
INFO: [ app_begin ] --START--
INFO: Run Behavior\ReadHtmlCacheBehavior [ RunTime:0.000512s ]
INFO: [ app_begin ] --END-- [ RunTime:0.000558s ]
NOTIC: [2048] Declaration of Home\Controller\IndexController::show() should be compatible with Think\Controller::show($content, $charset = '', $contentType = '', $prefix = '') /data/home/bxu2343130042/htdocs/App/Home/Controller/IndexController.class.php 第 1846 行.
SQL: SHOW COLUMNS FROM `new` [ RunTime:0.0019s ]
SQL: SELECT * FROM `new` WHERE ( newclass=1 ) ORDER BY pubtime DESC LIMIT 1   [ RunTime:0.0018s ]
SQL: SELECT * FROM `new` WHERE ( newclass=0 ) ORDER BY pubtime DESC  [ RunTime:0.0092s ]
SQL: SELECT * FROM `new` WHERE `newclass` = 0 AND `pos` = 1 ORDER BY newid DESC LIMIT 1   [ RunTime:0.0013s ]
SQL: SHOW COLUMNS FROM `video` [ RunTime:0.0015s ]
SQL: SELECT * FROM `video` WHERE ( choice=1 ) ORDER BY pubtime DESC LIMIT 1   [ RunTime:0.0018s ]
SQL: SHOW COLUMNS FROM `pro` [ RunTime:0.0016s ]
SQL: SELECT * FROM `pro` WHERE ( choice=1 ) ORDER BY proid DESC  [ RunTime:0.0014s ]
SQL: SHOW COLUMNS FROM `service` [ RunTime:0.0015s ]
SQL: SELECT * FROM `service` WHERE ( serclass=0 ) ORDER BY pubtime DESC  [ RunTime:0.0035s ]
SQL: SELECT * FROM `service` WHERE ( serclass=1 ) ORDER BY pubtime DESC  [ RunTime:0.0031s ]
SQL: SELECT * FROM `service` WHERE ( pos=1 ) LIMIT 1   [ RunTime:0.0016s ]
SQL: SHOW COLUMNS FROM `pagehit` [ RunTime:0.0016s ]
SQL: UPDATE `pagehit` SET `hits`=hits+1 WHERE ( id=1 ) [ RunTime:0.0013s ]
SQL: SELECT `hits` FROM `pagehit` WHERE ( id=1 ) LIMIT 1   [ RunTime:0.0012s ]
SQL: SHOW COLUMNS FROM `user` [ RunTime:0.0017s ]
SQL: SELECT * FROM `user` WHERE ( username='' ) LIMIT 1   [ RunTime:0.0013s ]
INFO: [ view_parse ] --START--
INFO: [ template_filter ] --START--
INFO: Run Behavior\ContentReplaceBehavior [ RunTime:0.000158s ]
INFO: [ template_filter ] --END-- [ RunTime:0.000203s ]
NOTIC: [8] Undefined variable: qq_accesstoken /data/home/bxu2343130042/htdocs/App/Runtime/Cache/Home/00e52909bed743ea261af4b6823297ff.php 第 91 行.
INFO: Run Behavior\ParseTemplateBehavior [ RunTime:0.016178s ]
INFO: [ view_parse ] --END-- [ RunTime:0.016221s ]
INFO: [ view_filter ] --START--
INFO: Run Behavior\WriteHtmlCacheBehavior [ RunTime:0.000209s ]
INFO: [ view_filter ] --END-- [ RunTime:0.000249s ]
INFO: [ app_end ] --START--
INFO: Run Behavior\ShowPageTraceBehavior [ RunTime:0.000691s ]
INFO: [ app_end ] --END-- [ RunTime:0.000742s ]

[ 2019-03-22T05:47:52+08:00 ] 112.10.28.140 HTTP://www.szfyxhm.com:80/topnewinfo/id/47.html
INFO: [ app_init ] --START--
INFO: Run Behavior\BuildLiteBehavior [ RunTime:0.000020s ]
INFO: [ app_init ] --END-- [ RunTime:0.000113s ]
NOTIC: [2] preg_match(): Unknown modifier 'p' /data/home/bxu2343130042/htdocs/ThinkPHP/Library/Think/Route.class.php 第 58 行.
NOTIC: [2] preg_match(): Unknown modifier 'p' /data/home/bxu2343130042/htdocs/ThinkPHP/Library/Think/Route.class.php 第 58 行.
NOTIC: [2] preg_match(): Unknown modifier 'p' /data/home/bxu2343130042/htdocs/ThinkPHP/Library/Think/Route.class.php 第 58 行.
NOTIC: [2] preg_match(): Unknown modifier 'p' /data/home/bxu2343130042/htdocs/ThinkPHP/Library/Think/Route.class.php 第 58 行.
NOTIC: [2] preg_match(): Unknown modifier 'p' /data/home/bxu2343130042/htdocs/ThinkPHP/Library/Think/Route.class.php 第 58 行.
NOTIC: [2] preg_match(): Unknown modifier 'p' /data/home/bxu2343130042/htdocs/ThinkPHP/Library/Think/Route.class.php 第 58 行.
NOTIC: [2] preg_match(): Unknown modifier 'p' /data/home/bxu2343130042/htdocs/ThinkPHP/Library/Think/Route.class.php 第 58 行.
NOTIC: [2] preg_match(): Unknown modifier 'p' /data/home/bxu2343130042/htdocs/ThinkPHP/Library/Think/Route.class.php 第 58 行.
NOTIC: [2] preg_match(): Unknown modifier 'p' /data/home/bxu2343130042/htdocs/ThinkPHP/Library/Think/Route.class.php 第 58 行.
NOTIC: [2] preg_match(): Unknown modifier 'p' /data/home/bxu2343130042/htdocs/ThinkPHP/Library/Think/Route.class.php 第 58 行.
INFO: [ app_begin ] --START--
INFO: Run Behavior\ReadHtmlCacheBehavior [ RunTime:0.000478s ]
INFO: [ app_begin ] --END-- [ RunTime:0.000521s ]
NOTIC: [2048] Declaration of Home\Controller\IndexController::show() should be compatible with Think\Controller::show($content, $charset = '', $contentType = '', $prefix = '') /data/home/bxu2343130042/htdocs/App/Home/Controller/IndexController.class.php 第 1846 行.
SQL: SHOW COLUMNS FROM `new` [ RunTime:0.0020s ]
SQL: SELECT * FROM `new` WHERE ( newid=47 and newclass=1 ) LIMIT 1   [ RunTime:0.0019s ]
SQL: SELECT * FROM `new` WHERE `newclass` = 0 ORDER BY pubtime DESC  [ RunTime:0.0160s ]
SQL: SHOW COLUMNS FROM `service` [ RunTime:0.0020s ]
SQL: SELECT * FROM `service` WHERE `serclass` = 0 ORDER BY pubtime DESC LIMIT 1   [ RunTime:0.0020s ]
SQL: SELECT * FROM `service` WHERE `serclass` = 1 ORDER BY pubtime DESC LIMIT 1   [ RunTime:0.0022s ]
SQL: SELECT * FROM `new` WHERE ( newid<47 and newclass=1 ) ORDER BY newid desc LIMIT 1   [ RunTime:0.0020s ]
SQL: SELECT * FROM `new` WHERE ( newid>47 and newclass=1 ) ORDER BY newid asc LIMIT 1   [ RunTime:0.0018s ]
INFO: [ view_parse ] --START--
INFO: [ template_filter ] --START--
INFO: Run Behavior\ContentReplaceBehavior [ RunTime:0.000146s ]
INFO: [ template_filter ] --END-- [ RunTime:0.000198s ]
INFO: Run Behavior\ParseTemplateBehavior [ RunTime:0.012508s ]
INFO: [ view_parse ] --END-- [ RunTime:0.012557s ]
INFO: [ view_filter ] --START--
INFO: Run Behavior\WriteHtmlCacheBehavior [ RunTime:0.000258s ]
INFO: [ view_filter ] --END-- [ RunTime:0.000327s ]
INFO: [ app_end ] --START--
INFO: Run Behavior\ShowPageTraceBehavior [ RunTime:0.000664s ]
INFO: [ app_end ] --END-- [ RunTime:0.000711s ]

[ 2019-03-22T05:50:59+08:00 ] 220.181.125.23 /baoyang/info.asp?newid=2
INFO: [ app_init ] --START--
INFO: Run Behavior\BuildLiteBehavior [ RunTime:0.000018s ]
INFO: [ app_init ] --END-- [ RunTime:0.000105s ]
NOTIC: [2] preg_match(): Unknown modifier 'p' /data/home/bxu2343130042/htdocs/ThinkPHP/Library/Think/Route.class.php 第 58 行.
NOTIC: [2] preg_match(): Unknown modifier 'p' /data/home/bxu2343130042/htdocs/ThinkPHP/Library/Think/Route.class.php 第 58 行.
NOTIC: [2] preg_match(): Unknown modifier 'p' /data/home/bxu2343130042/htdocs/ThinkPHP/Library/Think/Route.class.php 第 58 行.
NOTIC: [2] preg_match(): Unknown modifier 'p' /data/home/bxu2343130042/htdocs/ThinkPHP/Library/Think/Route.class.php 第 58 行.
NOTIC: [2] preg_match(): Unknown modifier 'p' /data/home/bxu2343130042/htdocs/ThinkPHP/Library/Think/Route.class.php 第 58 行.
NOTIC: [2] preg_match(): Unknown modifier 'p' /data/home/bxu2343130042/htdocs/ThinkPHP/Library/Think/Route.class.php 第 58 行.
NOTIC: [2] preg_match(): Unknown modifier 'p' /data/home/bxu2343130042/htdocs/ThinkPHP/Library/Think/Route.class.php 第 58 行.
NOTIC: [2] preg_match(): Unknown modifier 'p' /data/home/bxu2343130042/htdocs/ThinkPHP/Library/Think/Route.class.php 第 58 行.
NOTIC: [2] preg_match(): Unknown modifier 'p' /data/home/bxu2343130042/htdocs/ThinkPHP/Library/Think/Route.class.php 第 58 行.
NOTIC: [2] preg_match(): Unknown modifier 'p' /data/home/bxu2343130042/htdocs/ThinkPHP/Library/Think/Route.class.php 第 58 行.
INFO: [ app_begin ] --START--
INFO: Run Behavior\ReadHtmlCacheBehavior [ RunTime:0.000473s ]
INFO: [ app_begin ] --END-- [ RunTime:0.000517s ]
NOTIC: [2048] Declaration of Home\Controller\IndexController::show() should be compatible with Think\Controller::show($content, $charset = '', $contentType = '', $prefix = '') /data/home/bxu2343130042/htdocs/App/Home/Controller/IndexController.class.php 第 1846 行.

[ 2019-03-22T05:51:40+08:00 ] 220.181.125.23 /message/lyb11_add.asp?nid=127305
INFO: [ app_init ] --START--
INFO: Run Behavior\BuildLiteBehavior [ RunTime:0.000022s ]
INFO: [ app_init ] --END-- [ RunTime:0.000156s ]
NOTIC: [2] preg_match(): Unknown modifier 'p' /data/home/bxu2343130042/htdocs/ThinkPHP/Library/Think/Route.class.php 第 58 行.
NOTIC: [2] preg_match(): Unknown modifier 'p' /data/home/bxu2343130042/htdocs/ThinkPHP/Library/Think/Route.class.php 第 58 行.
NOTIC: [2] preg_match(): Unknown modifier 'p' /data/home/bxu2343130042/htdocs/ThinkPHP/Library/Think/Route.class.php 第 58 行.
NOTIC: [2] preg_match(): Unknown modifier 'p' /data/home/bxu2343130042/htdocs/ThinkPHP/Library/Think/Route.class.php 第 58 行.
NOTIC: [2] preg_match(): Unknown modifier 'p' /data/home/bxu2343130042/htdocs/ThinkPHP/Library/Think/Route.class.php 第 58 行.
NOTIC: [2] preg_match(): Unknown modifier 'p' /data/home/bxu2343130042/htdocs/ThinkPHP/Library/Think/Route.class.php 第 58 行.
NOTIC: [2] preg_match(): Unknown modifier 'p' /data/home/bxu2343130042/htdocs/ThinkPHP/Library/Think/Route.class.php 第 58 行.
NOTIC: [2] preg_match(): Unknown modifier 'p' /data/home/bxu2343130042/htdocs/ThinkPHP/Library/Think/Route.class.php 第 58 行.
NOTIC: [2] preg_match(): Unknown modifier 'p' /data/home/bxu2343130042/htdocs/ThinkPHP/Library/Think/Route.class.php 第 58 行.
NOTIC: [2] preg_match(): Unknown modifier 'p' /data/home/bxu2343130042/htdocs/ThinkPHP/Library/Think/Route.class.php 第 58 行.
INFO: [ app_begin ] --START--
INFO: Run Behavior\ReadHtmlCacheBehavior [ RunTime:0.000524s ]
INFO: [ app_begin ] --END-- [ RunTime:0.000572s ]
NOTIC: [2048] Declaration of Home\Controller\IndexController::show() should be compatible with Think\Controller::show($content, $charset = '', $contentType = '', $prefix = '') /data/home/bxu2343130042/htdocs/App/Home/Controller/IndexController.class.php 第 1846 行.

[ 2019-03-22T06:24:31+08:00 ] 192.74.224.53 /blog/kindeditor/editor/asp/upload_json.asp?dir=Image
INFO: [ app_init ] --START--
INFO: Run Behavior\BuildLiteBehavior [ RunTime:0.000015s ]
INFO: [ app_init ] --END-- [ RunTime:0.000094s ]
NOTIC: [2] preg_match(): Unknown modifier 'p' /data/home/bxu2343130042/htdocs/ThinkPHP/Library/Think/Route.class.php 第 58 行.
NOTIC: [2] preg_match(): Unknown modifier 'p' /data/home/bxu2343130042/htdocs/ThinkPHP/Library/Think/Route.class.php 第 58 行.
NOTIC: [2] preg_match(): Unknown modifier 'p' /data/home/bxu2343130042/htdocs/ThinkPHP/Library/Think/Route.class.php 第 58 行.
NOTIC: [2] preg_match(): Unknown modifier 'p' /data/home/bxu2343130042/htdocs/ThinkPHP/Library/Think/Route.class.php 第 58 行.
NOTIC: [2] preg_match(): Unknown modifier 'p' /data/home/bxu2343130042/htdocs/ThinkPHP/Library/Think/Route.class.php 第 58 行.
NOTIC: [2] preg_match(): Unknown modifier 'p' /data/home/bxu2343130042/htdocs/ThinkPHP/Library/Think/Route.class.php 第 58 行.
NOTIC: [2] preg_match(): Unknown modifier 'p' /data/home/bxu2343130042/htdocs/ThinkPHP/Library/Think/Route.class.php 第 58 行.
NOTIC: [2] preg_match(): Unknown modifier 'p' /data/home/bxu2343130042/htdocs/ThinkPHP/Library/Think/Route.class.php 第 58 行.
NOTIC: [2] preg_match(): Unknown modifier 'p' /data/home/bxu2343130042/htdocs/ThinkPHP/Library/Think/Route.class.php 第 58 行.
NOTIC: [2] preg_match(): Unknown modifier 'p' /data/home/bxu2343130042/htdocs/ThinkPHP/Library/Think/Route.class.php 第 58 行.
INFO: [ app_begin ] --START--
INFO: Run Behavior\ReadHtmlCacheBehavior [ RunTime:0.000450s ]
INFO: [ app_begin ] --END-- [ RunTime:0.000494s ]
NOTIC: [2048] Declaration of Home\Controller\IndexController::show() should be compatible with Think\Controller::show($content, $charset = '', $contentType = '', $prefix = '') /data/home/bxu2343130042/htdocs/App/Home/Controller/IndexController.class.php 第 1846 行.

[ 2019-03-22T06:24:31+08:00 ] 192.74.224.53 /USeditor/asp/upload_json.asp?dir=Image
INFO: [ app_init ] --START--
INFO: Run Behavior\BuildLiteBehavior [ RunTime:0.000018s ]
INFO: [ app_init ] --END-- [ RunTime:0.000111s ]
NOTIC: [2] preg_match(): Unknown modifier 'p' /data/home/bxu2343130042/htdocs/ThinkPHP/Library/Think/Route.class.php 第 58 行.
NOTIC: [2] preg_match(): Unknown modifier 'p' /data/home/bxu2343130042/htdocs/ThinkPHP/Library/Think/Route.class.php 第 58 行.
NOTIC: [2] preg_match(): Unknown modifier 'p' /data/home/bxu2343130042/htdocs/ThinkPHP/Library/Think/Route.class.php 第 58 行.
NOTIC: [2] preg_match(): Unknown modifier 'p' /data/home/bxu2343130042/htdocs/ThinkPHP/Library/Think/Route.class.php 第 58 行.
NOTIC: [2] preg_match(): Unknown modifier 'p' /data/home/bxu2343130042/htdocs/ThinkPHP/Library/Think/Route.class.php 第 58 行.
NOTIC: [2] preg_match(): Unknown modifier 'p' /data/home/bxu2343130042/htdocs/ThinkPHP/Library/Think/Route.class.php 第 58 行.
NOTIC: [2] preg_match(): Unknown modifier 'p' /data/home/bxu2343130042/htdocs/ThinkPHP/Library/Think/Route.class.php 第 58 行.
NOTIC: [2] preg_match(): Unknown modifier 'p' /data/home/bxu2343130042/htdocs/ThinkPHP/Library/Think/Route.class.php 第 58 行.
NOTIC: [2] preg_match(): Unknown modifier 'p' /data/home/bxu2343130042/htdocs/ThinkPHP/Library/Think/Route.class.php 第 58 行.
NOTIC: [2] preg_match(): Unknown modifier 'p' /data/home/bxu2343130042/htdocs/ThinkPHP/Library/Think/Route.class.php 第 58 行.
INFO: [ app_begin ] --START--
INFO: Run Behavior\ReadHtmlCacheBehavior [ RunTime:0.000471s ]
INFO: [ app_begin ] --END-- [ RunTime:0.000515s ]
NOTIC: [2048] Declaration of Home\Controller\IndexController::show() should be compatible with Think\Controller::show($content, $charset = '', $contentType = '', $prefix = '') /data/home/bxu2343130042/htdocs/App/Home/Controller/IndexController.class.php 第 1846 行.

[ 2019-03-22T06:24:32+08:00 ] 192.74.224.53 /Admin/kindeditor-4.1.10-l/asp/upload_json.asp?dir=Image
INFO: [ app_init ] --START--
INFO: Run Behavior\BuildLiteBehavior [ RunTime:0.000014s ]
INFO: [ app_init ] --END-- [ RunTime:0.000097s ]
NOTIC: [2] preg_match(): Unknown modifier 'p' /data/home/bxu2343130042/htdocs/ThinkPHP/Library/Think/Route.class.php 第 58 行.
NOTIC: [2] preg_match(): Unknown modifier 'p' /data/home/bxu2343130042/htdocs/ThinkPHP/Library/Think/Route.class.php 第 58 行.
NOTIC: [2] preg_match(): Unknown modifier 'p' /data/home/bxu2343130042/htdocs/ThinkPHP/Library/Think/Route.class.php 第 58 行.
NOTIC: [2] preg_match(): Unknown modifier 'p' /data/home/bxu2343130042/htdocs/ThinkPHP/Library/Think/Route.class.php 第 58 行.
NOTIC: [2] preg_match(): Unknown modifier 'p' /data/home/bxu2343130042/htdocs/ThinkPHP/Library/Think/Route.class.php 第 58 行.
NOTIC: [2] preg_match(): Unknown modifier 'p' /data/home/bxu2343130042/htdocs/ThinkPHP/Library/Think/Route.class.php 第 58 行.
NOTIC: [2] preg_match(): Unknown modifier 'p' /data/home/bxu2343130042/htdocs/ThinkPHP/Library/Think/Route.class.php 第 58 行.
NOTIC: [2] preg_match(): Unknown modifier 'p' /data/home/bxu2343130042/htdocs/ThinkPHP/Library/Think/Route.class.php 第 58 行.
NOTIC: [2] preg_match(): Unknown modifier 'p' /data/home/bxu2343130042/htdocs/ThinkPHP/Library/Think/Route.class.php 第 58 行.
NOTIC: [2] preg_match(): Unknown modifier 'p' /data/home/bxu2343130042/htdocs/ThinkPHP/Library/Think/Route.class.php 第 58 行.
INFO: [ app_begin ] --START--
INFO: Run Behavior\ReadHtmlCacheBehavior [ RunTime:0.000456s ]
INFO: [ app_begin ] --END-- [ RunTime:0.000499s ]
NOTIC: [2048] Declaration of Home\Controller\IndexController::show() should be compatible with Think\Controller::show($content, $charset = '', $contentType = '', $prefix = '') /data/home/bxu2343130042/htdocs/App/Home/Controller/IndexController.class.php 第 1846 行.
INFO: [ view_parse ] --START--
INFO: [ template_filter ] --START--
INFO: Run Behavior\ContentReplaceBehavior [ RunTime:0.000041s ]
INFO: [ template_filter ] --END-- [ RunTime:0.000087s ]
INFO: Run Behavior\ParseTemplateBehavior [ RunTime:0.005728s ]
INFO: [ view_parse ] --END-- [ RunTime:0.005776s ]
INFO: [ view_filter ] --START--
INFO: Run Behavior\WriteHtmlCacheBehavior [ RunTime:0.000206s ]
INFO: [ view_filter ] --END-- [ RunTime:0.000240s ]

[ 2019-03-22T06:24:32+08:00 ] 192.74.224.53 /uploadclass/upfile_flash.asp?dir=Image
INFO: [ app_init ] --START--
INFO: Run Behavior\BuildLiteBehavior [ RunTime:0.000014s ]
INFO: [ app_init ] --END-- [ RunTime:0.000091s ]
NOTIC: [2] preg_match(): Unknown modifier 'p' /data/home/bxu2343130042/htdocs/ThinkPHP/Library/Think/Route.class.php 第 58 行.
NOTIC: [2] preg_match(): Unknown modifier 'p' /data/home/bxu2343130042/htdocs/ThinkPHP/Library/Think/Route.class.php 第 58 行.
NOTIC: [2] preg_match(): Unknown modifier 'p' /data/home/bxu2343130042/htdocs/ThinkPHP/Library/Think/Route.class.php 第 58 行.
NOTIC: [2] preg_match(): Unknown modifier 'p' /data/home/bxu2343130042/htdocs/ThinkPHP/Library/Think/Route.class.php 第 58 行.
NOTIC: [2] preg_match(): Unknown modifier 'p' /data/home/bxu2343130042/htdocs/ThinkPHP/Library/Think/Route.class.php 第 58 行.
NOTIC: [2] preg_match(): Unknown modifier 'p' /data/home/bxu2343130042/htdocs/ThinkPHP/Library/Think/Route.class.php 第 58 行.
NOTIC: [2] preg_match(): Unknown modifier 'p' /data/home/bxu2343130042/htdocs/ThinkPHP/Library/Think/Route.class.php 第 58 行.
NOTIC: [2] preg_match(): Unknown modifier 'p' /data/home/bxu2343130042/htdocs/ThinkPHP/Library/Think/Route.class.php 第 58 行.
NOTIC: [2] preg_match(): Unknown modifier 'p' /data/home/bxu2343130042/htdocs/ThinkPHP/Library/Think/Route.class.php 第 58 行.
NOTIC: [2] preg_match(): Unknown modifier 'p' /data/home/bxu2343130042/htdocs/ThinkPHP/Library/Think/Route.class.php 第 58 行.
INFO: [ app_begin ] --START--
INFO: Run Behavior\ReadHtmlCacheBehavior [ RunTime:0.000448s ]
INFO: [ app_begin ] --END-- [ RunTime:0.000493s ]
NOTIC: [2048] Declaration of Home\Controller\IndexController::show() should be compatible with Think\Controller::show($content, $charset = '', $contentType = '', $prefix = '') /data/home/bxu2343130042/htdocs/App/Home/Controller/IndexController.class.php 第 1846 行.

[ 2019-03-22T06:24:33+08:00 ] 192.74.224.53 /wx/editor/asp/upload_json.asp?dir=Image
INFO: [ app_init ] --START--
INFO: Run Behavior\BuildLiteBehavior [ RunTime:0.000017s ]
INFO: [ app_init ] --END-- [ RunTime:0.000096s ]
NOTIC: [2] preg_match(): Unknown modifier 'p' /data/home/bxu2343130042/htdocs/ThinkPHP/Library/Think/Route.class.php 第 58 行.
NOTIC: [2] preg_match(): Unknown modifier 'p' /data/home/bxu2343130042/htdocs/ThinkPHP/Library/Think/Route.class.php 第 58 行.
NOTIC: [2] preg_match(): Unknown modifier 'p' /data/home/bxu2343130042/htdocs/ThinkPHP/Library/Think/Route.class.php 第 58 行.
NOTIC: [2] preg_match(): Unknown modifier 'p' /data/home/bxu2343130042/htdocs/ThinkPHP/Library/Think/Route.class.php 第 58 行.
NOTIC: [2] preg_match(): Unknown modifier 'p' /data/home/bxu2343130042/htdocs/ThinkPHP/Library/Think/Route.class.php 第 58 行.
NOTIC: [2] preg_match(): Unknown modifier 'p' /data/home/bxu2343130042/htdocs/ThinkPHP/Library/Think/Route.class.php 第 58 行.
NOTIC: [2] preg_match(): Unknown modifier 'p' /data/home/bxu2343130042/htdocs/ThinkPHP/Library/Think/Route.class.php 第 58 行.
NOTIC: [2] preg_match(): Unknown modifier 'p' /data/home/bxu2343130042/htdocs/ThinkPHP/Library/Think/Route.class.php 第 58 行.
NOTIC: [2] preg_match(): Unknown modifier 'p' /data/home/bxu2343130042/htdocs/ThinkPHP/Library/Think/Route.class.php 第 58 行.
NOTIC: [2] preg_match(): Unknown modifier 'p' /data/home/bxu2343130042/htdocs/ThinkPHP/Library/Think/Route.class.php 第 58 行.
INFO: [ app_begin ] --START--
INFO: Run Behavior\ReadHtmlCacheBehavior [ RunTime:0.000491s ]
INFO: [ app_begin ] --END-- [ RunTime:0.000535s ]
NOTIC: [2048] Declaration of Home\Controller\IndexController::show() should be compatible with Think\Controller::show($content, $charset = '', $contentType = '', $prefix = '') /data/home/bxu2343130042/htdocs/App/Home/Controller/IndexController.class.php 第 1846 行.

[ 2019-03-22T06:24:34+08:00 ] 192.74.224.53 /blog/editor/upload_json.asp?dir=Image
INFO: [ app_init ] --START--
INFO: Run Behavior\BuildLiteBehavior [ RunTime:0.000014s ]
INFO: [ app_init ] --END-- [ RunTime:0.000092s ]
NOTIC: [2] preg_match(): Unknown modifier 'p' /data/home/bxu2343130042/htdocs/ThinkPHP/Library/Think/Route.class.php 第 58 行.
NOTIC: [2] preg_match(): Unknown modifier 'p' /data/home/bxu2343130042/htdocs/ThinkPHP/Library/Think/Route.class.php 第 58 行.
NOTIC: [2] preg_match(): Unknown modifier 'p' /data/home/bxu2343130042/htdocs/ThinkPHP/Library/Think/Route.class.php 第 58 行.
NOTIC: [2] preg_match(): Unknown modifier 'p' /data/home/bxu2343130042/htdocs/ThinkPHP/Library/Think/Route.class.php 第 58 行.
NOTIC: [2] preg_match(): Unknown modifier 'p' /data/home/bxu2343130042/htdocs/ThinkPHP/Library/Think/Route.class.php 第 58 行.
NOTIC: [2] preg_match(): Unknown modifier 'p' /data/home/bxu2343130042/htdocs/ThinkPHP/Library/Think/Route.class.php 第 58 行.
NOTIC: [2] preg_match(): Unknown modifier 'p' /data/home/bxu2343130042/htdocs/ThinkPHP/Library/Think/Route.class.php 第 58 行.
NOTIC: [2] preg_match(): Unknown modifier 'p' /data/home/bxu2343130042/htdocs/ThinkPHP/Library/Think/Route.class.php 第 58 行.
NOTIC: [2] preg_match(): Unknown modifier 'p' /data/home/bxu2343130042/htdocs/ThinkPHP/Library/Think/Route.class.php 第 58 行.
NOTIC: [2] preg_match(): Unknown modifier 'p' /data/home/bxu2343130042/htdocs/ThinkPHP/Library/Think/Route.class.php 第 58 行.
INFO: [ app_begin ] --START--
INFO: Run Behavior\ReadHtmlCacheBehavior [ RunTime:0.000460s ]
INFO: [ app_begin ] --END-- [ RunTime:0.000536s ]
NOTIC: [2048] Declaration of Home\Controller\IndexController::show() should be compatible with Think\Controller::show($content, $charset = '', $contentType = '', $prefix = '') /data/home/bxu2343130042/htdocs/App/Home/Controller/IndexController.class.php 第 1846 行.

[ 2019-03-22T06:24:34+08:00 ] 192.74.224.53 /Clkj_Edit/asp/upload_json.asp?dir=Image
INFO: [ app_init ] --START--
INFO: Run Behavior\BuildLiteBehavior [ RunTime:0.000018s ]
INFO: [ app_init ] --END-- [ RunTime:0.000109s ]
NOTIC: [2] preg_match(): Unknown modifier 'p' /data/home/bxu2343130042/htdocs/ThinkPHP/Library/Think/Route.class.php 第 58 行.
NOTIC: [2] preg_match(): Unknown modifier 'p' /data/home/bxu2343130042/htdocs/ThinkPHP/Library/Think/Route.class.php 第 58 行.
NOTIC: [2] preg_match(): Unknown modifier 'p' /data/home/bxu2343130042/htdocs/ThinkPHP/Library/Think/Route.class.php 第 58 行.
NOTIC: [2] preg_match(): Unknown modifier 'p' /data/home/bxu2343130042/htdocs/ThinkPHP/Library/Think/Route.class.php 第 58 行.
NOTIC: [2] preg_match(): Unknown modifier 'p' /data/home/bxu2343130042/htdocs/ThinkPHP/Library/Think/Route.class.php 第 58 行.
NOTIC: [2] preg_match(): Unknown modifier 'p' /data/home/bxu2343130042/htdocs/ThinkPHP/Library/Think/Route.class.php 第 58 行.
NOTIC: [2] preg_match(): Unknown modifier 'p' /data/home/bxu2343130042/htdocs/ThinkPHP/Library/Think/Route.class.php 第 58 行.
NOTIC: [2] preg_match(): Unknown modifier 'p' /data/home/bxu2343130042/htdocs/ThinkPHP/Library/Think/Route.class.php 第 58 行.
NOTIC: [2] preg_match(): Unknown modifier 'p' /data/home/bxu2343130042/htdocs/ThinkPHP/Library/Think/Route.class.php 第 58 行.
NOTIC: [2] preg_match(): Unknown modifier 'p' /data/home/bxu2343130042/htdocs/ThinkPHP/Library/Think/Route.class.php 第 58 行.
INFO: [ app_begin ] --START--
INFO: Run Behavior\ReadHtmlCacheBehavior [ RunTime:0.000509s ]
INFO: [ app_begin ] --END-- [ RunTime:0.000554s ]
NOTIC: [2048] Declaration of Home\Controller\IndexController::show() should be compatible with Think\Controller::show($content, $charset = '', $contentType = '', $prefix = '') /data/home/bxu2343130042/htdocs/App/Home/Controller/IndexController.class.php 第 1846 行.

[ 2019-03-22T06:24:35+08:00 ] 192.74.224.53 /Zkeditor/asp/upload_json.asp?dir=Image
INFO: [ app_init ] --START--
INFO: Run Behavior\BuildLiteBehavior [ RunTime:0.000015s ]
INFO: [ app_init ] --END-- [ RunTime:0.000093s ]
NOTIC: [2] preg_match(): Unknown modifier 'p' /data/home/bxu2343130042/htdocs/ThinkPHP/Library/Think/Route.class.php 第 58 行.
NOTIC: [2] preg_match(): Unknown modifier 'p' /data/home/bxu2343130042/htdocs/ThinkPHP/Library/Think/Route.class.php 第 58 行.
NOTIC: [2] preg_match(): Unknown modifier 'p' /data/home/bxu2343130042/htdocs/ThinkPHP/Library/Think/Route.class.php 第 58 行.
NOTIC: [2] preg_match(): Unknown modifier 'p' /data/home/bxu2343130042/htdocs/ThinkPHP/Library/Think/Route.class.php 第 58 行.
NOTIC: [2] preg_match(): Unknown modifier 'p' /data/home/bxu2343130042/htdocs/ThinkPHP/Library/Think/Route.class.php 第 58 行.
NOTIC: [2] preg_match(): Unknown modifier 'p' /data/home/bxu2343130042/htdocs/ThinkPHP/Library/Think/Route.class.php 第 58 行.
NOTIC: [2] preg_match(): Unknown modifier 'p' /data/home/bxu2343130042/htdocs/ThinkPHP/Library/Think/Route.class.php 第 58 行.
NOTIC: [2] preg_match(): Unknown modifier 'p' /data/home/bxu2343130042/htdocs/ThinkPHP/Library/Think/Route.class.php 第 58 行.
NOTIC: [2] preg_match(): Unknown modifier 'p' /data/home/bxu2343130042/htdocs/ThinkPHP/Library/Think/Route.class.php 第 58 行.
NOTIC: [2] preg_match(): Unknown modifier 'p' /data/home/bxu2343130042/htdocs/ThinkPHP/Library/Think/Route.class.php 第 58 行.
INFO: [ app_begin ] --START--
INFO: Run Behavior\ReadHtmlCacheBehavior [ RunTime:0.000492s ]
INFO: [ app_begin ] --END-- [ RunTime:0.000536s ]
NOTIC: [2048] Declaration of Home\Controller\IndexController::show() should be compatible with Think\Controller::show($content, $charset = '', $contentType = '', $prefix = '') /data/home/bxu2343130042/htdocs/App/Home/Controller/IndexController.class.php 第 1846 行.

[ 2019-03-22T06:24:35+08:00 ] 192.74.224.53 /blog/kindeditor/upload_json.asp?dir=Image
INFO: [ app_init ] --START--
INFO: Run Behavior\BuildLiteBehavior [ RunTime:0.000017s ]
INFO: [ app_init ] --END-- [ RunTime:0.000106s ]
NOTIC: [2] preg_match(): Unknown modifier 'p' /data/home/bxu2343130042/htdocs/ThinkPHP/Library/Think/Route.class.php 第 58 行.
NOTIC: [2] preg_match(): Unknown modifier 'p' /data/home/bxu2343130042/htdocs/ThinkPHP/Library/Think/Route.class.php 第 58 行.
NOTIC: [2] preg_match(): Unknown modifier 'p' /data/home/bxu2343130042/htdocs/ThinkPHP/Library/Think/Route.class.php 第 58 行.
NOTIC: [2] preg_match(): Unknown modifier 'p' /data/home/bxu2343130042/htdocs/ThinkPHP/Library/Think/Route.class.php 第 58 行.
NOTIC: [2] preg_match(): Unknown modifier 'p' /data/home/bxu2343130042/htdocs/ThinkPHP/Library/Think/Route.class.php 第 58 行.
NOTIC: [2] preg_match(): Unknown modifier 'p' /data/home/bxu2343130042/htdocs/ThinkPHP/Library/Think/Route.class.php 第 58 行.
NOTIC: [2] preg_match(): Unknown modifier 'p' /data/home/bxu2343130042/htdocs/ThinkPHP/Library/Think/Route.class.php 第 58 行.
NOTIC: [2] preg_match(): Unknown modifier 'p' /data/home/bxu2343130042/htdocs/ThinkPHP/Library/Think/Route.class.php 第 58 行.
NOTIC: [2] preg_match(): Unknown modifier 'p' /data/home/bxu2343130042/htdocs/ThinkPHP/Library/Think/Route.class.php 第 58 行.
NOTIC: [2] preg_match(): Unknown modifier 'p' /data/home/bxu2343130042/htdocs/ThinkPHP/Library/Think/Route.class.php 第 58 行.
INFO: [ app_begin ] --START--
INFO: Run Behavior\ReadHtmlCacheBehavior [ RunTime:0.000465s ]
INFO: [ app_begin ] --END-- [ RunTime:0.000511s ]
NOTIC: [2048] Declaration of Home\Controller\IndexController::show() should be compatible with Think\Controller::show($content, $charset = '', $contentType = '', $prefix = '') /data/home/bxu2343130042/htdocs/App/Home/Controller/IndexController.class.php 第 1846 行.

[ 2019-03-22T06:24:36+08:00 ] 192.74.224.53 /blog/editor/asp/upload_json.asp?dir=Image
INFO: [ app_init ] --START--
INFO: Run Behavior\BuildLiteBehavior [ RunTime:0.000015s ]
INFO: [ app_init ] --END-- [ RunTime:0.000094s ]
NOTIC: [2] preg_match(): Unknown modifier 'p' /data/home/bxu2343130042/htdocs/ThinkPHP/Library/Think/Route.class.php 第 58 行.
NOTIC: [2] preg_match(): Unknown modifier 'p' /data/home/bxu2343130042/htdocs/ThinkPHP/Library/Think/Route.class.php 第 58 行.
NOTIC: [2] preg_match(): Unknown modifier 'p' /data/home/bxu2343130042/htdocs/ThinkPHP/Library/Think/Route.class.php 第 58 行.
NOTIC: [2] preg_match(): Unknown modifier 'p' /data/home/bxu2343130042/htdocs/ThinkPHP/Library/Think/Route.class.php 第 58 行.
NOTIC: [2] preg_match(): Unknown modifier 'p' /data/home/bxu2343130042/htdocs/ThinkPHP/Library/Think/Route.class.php 第 58 行.
NOTIC: [2] preg_match(): Unknown modifier 'p' /data/home/bxu2343130042/htdocs/ThinkPHP/Library/Think/Route.class.php 第 58 行.
NOTIC: [2] preg_match(): Unknown modifier 'p' /data/home/bxu2343130042/htdocs/ThinkPHP/Library/Think/Route.class.php 第 58 行.
NOTIC: [2] preg_match(): Unknown modifier 'p' /data/home/bxu2343130042/htdocs/ThinkPHP/Library/Think/Route.class.php 第 58 行.
NOTIC: [2] preg_match(): Unknown modifier 'p' /data/home/bxu2343130042/htdocs/ThinkPHP/Library/Think/Route.class.php 第 58 行.
NOTIC: [2] preg_match(): Unknown modifier 'p' /data/home/bxu2343130042/htdocs/ThinkPHP/Library/Think/Route.class.php 第 58 行.
INFO: [ app_begin ] --START--
INFO: Run Behavior\ReadHtmlCacheBehavior [ RunTime:0.000485s ]
INFO: [ app_begin ] --END-- [ RunTime:0.000529s ]
NOTIC: [2048] Declaration of Home\Controller\IndexController::show() should be compatible with Think\Controller::show($content, $charset = '', $contentType = '', $prefix = '') /data/home/bxu2343130042/htdocs/App/Home/Controller/IndexController.class.php 第 1846 行.

[ 2019-03-22T10:37:03+08:00 ] 66.249.65.91 /
INFO: [ app_init ] --START--
INFO: Run Behavior\BuildLiteBehavior [ RunTime:0.000016s ]
INFO: [ app_init ] --END-- [ RunTime:0.000109s ]
INFO: [ app_begin ] --START--
INFO: Run Behavior\ReadHtmlCacheBehavior [ RunTime:0.000473s ]
INFO: [ app_begin ] --END-- [ RunTime:0.000524s ]
NOTIC: [2048] Declaration of Home\Controller\IndexController::show() should be compatible with Think\Controller::show($content, $charset = '', $contentType = '', $prefix = '') /data/home/bxu2343130042/htdocs/App/Home/Controller/IndexController.class.php 第 1846 行.
SQL: SHOW COLUMNS FROM `new` [ RunTime:0.0026s ]
SQL: SELECT * FROM `new` WHERE ( newclass=1 ) ORDER BY pubtime DESC LIMIT 1   [ RunTime:0.0039s ]
SQL: SELECT * FROM `new` WHERE ( newclass=0 ) ORDER BY pubtime DESC  [ RunTime:0.0122s ]
SQL: SELECT * FROM `new` WHERE `newclass` = 0 AND `pos` = 1 ORDER BY newid DESC LIMIT 1   [ RunTime:0.0029s ]
SQL: SHOW COLUMNS FROM `video` [ RunTime:0.0025s ]
SQL: SELECT * FROM `video` WHERE ( choice=1 ) ORDER BY pubtime DESC LIMIT 1   [ RunTime:0.0021s ]
SQL: SHOW COLUMNS FROM `pro` [ RunTime:0.0019s ]
SQL: SELECT * FROM `pro` WHERE ( choice=1 ) ORDER BY proid DESC  [ RunTime:0.0017s ]
SQL: SHOW COLUMNS FROM `service` [ RunTime:0.0019s ]
SQL: SELECT * FROM `service` WHERE ( serclass=0 ) ORDER BY pubtime DESC  [ RunTime:0.0042s ]
SQL: SELECT * FROM `service` WHERE ( serclass=1 ) ORDER BY pubtime DESC  [ RunTime:0.0028s ]
SQL: SELECT * FROM `service` WHERE ( pos=1 ) LIMIT 1   [ RunTime:0.0019s ]
SQL: SHOW COLUMNS FROM `pagehit` [ RunTime:0.0019s ]
SQL: UPDATE `pagehit` SET `hits`=hits+1 WHERE ( id=1 ) [ RunTime:0.0016s ]
SQL: SELECT `hits` FROM `pagehit` WHERE ( id=1 ) LIMIT 1   [ RunTime:0.0016s ]
SQL: SHOW COLUMNS FROM `user` [ RunTime:0.0020s ]
SQL: SELECT * FROM `user` WHERE ( username='' ) LIMIT 1   [ RunTime:0.0016s ]
INFO: [ view_parse ] --START--
INFO: [ template_filter ] --START--
INFO: Run Behavior\ContentReplaceBehavior [ RunTime:0.000161s ]
INFO: [ template_filter ] --END-- [ RunTime:0.000245s ]
NOTIC: [8] Undefined variable: qq_accesstoken /data/home/bxu2343130042/htdocs/App/Runtime/Cache/Home/00e52909bed743ea261af4b6823297ff.php 第 91 行.
INFO: Run Behavior\ParseTemplateBehavior [ RunTime:0.016150s ]
INFO: [ view_parse ] --END-- [ RunTime:0.016196s ]
INFO: [ view_filter ] --START--
INFO: Run Behavior\WriteHtmlCacheBehavior [ RunTime:0.000216s ]
INFO: [ view_filter ] --END-- [ RunTime:0.000256s ]
INFO: [ app_end ] --START--
INFO: Run Behavior\ShowPageTraceBehavior [ RunTime:0.000674s ]
INFO: [ app_end ] --END-- [ RunTime:0.000720s ]

[ 2019-03-22T10:38:37+08:00 ] 66.249.65.91 /topnewinfo/id/84.html
INFO: [ app_init ] --START--
INFO: Run Behavior\BuildLiteBehavior [ RunTime:0.000022s ]
INFO: [ app_init ] --END-- [ RunTime:0.000126s ]
NOTIC: [2] preg_match(): Unknown modifier 'p' /data/home/bxu2343130042/htdocs/ThinkPHP/Library/Think/Route.class.php 第 58 行.
NOTIC: [2] preg_match(): Unknown modifier 'p' /data/home/bxu2343130042/htdocs/ThinkPHP/Library/Think/Route.class.php 第 58 行.
NOTIC: [2] preg_match(): Unknown modifier 'p' /data/home/bxu2343130042/htdocs/ThinkPHP/Library/Think/Route.class.php 第 58 行.
NOTIC: [2] preg_match(): Unknown modifier 'p' /data/home/bxu2343130042/htdocs/ThinkPHP/Library/Think/Route.class.php 第 58 行.
NOTIC: [2] preg_match(): Unknown modifier 'p' /data/home/bxu2343130042/htdocs/ThinkPHP/Library/Think/Route.class.php 第 58 行.
NOTIC: [2] preg_match(): Unknown modifier 'p' /data/home/bxu2343130042/htdocs/ThinkPHP/Library/Think/Route.class.php 第 58 行.
NOTIC: [2] preg_match(): Unknown modifier 'p' /data/home/bxu2343130042/htdocs/ThinkPHP/Library/Think/Route.class.php 第 58 行.
NOTIC: [2] preg_match(): Unknown modifier 'p' /data/home/bxu2343130042/htdocs/ThinkPHP/Library/Think/Route.class.php 第 58 行.
NOTIC: [2] preg_match(): Unknown modifier 'p' /data/home/bxu2343130042/htdocs/ThinkPHP/Library/Think/Route.class.php 第 58 行.
NOTIC: [2] preg_match(): Unknown modifier 'p' /data/home/bxu2343130042/htdocs/ThinkPHP/Library/Think/Route.class.php 第 58 行.
INFO: [ app_begin ] --START--
INFO: Run Behavior\ReadHtmlCacheBehavior [ RunTime:0.000586s ]
INFO: [ app_begin ] --END-- [ RunTime:0.000631s ]
NOTIC: [2048] Declaration of Home\Controller\IndexController::show() should be compatible with Think\Controller::show($content, $charset = '', $contentType = '', $prefix = '') /data/home/bxu2343130042/htdocs/App/Home/Controller/IndexController.class.php 第 1846 行.
SQL: SHOW COLUMNS FROM `new` [ RunTime:0.0019s ]
SQL: SELECT * FROM `new` WHERE ( newid=84 and newclass=1 ) LIMIT 1   [ RunTime:0.0017s ]
SQL: SELECT * FROM `new` WHERE `newclass` = 0 ORDER BY pubtime DESC  [ RunTime:0.0096s ]
SQL: SHOW COLUMNS FROM `service` [ RunTime:0.0019s ]
SQL: SELECT * FROM `service` WHERE `serclass` = 0 ORDER BY pubtime DESC LIMIT 1   [ RunTime:0.0019s ]
SQL: SELECT * FROM `service` WHERE `serclass` = 1 ORDER BY pubtime DESC LIMIT 1   [ RunTime:0.0017s ]
SQL: SELECT * FROM `new` WHERE ( newid<84 and newclass=1 ) ORDER BY newid desc LIMIT 1   [ RunTime:0.0017s ]
SQL: SELECT * FROM `new` WHERE ( newid>84 and newclass=1 ) ORDER BY newid asc LIMIT 1   [ RunTime:0.0014s ]
INFO: [ view_parse ] --START--
INFO: [ template_filter ] --START--
INFO: Run Behavior\ContentReplaceBehavior [ RunTime:0.000157s ]
INFO: [ template_filter ] --END-- [ RunTime:0.000222s ]
INFO: Run Behavior\ParseTemplateBehavior [ RunTime:0.012379s ]
INFO: [ view_parse ] --END-- [ RunTime:0.012429s ]
INFO: [ view_filter ] --START--
INFO: Run Behavior\WriteHtmlCacheBehavior [ RunTime:0.000227s ]
INFO: [ view_filter ] --END-- [ RunTime:0.000266s ]
INFO: [ app_end ] --START--
INFO: Run Behavior\ShowPageTraceBehavior [ RunTime:0.000540s ]
INFO: [ app_end ] --END-- [ RunTime:0.000589s ]

[ 2019-03-22T12:44:40+08:00 ] 106.14.168.238 /
INFO: [ app_init ] --START--
INFO: Run Behavior\BuildLiteBehavior [ RunTime:0.000015s ]
INFO: [ app_init ] --END-- [ RunTime:0.000101s ]
INFO: [ app_begin ] --START--
INFO: Run Behavior\ReadHtmlCacheBehavior [ RunTime:0.000506s ]
INFO: [ app_begin ] --END-- [ RunTime:0.000550s ]
NOTIC: [2048] Declaration of Home\Controller\IndexController::show() should be compatible with Think\Controller::show($content, $charset = '', $contentType = '', $prefix = '') /data/home/bxu2343130042/htdocs/App/Home/Controller/IndexController.class.php 第 1846 行.
SQL: SHOW COLUMNS FROM `new` [ RunTime:0.0018s ]
SQL: SELECT * FROM `new` WHERE ( newclass=1 ) ORDER BY pubtime DESC LIMIT 1   [ RunTime:0.0017s ]
SQL: SELECT * FROM `new` WHERE ( newclass=0 ) ORDER BY pubtime DESC  [ RunTime:0.0092s ]
SQL: SELECT * FROM `new` WHERE `newclass` = 0 AND `pos` = 1 ORDER BY newid DESC LIMIT 1   [ RunTime:0.0013s ]
SQL: SHOW COLUMNS FROM `video` [ RunTime:0.0016s ]
SQL: SELECT * FROM `video` WHERE ( choice=1 ) ORDER BY pubtime DESC LIMIT 1   [ RunTime:0.0018s ]
SQL: SHOW COLUMNS FROM `pro` [ RunTime:0.0015s ]
SQL: SELECT * FROM `pro` WHERE ( choice=1 ) ORDER BY proid DESC  [ RunTime:0.0014s ]
SQL: SHOW COLUMNS FROM `service` [ RunTime:0.0015s ]
SQL: SELECT * FROM `service` WHERE ( serclass=0 ) ORDER BY pubtime DESC  [ RunTime:0.0037s ]
SQL: SELECT * FROM `service` WHERE ( serclass=1 ) ORDER BY pubtime DESC  [ RunTime:0.0026s ]
SQL: SELECT * FROM `service` WHERE ( pos=1 ) LIMIT 1   [ RunTime:0.0015s ]
SQL: SHOW COLUMNS FROM `pagehit` [ RunTime:0.0015s ]
SQL: UPDATE `pagehit` SET `hits`=hits+1 WHERE ( id=1 ) [ RunTime:0.0012s ]
SQL: SELECT `hits` FROM `pagehit` WHERE ( id=1 ) LIMIT 1   [ RunTime:0.0012s ]
SQL: SHOW COLUMNS FROM `user` [ RunTime:0.0016s ]
SQL: SELECT * FROM `user` WHERE ( username='' ) LIMIT 1   [ RunTime:0.0012s ]
INFO: [ view_parse ] --START--
INFO: [ template_filter ] --START--
INFO: Run Behavior\ContentReplaceBehavior [ RunTime:0.000152s ]
INFO: [ template_filter ] --END-- [ RunTime:0.000224s ]
NOTIC: [8] Undefined variable: qq_accesstoken /data/home/bxu2343130042/htdocs/App/Runtime/Cache/Home/00e52909bed743ea261af4b6823297ff.php 第 91 行.
INFO: Run Behavior\ParseTemplateBehavior [ RunTime:0.015592s ]
INFO: [ view_parse ] --END-- [ RunTime:0.015634s ]
INFO: [ view_filter ] --START--
INFO: Run Behavior\WriteHtmlCacheBehavior [ RunTime:0.000246s ]
INFO: [ view_filter ] --END-- [ RunTime:0.000286s ]
INFO: [ app_end ] --START--
INFO: Run Behavior\ShowPageTraceBehavior [ RunTime:0.000598s ]
INFO: [ app_end ] --END-- [ RunTime:0.000642s ]

[ 2019-03-22T12:54:55+08:00 ] 47.92.29.149 /
INFO: [ app_init ] --START--
INFO: Run Behavior\BuildLiteBehavior [ RunTime:0.000019s ]
INFO: [ app_init ] --END-- [ RunTime:0.000116s ]
INFO: [ app_begin ] --START--
INFO: Run Behavior\ReadHtmlCacheBehavior [ RunTime:0.000501s ]
INFO: [ app_begin ] --END-- [ RunTime:0.000546s ]
NOTIC: [2048] Declaration of Home\Controller\IndexController::show() should be compatible with Think\Controller::show($content, $charset = '', $contentType = '', $prefix = '') /data/home/bxu2343130042/htdocs/App/Home/Controller/IndexController.class.php 第 1846 行.
SQL: SHOW COLUMNS FROM `new` [ RunTime:0.0019s ]
SQL: SELECT * FROM `new` WHERE ( newclass=1 ) ORDER BY pubtime DESC LIMIT 1   [ RunTime:0.0018s ]
SQL: SELECT * FROM `new` WHERE ( newclass=0 ) ORDER BY pubtime DESC  [ RunTime:0.0089s ]
SQL: SELECT * FROM `new` WHERE `newclass` = 0 AND `pos` = 1 ORDER BY newid DESC LIMIT 1   [ RunTime:0.0015s ]
SQL: SHOW COLUMNS FROM `video` [ RunTime:0.0018s ]
SQL: SELECT * FROM `video` WHERE ( choice=1 ) ORDER BY pubtime DESC LIMIT 1   [ RunTime:0.0019s ]
SQL: SHOW COLUMNS FROM `pro` [ RunTime:0.0016s ]
SQL: SELECT * FROM `pro` WHERE ( choice=1 ) ORDER BY proid DESC  [ RunTime:0.0015s ]
SQL: SHOW COLUMNS FROM `service` [ RunTime:0.0017s ]
SQL: SELECT * FROM `service` WHERE ( serclass=0 ) ORDER BY pubtime DESC  [ RunTime:0.0037s ]
SQL: SELECT * FROM `service` WHERE ( serclass=1 ) ORDER BY pubtime DESC  [ RunTime:0.0022s ]
SQL: SELECT * FROM `service` WHERE ( pos=1 ) LIMIT 1   [ RunTime:0.0016s ]
SQL: SHOW COLUMNS FROM `pagehit` [ RunTime:0.0017s ]
SQL: UPDATE `pagehit` SET `hits`=hits+1 WHERE ( id=1 ) [ RunTime:0.0014s ]
SQL: SELECT `hits` FROM `pagehit` WHERE ( id=1 ) LIMIT 1   [ RunTime:0.0014s ]
SQL: SHOW COLUMNS FROM `user` [ RunTime:0.0017s ]
SQL: SELECT * FROM `user` WHERE ( username='' ) LIMIT 1   [ RunTime:0.0014s ]
INFO: [ view_parse ] --START--
INFO: [ template_filter ] --START--
INFO: Run Behavior\ContentReplaceBehavior [ RunTime:0.000166s ]
INFO: [ template_filter ] --END-- [ RunTime:0.000230s ]
NOTIC: [8] Undefined variable: qq_accesstoken /data/home/bxu2343130042/htdocs/App/Runtime/Cache/Home/00e52909bed743ea261af4b6823297ff.php 第 91 行.
INFO: Run Behavior\ParseTemplateBehavior [ RunTime:0.016526s ]
INFO: [ view_parse ] --END-- [ RunTime:0.016582s ]
INFO: [ view_filter ] --START--
INFO: Run Behavior\WriteHtmlCacheBehavior [ RunTime:0.000261s ]
INFO: [ view_filter ] --END-- [ RunTime:0.000303s ]
INFO: [ app_end ] --START--
INFO: Run Behavior\ShowPageTraceBehavior [ RunTime:0.000646s ]
INFO: [ app_end ] --END-- [ RunTime:0.000692s ]

[ 2019-03-22T13:19:59+08:00 ] 220.181.108.90 /topnewinfo/id/47.html
INFO: [ app_init ] --START--
INFO: Run Behavior\BuildLiteBehavior [ RunTime:0.000019s ]
INFO: [ app_init ] --END-- [ RunTime:0.000114s ]
NOTIC: [2] preg_match(): Unknown modifier 'p' /data/home/bxu2343130042/htdocs/ThinkPHP/Library/Think/Route.class.php 第 58 行.
NOTIC: [2] preg_match(): Unknown modifier 'p' /data/home/bxu2343130042/htdocs/ThinkPHP/Library/Think/Route.class.php 第 58 行.
NOTIC: [2] preg_match(): Unknown modifier 'p' /data/home/bxu2343130042/htdocs/ThinkPHP/Library/Think/Route.class.php 第 58 行.
NOTIC: [2] preg_match(): Unknown modifier 'p' /data/home/bxu2343130042/htdocs/ThinkPHP/Library/Think/Route.class.php 第 58 行.
NOTIC: [2] preg_match(): Unknown modifier 'p' /data/home/bxu2343130042/htdocs/ThinkPHP/Library/Think/Route.class.php 第 58 行.
NOTIC: [2] preg_match(): Unknown modifier 'p' /data/home/bxu2343130042/htdocs/ThinkPHP/Library/Think/Route.class.php 第 58 行.
NOTIC: [2] preg_match(): Unknown modifier 'p' /data/home/bxu2343130042/htdocs/ThinkPHP/Library/Think/Route.class.php 第 58 行.
NOTIC: [2] preg_match(): Unknown modifier 'p' /data/home/bxu2343130042/htdocs/ThinkPHP/Library/Think/Route.class.php 第 58 行.
NOTIC: [2] preg_match(): Unknown modifier 'p' /data/home/bxu2343130042/htdocs/ThinkPHP/Library/Think/Route.class.php 第 58 行.
NOTIC: [2] preg_match(): Unknown modifier 'p' /data/home/bxu2343130042/htdocs/ThinkPHP/Library/Think/Route.class.php 第 58 行.
INFO: [ app_begin ] --START--
INFO: Run Behavior\ReadHtmlCacheBehavior [ RunTime:0.000499s ]
INFO: [ app_begin ] --END-- [ RunTime:0.000554s ]
NOTIC: [2048] Declaration of Home\Controller\IndexController::show() should be compatible with Think\Controller::show($content, $charset = '', $contentType = '', $prefix = '') /data/home/bxu2343130042/htdocs/App/Home/Controller/IndexController.class.php 第 1846 行.
SQL: SHOW COLUMNS FROM `new` [ RunTime:0.0018s ]
SQL: SELECT * FROM `new` WHERE ( newid=47 and newclass=1 ) LIMIT 1   [ RunTime:0.0016s ]
SQL: SELECT * FROM `new` WHERE `newclass` = 0 ORDER BY pubtime DESC  [ RunTime:0.0091s ]
SQL: SHOW COLUMNS FROM `service` [ RunTime:0.0018s ]
SQL: SELECT * FROM `service` WHERE `serclass` = 0 ORDER BY pubtime DESC LIMIT 1   [ RunTime:0.0017s ]
SQL: SELECT * FROM `service` WHERE `serclass` = 1 ORDER BY pubtime DESC LIMIT 1   [ RunTime:0.0017s ]
SQL: SELECT * FROM `new` WHERE ( newid<47 and newclass=1 ) ORDER BY newid desc LIMIT 1   [ RunTime:0.0016s ]
SQL: SELECT * FROM `new` WHERE ( newid>47 and newclass=1 ) ORDER BY newid asc LIMIT 1   [ RunTime:0.0017s ]
INFO: [ view_parse ] --START--
INFO: [ template_filter ] --START--
INFO: Run Behavior\ContentReplaceBehavior [ RunTime:0.000148s ]
INFO: [ template_filter ] --END-- [ RunTime:0.000207s ]
INFO: Run Behavior\ParseTemplateBehavior [ RunTime:0.012157s ]
INFO: [ view_parse ] --END-- [ RunTime:0.012206s ]
INFO: [ view_filter ] --START--
INFO: Run Behavior\WriteHtmlCacheBehavior [ RunTime:0.000216s ]
INFO: [ view_filter ] --END-- [ RunTime:0.000256s ]
INFO: [ app_end ] --START--
INFO: Run Behavior\ShowPageTraceBehavior [ RunTime:0.000551s ]
INFO: [ app_end ] --END-- [ RunTime:0.000604s ]

[ 2019-03-22T13:53:19+08:00 ] 123.125.71.75 /topnewinfo/id/84.html
INFO: [ app_init ] --START--
INFO: Run Behavior\BuildLiteBehavior [ RunTime:0.000015s ]
INFO: [ app_init ] --END-- [ RunTime:0.000092s ]
NOTIC: [2] preg_match(): Unknown modifier 'p' /data/home/bxu2343130042/htdocs/ThinkPHP/Library/Think/Route.class.php 第 58 行.
NOTIC: [2] preg_match(): Unknown modifier 'p' /data/home/bxu2343130042/htdocs/ThinkPHP/Library/Think/Route.class.php 第 58 行.
NOTIC: [2] preg_match(): Unknown modifier 'p' /data/home/bxu2343130042/htdocs/ThinkPHP/Library/Think/Route.class.php 第 58 行.
NOTIC: [2] preg_match(): Unknown modifier 'p' /data/home/bxu2343130042/htdocs/ThinkPHP/Library/Think/Route.class.php 第 58 行.
NOTIC: [2] preg_match(): Unknown modifier 'p' /data/home/bxu2343130042/htdocs/ThinkPHP/Library/Think/Route.class.php 第 58 行.
NOTIC: [2] preg_match(): Unknown modifier 'p' /data/home/bxu2343130042/htdocs/ThinkPHP/Library/Think/Route.class.php 第 58 行.
NOTIC: [2] preg_match(): Unknown modifier 'p' /data/home/bxu2343130042/htdocs/ThinkPHP/Library/Think/Route.class.php 第 58 行.
NOTIC: [2] preg_match(): Unknown modifier 'p' /data/home/bxu2343130042/htdocs/ThinkPHP/Library/Think/Route.class.php 第 58 行.
NOTIC: [2] preg_match(): Unknown modifier 'p' /data/home/bxu2343130042/htdocs/ThinkPHP/Library/Think/Route.class.php 第 58 行.
NOTIC: [2] preg_match(): Unknown modifier 'p' /data/home/bxu2343130042/htdocs/ThinkPHP/Library/Think/Route.class.php 第 58 行.
INFO: [ app_begin ] --START--
INFO: Run Behavior\ReadHtmlCacheBehavior [ RunTime:0.000495s ]
INFO: [ app_begin ] --END-- [ RunTime:0.000546s ]
NOTIC: [2048] Declaration of Home\Controller\IndexController::show() should be compatible with Think\Controller::show($content, $charset = '', $contentType = '', $prefix = '') /data/home/bxu2343130042/htdocs/App/Home/Controller/IndexController.class.php 第 1846 行.
SQL: SHOW COLUMNS FROM `new` [ RunTime:0.0021s ]
SQL: SELECT * FROM `new` WHERE ( newid=84 and newclass=1 ) LIMIT 1   [ RunTime:0.0018s ]
SQL: SELECT * FROM `new` WHERE `newclass` = 0 ORDER BY pubtime DESC  [ RunTime:0.0111s ]
SQL: SHOW COLUMNS FROM `service` [ RunTime:0.0021s ]
SQL: SELECT * FROM `service` WHERE `serclass` = 0 ORDER BY pubtime DESC LIMIT 1   [ RunTime:0.0018s ]
SQL: SELECT * FROM `service` WHERE `serclass` = 1 ORDER BY pubtime DESC LIMIT 1   [ RunTime:0.0017s ]
SQL: SELECT * FROM `new` WHERE ( newid<84 and newclass=1 ) ORDER BY newid desc LIMIT 1   [ RunTime:0.0018s ]
SQL: SELECT * FROM `new` WHERE ( newid>84 and newclass=1 ) ORDER BY newid asc LIMIT 1   [ RunTime:0.0014s ]
INFO: [ view_parse ] --START--
INFO: [ template_filter ] --START--
INFO: Run Behavior\ContentReplaceBehavior [ RunTime:0.000170s ]
INFO: [ template_filter ] --END-- [ RunTime:0.000217s ]
INFO: Run Behavior\ParseTemplateBehavior [ RunTime:0.011453s ]
INFO: [ view_parse ] --END-- [ RunTime:0.011497s ]
INFO: [ view_filter ] --START--
INFO: Run Behavior\WriteHtmlCacheBehavior [ RunTime:0.000201s ]
INFO: [ view_filter ] --END-- [ RunTime:0.000238s ]
INFO: [ app_end ] --START--
INFO: Run Behavior\ShowPageTraceBehavior [ RunTime:0.000576s ]
INFO: [ app_end ] --END-- [ RunTime:0.000623s ]

[ 2019-03-22T14:12:12+08:00 ] 202.108.211.151 /
INFO: [ app_init ] --START--
INFO: Run Behavior\BuildLiteBehavior [ RunTime:0.000019s ]
INFO: [ app_init ] --END-- [ RunTime:0.000122s ]
INFO: [ app_begin ] --START--
INFO: Run Behavior\ReadHtmlCacheBehavior [ RunTime:0.000473s ]
INFO: [ app_begin ] --END-- [ RunTime:0.000523s ]
NOTIC: [2048] Declaration of Home\Controller\IndexController::show() should be compatible with Think\Controller::show($content, $charset = '', $contentType = '', $prefix = '') /data/home/bxu2343130042/htdocs/App/Home/Controller/IndexController.class.php 第 1846 行.
SQL: SHOW COLUMNS FROM `new` [ RunTime:0.0021s ]
SQL: SELECT * FROM `new` WHERE ( newclass=1 ) ORDER BY pubtime DESC LIMIT 1   [ RunTime:0.0020s ]
SQL: SELECT * FROM `new` WHERE ( newclass=0 ) ORDER BY pubtime DESC  [ RunTime:0.0101s ]
SQL: SELECT * FROM `new` WHERE `newclass` = 0 AND `pos` = 1 ORDER BY newid DESC LIMIT 1   [ RunTime:0.0016s ]
SQL: SHOW COLUMNS FROM `video` [ RunTime:0.0018s ]
SQL: SELECT * FROM `video` WHERE ( choice=1 ) ORDER BY pubtime DESC LIMIT 1   [ RunTime:0.0020s ]
SQL: SHOW COLUMNS FROM `pro` [ RunTime:0.0017s ]
SQL: SELECT * FROM `pro` WHERE ( choice=1 ) ORDER BY proid DESC  [ RunTime:0.0016s ]
SQL: SHOW COLUMNS FROM `service` [ RunTime:0.0018s ]
SQL: SELECT * FROM `service` WHERE ( serclass=0 ) ORDER BY pubtime DESC  [ RunTime:0.0039s ]
SQL: SELECT * FROM `service` WHERE ( serclass=1 ) ORDER BY pubtime DESC  [ RunTime:0.0023s ]
SQL: SELECT * FROM `service` WHERE ( pos=1 ) LIMIT 1   [ RunTime:0.0016s ]
SQL: SHOW COLUMNS FROM `pagehit` [ RunTime:0.0017s ]
SQL: UPDATE `pagehit` SET `hits`=hits+1 WHERE ( id=1 ) [ RunTime:0.0015s ]
SQL: SELECT `hits` FROM `pagehit` WHERE ( id=1 ) LIMIT 1   [ RunTime:0.0015s ]
SQL: SHOW COLUMNS FROM `user` [ RunTime:0.0019s ]
SQL: SELECT * FROM `user` WHERE ( username='' ) LIMIT 1   [ RunTime:0.0015s ]
INFO: [ view_parse ] --START--
INFO: [ template_filter ] --START--
INFO: Run Behavior\ContentReplaceBehavior [ RunTime:0.000157s ]
INFO: [ template_filter ] --END-- [ RunTime:0.000202s ]
NOTIC: [8] Undefined variable: qq_accesstoken /data/home/bxu2343130042/htdocs/App/Runtime/Cache/Home/00e52909bed743ea261af4b6823297ff.php 第 91 行.
INFO: Run Behavior\ParseTemplateBehavior [ RunTime:0.015973s ]
INFO: [ view_parse ] --END-- [ RunTime:0.016016s ]
INFO: [ view_filter ] --START--
INFO: Run Behavior\WriteHtmlCacheBehavior [ RunTime:0.000206s ]
INFO: [ view_filter ] --END-- [ RunTime:0.000244s ]
INFO: [ app_end ] --START--
INFO: Run Behavior\ShowPageTraceBehavior [ RunTime:0.000556s ]
INFO: [ app_end ] --END-- [ RunTime:0.000602s ]

[ 2019-03-22T15:46:15+08:00 ] 39.107.126.72 /
INFO: [ app_init ] --START--
INFO: Run Behavior\BuildLiteBehavior [ RunTime:0.000020s ]
INFO: [ app_init ] --END-- [ RunTime:0.000126s ]
INFO: [ app_begin ] --START--
INFO: Run Behavior\ReadHtmlCacheBehavior [ RunTime:0.000503s ]
INFO: [ app_begin ] --END-- [ RunTime:0.000549s ]
NOTIC: [2048] Declaration of Home\Controller\IndexController::show() should be compatible with Think\Controller::show($content, $charset = '', $contentType = '', $prefix = '') /data/home/bxu2343130042/htdocs/App/Home/Controller/IndexController.class.php 第 1846 行.
SQL: SHOW COLUMNS FROM `new` [ RunTime:0.0018s ]
SQL: SELECT * FROM `new` WHERE ( newclass=1 ) ORDER BY pubtime DESC LIMIT 1   [ RunTime:0.0017s ]
SQL: SELECT * FROM `new` WHERE ( newclass=0 ) ORDER BY pubtime DESC  [ RunTime:0.0093s ]
SQL: SELECT * FROM `new` WHERE `newclass` = 0 AND `pos` = 1 ORDER BY newid DESC LIMIT 1   [ RunTime:0.0013s ]
SQL: SHOW COLUMNS FROM `video` [ RunTime:0.0016s ]
SQL: SELECT * FROM `video` WHERE ( choice=1 ) ORDER BY pubtime DESC LIMIT 1   [ RunTime:0.0017s ]
SQL: SHOW COLUMNS FROM `pro` [ RunTime:0.0015s ]
SQL: SELECT * FROM `pro` WHERE ( choice=1 ) ORDER BY proid DESC  [ RunTime:0.0015s ]
SQL: SHOW COLUMNS FROM `service` [ RunTime:0.0015s ]
SQL: SELECT * FROM `service` WHERE ( serclass=0 ) ORDER BY pubtime DESC  [ RunTime:0.0035s ]
SQL: SELECT * FROM `service` WHERE ( serclass=1 ) ORDER BY pubtime DESC  [ RunTime:0.0030s ]
SQL: SELECT * FROM `service` WHERE ( pos=1 ) LIMIT 1   [ RunTime:0.0015s ]
SQL: SHOW COLUMNS FROM `pagehit` [ RunTime:0.0015s ]
SQL: UPDATE `pagehit` SET `hits`=hits+1 WHERE ( id=1 ) [ RunTime:0.0012s ]
SQL: SELECT `hits` FROM `pagehit` WHERE ( id=1 ) LIMIT 1   [ RunTime:0.0012s ]
SQL: SHOW COLUMNS FROM `user` [ RunTime:0.0016s ]
SQL: SELECT * FROM `user` WHERE ( username='' ) LIMIT 1   [ RunTime:0.0012s ]
INFO: [ view_parse ] --START--
INFO: [ template_filter ] --START--
INFO: Run Behavior\ContentReplaceBehavior [ RunTime:0.000163s ]
INFO: [ template_filter ] --END-- [ RunTime:0.000216s ]
NOTIC: [8] Undefined variable: qq_accesstoken /data/home/bxu2343130042/htdocs/App/Runtime/Cache/Home/00e52909bed743ea261af4b6823297ff.php 第 91 行.
INFO: Run Behavior\ParseTemplateBehavior [ RunTime:0.016078s ]
INFO: [ view_parse ] --END-- [ RunTime:0.016122s ]
INFO: [ view_filter ] --START--
INFO: Run Behavior\WriteHtmlCacheBehavior [ RunTime:0.000215s ]
INFO: [ view_filter ] --END-- [ RunTime:0.000255s ]
INFO: [ app_end ] --START--
INFO: Run Behavior\ShowPageTraceBehavior [ RunTime:0.000546s ]
INFO: [ app_end ] --END-- [ RunTime:0.000591s ]

[ 2019-03-22T17:38:53+08:00 ] 220.181.125.23 /message/lyb11_add.asp?nid=127291
INFO: [ app_init ] --START--
INFO: Run Behavior\BuildLiteBehavior [ RunTime:0.000018s ]
INFO: [ app_init ] --END-- [ RunTime:0.000107s ]
NOTIC: [2] preg_match(): Unknown modifier 'p' /data/home/bxu2343130042/htdocs/ThinkPHP/Library/Think/Route.class.php 第 58 行.
NOTIC: [2] preg_match(): Unknown modifier 'p' /data/home/bxu2343130042/htdocs/ThinkPHP/Library/Think/Route.class.php 第 58 行.
NOTIC: [2] preg_match(): Unknown modifier 'p' /data/home/bxu2343130042/htdocs/ThinkPHP/Library/Think/Route.class.php 第 58 行.
NOTIC: [2] preg_match(): Unknown modifier 'p' /data/home/bxu2343130042/htdocs/ThinkPHP/Library/Think/Route.class.php 第 58 行.
NOTIC: [2] preg_match(): Unknown modifier 'p' /data/home/bxu2343130042/htdocs/ThinkPHP/Library/Think/Route.class.php 第 58 行.
NOTIC: [2] preg_match(): Unknown modifier 'p' /data/home/bxu2343130042/htdocs/ThinkPHP/Library/Think/Route.class.php 第 58 行.
NOTIC: [2] preg_match(): Unknown modifier 'p' /data/home/bxu2343130042/htdocs/ThinkPHP/Library/Think/Route.class.php 第 58 行.
NOTIC: [2] preg_match(): Unknown modifier 'p' /data/home/bxu2343130042/htdocs/ThinkPHP/Library/Think/Route.class.php 第 58 行.
NOTIC: [2] preg_match(): Unknown modifier 'p' /data/home/bxu2343130042/htdocs/ThinkPHP/Library/Think/Route.class.php 第 58 行.
NOTIC: [2] preg_match(): Unknown modifier 'p' /data/home/bxu2343130042/htdocs/ThinkPHP/Library/Think/Route.class.php 第 58 行.
INFO: [ app_begin ] --START--
INFO: Run Behavior\ReadHtmlCacheBehavior [ RunTime:0.000512s ]
INFO: [ app_begin ] --END-- [ RunTime:0.000556s ]
NOTIC: [2048] Declaration of Home\Controller\IndexController::show() should be compatible with Think\Controller::show($content, $charset = '', $contentType = '', $prefix = '') /data/home/bxu2343130042/htdocs/App/Home/Controller/IndexController.class.php 第 1846 行.

[ 2019-03-22T17:39:48+08:00 ] 220.181.125.23 /message/lyb11_add.asp?nid=130977
INFO: [ app_init ] --START--
INFO: Run Behavior\BuildLiteBehavior [ RunTime:0.000018s ]
INFO: [ app_init ] --END-- [ RunTime:0.000104s ]
NOTIC: [2] preg_match(): Unknown modifier 'p' /data/home/bxu2343130042/htdocs/ThinkPHP/Library/Think/Route.class.php 第 58 行.
NOTIC: [2] preg_match(): Unknown modifier 'p' /data/home/bxu2343130042/htdocs/ThinkPHP/Library/Think/Route.class.php 第 58 行.
NOTIC: [2] preg_match(): Unknown modifier 'p' /data/home/bxu2343130042/htdocs/ThinkPHP/Library/Think/Route.class.php 第 58 行.
NOTIC: [2] preg_match(): Unknown modifier 'p' /data/home/bxu2343130042/htdocs/ThinkPHP/Library/Think/Route.class.php 第 58 行.
NOTIC: [2] preg_match(): Unknown modifier 'p' /data/home/bxu2343130042/htdocs/ThinkPHP/Library/Think/Route.class.php 第 58 行.
NOTIC: [2] preg_match(): Unknown modifier 'p' /data/home/bxu2343130042/htdocs/ThinkPHP/Library/Think/Route.class.php 第 58 行.
NOTIC: [2] preg_match(): Unknown modifier 'p' /data/home/bxu2343130042/htdocs/ThinkPHP/Library/Think/Route.class.php 第 58 行.
NOTIC: [2] preg_match(): Unknown modifier 'p' /data/home/bxu2343130042/htdocs/ThinkPHP/Library/Think/Route.class.php 第 58 行.
NOTIC: [2] preg_match(): Unknown modifier 'p' /data/home/bxu2343130042/htdocs/ThinkPHP/Library/Think/Route.class.php 第 58 行.
NOTIC: [2] preg_match(): Unknown modifier 'p' /data/home/bxu2343130042/htdocs/ThinkPHP/Library/Think/Route.class.php 第 58 行.
INFO: [ app_begin ] --START--
INFO: Run Behavior\ReadHtmlCacheBehavior [ RunTime:0.000463s ]
INFO: [ app_begin ] --END-- [ RunTime:0.000511s ]
NOTIC: [2048] Declaration of Home\Controller\IndexController::show() should be compatible with Think\Controller::show($content, $charset = '', $contentType = '', $prefix = '') /data/home/bxu2343130042/htdocs/App/Home/Controller/IndexController.class.php 第 1846 行.

