[ 2018-08-26T23:16:18+08:00 ] ::1 /index.php/user/logout.html
INFO: [ app_init ] --START--
INFO: Run Behavior\BuildLiteBehavior [ RunTime:0.000025s ]
INFO: [ app_init ] --END-- [ RunTime:0.000650s ]
INFO: [ app_begin ] --START--
INFO: Run Behavior\ReadHtmlCacheBehavior [ RunTime:0.002239s ]
INFO: [ app_begin ] --END-- [ RunTime:0.002412s ]
ERR: 无法加载控制器:Logout

[ 2018-08-26T23:17:08+08:00 ] ::1 /index.php/User/user/logout.html
INFO: [ app_init ] --START--
INFO: Run Behavior\BuildLiteBehavior [ RunTime:0.000038s ]
INFO: [ app_init ] --END-- [ RunTime:0.000782s ]
INFO: [ app_begin ] --START--
INFO: Run Behavior\ReadHtmlCacheBehavior [ RunTime:0.000684s ]
INFO: [ app_begin ] --END-- [ RunTime:0.000756s ]

[ 2018-08-26T23:17:08+08:00 ] ::1 /index.php/User/Index/index.html
INFO: [ app_init ] --START--
INFO: Run Behavior\BuildLiteBehavior [ RunTime:0.000023s ]
INFO: [ app_init ] --END-- [ RunTime:0.000582s ]
INFO: [ app_begin ] --START--
INFO: Run Behavior\ReadHtmlCacheBehavior [ RunTime:0.000710s ]
INFO: [ app_begin ] --END-- [ RunTime:0.000787s ]
ERR: 无法加载控制器:Index

[ 2018-08-26T23:19:51+08:00 ] ::1 /index.php/User/user/logout.html
INFO: [ app_init ] --START--
INFO: Run Behavior\BuildLiteBehavior [ RunTime:0.000024s ]
INFO: [ app_init ] --END-- [ RunTime:0.000637s ]
INFO: [ app_begin ] --START--
INFO: Run Behavior\ReadHtmlCacheBehavior [ RunTime:0.000674s ]
INFO: [ app_begin ] --END-- [ RunTime:0.000747s ]
ERR: 无法加载控制器:User

[ 2018-08-26T23:19:56+08:00 ] ::1 /index.php/User/user/logout.html
INFO: [ app_init ] --START--
INFO: Run Behavior\BuildLiteBehavior [ RunTime:0.000025s ]
INFO: [ app_init ] --END-- [ RunTime:0.000645s ]
INFO: [ app_begin ] --START--
INFO: Run Behavior\ReadHtmlCacheBehavior [ RunTime:0.000705s ]
INFO: [ app_begin ] --END-- [ RunTime:0.000785s ]
ERR: 无法加载控制器:User

[ 2018-08-26T23:20:38+08:00 ] ::1 /index.php/User/Index/logout.html
INFO: [ app_init ] --START--
INFO: Run Behavior\BuildLiteBehavior [ RunTime:0.000027s ]
INFO: [ app_init ] --END-- [ RunTime:0.000701s ]
INFO: [ app_begin ] --START--
INFO: Run Behavior\ReadHtmlCacheBehavior [ RunTime:0.000723s ]
INFO: [ app_begin ] --END-- [ RunTime:0.000806s ]

[ 2018-08-26T23:20:39+08:00 ] ::1 /index.php/User/Index/index.html
INFO: [ app_init ] --START--
INFO: Run Behavior\BuildLiteBehavior [ RunTime:0.000024s ]
INFO: [ app_init ] --END-- [ RunTime:0.000624s ]
INFO: [ app_begin ] --START--
INFO: Run Behavior\ReadHtmlCacheBehavior [ RunTime:0.000634s ]
INFO: [ app_begin ] --END-- [ RunTime:0.000709s ]
INFO: [ view_parse ] --START--
INFO: [ template_filter ] --START--
INFO: Run Behavior\ContentReplaceBehavior [ RunTime:0.000137s ]
INFO: [ template_filter ] --END-- [ RunTime:0.000215s ]
NOTIC: [8] Use of undefined constant session - assumed 'session' D:\Program Files\phpStudy\thinkphp_3.2.3\App\Runtime\Cache\User\e26a380e893698af46c971ff33110af1.php 第 68 行.
NOTIC: [8] Undefined variable: Think D:\Program Files\phpStudy\thinkphp_3.2.3\App\Runtime\Cache\User\e26a380e893698af46c971ff33110af1.php 第 68 行.
NOTIC: [8] Use of undefined constant user - assumed 'user' D:\Program Files\phpStudy\thinkphp_3.2.3\App\Runtime\Cache\User\e26a380e893698af46c971ff33110af1.php 第 68 行.
NOTIC: [8] Undefined variable: userclass D:\Program Files\phpStudy\thinkphp_3.2.3\App\Runtime\Cache\User\e26a380e893698af46c971ff33110af1.php 第 68 行.
NOTIC: [8] Undefined variable: date D:\Program Files\phpStudy\thinkphp_3.2.3\App\Runtime\Cache\User\e26a380e893698af46c971ff33110af1.php 第 77 行.
NOTIC: [8] Undefined variable: topnews D:\Program Files\phpStudy\thinkphp_3.2.3\App\Runtime\Cache\User\e26a380e893698af46c971ff33110af1.php 第 121 行.
NOTIC: [8] Undefined variable: topnews D:\Program Files\phpStudy\thinkphp_3.2.3\App\Runtime\Cache\User\e26a380e893698af46c971ff33110af1.php 第 121 行.
NOTIC: [8] Undefined variable: newsqh D:\Program Files\phpStudy\thinkphp_3.2.3\App\Runtime\Cache\User\e26a380e893698af46c971ff33110af1.php 第 123 行.
NOTIC: [8] Undefined variable: newsqh D:\Program Files\phpStudy\thinkphp_3.2.3\App\Runtime\Cache\User\e26a380e893698af46c971ff33110af1.php 第 123 行.
NOTIC: [8] Undefined variable: byqh D:\Program Files\phpStudy\thinkphp_3.2.3\App\Runtime\Cache\User\e26a380e893698af46c971ff33110af1.php 第 125 行.
NOTIC: [8] Undefined variable: byqh D:\Program Files\phpStudy\thinkphp_3.2.3\App\Runtime\Cache\User\e26a380e893698af46c971ff33110af1.php 第 125 行.
NOTIC: [8] Undefined variable: topnews D:\Program Files\phpStudy\thinkphp_3.2.3\App\Runtime\Cache\User\e26a380e893698af46c971ff33110af1.php 第 144 行.
NOTIC: [8] Undefined variable: protop D:\Program Files\phpStudy\thinkphp_3.2.3\App\Runtime\Cache\User\e26a380e893698af46c971ff33110af1.php 第 166 行.
NOTIC: [8] Undefined variable: choose D:\Program Files\phpStudy\thinkphp_3.2.3\App\Runtime\Cache\User\e26a380e893698af46c971ff33110af1.php 第 195 行.
NOTIC: [8] Undefined variable: choose D:\Program Files\phpStudy\thinkphp_3.2.3\App\Runtime\Cache\User\e26a380e893698af46c971ff33110af1.php 第 198 行.
NOTIC: [8] Undefined variable: by D:\Program Files\phpStudy\thinkphp_3.2.3\App\Runtime\Cache\User\e26a380e893698af46c971ff33110af1.php 第 207 行.
INFO: Run Behavior\ParseTemplateBehavior [ RunTime:0.029303s ]
INFO: [ view_parse ] --END-- [ RunTime:0.029396s ]
INFO: [ view_filter ] --START--
INFO: Run Behavior\WriteHtmlCacheBehavior [ RunTime:0.000676s ]
INFO: [ view_filter ] --END-- [ RunTime:0.000746s ]
INFO: [ app_end ] --START--
INFO: Run Behavior\ShowPageTraceBehavior [ RunTime:0.000850s ]
INFO: [ app_end ] --END-- [ RunTime:0.000924s ]

[ 2018-08-26T23:20:39+08:00 ] ::1 /index.php/User/Index/static/js/year.js
INFO: [ app_init ] --START--
INFO: Run Behavior\BuildLiteBehavior [ RunTime:0.000028s ]
INFO: [ app_init ] --END-- [ RunTime:0.000706s ]
INFO: [ app_begin ] --START--
INFO: Run Behavior\ReadHtmlCacheBehavior [ RunTime:0.000882s ]
INFO: [ app_begin ] --END-- [ RunTime:0.000980s ]
ERR: 非法操作:static

[ 2018-08-26T23:20:42+08:00 ] ::1 /index.php/User/Index/index.html
INFO: [ app_init ] --START--
INFO: Run Behavior\BuildLiteBehavior [ RunTime:0.000026s ]
INFO: [ app_init ] --END-- [ RunTime:0.000935s ]
INFO: [ app_begin ] --START--
INFO: Run Behavior\ReadHtmlCacheBehavior [ RunTime:0.000670s ]
INFO: [ app_begin ] --END-- [ RunTime:0.000744s ]
INFO: [ view_parse ] --START--
INFO: [ template_filter ] --START--
INFO: Run Behavior\ContentReplaceBehavior [ RunTime:0.000140s ]
INFO: [ template_filter ] --END-- [ RunTime:0.000220s ]
NOTIC: [8] Use of undefined constant session - assumed 'session' D:\Program Files\phpStudy\thinkphp_3.2.3\App\Runtime\Cache\User\e26a380e893698af46c971ff33110af1.php 第 68 行.
NOTIC: [8] Undefined variable: Think D:\Program Files\phpStudy\thinkphp_3.2.3\App\Runtime\Cache\User\e26a380e893698af46c971ff33110af1.php 第 68 行.
NOTIC: [8] Use of undefined constant user - assumed 'user' D:\Program Files\phpStudy\thinkphp_3.2.3\App\Runtime\Cache\User\e26a380e893698af46c971ff33110af1.php 第 68 行.
NOTIC: [8] Undefined variable: userclass D:\Program Files\phpStudy\thinkphp_3.2.3\App\Runtime\Cache\User\e26a380e893698af46c971ff33110af1.php 第 68 行.
NOTIC: [8] Undefined variable: date D:\Program Files\phpStudy\thinkphp_3.2.3\App\Runtime\Cache\User\e26a380e893698af46c971ff33110af1.php 第 77 行.
NOTIC: [8] Undefined variable: topnews D:\Program Files\phpStudy\thinkphp_3.2.3\App\Runtime\Cache\User\e26a380e893698af46c971ff33110af1.php 第 121 行.
NOTIC: [8] Undefined variable: topnews D:\Program Files\phpStudy\thinkphp_3.2.3\App\Runtime\Cache\User\e26a380e893698af46c971ff33110af1.php 第 121 行.
NOTIC: [8] Undefined variable: newsqh D:\Program Files\phpStudy\thinkphp_3.2.3\App\Runtime\Cache\User\e26a380e893698af46c971ff33110af1.php 第 123 行.
NOTIC: [8] Undefined variable: newsqh D:\Program Files\phpStudy\thinkphp_3.2.3\App\Runtime\Cache\User\e26a380e893698af46c971ff33110af1.php 第 123 行.
NOTIC: [8] Undefined variable: byqh D:\Program Files\phpStudy\thinkphp_3.2.3\App\Runtime\Cache\User\e26a380e893698af46c971ff33110af1.php 第 125 行.
NOTIC: [8] Undefined variable: byqh D:\Program Files\phpStudy\thinkphp_3.2.3\App\Runtime\Cache\User\e26a380e893698af46c971ff33110af1.php 第 125 行.
NOTIC: [8] Undefined variable: topnews D:\Program Files\phpStudy\thinkphp_3.2.3\App\Runtime\Cache\User\e26a380e893698af46c971ff33110af1.php 第 144 行.
NOTIC: [8] Undefined variable: protop D:\Program Files\phpStudy\thinkphp_3.2.3\App\Runtime\Cache\User\e26a380e893698af46c971ff33110af1.php 第 166 行.
NOTIC: [8] Undefined variable: choose D:\Program Files\phpStudy\thinkphp_3.2.3\App\Runtime\Cache\User\e26a380e893698af46c971ff33110af1.php 第 195 行.
NOTIC: [8] Undefined variable: choose D:\Program Files\phpStudy\thinkphp_3.2.3\App\Runtime\Cache\User\e26a380e893698af46c971ff33110af1.php 第 198 行.
NOTIC: [8] Undefined variable: by D:\Program Files\phpStudy\thinkphp_3.2.3\App\Runtime\Cache\User\e26a380e893698af46c971ff33110af1.php 第 207 行.
INFO: Run Behavior\ParseTemplateBehavior [ RunTime:0.022731s ]
INFO: [ view_parse ] --END-- [ RunTime:0.022819s ]
INFO: [ view_filter ] --START--
INFO: Run Behavior\WriteHtmlCacheBehavior [ RunTime:0.000684s ]
INFO: [ view_filter ] --END-- [ RunTime:0.000752s ]
INFO: [ app_end ] --START--
INFO: Run Behavior\ShowPageTraceBehavior [ RunTime:0.000789s ]
INFO: [ app_end ] --END-- [ RunTime:0.000859s ]

[ 2018-08-26T23:20:42+08:00 ] ::1 /index.php/User/Index/static/js/year.js
INFO: [ app_init ] --START--
INFO: Run Behavior\BuildLiteBehavior [ RunTime:0.000086s ]
INFO: [ app_init ] --END-- [ RunTime:0.002689s ]
INFO: [ app_begin ] --START--
INFO: Run Behavior\ReadHtmlCacheBehavior [ RunTime:0.000880s ]
INFO: [ app_begin ] --END-- [ RunTime:0.000969s ]
ERR: 非法操作:static

[ 2018-08-26T23:22:09+08:00 ] ::1 /index.php/User/Index/logout.html
INFO: [ app_init ] --START--
INFO: Run Behavior\BuildLiteBehavior [ RunTime:0.000154s ]
INFO: [ app_init ] --END-- [ RunTime:0.002559s ]
INFO: [ app_begin ] --START--
INFO: Run Behavior\ReadHtmlCacheBehavior [ RunTime:0.000832s ]
INFO: [ app_begin ] --END-- [ RunTime:0.000913s ]

