[ 2020-06-26T19:50:39+08:00 ] 115.44.142.96 /phpMyadmin
INFO: [ app_init ] --START--
INFO: Run Behavior\BuildLiteBehavior [ RunTime:0.000016s ]
INFO: [ app_init ] --END-- [ RunTime:0.000094s ]
NOTIC: [2] preg_match(): Unknown modifier 'p' /data/home/bxu2343130042/htdocs/ThinkPHP/Library/Think/Route.class.php 第 58 行.
NOTIC: [2] preg_match(): Unknown modifier 'p' /data/home/bxu2343130042/htdocs/ThinkPHP/Library/Think/Route.class.php 第 58 行.
NOTIC: [2] preg_match(): Unknown modifier 'p' /data/home/bxu2343130042/htdocs/ThinkPHP/Library/Think/Route.class.php 第 58 行.
NOTIC: [2] preg_match(): Unknown modifier 'p' /data/home/bxu2343130042/htdocs/ThinkPHP/Library/Think/Route.class.php 第 58 行.
NOTIC: [2] preg_match(): Unknown modifier 'p' /data/home/bxu2343130042/htdocs/ThinkPHP/Library/Think/Route.class.php 第 58 行.
NOTIC: [2] preg_match(): Unknown modifier 'p' /data/home/bxu2343130042/htdocs/ThinkPHP/Library/Think/Route.class.php 第 58 行.
NOTIC: [2] preg_match(): Unknown modifier 'p' /data/home/bxu2343130042/htdocs/ThinkPHP/Library/Think/Route.class.php 第 58 行.
NOTIC: [2] preg_match(): Unknown modifier 'p' /data/home/bxu2343130042/htdocs/ThinkPHP/Library/Think/Route.class.php 第 58 行.
NOTIC: [2] preg_match(): Unknown modifier 'p' /data/home/bxu2343130042/htdocs/ThinkPHP/Library/Think/Route.class.php 第 58 行.
NOTIC: [2] preg_match(): Unknown modifier 'p' /data/home/bxu2343130042/htdocs/ThinkPHP/Library/Think/Route.class.php 第 58 行.
INFO: [ app_begin ] --START--
INFO: Run Behavior\ReadHtmlCacheBehavior [ RunTime:0.000445s ]
INFO: [ app_begin ] --END-- [ RunTime:0.000488s ]
ERR: 非法操作:phpMyadmin

[ 2020-06-26T19:50:47+08:00 ] 115.44.142.96 /phpMyadmin
INFO: [ app_init ] --START--
INFO: Run Behavior\BuildLiteBehavior [ RunTime:0.000016s ]
INFO: [ app_init ] --END-- [ RunTime:0.000092s ]
NOTIC: [2] preg_match(): Unknown modifier 'p' /data/home/bxu2343130042/htdocs/ThinkPHP/Library/Think/Route.class.php 第 58 行.
NOTIC: [2] preg_match(): Unknown modifier 'p' /data/home/bxu2343130042/htdocs/ThinkPHP/Library/Think/Route.class.php 第 58 行.
NOTIC: [2] preg_match(): Unknown modifier 'p' /data/home/bxu2343130042/htdocs/ThinkPHP/Library/Think/Route.class.php 第 58 行.
NOTIC: [2] preg_match(): Unknown modifier 'p' /data/home/bxu2343130042/htdocs/ThinkPHP/Library/Think/Route.class.php 第 58 行.
NOTIC: [2] preg_match(): Unknown modifier 'p' /data/home/bxu2343130042/htdocs/ThinkPHP/Library/Think/Route.class.php 第 58 行.
NOTIC: [2] preg_match(): Unknown modifier 'p' /data/home/bxu2343130042/htdocs/ThinkPHP/Library/Think/Route.class.php 第 58 行.
NOTIC: [2] preg_match(): Unknown modifier 'p' /data/home/bxu2343130042/htdocs/ThinkPHP/Library/Think/Route.class.php 第 58 行.
NOTIC: [2] preg_match(): Unknown modifier 'p' /data/home/bxu2343130042/htdocs/ThinkPHP/Library/Think/Route.class.php 第 58 行.
NOTIC: [2] preg_match(): Unknown modifier 'p' /data/home/bxu2343130042/htdocs/ThinkPHP/Library/Think/Route.class.php 第 58 行.
NOTIC: [2] preg_match(): Unknown modifier 'p' /data/home/bxu2343130042/htdocs/ThinkPHP/Library/Think/Route.class.php 第 58 行.
INFO: [ app_begin ] --START--
INFO: Run Behavior\ReadHtmlCacheBehavior [ RunTime:0.000484s ]
INFO: [ app_begin ] --END-- [ RunTime:0.000527s ]
ERR: 非法操作:phpMyadmin

[ 2020-06-26T19:50:49+08:00 ] 115.44.142.96 /phpMyadmin
INFO: [ app_init ] --START--
INFO: Run Behavior\BuildLiteBehavior [ RunTime:0.000015s ]
INFO: [ app_init ] --END-- [ RunTime:0.000096s ]
NOTIC: [2] preg_match(): Unknown modifier 'p' /data/home/bxu2343130042/htdocs/ThinkPHP/Library/Think/Route.class.php 第 58 行.
NOTIC: [2] preg_match(): Unknown modifier 'p' /data/home/bxu2343130042/htdocs/ThinkPHP/Library/Think/Route.class.php 第 58 行.
NOTIC: [2] preg_match(): Unknown modifier 'p' /data/home/bxu2343130042/htdocs/ThinkPHP/Library/Think/Route.class.php 第 58 行.
NOTIC: [2] preg_match(): Unknown modifier 'p' /data/home/bxu2343130042/htdocs/ThinkPHP/Library/Think/Route.class.php 第 58 行.
NOTIC: [2] preg_match(): Unknown modifier 'p' /data/home/bxu2343130042/htdocs/ThinkPHP/Library/Think/Route.class.php 第 58 行.
NOTIC: [2] preg_match(): Unknown modifier 'p' /data/home/bxu2343130042/htdocs/ThinkPHP/Library/Think/Route.class.php 第 58 行.
NOTIC: [2] preg_match(): Unknown modifier 'p' /data/home/bxu2343130042/htdocs/ThinkPHP/Library/Think/Route.class.php 第 58 行.
NOTIC: [2] preg_match(): Unknown modifier 'p' /data/home/bxu2343130042/htdocs/ThinkPHP/Library/Think/Route.class.php 第 58 行.
NOTIC: [2] preg_match(): Unknown modifier 'p' /data/home/bxu2343130042/htdocs/ThinkPHP/Library/Think/Route.class.php 第 58 行.
NOTIC: [2] preg_match(): Unknown modifier 'p' /data/home/bxu2343130042/htdocs/ThinkPHP/Library/Think/Route.class.php 第 58 行.
INFO: [ app_begin ] --START--
INFO: Run Behavior\ReadHtmlCacheBehavior [ RunTime:0.000457s ]
INFO: [ app_begin ] --END-- [ RunTime:0.000499s ]
ERR: 非法操作:phpMyadmin

[ 2020-06-26T19:50:56+08:00 ] 115.44.142.96 /phpMyadmin
INFO: [ app_init ] --START--
INFO: Run Behavior\BuildLiteBehavior [ RunTime:0.000015s ]
INFO: [ app_init ] --END-- [ RunTime:0.000092s ]
NOTIC: [2] preg_match(): Unknown modifier 'p' /data/home/bxu2343130042/htdocs/ThinkPHP/Library/Think/Route.class.php 第 58 行.
NOTIC: [2] preg_match(): Unknown modifier 'p' /data/home/bxu2343130042/htdocs/ThinkPHP/Library/Think/Route.class.php 第 58 行.
NOTIC: [2] preg_match(): Unknown modifier 'p' /data/home/bxu2343130042/htdocs/ThinkPHP/Library/Think/Route.class.php 第 58 行.
NOTIC: [2] preg_match(): Unknown modifier 'p' /data/home/bxu2343130042/htdocs/ThinkPHP/Library/Think/Route.class.php 第 58 行.
NOTIC: [2] preg_match(): Unknown modifier 'p' /data/home/bxu2343130042/htdocs/ThinkPHP/Library/Think/Route.class.php 第 58 行.
NOTIC: [2] preg_match(): Unknown modifier 'p' /data/home/bxu2343130042/htdocs/ThinkPHP/Library/Think/Route.class.php 第 58 行.
NOTIC: [2] preg_match(): Unknown modifier 'p' /data/home/bxu2343130042/htdocs/ThinkPHP/Library/Think/Route.class.php 第 58 行.
NOTIC: [2] preg_match(): Unknown modifier 'p' /data/home/bxu2343130042/htdocs/ThinkPHP/Library/Think/Route.class.php 第 58 行.
NOTIC: [2] preg_match(): Unknown modifier 'p' /data/home/bxu2343130042/htdocs/ThinkPHP/Library/Think/Route.class.php 第 58 行.
NOTIC: [2] preg_match(): Unknown modifier 'p' /data/home/bxu2343130042/htdocs/ThinkPHP/Library/Think/Route.class.php 第 58 行.
INFO: [ app_begin ] --START--
INFO: Run Behavior\ReadHtmlCacheBehavior [ RunTime:0.000445s ]
INFO: [ app_begin ] --END-- [ RunTime:0.000488s ]
ERR: 非法操作:phpMyadmin

[ 2020-06-26T19:50:59+08:00 ] 115.44.142.96 /phpMyadmin
INFO: [ app_init ] --START--
INFO: Run Behavior\BuildLiteBehavior [ RunTime:0.000015s ]
INFO: [ app_init ] --END-- [ RunTime:0.000095s ]
NOTIC: [2] preg_match(): Unknown modifier 'p' /data/home/bxu2343130042/htdocs/ThinkPHP/Library/Think/Route.class.php 第 58 行.
NOTIC: [2] preg_match(): Unknown modifier 'p' /data/home/bxu2343130042/htdocs/ThinkPHP/Library/Think/Route.class.php 第 58 行.
NOTIC: [2] preg_match(): Unknown modifier 'p' /data/home/bxu2343130042/htdocs/ThinkPHP/Library/Think/Route.class.php 第 58 行.
NOTIC: [2] preg_match(): Unknown modifier 'p' /data/home/bxu2343130042/htdocs/ThinkPHP/Library/Think/Route.class.php 第 58 行.
NOTIC: [2] preg_match(): Unknown modifier 'p' /data/home/bxu2343130042/htdocs/ThinkPHP/Library/Think/Route.class.php 第 58 行.
NOTIC: [2] preg_match(): Unknown modifier 'p' /data/home/bxu2343130042/htdocs/ThinkPHP/Library/Think/Route.class.php 第 58 行.
NOTIC: [2] preg_match(): Unknown modifier 'p' /data/home/bxu2343130042/htdocs/ThinkPHP/Library/Think/Route.class.php 第 58 行.
NOTIC: [2] preg_match(): Unknown modifier 'p' /data/home/bxu2343130042/htdocs/ThinkPHP/Library/Think/Route.class.php 第 58 行.
NOTIC: [2] preg_match(): Unknown modifier 'p' /data/home/bxu2343130042/htdocs/ThinkPHP/Library/Think/Route.class.php 第 58 行.
NOTIC: [2] preg_match(): Unknown modifier 'p' /data/home/bxu2343130042/htdocs/ThinkPHP/Library/Think/Route.class.php 第 58 行.
INFO: [ app_begin ] --START--
INFO: Run Behavior\ReadHtmlCacheBehavior [ RunTime:0.000450s ]
INFO: [ app_begin ] --END-- [ RunTime:0.000494s ]
ERR: 非法操作:phpMyadmin

[ 2020-06-26T19:52:22+08:00 ] 115.44.142.96 /apply/test
INFO: [ app_init ] --START--
INFO: Run Behavior\BuildLiteBehavior [ RunTime:0.000014s ]
INFO: [ app_init ] --END-- [ RunTime:0.000092s ]
NOTIC: [2] preg_match(): Unknown modifier 'p' /data/home/bxu2343130042/htdocs/ThinkPHP/Library/Think/Route.class.php 第 58 行.
NOTIC: [2] preg_match(): Unknown modifier 'p' /data/home/bxu2343130042/htdocs/ThinkPHP/Library/Think/Route.class.php 第 58 行.
NOTIC: [2] preg_match(): Unknown modifier 'p' /data/home/bxu2343130042/htdocs/ThinkPHP/Library/Think/Route.class.php 第 58 行.
NOTIC: [2] preg_match(): Unknown modifier 'p' /data/home/bxu2343130042/htdocs/ThinkPHP/Library/Think/Route.class.php 第 58 行.
NOTIC: [2] preg_match(): Unknown modifier 'p' /data/home/bxu2343130042/htdocs/ThinkPHP/Library/Think/Route.class.php 第 58 行.
NOTIC: [2] preg_match(): Unknown modifier 'p' /data/home/bxu2343130042/htdocs/ThinkPHP/Library/Think/Route.class.php 第 58 行.
NOTIC: [2] preg_match(): Unknown modifier 'p' /data/home/bxu2343130042/htdocs/ThinkPHP/Library/Think/Route.class.php 第 58 行.
NOTIC: [2] preg_match(): Unknown modifier 'p' /data/home/bxu2343130042/htdocs/ThinkPHP/Library/Think/Route.class.php 第 58 行.
NOTIC: [2] preg_match(): Unknown modifier 'p' /data/home/bxu2343130042/htdocs/ThinkPHP/Library/Think/Route.class.php 第 58 行.
NOTIC: [2] preg_match(): Unknown modifier 'p' /data/home/bxu2343130042/htdocs/ThinkPHP/Library/Think/Route.class.php 第 58 行.
INFO: [ app_begin ] --START--
INFO: Run Behavior\ReadHtmlCacheBehavior [ RunTime:0.000447s ]
INFO: [ app_begin ] --END-- [ RunTime:0.000492s ]

