[ 2018-08-14T13:45:45+08:00 ] 127.0.0.1 /Public/images/QQ%E7%A9%BA%E9%97%B4.png
INFO: [ app_init ] --START--
INFO: Run Behavior\BuildLiteBehavior [ RunTime:0.000000s ]
INFO: [ app_init ] --END-- [ RunTime:0.000000s ]
ERR: 无法加载模块:Public

[ 2018-08-14T14:37:09+08:00 ] 127.0.0.1 /Public/images/new/%7B$data.pic%7D
INFO: [ app_init ] --START--
INFO: Run Behavior\BuildLiteBehavior [ RunTime:0.000000s ]
INFO: [ app_init ] --END-- [ RunTime:0.000000s ]
ERR: 无法加载模块:Public

[ 2018-08-14T14:37:13+08:00 ] 127.0.0.1 /Public/images/new/%7B$data.pic%7D
INFO: [ app_init ] --START--
INFO: Run Behavior\BuildLiteBehavior [ RunTime:0.000000s ]
INFO: [ app_init ] --END-- [ RunTime:0.000000s ]
ERR: 无法加载模块:Public

[ 2018-08-14T14:37:18+08:00 ] 127.0.0.1 /Public/images/new/%7B$data.pic%7D
INFO: [ app_init ] --START--
INFO: Run Behavior\BuildLiteBehavior [ RunTime:0.000000s ]
INFO: [ app_init ] --END-- [ RunTime:0.000000s ]
ERR: 无法加载模块:Public

[ 2018-08-14T14:38:27+08:00 ] 127.0.0.1 /Public/images/new/%7B$data.pic%7D
INFO: [ app_init ] --START--
INFO: Run Behavior\BuildLiteBehavior [ RunTime:0.000000s ]
INFO: [ app_init ] --END-- [ RunTime:0.000000s ]
ERR: 无法加载模块:Public

[ 2018-08-14T15:05:19+08:00 ] 127.0.0.1 /Public/images/new/ea4a3e0d0a6b8536e7019bb930d1f80d.jpg
INFO: [ app_init ] --START--
INFO: Run Behavior\BuildLiteBehavior [ RunTime:0.000000s ]
INFO: [ app_init ] --END-- [ RunTime:0.000000s ]
ERR: 无法加载模块:Public

[ 2018-08-14T15:06:46+08:00 ] 127.0.0.1 /Public/images/15fa0196405edf593e75fffab36e0d9d.jpg
INFO: [ app_init ] --START--
INFO: Run Behavior\BuildLiteBehavior [ RunTime:0.000000s ]
INFO: [ app_init ] --END-- [ RunTime:0.000000s ]
ERR: 无法加载模块:Public

[ 2018-08-14T15:06:51+08:00 ] 127.0.0.1 /Public/images/15fa0196405edf593e75fffab36e0d9d.jpg
INFO: [ app_init ] --START--
INFO: Run Behavior\BuildLiteBehavior [ RunTime:0.000000s ]
INFO: [ app_init ] --END-- [ RunTime:0.000000s ]
ERR: 无法加载模块:Public

[ 2018-08-14T15:19:22+08:00 ] 127.0.0.1 /Public/images/new/ea4a3e0d0a6b8536e7019bb930d1f80d.jpg
INFO: [ app_init ] --START--
INFO: Run Behavior\BuildLiteBehavior [ RunTime:0.000000s ]
INFO: [ app_init ] --END-- [ RunTime:0.000000s ]
ERR: 无法加载模块:Public

[ 2018-08-14T15:20:52+08:00 ] 127.0.0.1 /Public/images/service/ea4a3e0d0a6b8536e7019bb930d1f80d.jpg
INFO: [ app_init ] --START--
INFO: Run Behavior\BuildLiteBehavior [ RunTime:0.000000s ]
INFO: [ app_init ] --END-- [ RunTime:0.000000s ]
ERR: 无法加载模块:Public

[ 2018-08-14T15:23:54+08:00 ] 127.0.0.1 /Public/images/new/cdc89385dfdb5f33b3e5c7cb9e07369c.jpg
INFO: [ app_init ] --START--
INFO: Run Behavior\BuildLiteBehavior [ RunTime:0.000000s ]
INFO: [ app_init ] --END-- [ RunTime:0.000000s ]
ERR: 无法加载模块:Public

[ 2018-08-14T15:23:54+08:00 ] 127.0.0.1 /Public/images/service/163c0224607329d1cc2ff324f6a8adcb.jpg
INFO: [ app_init ] --START--
INFO: Run Behavior\BuildLiteBehavior [ RunTime:0.000000s ]
INFO: [ app_init ] --END-- [ RunTime:0.000000s ]
ERR: 无法加载模块:Public

[ 2018-08-14T15:24:03+08:00 ] 127.0.0.1 /Public/images/new/cdc89385dfdb5f33b3e5c7cb9e07369c.jpg
INFO: [ app_init ] --START--
INFO: Run Behavior\BuildLiteBehavior [ RunTime:0.000000s ]
INFO: [ app_init ] --END-- [ RunTime:0.000000s ]
ERR: 无法加载模块:Public

[ 2018-08-14T15:24:03+08:00 ] 127.0.0.1 /Public/images/service/163c0224607329d1cc2ff324f6a8adcb.jpg
INFO: [ app_init ] --START--
INFO: Run Behavior\BuildLiteBehavior [ RunTime:0.000000s ]
INFO: [ app_init ] --END-- [ RunTime:0.000000s ]
ERR: 无法加载模块:Public

[ 2018-08-14T15:25:49+08:00 ] 127.0.0.1 /Public/images/new/cdc89385dfdb5f33b3e5c7cb9e07369c.jpg
INFO: [ app_init ] --START--
INFO: Run Behavior\BuildLiteBehavior [ RunTime:0.000000s ]
INFO: [ app_init ] --END-- [ RunTime:0.000000s ]
ERR: 无法加载模块:Public

[ 2018-08-14T15:25:49+08:00 ] 127.0.0.1 /Public/images/service/15fa0196405edf593e75fffab36e0d9d.jpg
INFO: [ app_init ] --START--
INFO: Run Behavior\BuildLiteBehavior [ RunTime:0.000000s ]
INFO: [ app_init ] --END-- [ RunTime:0.000000s ]
ERR: 无法加载模块:Public

[ 2018-08-14T15:25:54+08:00 ] 127.0.0.1 /Public/images/service/15fa0196405edf593e75fffab36e0d9d.jpg
INFO: [ app_init ] --START--
INFO: Run Behavior\BuildLiteBehavior [ RunTime:0.000000s ]
INFO: [ app_init ] --END-- [ RunTime:0.000000s ]
ERR: 无法加载模块:Public

[ 2018-08-14T15:25:54+08:00 ] 127.0.0.1 /Public/images/new/cdc89385dfdb5f33b3e5c7cb9e07369c.jpg
INFO: [ app_init ] --START--
INFO: Run Behavior\BuildLiteBehavior [ RunTime:0.000000s ]
INFO: [ app_init ] --END-- [ RunTime:0.000000s ]
ERR: 无法加载模块:Public

[ 2018-08-14T15:26:01+08:00 ] 127.0.0.1 /Public/images/service/15fa0196405edf593e75fffab36e0d9d.jpg
INFO: [ app_init ] --START--
INFO: Run Behavior\BuildLiteBehavior [ RunTime:0.000000s ]
INFO: [ app_init ] --END-- [ RunTime:0.000000s ]
ERR: 无法加载模块:Public

[ 2018-08-14T15:26:01+08:00 ] 127.0.0.1 /Public/images/new/cdc89385dfdb5f33b3e5c7cb9e07369c.jpg
INFO: [ app_init ] --START--
INFO: Run Behavior\BuildLiteBehavior [ RunTime:0.000000s ]
INFO: [ app_init ] --END-- [ RunTime:0.000000s ]
ERR: 无法加载模块:Public

[ 2018-08-14T15:26:03+08:00 ] 127.0.0.1 /Public/images/service/15fa0196405edf593e75fffab36e0d9d.jpg
INFO: [ app_init ] --START--
INFO: Run Behavior\BuildLiteBehavior [ RunTime:0.000000s ]
INFO: [ app_init ] --END-- [ RunTime:0.000000s ]
ERR: 无法加载模块:Public

[ 2018-08-14T15:26:14+08:00 ] 127.0.0.1 /Public/images/service/15fa0196405edf593e75fffab36e0d9d.jpg
INFO: [ app_init ] --START--
INFO: Run Behavior\BuildLiteBehavior [ RunTime:0.000000s ]
INFO: [ app_init ] --END-- [ RunTime:0.000000s ]
ERR: 无法加载模块:Public

[ 2018-08-14T15:26:38+08:00 ] 127.0.0.1 /Public/images/service/163c0224607329d1cc2ff324f6a8adcb.jpg
INFO: [ app_init ] --START--
INFO: Run Behavior\BuildLiteBehavior [ RunTime:0.000000s ]
INFO: [ app_init ] --END-- [ RunTime:0.000000s ]
ERR: 无法加载模块:Public

[ 2018-08-14T15:26:40+08:00 ] 127.0.0.1 /Public/images/service/163c0224607329d1cc2ff324f6a8adcb.jpg
INFO: [ app_init ] --START--
INFO: Run Behavior\BuildLiteBehavior [ RunTime:0.000000s ]
INFO: [ app_init ] --END-- [ RunTime:0.000000s ]
ERR: 无法加载模块:Public

[ 2018-08-14T15:26:43+08:00 ] 127.0.0.1 /Public/images/service/163c0224607329d1cc2ff324f6a8adcb.jpg
INFO: [ app_init ] --START--
INFO: Run Behavior\BuildLiteBehavior [ RunTime:0.000000s ]
INFO: [ app_init ] --END-- [ RunTime:0.000000s ]
ERR: 无法加载模块:Public

[ 2018-08-14T15:26:46+08:00 ] 127.0.0.1 /Public/images/service/163c0224607329d1cc2ff324f6a8adcb.jpg
INFO: [ app_init ] --START--
INFO: Run Behavior\BuildLiteBehavior [ RunTime:0.000000s ]
INFO: [ app_init ] --END-- [ RunTime:0.000000s ]
ERR: 无法加载模块:Public

[ 2018-08-14T15:28:21+08:00 ] 127.0.0.1 /Public/images/service/163c0224607329d1cc2ff324f6a8adcb.jpg
INFO: [ app_init ] --START--
INFO: Run Behavior\BuildLiteBehavior [ RunTime:0.000000s ]
INFO: [ app_init ] --END-- [ RunTime:0.000000s ]
ERR: 无法加载模块:Public

[ 2018-08-14T15:28:21+08:00 ] 127.0.0.1 /Public/images/service/2018-7-23-11.jpg
INFO: [ app_init ] --START--
INFO: Run Behavior\BuildLiteBehavior [ RunTime:0.000000s ]
INFO: [ app_init ] --END-- [ RunTime:0.000000s ]
ERR: 无法加载模块:Public

[ 2018-08-14T16:09:08+08:00 ] 127.0.0.1 /phpMyAdmin/themes/dot.gif
INFO: [ app_init ] --START--
INFO: Run Behavior\BuildLiteBehavior [ RunTime:0.000000s ]
INFO: [ app_init ] --END-- [ RunTime:0.000000s ]
ERR: 无法加载模块:PhpMyAdmin

[ 2018-08-14T16:09:08+08:00 ] 127.0.0.1 /phpmyadmin/themes/dot.gif
INFO: [ app_init ] --START--
INFO: Run Behavior\BuildLiteBehavior [ RunTime:0.000000s ]
INFO: [ app_init ] --END-- [ RunTime:0.000000s ]
ERR: 无法加载模块:Phpmyadmin

[ 2018-08-14T16:09:09+08:00 ] 127.0.0.1 /phpmyadmin/themes/pmahomme/img/sprites.png?v=4.7.4
INFO: [ app_init ] --START--
INFO: Run Behavior\BuildLiteBehavior [ RunTime:0.000000s ]
INFO: [ app_init ] --END-- [ RunTime:0.000000s ]
ERR: 无法加载模块:Phpmyadmin

[ 2018-08-14T16:09:09+08:00 ] 127.0.0.1 /phpMyAdmin/themes/pmahomme/img/sprites.png?v=4.7.0
INFO: [ app_init ] --START--
INFO: Run Behavior\BuildLiteBehavior [ RunTime:0.000000s ]
INFO: [ app_init ] --END-- [ RunTime:0.000000s ]
ERR: 无法加载模块:PhpMyAdmin

[ 2018-08-14T16:23:54+08:00 ] 127.0.0.1 /Public/images/new/cdc89385dfdb5f33b3e5c7cb9e07369c.jpg
INFO: [ app_init ] --START--
INFO: Run Behavior\BuildLiteBehavior [ RunTime:0.000000s ]
INFO: [ app_init ] --END-- [ RunTime:0.000000s ]
ERR: 无法加载模块:Public

[ 2018-08-14T16:24:07+08:00 ] 127.0.0.1 /Public/images/new/cdc89385dfdb5f33b3e5c7cb9e07369c.jpg
INFO: [ app_init ] --START--
INFO: Run Behavior\BuildLiteBehavior [ RunTime:0.000000s ]
INFO: [ app_init ] --END-- [ RunTime:0.000000s ]
ERR: 无法加载模块:Public

[ 2018-08-14T19:54:32+08:00 ] ::1 /index/Index/index
INFO: [ app_init ] --START--
INFO: Run Behavior\BuildLiteBehavior [ RunTime:0.000034s ]
INFO: [ app_init ] --END-- [ RunTime:0.001337s ]
ERR: 无法加载模块:Index

